Information	15/12/2015 15:31:44	Microsoft-Windows-WindowsUpdateClient	19	Windows Update Agent	Installation Successful: Windows successfully installed the following update: Windows Alarms & Clock
Information	15/12/2015 15:31:36	Microsoft-Windows-Kernel-General	16	None	The access history in hive \??\C:\Users\Graeme\AppData\Local\Packages\Microsoft.WindowsAlarms_8wekyb3d8bbwe\Microsoft.WindowsAlarms_10.1511.65020.0_x64__8wekyb3d8bbwe\ActivationStore\ActivationStore.dat was cleared updating 0 keys and creating 0 modified pages.
Information	15/12/2015 15:31:34	Microsoft-Windows-WindowsUpdateClient	43	Windows Update Agent	Installation Started: Windows has started installing the following update: Windows Alarms & Clock
Information	15/12/2015 15:30:38	Microsoft-Windows-WindowsUpdateClient	44	Windows Update Agent	Windows Update started downloading an update.
Information	15/12/2015 15:30:34	Microsoft-Windows-WindowsUpdateClient	19	Windows Update Agent	Installation Successful: Windows successfully installed the following update: Microsoft Photos
Information	15/12/2015 15:30:34	Microsoft-Windows-WindowsUpdateClient	44	Windows Update Agent	Windows Update started downloading an update.
Information	15/12/2015 15:30:29	Microsoft-Windows-Kernel-General	16	None	The access history in hive \??\C:\Users\Graeme\AppData\Local\Packages\Microsoft.Windows.Photos_8wekyb3d8bbwe\Microsoft.Windows.Photos_15.1208.10480.0_x64__8wekyb3d8bbwe\ActivationStore\ActivationStore.dat was cleared updating 0 keys and creating 0 modified pages.
Information	15/12/2015 15:30:27	Microsoft-Windows-WindowsUpdateClient	43	Windows Update Agent	Installation Started: Windows has started installing the following update: Microsoft Photos
Information	15/12/2015 15:30:27	Microsoft-Windows-WindowsUpdateClient	19	Windows Update Agent	Installation Successful: Windows successfully installed the following update: Windows Camera
Information	15/12/2015 15:30:22	Microsoft-Windows-Kernel-General	16	None	The access history in hive \??\C:\Users\Graeme\AppData\Local\Packages\Microsoft.WindowsCamera_8wekyb3d8bbwe\Microsoft.WindowsCamera_2015.1078.40.0_x64__8wekyb3d8bbwe\ActivationStore\ActivationStore.dat was cleared updating 0 keys and creating 0 modified pages.
Information	15/12/2015 15:30:22	Microsoft-Windows-WindowsUpdateClient	44	Windows Update Agent	Windows Update started downloading an update.
Information	15/12/2015 15:30:22	Microsoft-Windows-WindowsUpdateClient	43	Windows Update Agent	Installation Started: Windows has started installing the following update: Windows Camera
Information	15/12/2015 15:30:22	Microsoft-Windows-WindowsUpdateClient	19	Windows Update Agent	Installation Successful: Windows successfully installed the following update: Windows Calculator
Information	15/12/2015 15:30:13	Microsoft-Windows-WindowsUpdateClient	43	Windows Update Agent	Installation Started: Windows has started installing the following update: Windows Calculator
Information	15/12/2015 15:30:13	Microsoft-Windows-Kernel-General	16	None	The access history in hive \??\C:\Users\Graeme\AppData\Local\Packages\Microsoft.WindowsCalculator_8wekyb3d8bbwe\Microsoft.WindowsCalculator_10.1512.34020.0_x64__8wekyb3d8bbwe\ActivationStore\ActivationStore.dat was cleared updating 0 keys and creating 0 modified pages.
Information	15/12/2015 15:29:33	Microsoft-Windows-WindowsUpdateClient	44	Windows Update Agent	Windows Update started downloading an update.
Information	15/12/2015 15:29:28	Microsoft-Windows-WindowsUpdateClient	19	Windows Update Agent	Installation Successful: Windows successfully installed the following update: Microsoft Phone
Information	15/12/2015 15:29:22	Microsoft-Windows-Kernel-General	16	None	The access history in hive \??\C:\Users\Graeme\AppData\Local\Packages\Microsoft.CommsPhone_8wekyb3d8bbwe\Microsoft.CommsPhone_2.12.2002.0_x64__8wekyb3d8bbwe\ActivationStore\ActivationStore.dat was cleared updating 0 keys and creating 0 modified pages.
Information	15/12/2015 15:29:21	Microsoft-Windows-WindowsUpdateClient	44	Windows Update Agent	Windows Update started downloading an update.
Information	15/12/2015 15:29:21	Microsoft-Windows-WindowsUpdateClient	43	Windows Update Agent	Installation Started: Windows has started installing the following update: Microsoft Phone
Information	15/12/2015 15:29:21	Microsoft-Windows-WindowsUpdateClient	19	Windows Update Agent	Installation Successful: Windows successfully installed the following update: Microsoft People
Information	15/12/2015 15:29:14	Microsoft-Windows-WindowsUpdateClient	44	Windows Update Agent	Windows Update started downloading an update.
Information	15/12/2015 15:29:14	Microsoft-Windows-WindowsUpdateClient	43	Windows Update Agent	Installation Started: Windows has started installing the following update: Microsoft People
Information	15/12/2015 15:29:13	Microsoft-Windows-Kernel-General	16	None	The access history in hive \??\C:\Users\Graeme\AppData\Local\Packages\Microsoft.People_8wekyb3d8bbwe\Microsoft.People_10.0.3350.0_x64__8wekyb3d8bbwe\ActivationStore\ActivationStore.dat was cleared updating 0 keys and creating 0 modified pages.
Information	15/12/2015 15:29:05	Microsoft-Windows-WindowsUpdateClient	19	Windows Update Agent	Installation Successful: Windows successfully installed the following update: Microsoft Solitaire Collection
Information	15/12/2015 15:27:46	Microsoft-Windows-Kernel-General	16	None	The access history in hive \??\C:\Users\Graeme\AppData\Local\Packages\Microsoft.MicrosoftSolitaireCollection_8wekyb3d8bbwe\Microsoft.MicrosoftSolitaireCollection_3.5.11021.0_x64__8wekyb3d8bbwe\ActivationStore\ActivationStore.dat was cleared updating 0 keys and creating 0 modified pages.
Information	15/12/2015 15:27:32	Microsoft-Windows-WindowsUpdateClient	43	Windows Update Agent	Installation Started: Windows has started installing the following update: Microsoft Solitaire Collection
Information	15/12/2015 15:27:32	Microsoft-Windows-WindowsUpdateClient	44	Windows Update Agent	Windows Update started downloading an update.
Information	15/12/2015 15:27:06	Microsoft-Windows-WindowsUpdateClient	19	Windows Update Agent	Installation Successful: Windows successfully installed the following update: Microsoft Phone Companion
Information	15/12/2015 15:25:08	Microsoft-Windows-Kernel-General	16	None	The access history in hive \??\C:\Users\Graeme\AppData\Local\Packages\Microsoft.WindowsPhone_8wekyb3d8bbwe\Microsoft.WindowsPhone_10.1511.18010.0_x64__8wekyb3d8bbwe\ActivationStore\ActivationStore.dat was cleared updating 0 keys and creating 0 modified pages.
Information	15/12/2015 15:24:57	Microsoft-Windows-WindowsUpdateClient	44	Windows Update Agent	Windows Update started downloading an update.
Information	15/12/2015 15:24:46	Microsoft-Windows-WindowsUpdateClient	43	Windows Update Agent	Installation Started: Windows has started installing the following update: Microsoft Phone Companion
Information	15/12/2015 15:24:35	Microsoft-Windows-WindowsUpdateClient	19	Windows Update Agent	Installation Successful: Windows successfully installed the following update: MSN Sports
Information	15/12/2015 15:23:46	Microsoft-Windows-Kernel-General	16	None	The access history in hive \??\C:\Users\Graeme\AppData\Local\Packages\Microsoft.BingSports_8wekyb3d8bbwe\Microsoft.BingSports_4.7.130.0_x86__8wekyb3d8bbwe\ActivationStore\ActivationStore.dat was cleared updating 0 keys and creating 0 modified pages.
Information	15/12/2015 15:23:37	Microsoft-Windows-WindowsUpdateClient	43	Windows Update Agent	Installation Started: Windows has started installing the following update: MSN Sports
Information	15/12/2015 15:22:31	Microsoft-Windows-WindowsUpdateClient	44	Windows Update Agent	Windows Update started downloading an update.
Information	15/12/2015 15:22:24	Microsoft-Windows-WindowsUpdateClient	19	Windows Update Agent	Installation Successful: Windows successfully installed the following update: Store
Information	15/12/2015 15:22:14	Microsoft-Windows-WindowsUpdateClient	43	Windows Update Agent	Installation Started: Windows has started installing the following update: Store
Information	15/12/2015 15:22:14	Microsoft-Windows-Kernel-General	16	None	The access history in hive \??\C:\Users\Graeme\AppData\Local\Packages\Microsoft.WindowsStore_8wekyb3d8bbwe\Microsoft.WindowsStore_2015.23.23.0_x64__8wekyb3d8bbwe\ActivationStore\ActivationStore.dat was cleared updating 0 keys and creating 0 modified pages.
Information	15/12/2015 15:20:47	Microsoft-Windows-WindowsUpdateClient	44	Windows Update Agent	Windows Update started downloading an update.
Information	15/12/2015 15:20:37	Microsoft-Windows-WindowsUpdateClient	19	Windows Update Agent	Installation Successful: Windows successfully installed the following update: Windows Voice Recorder
Information	15/12/2015 15:20:11	Microsoft-Windows-Kernel-General	16	None	The access history in hive \??\C:\Users\Graeme\AppData\Local\Packages\Microsoft.WindowsSoundRecorder_8wekyb3d8bbwe\Microsoft.WindowsSoundRecorder_10.1511.17110.0_x64__8wekyb3d8bbwe\ActivationStore\ActivationStore.dat was cleared updating 0 keys and creating 0 modified pages.
Information	15/12/2015 15:20:03	Microsoft-Windows-WindowsUpdateClient	43	Windows Update Agent	Installation Started: Windows has started installing the following update: Windows Voice Recorder
Information	15/12/2015 15:19:41	Microsoft-Windows-WindowsUpdateClient	44	Windows Update Agent	Windows Update started downloading an update.
Information	15/12/2015 15:19:41	Microsoft-Windows-WindowsUpdateClient	19	Windows Update Agent	Installation Successful: Windows successfully installed the following update: MSN Weather
Information	15/12/2015 15:18:34	Microsoft-Windows-Kernel-General	16	None	The access history in hive \??\C:\Users\Graeme\AppData\Local\Packages\Microsoft.BingWeather_8wekyb3d8bbwe\Microsoft.BingWeather_4.7.118.0_x86__8wekyb3d8bbwe\ActivationStore\ActivationStore.dat was cleared updating 0 keys and creating 0 modified pages.
Information	15/12/2015 15:17:09	Microsoft-Windows-WindowsUpdateClient	43	Windows Update Agent	Installation Started: Windows has started installing the following update: MSN Weather
Information	15/12/2015 15:16:07	Microsoft-Windows-WindowsUpdateClient	44	Windows Update Agent	Windows Update started downloading an update.
Information	15/12/2015 15:16:03	Microsoft-Windows-WindowsUpdateClient	19	Windows Update Agent	Installation Successful: Windows successfully installed the following update: MSN News
Information	15/12/2015 15:16:03	Microsoft-Windows-WindowsUpdateClient	44	Windows Update Agent	Windows Update started downloading an update.
Information	15/12/2015 15:15:56	Microsoft-Windows-Kernel-General	16	None	The access history in hive \??\C:\Users\Graeme\AppData\Local\Packages\Microsoft.BingNews_8wekyb3d8bbwe\Microsoft.BingNews_4.7.118.0_x86__8wekyb3d8bbwe\ActivationStore\ActivationStore.dat was cleared updating 0 keys and creating 0 modified pages.
Information	15/12/2015 15:15:56	Microsoft-Windows-WindowsUpdateClient	43	Windows Update Agent	Installation Started: Windows has started installing the following update: MSN News
Information	15/12/2015 15:15:56	Microsoft-Windows-WindowsUpdateClient	19	Windows Update Agent	Installation Successful: Windows successfully installed the following update: Get Started
Information	15/12/2015 15:15:49	Microsoft-Windows-Kernel-General	16	None	The access history in hive \??\C:\Users\Graeme\AppData\Local\Packages\Microsoft.Getstarted_8wekyb3d8bbwe\Microsoft.Getstarted_2.5.6.0_x64__8wekyb3d8bbwe\ActivationStore\ActivationStore.dat was cleared updating 0 keys and creating 0 modified pages.
Information	15/12/2015 15:15:49	Microsoft-Windows-WindowsUpdateClient	44	Windows Update Agent	Windows Update started downloading an update.
Information	15/12/2015 15:15:49	Microsoft-Windows-WindowsUpdateClient	43	Windows Update Agent	Installation Started: Windows has started installing the following update: Get Started
Information	15/12/2015 15:15:49	Microsoft-Windows-WindowsUpdateClient	19	Windows Update Agent	Installation Successful: Windows successfully installed the following update: MSN Money
Information	15/12/2015 15:15:43	Microsoft-Windows-WindowsUpdateClient	43	Windows Update Agent	Installation Started: Windows has started installing the following update: MSN Money
Information	15/12/2015 15:15:42	Microsoft-Windows-Kernel-General	16	None	The access history in hive \??\C:\Users\Graeme\AppData\Local\Packages\Microsoft.BingFinance_8wekyb3d8bbwe\Microsoft.BingFinance_4.7.118.0_x86__8wekyb3d8bbwe\ActivationStore\ActivationStore.dat was cleared updating 0 keys and creating 0 modified pages.
Information	15/12/2015 15:14:40	Microsoft-Windows-WindowsUpdateClient	44	Windows Update Agent	Windows Update started downloading an update.
Information	15/12/2015 15:14:40	Microsoft-Windows-WindowsUpdateClient	44	Windows Update Agent	Windows Update started downloading an update.
Information	15/12/2015 15:14:36	Microsoft-Windows-WindowsUpdateClient	44	Windows Update Agent	Windows Update started downloading an update.
Information	15/12/2015 14:54:11	Microsoft-Windows-Winlogon	7001	(1101)	User Logon Notification for Customer Experience Improvement Program
Information	15/12/2015 14:54:05	Microsoft-Windows-Winlogon	7002	(1102)	User Logoff Notification for Customer Experience Improvement Program
Error	15/12/2015 14:54:03	Microsoft-Windows-DistributedCOM	10010	None	The server {0002DF02-0000-0000-C000-000000000046} did not register with DCOM within the required timeout.
Error	15/12/2015 14:53:59	Microsoft-Windows-DistributedCOM	10010	None	The server CortanaUI.AppXx19q0gyvntjc9d3jsjsfaertqgy617se.mca did not register with DCOM within the required timeout.
Error	15/12/2015 14:53:59	Microsoft-Windows-DistributedCOM	10010	None	The server CompanionApp.App.AppXd70q285y9yf126fg7srgst0m5akck63d.mca did not register with DCOM within the required timeout.
Error	15/12/2015 14:53:59	Microsoft-Windows-DistributedCOM	10010	None	The server App.AppXa372cjaa29frn3f9zb3m28rmfsm402nx.mca did not register with DCOM within the required timeout.
Error	15/12/2015 14:53:59	Service Control Manager	7031	None	The User Data Access_2494b service terminated unexpectedly.  It has done this 1 time(s).  The following corrective action will be taken in 10000 milliseconds: Restart the service.
Error	15/12/2015 14:53:59	Service Control Manager	7031	None	The User Data Storage_2494b service terminated unexpectedly.  It has done this 1 time(s).  The following corrective action will be taken in 10000 milliseconds: Restart the service.
Error	15/12/2015 14:53:59	Service Control Manager	7031	None	The Contact Data_2494b service terminated unexpectedly.  It has done this 1 time(s).  The following corrective action will be taken in 10000 milliseconds: Restart the service.
Error	15/12/2015 14:53:59	Service Control Manager	7031	None	The Sync Host_2494b service terminated unexpectedly.  It has done this 1 time(s).  The following corrective action will be taken in 10000 milliseconds: Restart the service.
Error	15/12/2015 14:53:58	Microsoft-Windows-DistributedCOM	10016	None	"The application-specific permission settings do not grant Local Activation permission for the COM Server application with CLSID 
{D63B10C5-BB46-4990-A94F-E40B9D520160}
 and APPID 
{9CA88EE3-ACB7-47C8-AFC4-AB702511C276}
 to the user NT AUTHORITY\SYSTEM SID (S-1-5-18) from address LocalHost (Using LRPC) running in the application container Unavailable SID (Unavailable). This security permission can be modified using the Component Services administrative tool."
Information	15/12/2015 14:50:33	Microsoft-Windows-WindowsUpdateClient	19	Windows Update Agent	Installation Successful: Windows successfully installed the following update: HP All-in-One Printer Remote
Information	15/12/2015 14:50:28	Microsoft-Windows-WindowsUpdateClient	43	Windows Update Agent	Installation Started: Windows has started installing the following update: HP All-in-One Printer Remote
Information	15/12/2015 14:50:27	Microsoft-Windows-Kernel-General	16	None	The access history in hive \??\C:\Users\Graeme\AppData\Local\Packages\AD2F1837.HPPrinterControl_v10z8vjag6ke6\AD2F1837.HPPrinterControl_58.1.78.0_x86__v10z8vjag6ke6\ActivationStore\ActivationStore.dat was cleared updating 0 keys and creating 0 modified pages.
Information	15/12/2015 14:50:27	Microsoft-Windows-Kernel-General	16	None	The access history in hive \??\C:\Users\Graeme\AppData\Local\Packages\AD2F1837.HPPrinterControl_v10z8vjag6ke6\Settings\settings.dat was cleared updating 3 keys and creating 1 modified pages.
Information	15/12/2015 14:49:47	Microsoft-Windows-WindowsUpdateClient	19	Windows Update Agent	Installation Successful: Windows successfully installed the following update: Excel Mobile
Information	15/12/2015 14:49:42	Microsoft-Windows-WindowsUpdateClient	43	Windows Update Agent	Installation Started: Windows has started installing the following update: Excel Mobile
Information	15/12/2015 14:49:42	Microsoft-Windows-Kernel-General	16	None	The access history in hive \??\C:\Users\Graeme\AppData\Local\Packages\Microsoft.Office.Excel_8wekyb3d8bbwe\Microsoft.Office.Excel_17.6228.10111.0_x64__8wekyb3d8bbwe\ActivationStore\ActivationStore.dat was cleared updating 0 keys and creating 0 modified pages.
Information	15/12/2015 14:49:41	Microsoft-Windows-Kernel-General	16	None	The access history in hive \??\C:\Users\Graeme\AppData\Local\Packages\Microsoft.Office.Excel_8wekyb3d8bbwe\Settings\settings.dat was cleared updating 3 keys and creating 1 modified pages.
Information	15/12/2015 14:49:07	Microsoft-Windows-WindowsUpdateClient	44	Windows Update Agent	Windows Update started downloading an update.
Information	15/12/2015 14:49:01	Microsoft-Windows-WindowsUpdateClient	44	Windows Update Agent	Windows Update started downloading an update.
Information	15/12/2015 14:48:49	Microsoft-Windows-Kernel-General	16	None	The access history in hive \??\C:\Users\Graeme\AppData\Local\Packages\windows.devicesflow_cw5n1h2txyewy\Settings\settings.dat was cleared updating 3 keys and creating 1 modified pages.
Information	15/12/2015 14:48:49	Microsoft-Windows-Kernel-General	16	None	The access history in hive \??\C:\Users\Graeme\AppData\Local\Packages\Microsoft.ZuneVideo_8wekyb3d8bbwe\Settings\settings.dat was cleared updating 3 keys and creating 1 modified pages.
Information	15/12/2015 14:48:49	Microsoft-Windows-Kernel-General	16	None	The access history in hive \??\C:\Users\Graeme\AppData\Local\Packages\Microsoft.WindowsSoundRecorder_8wekyb3d8bbwe\Settings\settings.dat was cleared updating 3 keys and creating 1 modified pages.
Information	15/12/2015 14:48:49	Microsoft-Windows-Kernel-General	16	None	The access history in hive \??\C:\Users\Graeme\AppData\Local\Packages\Microsoft.WindowsPhone_8wekyb3d8bbwe\Settings\settings.dat was cleared updating 3 keys and creating 1 modified pages.
Information	15/12/2015 14:48:49	Microsoft-Windows-Kernel-General	16	None	The access history in hive \??\C:\Users\Graeme\AppData\Local\Packages\Microsoft.WindowsMaps_8wekyb3d8bbwe\Settings\settings.dat was cleared updating 3 keys and creating 1 modified pages.
Information	15/12/2015 14:48:49	Microsoft-Windows-Kernel-General	16	None	The access history in hive \??\C:\Users\Graeme\AppData\Local\Packages\Microsoft.WindowsCalculator_8wekyb3d8bbwe\Settings\settings.dat was cleared updating 3 keys and creating 1 modified pages.
Information	15/12/2015 14:48:49	Microsoft-Windows-Kernel-General	16	None	The access history in hive \??\C:\Users\Graeme\AppData\Local\Packages\Microsoft.WindowsAlarms_8wekyb3d8bbwe\Settings\settings.dat was cleared updating 3 keys and creating 1 modified pages.
Information	15/12/2015 14:48:49	Microsoft-Windows-Kernel-General	16	None	The access history in hive \??\C:\Users\Graeme\AppData\Local\Packages\Microsoft.SkypeApp_kzf8qxf38zg5c\Settings\settings.dat was cleared updating 3 keys and creating 1 modified pages.
Information	15/12/2015 14:48:49	Microsoft-Windows-Kernel-General	16	None	The access history in hive \??\C:\Users\Graeme\AppData\Local\Packages\Microsoft.People_8wekyb3d8bbwe\Settings\settings.dat was cleared updating 3 keys and creating 1 modified pages.
Information	15/12/2015 14:48:49	Microsoft-Windows-Kernel-General	16	None	The access history in hive \??\C:\Users\Graeme\AppData\Local\Packages\Microsoft.Office.Sway_8wekyb3d8bbwe\Settings\settings.dat was cleared updating 3 keys and creating 1 modified pages.
Information	15/12/2015 14:48:49	Microsoft-Windows-Kernel-General	16	None	The access history in hive \??\C:\Users\Graeme\AppData\Local\Packages\Microsoft.Office.OneNote_8wekyb3d8bbwe\Settings\settings.dat was cleared updating 3 keys and creating 1 modified pages.
Information	15/12/2015 14:48:46	Microsoft-Windows-Kernel-General	16	None	The access history in hive \??\C:\Users\Graeme\AppData\Local\Packages\Microsoft.MicrosoftSolitaireCollection_8wekyb3d8bbwe\Settings\settings.dat was cleared updating 3 keys and creating 1 modified pages.
Information	15/12/2015 14:48:45	Microsoft-Windows-Kernel-General	16	None	The access history in hive \??\C:\Users\Graeme\AppData\Local\Packages\Microsoft.MicrosoftOfficeHub_8wekyb3d8bbwe\Settings\settings.dat was cleared updating 3 keys and creating 1 modified pages.
Information	15/12/2015 14:48:45	Microsoft-Windows-Kernel-General	16	None	The access history in hive \??\C:\Users\Graeme\AppData\Local\Packages\Microsoft.ConnectivityStore_8wekyb3d8bbwe\Settings\settings.dat was cleared updating 3 keys and creating 1 modified pages.
Information	15/12/2015 14:48:45	Microsoft-Windows-Kernel-General	16	None	The access history in hive \??\C:\Users\Graeme\AppData\Local\Packages\Microsoft.BingSports_8wekyb3d8bbwe\Settings\settings.dat was cleared updating 3 keys and creating 1 modified pages.
Information	15/12/2015 14:48:45	Microsoft-Windows-Kernel-General	16	None	The access history in hive \??\C:\Users\Graeme\AppData\Local\Packages\Microsoft.Appconnector_8wekyb3d8bbwe\Settings\settings.dat was cleared updating 3 keys and creating 1 modified pages.
Information	15/12/2015 14:48:45	Microsoft-Windows-Kernel-General	16	None	The access history in hive \??\C:\Users\Graeme\AppData\Local\Packages\Microsoft.3DBuilder_8wekyb3d8bbwe\Settings\settings.dat was cleared updating 3 keys and creating 1 modified pages.
Information	15/12/2015 14:48:45	Microsoft-Windows-Kernel-General	16	None	The access history in hive \??\C:\Users\Graeme\AppData\Local\Packages\king.com.CandyCrushSodaSaga_kgqvnymyfvs32\Settings\settings.dat was cleared updating 3 keys and creating 1 modified pages.
Information	15/12/2015 14:48:45	Microsoft-Windows-Kernel-General	16	None	The access history in hive \??\C:\Users\Graeme\AppData\Local\Packages\9E2F88E3.Twitter_wgeqdkkx372wm\Settings\settings.dat was cleared updating 3 keys and creating 1 modified pages.
Information	15/12/2015 14:48:40	Microsoft-Windows-Kernel-General	16	None	The access history in hive \??\C:\Windows\system32\Microsoft\Protect\Recovery\Recovery.dat was cleared updating 0 keys and creating 0 modified pages.
Information	15/12/2015 14:46:35	Service Control Manager	7040	None	The start type of the Background Intelligent Transfer Service service was changed from demand start to auto start.
Information	15/12/2015 14:41:13	Service Control Manager	7040	None	The start type of the Background Intelligent Transfer Service service was changed from auto start to demand start.
Information	15/12/2015 14:39:59	Microsoft-Windows-WindowsUpdateClient	19	Windows Update Agent	Installation Successful: Windows successfully installed the following update: Candy Crush Soda Saga
Information	15/12/2015 14:39:53	Microsoft-Windows-WindowsUpdateClient	43	Windows Update Agent	Installation Started: Windows has started installing the following update: Candy Crush Soda Saga
Information	15/12/2015 14:39:51	Microsoft-Windows-Kernel-General	16	None	The access history in hive \??\C:\Users\Graeme\AppData\Local\Packages\king.com.CandyCrushSodaSaga_kgqvnymyfvs32\king.com.CandyCrushSodaSaga_1.54.900.0_x86__kgqvnymyfvs32\ActivationStore\ActivationStore.dat was cleared updating 0 keys and creating 0 modified pages.
Information	15/12/2015 14:38:42	Microsoft-Windows-Winlogon	7001	(1101)	User Logon Notification for Customer Experience Improvement Program
Information	15/12/2015 14:38:40	Service Control Manager	7026	None	"The following boot-start or system-start driver(s) did not load: 
dam"
Information	15/12/2015 14:38:37	Lfsvc	1	None	Geolocation positioning is enabled.
Information	15/12/2015 14:38:36	Microsoft-Windows-DHCPv6-Client	51046	Service State Event	DHCPv6 client service is started
Information	15/12/2015 14:38:36	Microsoft-Windows-Dhcp-Client	50036	Service State Event	DHCPv4 client service is started
Information	15/12/2015 14:38:35	Microsoft-Windows-Kernel-General	1	None	"The system time has changed to ‎2015‎-‎12‎-‎15T14:38:35.731000000Z from ‎2015‎-‎12‎-‎15T14:38:35.518880600Z.

Change Reason: An application or system component changed the time."
Information	15/12/2015 14:38:34	Microsoft-Windows-FilterManager	6	None	File System Filter 'storqosflt' (10.0, ‎2015‎-‎10‎-‎30T02:37:39.000000000Z) has successfully loaded and registered with Filter Manager.
Information	15/12/2015 14:38:34	Microsoft-Windows-FilterManager	6	None	File System Filter 'luafv' (10.0, ‎2015‎-‎10‎-‎30T02:34:43.000000000Z) has successfully loaded and registered with Filter Manager.
Information	15/12/2015 14:38:33	Microsoft-Windows-Wininit	14	None	Credential Guard (LsaIso.exe) configuration: 0x0, 0
Information	15/12/2015 14:38:31	Microsoft-Windows-Ntfs	98	None	Volume \\?\Volume{6b1cc1df-0000-0000-0000-100000000000} (\Device\HarddiskVolume1) is healthy.  No action is needed.
Information	15/12/2015 14:38:31	Microsoft-Windows-Hyper-V-Netvsc	11	(1003)	Miniport NIC 'Microsoft Hyper-V Network Adapter' restarted
Information	15/12/2015 14:38:31	Microsoft-Windows-Hyper-V-Netvsc	3	(1002)	The miniport 'Microsoft Hyper-V Network Adapter' was successfully initialized
Information	15/12/2015 14:38:31	Microsoft-Windows-Hyper-V-Netvsc	12	(1003)	Miniport NIC 'Microsoft Hyper-V Network Adapter' connected
Information	15/12/2015 14:38:31	Microsoft-Windows-Hyper-V-Netvsc	13	(1003)	Miniport NIC 'Microsoft Hyper-V Network Adapter' disconnected
Information	15/12/2015 14:38:31	Microsoft-Windows-Hyper-V-Netvsc	1	(1001)	The VM and host networking components successfully negotiated protocol version '6.1'
Information	15/12/2015 14:38:31	Microsoft-Windows-Kernel-Processor-Power	55	(47)	"Processor 0 in group 0 exposes the following power management capabilities:

Idle state type: ACPI Idle (C) States (1 state(s))

Performance state type: None
Nominal Frequency (MHz): 2295
Maximum performance percentage: 100
Minimum performance percentage: 100
Minimum throttle percentage: 100"
Information	15/12/2015 14:38:31	Microsoft-Windows-FilterManager	6	None	File System Filter 'npsvctrig' (10.0, ‎2015‎-‎10‎-‎30T02:40:23.000000000Z) has successfully loaded and registered with Filter Manager.
Information	15/12/2015 14:38:31	Microsoft-Windows-FilterManager	6	None	File System Filter 'FileCrypt' (10.0, ‎2015‎-‎10‎-‎30T02:37:49.000000000Z) has successfully loaded and registered with Filter Manager.
Information	15/12/2015 14:38:31	Microsoft-Windows-Ntfs	98	None	Volume C: (\Device\HarddiskVolume2) is healthy.  No action is needed.
Information	15/12/2015 14:38:30	Microsoft-Windows-FilterManager	6	None	File System Filter 'WdFilter' (10.0, ‎2015‎-‎10‎-‎30T02:34:35.000000000Z) has successfully loaded and registered with Filter Manager.
Information	15/12/2015 14:38:30	Microsoft-Windows-FilterManager	6	None	File System Filter 'Wof' (10.0, ‎2015‎-‎10‎-‎30T02:38:16.000000000Z) has successfully loaded and registered with Filter Manager.
Information	15/12/2015 14:38:30	Microsoft-Windows-FilterManager	6	None	File System Filter 'FileInfo' (10.0, ‎2015‎-‎10‎-‎30T02:37:17.000000000Z) has successfully loaded and registered with Filter Manager.
Information	15/12/2015 14:38:30	Microsoft-Windows-Kernel-Boot	32	None	The bootmgr spent 0 ms waiting for user input.
Information	15/12/2015 14:38:30	Microsoft-Windows-Kernel-Boot	18	None	There are 0x1 boot options on this system.
Information	15/12/2015 14:38:30	Microsoft-Windows-Kernel-Boot	25	None	The boot menu policy was 0x1.
Information	15/12/2015 14:38:30	Microsoft-Windows-Kernel-Boot	27	None	The boot type was 0x0.
Information	15/12/2015 14:38:30	Microsoft-Windows-Kernel-Boot	20	None	The last shutdown's success status was true. The last boot's success status was true.
Information	15/12/2015 14:38:30	Microsoft-Windows-Kernel-General	12	None	The operating system started at system time ‎2015‎-‎12‎-‎15T14:38:30.498743400Z.
Information	15/12/2015 14:38:26	Microsoft-Windows-Kernel-General	13	None	The operating system is shutting down at system time ‎2015‎-‎12‎-‎15T14:38:26.703982000Z.
Information	15/12/2015 14:38:25	Microsoft-Windows-Kernel-Power	109	(103)	"The kernel power manager has initiated a shutdown transition.

Shutdown Reason: Kernel API"
Information	15/12/2015 14:38:34	EventLog	6013	None	The system uptime is 4 seconds.
Information	15/12/2015 14:38:34	EventLog	6005	None	The Event log service was started.
Information	15/12/2015 14:38:34	EventLog	6009	None	Microsoft (R) Windows (R) 10.00. 10586  Multiprocessor Free.
Information	15/12/2015 14:38:22	Microsoft-Windows-Dhcp-Client	50037	Service State Event	DHCPv4 client service is stopped. ShutDown Flag value is 1
Information	15/12/2015 14:38:22	Microsoft-Windows-DHCPv6-Client	51047	Service State Event	DHCPv6 client service is stopped. ShutDown Flag value is 1
Information	15/12/2015 14:38:21	Microsoft-Windows-Winlogon	7002	(1102)	User Logoff Notification for Customer Experience Improvement Program
Information	15/12/2015 14:38:22	EventLog	6006	None	The Event log service was stopped.
Error	15/12/2015 14:38:19	Service Control Manager	7031	None	The User Data Access_26861 service terminated unexpectedly.  It has done this 1 time(s).  The following corrective action will be taken in 10000 milliseconds: Restart the service.
Error	15/12/2015 14:38:19	Service Control Manager	7031	None	The User Data Storage_26861 service terminated unexpectedly.  It has done this 1 time(s).  The following corrective action will be taken in 10000 milliseconds: Restart the service.
Error	15/12/2015 14:38:19	Service Control Manager	7031	None	The Contact Data_26861 service terminated unexpectedly.  It has done this 1 time(s).  The following corrective action will be taken in 10000 milliseconds: Restart the service.
Error	15/12/2015 14:38:19	Service Control Manager	7031	None	The Sync Host_26861 service terminated unexpectedly.  It has done this 1 time(s).  The following corrective action will be taken in 10000 milliseconds: Restart the service.
Error	15/12/2015 14:38:19	Microsoft-Windows-DistributedCOM	10016	None	"The application-specific permission settings do not grant Local Activation permission for the COM Server application with CLSID 
{D63B10C5-BB46-4990-A94F-E40B9D520160}
 and APPID 
{9CA88EE3-ACB7-47C8-AFC4-AB702511C276}
 to the user NT AUTHORITY\SYSTEM SID (S-1-5-18) from address LocalHost (Using LRPC) running in the application container Unavailable SID (Unavailable). This security permission can be modified using the Component Services administrative tool."
Information	15/12/2015 14:38:18	User32	1074	None	"The process C:\Windows\System32\RuntimeBroker.exe (DESKTOP-A5MB3PB) has initiated the restart of computer DESKTOP-A5MB3PB on behalf of user DESKTOP-A5MB3PB\Graeme for the following reason: Other (Unplanned)
 Reason Code: 0x0
 Shutdown Type: restart
 Comment: "
Information	15/12/2015 14:36:39	Microsoft-Windows-Kernel-General	16	None	The access history in hive \??\C:\Users\Graeme\AppData\Local\Packages\Microsoft.3DBuilder_8wekyb3d8bbwe\Microsoft.3DBuilder_10.9.50.0_x64__8wekyb3d8bbwe\ActivationStore\ActivationStore.dat was cleared updating 0 keys and creating 0 modified pages.
Information	15/12/2015 14:36:34	Microsoft-Windows-Kernel-General	16	None	The access history in hive \??\C:\Users\Graeme\AppData\Local\Packages\Microsoft.Appconnector_8wekyb3d8bbwe\Microsoft.Appconnector_1.3.3.0_neutral__8wekyb3d8bbwe\ActivationStore\ActivationStore.dat was cleared updating 0 keys and creating 0 modified pages.
Information	15/12/2015 14:36:31	Microsoft-Windows-Kernel-General	16	None	The access history in hive \??\C:\Users\Graeme\AppData\Local\Packages\Microsoft.CommsPhone_8wekyb3d8bbwe\Settings\settings.dat was cleared updating 3 keys and creating 1 modified pages.
Information	15/12/2015 14:36:29	Microsoft-Windows-Kernel-General	16	None	The access history in hive \??\C:\Users\Graeme\AppData\Local\Packages\Microsoft.BingSports_8wekyb3d8bbwe\Microsoft.BingSports_4.6.169.0_x86__8wekyb3d8bbwe\ActivationStore\ActivationStore.dat was cleared updating 0 keys and creating 0 modified pages.
Information	15/12/2015 14:36:23	Microsoft-Windows-Kernel-General	16	None	The access history in hive \??\C:\Users\Graeme\AppData\Local\Packages\Microsoft.Messaging_8wekyb3d8bbwe\Settings\settings.dat was cleared updating 3 keys and creating 1 modified pages.
Information	15/12/2015 14:36:22	Microsoft-Windows-Kernel-General	16	None	The access history in hive \??\C:\Users\Graeme\AppData\Local\Packages\Microsoft.CommsPhone_8wekyb3d8bbwe\Microsoft.CommsPhone_1.10.15000.0_x64__8wekyb3d8bbwe\ActivationStore\ActivationStore.dat was cleared updating 0 keys and creating 0 modified pages.
Information	15/12/2015 14:36:17	Microsoft-Windows-Kernel-General	16	None	The access history in hive \??\C:\Users\Graeme\AppData\Local\Packages\Microsoft.ConnectivityStore_8wekyb3d8bbwe\Microsoft.ConnectivityStore_1.1509.1.0_x64__8wekyb3d8bbwe\ActivationStore\ActivationStore.dat was cleared updating 0 keys and creating 0 modified pages.
Information	15/12/2015 14:36:14	Microsoft-Windows-Kernel-General	16	None	The access history in hive \??\C:\Users\Graeme\AppData\Local\Packages\Microsoft.Messaging_8wekyb3d8bbwe\Microsoft.Messaging_1.10.22012.0_x86__8wekyb3d8bbwe\ActivationStore\ActivationStore.dat was cleared updating 0 keys and creating 0 modified pages.
Information	15/12/2015 14:36:09	Microsoft-Windows-Kernel-General	16	None	The access history in hive \??\C:\Users\Graeme\AppData\Local\Packages\Microsoft.MicrosoftOfficeHub_8wekyb3d8bbwe\Microsoft.MicrosoftOfficeHub_17.6306.23501.0_x64__8wekyb3d8bbwe\ActivationStore\ActivationStore.dat was cleared updating 0 keys and creating 0 modified pages.
Information	15/12/2015 14:35:52	Microsoft-Windows-Kernel-General	16	None	The access history in hive \??\C:\Users\Graeme\AppData\Local\Packages\Microsoft.MicrosoftSolitaireCollection_8wekyb3d8bbwe\Microsoft.MicrosoftSolitaireCollection_3.3.9211.0_x64__8wekyb3d8bbwe\ActivationStore\ActivationStore.dat was cleared updating 0 keys and creating 0 modified pages.
Information	15/12/2015 14:35:43	Microsoft-Windows-Kernel-General	16	None	The access history in hive \??\C:\Users\Graeme\AppData\Local\Packages\Microsoft.Office.OneNote_8wekyb3d8bbwe\Microsoft.Office.OneNote_17.6131.10051.0_x64__8wekyb3d8bbwe\ActivationStore\ActivationStore.dat was cleared updating 0 keys and creating 0 modified pages.
Information	15/12/2015 14:35:27	Microsoft-Windows-Kernel-General	16	None	The access history in hive \??\C:\Users\Graeme\AppData\Local\Packages\Microsoft.Office.Sway_8wekyb3d8bbwe\Microsoft.Office.Sway_17.6216.20251.0_x64__8wekyb3d8bbwe\ActivationStore\ActivationStore.dat was cleared updating 0 keys and creating 0 modified pages.
Information	15/12/2015 14:34:49	Microsoft-Windows-Winlogon	7001	(1101)	User Logon Notification for Customer Experience Improvement Program
Information	15/12/2015 14:34:24	Service Control Manager	7026	None	"The following boot-start or system-start driver(s) did not load: 
dam"
Information	15/12/2015 14:34:19	Microsoft-Windows-DHCPv6-Client	51046	Service State Event	DHCPv6 client service is started
Information	15/12/2015 14:34:19	Microsoft-Windows-Dhcp-Client	50036	Service State Event	DHCPv4 client service is started
Information	15/12/2015 14:34:19	Microsoft-Windows-Kernel-General	1	None	"The system time has changed to ‎2015‎-‎12‎-‎15T14:34:19.418000000Z from ‎2015‎-‎12‎-‎15T14:34:17.896007900Z.

Change Reason: An application or system component changed the time."
Information	15/12/2015 14:34:17	Microsoft-Windows-FilterManager	6	None	File System Filter 'storqosflt' (10.0, ‎2015‎-‎10‎-‎30T02:37:39.000000000Z) has successfully loaded and registered with Filter Manager.
Information	15/12/2015 14:34:17	Microsoft-Windows-FilterManager	6	None	File System Filter 'luafv' (10.0, ‎2015‎-‎10‎-‎30T02:34:43.000000000Z) has successfully loaded and registered with Filter Manager.
Information	15/12/2015 14:34:20	Lfsvc	1	None	Geolocation positioning is enabled.
Information	15/12/2015 14:34:15	Microsoft-Windows-Wininit	14	None	Credential Guard (LsaIso.exe) configuration: 0x0, 0
Information	15/12/2015 14:34:13	Microsoft-Windows-Ntfs	98	None	Volume \\?\Volume{6b1cc1df-0000-0000-0000-100000000000} (\Device\HarddiskVolume1) is healthy.  No action is needed.
Information	15/12/2015 14:34:13	Microsoft-Windows-Hyper-V-Netvsc	11	(1003)	Miniport NIC 'Microsoft Hyper-V Network Adapter' restarted
Information	15/12/2015 14:34:13	Microsoft-Windows-Hyper-V-Netvsc	3	(1002)	The miniport 'Microsoft Hyper-V Network Adapter' was successfully initialized
Information	15/12/2015 14:34:13	Microsoft-Windows-Hyper-V-Netvsc	12	(1003)	Miniport NIC 'Microsoft Hyper-V Network Adapter' connected
Information	15/12/2015 14:34:13	Microsoft-Windows-Hyper-V-Netvsc	13	(1003)	Miniport NIC 'Microsoft Hyper-V Network Adapter' disconnected
Information	15/12/2015 14:34:13	Microsoft-Windows-Hyper-V-Netvsc	1	(1001)	The VM and host networking components successfully negotiated protocol version '6.1'
Information	15/12/2015 14:34:13	Microsoft-Windows-Kernel-Processor-Power	55	(47)	"Processor 0 in group 0 exposes the following power management capabilities:

Idle state type: ACPI Idle (C) States (1 state(s))

Performance state type: None
Nominal Frequency (MHz): 2295
Maximum performance percentage: 100
Minimum performance percentage: 100
Minimum throttle percentage: 100"
Information	15/12/2015 14:34:13	Microsoft-Windows-FilterManager	6	None	File System Filter 'npsvctrig' (10.0, ‎2015‎-‎10‎-‎30T02:40:23.000000000Z) has successfully loaded and registered with Filter Manager.
Information	15/12/2015 14:34:13	Microsoft-Windows-FilterManager	6	None	File System Filter 'FileCrypt' (10.0, ‎2015‎-‎10‎-‎30T02:37:49.000000000Z) has successfully loaded and registered with Filter Manager.
Information	15/12/2015 14:34:12	Microsoft-Windows-Ntfs	98	None	Volume C: (\Device\HarddiskVolume2) is healthy.  No action is needed.
Information	15/12/2015 14:34:12	Microsoft-Windows-FilterManager	6	None	File System Filter 'WdFilter' (10.0, ‎2015‎-‎10‎-‎30T02:34:35.000000000Z) has successfully loaded and registered with Filter Manager.
Information	15/12/2015 14:34:12	Microsoft-Windows-FilterManager	6	None	File System Filter 'Wof' (10.0, ‎2015‎-‎10‎-‎30T02:38:16.000000000Z) has successfully loaded and registered with Filter Manager.
Information	15/12/2015 14:34:12	Microsoft-Windows-FilterManager	6	None	File System Filter 'FileInfo' (10.0, ‎2015‎-‎10‎-‎30T02:37:17.000000000Z) has successfully loaded and registered with Filter Manager.
Information	15/12/2015 14:34:11	Microsoft-Windows-Kernel-Boot	32	None	The bootmgr spent 0 ms waiting for user input.
Information	15/12/2015 14:34:11	Microsoft-Windows-Kernel-Boot	18	None	There are 0x1 boot options on this system.
Information	15/12/2015 14:34:11	Microsoft-Windows-Kernel-Boot	25	None	The boot menu policy was 0x1.
Information	15/12/2015 14:34:11	Microsoft-Windows-Kernel-Boot	27	None	The boot type was 0x0.
Information	15/12/2015 14:34:11	Microsoft-Windows-Kernel-Boot	20	None	The last shutdown's success status was true. The last boot's success status was true.
Information	15/12/2015 14:34:11	Microsoft-Windows-Kernel-General	12	None	The operating system started at system time ‎2015‎-‎12‎-‎15T14:34:11.487528600Z.
Information	15/12/2015 14:34:08	Microsoft-Windows-Kernel-General	13	None	The operating system is shutting down at system time ‎2015‎-‎12‎-‎15T14:34:08.683092200Z.
Information	15/12/2015 14:34:07	Microsoft-Windows-Kernel-Power	109	(103)	"The kernel power manager has initiated a shutdown transition.

Shutdown Reason: Kernel API"
Information	15/12/2015 14:34:19	EventLog	6013	None	The system uptime is 6 seconds.
Information	15/12/2015 14:34:19	EventLog	6005	None	The Event log service was started.
Information	15/12/2015 14:34:19	EventLog	6009	None	Microsoft (R) Windows (R) 10.00. 10586  Multiprocessor Free.
Information	15/12/2015 14:34:02	Microsoft-Windows-Dhcp-Client	50037	Service State Event	DHCPv4 client service is stopped. ShutDown Flag value is 1
Information	15/12/2015 14:34:02	Microsoft-Windows-DHCPv6-Client	51047	Service State Event	DHCPv6 client service is stopped. ShutDown Flag value is 1
Information	15/12/2015 14:34:02	EventLog	6006	None	The Event log service was stopped.
Information	15/12/2015 14:33:56	Microsoft-Windows-Winlogon	7002	(1102)	User Logoff Notification for Customer Experience Improvement Program
Error	15/12/2015 14:33:54	Microsoft-Windows-DistributedCOM	10010	None	The server CortanaUI.AppXtpp90jhw9p0njjb85kvhxpppgrqfp117.mca did not register with DCOM within the required timeout.
Error	15/12/2015 14:33:50	Service Control Manager	7031	None	The Sync Host_7c39a service terminated unexpectedly.  It has done this 1 time(s).  The following corrective action will be taken in 10000 milliseconds: Restart the service.
Error	15/12/2015 14:33:50	Microsoft-Windows-DistributedCOM	10016	None	"The application-specific permission settings do not grant Local Activation permission for the COM Server application with CLSID 
{D63B10C5-BB46-4990-A94F-E40B9D520160}
 and APPID 
{9CA88EE3-ACB7-47C8-AFC4-AB702511C276}
 to the user NT AUTHORITY\SYSTEM SID (S-1-5-18) from address LocalHost (Using LRPC) running in the application container Unavailable SID (Unavailable). This security permission can be modified using the Component Services administrative tool."
Information	15/12/2015 14:33:49	User32	1074	None	"The process C:\Windows\System32\RuntimeBroker.exe (DESKTOP-A5MB3PB) has initiated the restart of computer DESKTOP-A5MB3PB on behalf of user DESKTOP-A5MB3PB\Graeme for the following reason: Other (Unplanned)
 Reason Code: 0x0
 Shutdown Type: restart
 Comment: "
Information	15/12/2015 14:33:43	Microsoft-Windows-Kernel-General	16	None	The access history in hive \??\C:\Users\Graeme\AppData\Local\Packages\Microsoft.People_8wekyb3d8bbwe\Microsoft.People_10.0.2840.0_x64__8wekyb3d8bbwe\ActivationStore\ActivationStore.dat was cleared updating 0 keys and creating 0 modified pages.
Information	15/12/2015 14:33:39	Service Control Manager	7040	None	The start type of the Background Intelligent Transfer Service service was changed from demand start to auto start.
Information	15/12/2015 14:33:31	Microsoft-Windows-Kernel-General	16	None	The access history in hive \??\C:\Users\Graeme\AppData\Local\Packages\Microsoft.WindowsCalculator_8wekyb3d8bbwe\Microsoft.WindowsCalculator_10.1510.9020.0_x64__8wekyb3d8bbwe\ActivationStore\ActivationStore.dat was cleared updating 0 keys and creating 0 modified pages.
Information	15/12/2015 14:33:19	Microsoft-Windows-Kernel-General	16	None	The access history in hive \??\C:\Users\Graeme\AppData\Local\Packages\Microsoft.WindowsMaps_8wekyb3d8bbwe\Microsoft.WindowsMaps_4.1509.50911.0_x64__8wekyb3d8bbwe\ActivationStore\ActivationStore.dat was cleared updating 0 keys and creating 0 modified pages.
Information	15/12/2015 14:33:10	Microsoft-Windows-Kernel-General	16	None	The access history in hive \??\C:\Users\Graeme\AppData\Local\Packages\Microsoft.WindowsPhone_8wekyb3d8bbwe\Microsoft.WindowsPhone_10.1510.9010.0_x64__8wekyb3d8bbwe\ActivationStore\ActivationStore.dat was cleared updating 0 keys and creating 0 modified pages.
Information	15/12/2015 14:33:02	Microsoft-Windows-Kernel-General	16	None	The access history in hive \??\C:\Users\Graeme\AppData\Local\Packages\Microsoft.WindowsSoundRecorder_8wekyb3d8bbwe\Microsoft.WindowsSoundRecorder_10.1510.12110.0_x64__8wekyb3d8bbwe\ActivationStore\ActivationStore.dat was cleared updating 0 keys and creating 0 modified pages.
Information	15/12/2015 14:32:51	Microsoft-Windows-Kernel-General	16	None	The access history in hive \??\C:\Users\Graeme\AppData\Local\Packages\Microsoft.ZuneVideo_8wekyb3d8bbwe\Microsoft.ZuneVideo_3.6.13251.0_x64__8wekyb3d8bbwe\ActivationStore\ActivationStore.dat was cleared updating 0 keys and creating 0 modified pages.
Information	15/12/2015 14:32:31	Microsoft-Windows-Kernel-General	16	None	The access history in hive \??\C:\Users\Graeme\AppData\Local\Packages\Microsoft.SkypeApp_kzf8qxf38zg5c\Microsoft.SkypeApp_3.2.1.0_x86__kzf8qxf38zg5c\ActivationStore\ActivationStore.dat was cleared updating 0 keys and creating 0 modified pages.
Information	15/12/2015 14:32:30	Microsoft-Windows-Kernel-General	16	None	The access history in hive \??\C:\Users\Graeme\AppData\Local\Packages\Microsoft.NET.Native.Framework.1.0_8wekyb3d8bbwe\Settings\settings.dat was cleared updating 3 keys and creating 1 modified pages.
Information	15/12/2015 14:32:29	Microsoft-Windows-Kernel-General	16	None	The access history in hive \??\C:\Users\Graeme\AppData\Local\Packages\Microsoft.NET.Native.Runtime.1.0_8wekyb3d8bbwe\Settings\settings.dat was cleared updating 3 keys and creating 1 modified pages.
Information	15/12/2015 14:32:04	Microsoft-Windows-Kernel-General	16	None	The access history in hive \??\C:\Users\Graeme\AppData\Local\Packages\Microsoft.WindowsAlarms_8wekyb3d8bbwe\Microsoft.WindowsAlarms_10.1510.12020.0_x64__8wekyb3d8bbwe\ActivationStore\ActivationStore.dat was cleared updating 0 keys and creating 0 modified pages.
Information	15/12/2015 14:31:52	Service Control Manager	7040	None	The start type of the Background Intelligent Transfer Service service was changed from auto start to demand start.
Information	15/12/2015 14:30:39	Microsoft-Windows-WindowsUpdateClient	19	Windows Update Agent	Installation Successful: Windows successfully installed the following update: Twitter
Information	15/12/2015 14:30:27	Microsoft-Windows-Kernel-General	16	None	The access history in hive \??\C:\Users\Graeme\AppData\Local\Packages\9E2F88E3.Twitter_wgeqdkkx372wm\9E2F88E3.Twitter_4.3.1.0_x86__wgeqdkkx372wm\ActivationStore\ActivationStore.dat was cleared updating 0 keys and creating 0 modified pages.
Information	15/12/2015 14:30:21	Microsoft-Windows-WindowsUpdateClient	43	Windows Update Agent	Installation Started: Windows has started installing the following update: Twitter
Information	15/12/2015 14:30:21	Microsoft-Windows-WindowsUpdateClient	19	Windows Update Agent	Installation Successful: Windows successfully installed the following update: Microsoft .Net Native Framework Package 1.2.23205.0
Information	15/12/2015 14:30:16	Microsoft-Windows-WindowsUpdateClient	43	Windows Update Agent	Installation Started: Windows has started installing the following update: Microsoft .Net Native Framework Package 1.2.23205.0
Information	15/12/2015 14:30:16	Microsoft-Windows-WindowsUpdateClient	19	Windows Update Agent	Installation Successful: Windows successfully installed the following update: Microsoft .Net Native Runtime Package 1.1.23101.0
Information	15/12/2015 14:30:15	Microsoft-Windows-Kernel-General	16	None	The access history in hive \??\C:\Users\Graeme\AppData\Local\Packages\Microsoft.NET.Native.Framework.1.2_8wekyb3d8bbwe\Settings\settings.dat was cleared updating 3 keys and creating 1 modified pages.
Information	15/12/2015 14:29:58	Microsoft-Windows-WindowsUpdateClient	43	Windows Update Agent	Installation Started: Windows has started installing the following update: Microsoft .Net Native Runtime Package 1.1.23101.0
Information	15/12/2015 14:29:30	Microsoft-Windows-WindowsUpdateClient	44	Windows Update Agent	Windows Update started downloading an update.
Information	15/12/2015 14:29:15	Microsoft-Windows-WindowsUpdateClient	44	Windows Update Agent	Windows Update started downloading an update.
Information	15/12/2015 14:29:09	Microsoft-Windows-WindowsUpdateClient	44	Windows Update Agent	Windows Update started downloading an update.
Information	15/12/2015 14:29:07	Service Control Manager	7040	None	The start type of the Windows Modules Installer service was changed from auto start to demand start.
Information	15/12/2015 14:29:06	Microsoft-Windows-Kernel-General	16	None	The access history in hive \??\C:\Windows\System32\SMI\Store\Machine\SCHEMA.DAT was cleared updating 0 keys and creating 0 modified pages.
Information	15/12/2015 14:29:05	Microsoft-Windows-WindowsUpdateClient	44	Windows Update Agent	Windows Update started downloading an update.
Information	15/12/2015 14:29:00	Microsoft-Windows-WindowsUpdateClient	44	Windows Update Agent	Windows Update started downloading an update.
Information	15/12/2015 14:28:59	Service Control Manager	7040	None	The start type of the Windows Modules Installer service was changed from demand start to auto start.
Information	15/12/2015 14:28:55	Microsoft-Windows-WindowsUpdateClient	44	Windows Update Agent	Windows Update started downloading an update.
Information	15/12/2015 14:28:53	Service Control Manager	7040	None	The start type of the Background Intelligent Transfer Service service was changed from demand start to auto start.
Information	15/12/2015 14:21:33	Service Control Manager	7040	None	The start type of the Background Intelligent Transfer Service service was changed from auto start to demand start.
Information	15/12/2015 14:18:49	Service Control Manager	7040	None	The start type of the Background Intelligent Transfer Service service was changed from demand start to auto start.
Information	15/12/2015 14:17:43	Service Control Manager	7040	None	The start type of the Background Intelligent Transfer Service service was changed from auto start to demand start.
