Information	9/6/2016 9:34:56 AM	Netwtw04	7036	None	The \Device\NDMP5 service entered the Intel(R) Dual Band Wireless-AC 7265 state.
Information	9/6/2016 9:34:56 AM	MEIx64	2	None	Intel(R) Management Engine Interface driver has started successfully.
Information	9/6/2016 9:34:56 AM	Microsoft-Windows-Kernel-Processor-Power	55	(47)	"Processor 3 in group 0 exposes the following power management capabilities:

Idle state type: ACPI Idle (C) States (3 state(s))

Performance state type: ACPI Collaborative Processor Performance Control
Nominal Frequency (MHz): 2594
Maximum performance percentage: 123
Minimum performance percentage: 19
Minimum throttle percentage: 1"
Information	9/6/2016 9:34:56 AM	Microsoft-Windows-Kernel-Processor-Power	55	(47)	"Processor 2 in group 0 exposes the following power management capabilities:

Idle state type: ACPI Idle (C) States (3 state(s))

Performance state type: ACPI Collaborative Processor Performance Control
Nominal Frequency (MHz): 2594
Maximum performance percentage: 123
Minimum performance percentage: 19
Minimum throttle percentage: 1"
Information	9/6/2016 9:34:56 AM	Microsoft-Windows-Kernel-Processor-Power	55	(47)	"Processor 1 in group 0 exposes the following power management capabilities:

Idle state type: ACPI Idle (C) States (3 state(s))

Performance state type: ACPI Collaborative Processor Performance Control
Nominal Frequency (MHz): 2594
Maximum performance percentage: 123
Minimum performance percentage: 19
Minimum throttle percentage: 1"
Information	9/6/2016 9:34:56 AM	Microsoft-Windows-Kernel-Processor-Power	55	(47)	"Processor 0 in group 0 exposes the following power management capabilities:

Idle state type: ACPI Idle (C) States (3 state(s))

Performance state type: ACPI Collaborative Processor Performance Control
Nominal Frequency (MHz): 2594
Maximum performance percentage: 123
Minimum performance percentage: 19
Minimum throttle percentage: 1"
Warning	9/6/2016 9:34:56 AM	Microsoft-Windows-Kernel-PnP	219	(212)	The driver \Driver\WUDFRd failed to load for the device ROOT\SYSTEM\0001.
Information	9/6/2016 9:34:56 AM	Microsoft-Windows-DriverFrameworks-UserMode	10114	Startup of the UMDF reflector	WUDFPf (part of UMDF) did not load yet. After it does, Windows will start the device again.
Information	9/6/2016 9:34:55 AM	Microsoft-Windows-Ntfs	98	None	Volume \\?\Volume{33e9f129-0000-0000-0000-206f70000000} (\Device\HarddiskVolume3) is healthy.  No action is needed.
Information	9/6/2016 9:34:55 AM	Microsoft-Windows-Ntfs	98	None	Volume \\?\Volume{33e9f129-0000-0000-0000-100000000000} (\Device\HarddiskVolume1) is healthy.  No action is needed.
Information	9/6/2016 9:34:55 AM	Microsoft-Windows-Ntfs	98	None	Volume D: (\Device\HarddiskVolume4) is healthy.  No action is needed.
Information	9/6/2016 9:34:55 AM	VMnetAdapter	36	None	() Starting up the Adapter Driver for VMware Virtual Networks.
Information	9/6/2016 9:34:55 AM	Microsoft-Windows-Kernel-Power	172	(203)	Connectivity state in standby: Disconnected, Reason: NIC compliance
Information	9/6/2016 9:34:55 AM	Microsoft-Windows-FilterManager	6	None	File System Filter 'npsvctrig' (10.0, ‎2016‎-‎07‎-‎15T20:28:33.000000000Z) has successfully loaded and registered with Filter Manager.
Information	9/6/2016 9:34:55 AM	Microsoft-Windows-FilterManager	6	None	File System Filter 'FileCrypt' (10.0, ‎2016‎-‎07‎-‎15T20:22:39.000000000Z) has successfully loaded and registered with Filter Manager.
Information	9/6/2016 9:34:55 AM	Microsoft-Windows-Ntfs	98	None	Volume C: (\Device\HarddiskVolume2) is healthy.  No action is needed.
Information	9/6/2016 9:34:55 AM	TPM	24	None	The Trusted Platform Module (TPM) status: Enabled and Active.
Information	9/6/2016 9:34:55 AM	Microsoft-Windows-FilterManager	6	None	File System Filter 'WdFilter' (10.0, ‎2016‎-‎07‎-‎15T20:25:21.000000000Z) has successfully loaded and registered with Filter Manager.
Information	9/6/2016 9:34:55 AM	Microsoft-Windows-FilterManager	6	None	File System Filter 'file_tracker' (6.3, ‎2016‎-‎02‎-‎08T03:52:31.000000000Z) has successfully loaded and registered with Filter Manager.
Information	9/6/2016 9:34:55 AM	Microsoft-Windows-FilterManager	6	None	File System Filter 'Wof' (10.0, ‎2016‎-‎08‎-‎05T21:45:24.000000000Z) has successfully loaded and registered with Filter Manager.
Information	9/6/2016 9:34:55 AM	Microsoft-Windows-FilterManager	6	None	File System Filter 'FileInfo' (10.0, ‎2016‎-‎07‎-‎15T20:26:05.000000000Z) has successfully loaded and registered with Filter Manager.
Information	9/6/2016 9:34:54 AM	Microsoft-Windows-Kernel-Boot	30	(21)	The firmware reported boot metrics.
Information	9/6/2016 9:34:54 AM	Microsoft-Windows-Kernel-Boot	32	None	The bootmgr spent 0 ms waiting for user input.
Information	9/6/2016 9:34:54 AM	Microsoft-Windows-Kernel-Boot	18	None	There are 0x1 boot options on this system.
Information	9/6/2016 9:34:54 AM	Microsoft-Windows-Kernel-Boot	25	(32)	The boot menu policy was 0x1.
Information	9/6/2016 9:34:54 AM	Microsoft-Windows-Kernel-Boot	27	(33)	The boot type was 0x0.
Information	9/6/2016 9:34:54 AM	Microsoft-Windows-Kernel-Boot	20	(31)	The last shutdown's success status was true. The last boot's success status was true.
Information	9/6/2016 9:34:54 AM	Microsoft-Windows-Kernel-Boot	153	None	The Virtualization Based Security (policies: 0) is disabled with status STATUS_SUCCESS.
Information	9/6/2016 9:35:02 AM	EventLog	6013	None	The system uptime is 7 seconds.
Information	9/6/2016 9:35:02 AM	EventLog	6005	None	The Event log service was started.
Information	9/6/2016 9:35:02 AM	EventLog	6009	None	Microsoft (R) Windows (R) 10.00. 14393  Multiprocessor Free.
Information	9/6/2016 9:34:54 AM	Microsoft-Windows-Kernel-General	12	(1)	The operating system started at system time ‎2016‎-‎09‎-‎06T15:34:54.486904700Z.
Information	9/6/2016 9:34:03 AM	Microsoft-Windows-DHCPv6-Client	51047	Service State Event	DHCPv6 client service is stopped. ShutDown Flag value is 1
Information	9/6/2016 9:34:03 AM	EventLog	6006	None	The Event log service was stopped.
Error	9/6/2016 9:33:57 AM	Service Control Manager	7031	None	The VMware Workstation Server service terminated unexpectedly.  It has done this 1 time(s).  The following corrective action will be taken in 60000 milliseconds: Restart the service.
Information	9/6/2016 9:33:57 AM	Microsoft-Windows-Winlogon	7002	(1102)	User Logoff Notification for Customer Experience Improvement Program
Information	9/6/2016 9:33:54 AM	User32	1074	None	"The process C:\Windows\Explorer.EXE (DESKTOP-EEMI531) has initiated the restart of computer DESKTOP-EEMI531 on behalf of user DESKTOP-EEMI531\AndyL for the following reason: Other (Unplanned)
 Reason Code: 0x0
 Shutdown Type: restart
 Comment: "
Information	9/6/2016 9:30:59 AM	Service Control Manager	7040	None	The start type of the Background Intelligent Transfer Service service was changed from auto start to demand start.
Information	9/6/2016 9:27:24 AM	Service Control Manager	7040	None	The start type of the Background Intelligent Transfer Service service was changed from demand start to auto start.
Error	9/6/2016 9:14:57 AM	disk	154	None	The IO operation at logical block address 0x0 for Disk 1 (PDO name: \Device\00000063) failed due to a hardware error.
Error	9/6/2016 9:14:56 AM	disk	154	None	The IO operation at logical block address 0x0 for Disk 1 (PDO name: \Device\00000063) failed due to a hardware error.
Error	9/6/2016 9:14:56 AM	disk	154	None	The IO operation at logical block address 0x0 for Disk 1 (PDO name: \Device\00000063) failed due to a hardware error.
Error	9/6/2016 9:14:55 AM	disk	154	None	The IO operation at logical block address 0x0 for Disk 1 (PDO name: \Device\00000063) failed due to a hardware error.
Error	9/6/2016 9:14:55 AM	disk	154	None	The IO operation at logical block address 0x0 for Disk 1 (PDO name: \Device\00000063) failed due to a hardware error.
Error	9/6/2016 9:14:54 AM	disk	154	None	The IO operation at logical block address 0x0 for Disk 1 (PDO name: \Device\00000063) failed due to a hardware error.
Error	9/6/2016 9:14:54 AM	disk	154	None	The IO operation at logical block address 0x0 for Disk 1 (PDO name: \Device\00000063) failed due to a hardware error.
Error	9/6/2016 9:14:53 AM	disk	154	None	The IO operation at logical block address 0x0 for Disk 1 (PDO name: \Device\00000063) failed due to a hardware error.
Error	9/6/2016 9:14:53 AM	disk	154	None	The IO operation at logical block address 0x0 for Disk 1 (PDO name: \Device\00000063) failed due to a hardware error.
Error	9/6/2016 9:14:52 AM	disk	154	None	The IO operation at logical block address 0x0 for Disk 1 (PDO name: \Device\00000063) failed due to a hardware error.
Error	9/6/2016 9:14:52 AM	disk	154	None	The IO operation at logical block address 0x0 for Disk 1 (PDO name: \Device\00000063) failed due to a hardware error.
Error	9/6/2016 9:14:51 AM	disk	154	None	The IO operation at logical block address 0x0 for Disk 1 (PDO name: \Device\00000063) failed due to a hardware error.
Error	9/6/2016 9:14:51 AM	disk	154	None	The IO operation at logical block address 0x0 for Disk 1 (PDO name: \Device\00000063) failed due to a hardware error.
Error	9/6/2016 9:14:50 AM	disk	154	None	The IO operation at logical block address 0x0 for Disk 1 (PDO name: \Device\00000063) failed due to a hardware error.
Error	9/6/2016 9:14:50 AM	disk	154	None	The IO operation at logical block address 0x0 for Disk 1 (PDO name: \Device\00000063) failed due to a hardware error.
Error	9/6/2016 9:14:49 AM	disk	154	None	The IO operation at logical block address 0x0 for Disk 1 (PDO name: \Device\00000063) failed due to a hardware error.
Error	9/6/2016 9:14:49 AM	disk	154	None	The IO operation at logical block address 0x0 for Disk 1 (PDO name: \Device\00000063) failed due to a hardware error.
Error	9/6/2016 9:14:48 AM	disk	154	None	The IO operation at logical block address 0x0 for Disk 1 (PDO name: \Device\00000063) failed due to a hardware error.
Error	9/6/2016 9:14:48 AM	disk	154	None	The IO operation at logical block address 0x0 for Disk 1 (PDO name: \Device\00000063) failed due to a hardware error.
Error	9/6/2016 9:14:47 AM	disk	154	None	The IO operation at logical block address 0x0 for Disk 1 (PDO name: \Device\00000063) failed due to a hardware error.
Error	9/6/2016 9:14:47 AM	disk	154	None	The IO operation at logical block address 0x0 for Disk 1 (PDO name: \Device\00000063) failed due to a hardware error.
Error	9/6/2016 9:14:46 AM	disk	154	None	The IO operation at logical block address 0x0 for Disk 1 (PDO name: \Device\00000063) failed due to a hardware error.
Error	9/6/2016 9:14:46 AM	disk	154	None	The IO operation at logical block address 0x0 for Disk 1 (PDO name: \Device\00000063) failed due to a hardware error.
Error	9/6/2016 9:14:45 AM	disk	154	None	The IO operation at logical block address 0x0 for Disk 1 (PDO name: \Device\00000063) failed due to a hardware error.
Error	9/6/2016 9:14:45 AM	disk	154	None	The IO operation at logical block address 0x0 for Disk 1 (PDO name: \Device\00000063) failed due to a hardware error.
Error	9/6/2016 9:14:44 AM	disk	154	None	The IO operation at logical block address 0x0 for Disk 1 (PDO name: \Device\00000063) failed due to a hardware error.
Error	9/6/2016 9:14:44 AM	disk	154	None	The IO operation at logical block address 0x0 for Disk 1 (PDO name: \Device\00000063) failed due to a hardware error.
Error	9/6/2016 9:14:43 AM	disk	154	None	The IO operation at logical block address 0x0 for Disk 1 (PDO name: \Device\00000063) failed due to a hardware error.
Error	9/6/2016 9:14:43 AM	disk	154	None	The IO operation at logical block address 0x0 for Disk 1 (PDO name: \Device\00000063) failed due to a hardware error.
Error	9/6/2016 9:14:42 AM	disk	154	None	The IO operation at logical block address 0x0 for Disk 1 (PDO name: \Device\00000063) failed due to a hardware error.
Error	9/6/2016 9:14:42 AM	disk	154	None	The IO operation at logical block address 0x0 for Disk 1 (PDO name: \Device\00000063) failed due to a hardware error.
Information	9/6/2016 9:13:48 AM	Service Control Manager	7040	None	The start type of the Background Intelligent Transfer Service service was changed from auto start to demand start.
Error	9/6/2016 9:12:31 AM	Microsoft-Windows-DistributedCOM	10016	None	"The application-specific permission settings do not grant Local Activation permission for the COM Server application with CLSID 
{8D8F4F83-3594-4F07-8369-FC3C3CAE4919}
 and APPID 
{F72671A9-012C-4725-9D2F-2A4D32D65169}
 to the user NT AUTHORITY\SYSTEM SID (S-1-5-18) from address LocalHost (Using LRPC) running in the application container Unavailable SID (Unavailable). This security permission can be modified using the Component Services administrative tool."
Information	9/6/2016 9:12:22 AM	Microsoft-Windows-WindowsUpdateClient	19	Windows Update Agent	Installation Successful: Windows successfully installed the following update: Canon Inkjet Print Utility
Information	9/6/2016 9:12:22 AM	Microsoft-Windows-WindowsUpdateClient	43	Windows Update Agent	Installation Started: Windows has started installing the following update: Canon Inkjet Print Utility
Information	9/6/2016 9:12:16 AM	Microsoft-Windows-Kernel-General	16	None	The access history in hive \??\C:\ProgramData\Microsoft\Windows\AppRepository\Packages\34791E63.CanonInkjetPrintUtility_2.6.0.5_neutral__6e5tt8cgb93ep\ActivationStore.dat was cleared updating 0 keys and creating 0 modified pages.
Error	9/6/2016 9:12:13 AM	disk	154	None	The IO operation at logical block address 0x0 for Disk 1 (PDO name: \Device\00000063) failed due to a hardware error.
Error	9/6/2016 9:12:12 AM	disk	154	None	The IO operation at logical block address 0x0 for Disk 1 (PDO name: \Device\00000063) failed due to a hardware error.
Error	9/6/2016 9:12:12 AM	disk	154	None	The IO operation at logical block address 0x0 for Disk 1 (PDO name: \Device\00000063) failed due to a hardware error.
Error	9/6/2016 9:12:11 AM	disk	154	None	The IO operation at logical block address 0x0 for Disk 1 (PDO name: \Device\00000063) failed due to a hardware error.
Error	9/6/2016 9:12:11 AM	disk	154	None	The IO operation at logical block address 0x0 for Disk 1 (PDO name: \Device\00000063) failed due to a hardware error.
Error	9/6/2016 9:12:10 AM	disk	154	None	The IO operation at logical block address 0x0 for Disk 1 (PDO name: \Device\00000063) failed due to a hardware error.
Error	9/6/2016 9:12:10 AM	disk	154	None	The IO operation at logical block address 0x0 for Disk 1 (PDO name: \Device\00000063) failed due to a hardware error.
Error	9/6/2016 9:12:09 AM	disk	154	None	The IO operation at logical block address 0x0 for Disk 1 (PDO name: \Device\00000063) failed due to a hardware error.
Error	9/6/2016 9:12:09 AM	disk	154	None	The IO operation at logical block address 0x0 for Disk 1 (PDO name: \Device\00000063) failed due to a hardware error.
Error	9/6/2016 9:12:08 AM	disk	154	None	The IO operation at logical block address 0x0 for Disk 1 (PDO name: \Device\00000063) failed due to a hardware error.
Error	9/6/2016 9:12:08 AM	disk	154	None	The IO operation at logical block address 0x0 for Disk 1 (PDO name: \Device\00000063) failed due to a hardware error.
Error	9/6/2016 9:12:07 AM	disk	154	None	The IO operation at logical block address 0x0 for Disk 1 (PDO name: \Device\00000063) failed due to a hardware error.
Error	9/6/2016 9:12:07 AM	disk	154	None	The IO operation at logical block address 0x0 for Disk 1 (PDO name: \Device\00000063) failed due to a hardware error.
Error	9/6/2016 9:12:06 AM	disk	154	None	The IO operation at logical block address 0x0 for Disk 1 (PDO name: \Device\00000063) failed due to a hardware error.
Error	9/6/2016 9:12:06 AM	disk	154	None	The IO operation at logical block address 0x0 for Disk 1 (PDO name: \Device\00000063) failed due to a hardware error.
Error	9/6/2016 9:12:05 AM	disk	154	None	The IO operation at logical block address 0x0 for Disk 1 (PDO name: \Device\00000063) failed due to a hardware error.
Error	9/6/2016 9:12:05 AM	disk	154	None	The IO operation at logical block address 0x0 for Disk 1 (PDO name: \Device\00000063) failed due to a hardware error.
Error	9/6/2016 9:12:04 AM	disk	154	None	The IO operation at logical block address 0x0 for Disk 1 (PDO name: \Device\00000063) failed due to a hardware error.
Error	9/6/2016 9:12:04 AM	disk	154	None	The IO operation at logical block address 0x0 for Disk 1 (PDO name: \Device\00000063) failed due to a hardware error.
Error	9/6/2016 9:12:03 AM	disk	154	None	The IO operation at logical block address 0x0 for Disk 1 (PDO name: \Device\00000063) failed due to a hardware error.
Error	9/6/2016 9:12:03 AM	disk	154	None	The IO operation at logical block address 0x0 for Disk 1 (PDO name: \Device\00000063) failed due to a hardware error.
Error	9/6/2016 9:12:02 AM	disk	154	None	The IO operation at logical block address 0x0 for Disk 1 (PDO name: \Device\00000063) failed due to a hardware error.
Error	9/6/2016 9:12:02 AM	disk	154	None	The IO operation at logical block address 0x0 for Disk 1 (PDO name: \Device\00000063) failed due to a hardware error.
Error	9/6/2016 9:12:01 AM	disk	154	None	The IO operation at logical block address 0x0 for Disk 1 (PDO name: \Device\00000063) failed due to a hardware error.
Error	9/6/2016 9:12:01 AM	disk	154	None	The IO operation at logical block address 0x0 for Disk 1 (PDO name: \Device\00000063) failed due to a hardware error.
Error	9/6/2016 9:12:00 AM	disk	154	None	The IO operation at logical block address 0x0 for Disk 1 (PDO name: \Device\00000063) failed due to a hardware error.
Error	9/6/2016 9:12:00 AM	disk	154	None	The IO operation at logical block address 0x0 for Disk 1 (PDO name: \Device\00000063) failed due to a hardware error.
Error	9/6/2016 9:11:59 AM	disk	154	None	The IO operation at logical block address 0x0 for Disk 1 (PDO name: \Device\00000063) failed due to a hardware error.
Error	9/6/2016 9:11:59 AM	disk	154	None	The IO operation at logical block address 0x0 for Disk 1 (PDO name: \Device\00000063) failed due to a hardware error.
Error	9/6/2016 9:11:58 AM	disk	154	None	The IO operation at logical block address 0x0 for Disk 1 (PDO name: \Device\00000063) failed due to a hardware error.
Error	9/6/2016 9:11:58 AM	disk	154	None	The IO operation at logical block address 0x0 for Disk 1 (PDO name: \Device\00000063) failed due to a hardware error.
Error	9/6/2016 9:11:58 AM	disk	154	None	The IO operation at logical block address 0x0 for Disk 1 (PDO name: \Device\00000063) failed due to a hardware error.
Error	9/6/2016 9:11:57 AM	disk	154	None	The IO operation at logical block address 0x0 for Disk 1 (PDO name: \Device\00000063) failed due to a hardware error.
Error	9/6/2016 9:11:57 AM	disk	154	None	The IO operation at logical block address 0x0 for Disk 1 (PDO name: \Device\00000063) failed due to a hardware error.
Error	9/6/2016 9:11:56 AM	disk	154	None	The IO operation at logical block address 0x0 for Disk 1 (PDO name: \Device\00000063) failed due to a hardware error.
Error	9/6/2016 9:11:56 AM	disk	154	None	The IO operation at logical block address 0x0 for Disk 1 (PDO name: \Device\00000063) failed due to a hardware error.
Error	9/6/2016 9:11:55 AM	disk	154	None	The IO operation at logical block address 0x0 for Disk 1 (PDO name: \Device\00000063) failed due to a hardware error.
Error	9/6/2016 9:11:55 AM	disk	154	None	The IO operation at logical block address 0x0 for Disk 1 (PDO name: \Device\00000063) failed due to a hardware error.
Error	9/6/2016 9:11:54 AM	disk	154	None	The IO operation at logical block address 0x0 for Disk 1 (PDO name: \Device\00000063) failed due to a hardware error.
Error	9/6/2016 9:11:54 AM	disk	154	None	The IO operation at logical block address 0x0 for Disk 1 (PDO name: \Device\00000063) failed due to a hardware error.
Error	9/6/2016 9:11:53 AM	disk	154	None	The IO operation at logical block address 0x0 for Disk 1 (PDO name: \Device\00000063) failed due to a hardware error.
Error	9/6/2016 9:11:53 AM	disk	154	None	The IO operation at logical block address 0x0 for Disk 1 (PDO name: \Device\00000063) failed due to a hardware error.
Error	9/6/2016 9:11:52 AM	disk	154	None	The IO operation at logical block address 0x0 for Disk 1 (PDO name: \Device\00000063) failed due to a hardware error.
Error	9/6/2016 9:11:52 AM	disk	154	None	The IO operation at logical block address 0x0 for Disk 1 (PDO name: \Device\00000063) failed due to a hardware error.
Error	9/6/2016 9:11:51 AM	disk	154	None	The IO operation at logical block address 0x0 for Disk 1 (PDO name: \Device\00000063) failed due to a hardware error.
Error	9/6/2016 9:11:51 AM	disk	154	None	The IO operation at logical block address 0x0 for Disk 1 (PDO name: \Device\00000063) failed due to a hardware error.
Error	9/6/2016 9:11:50 AM	disk	154	None	The IO operation at logical block address 0x0 for Disk 1 (PDO name: \Device\00000063) failed due to a hardware error.
Error	9/6/2016 9:11:50 AM	disk	154	None	The IO operation at logical block address 0x0 for Disk 1 (PDO name: \Device\00000063) failed due to a hardware error.
Error	9/6/2016 9:11:49 AM	disk	154	None	The IO operation at logical block address 0x0 for Disk 1 (PDO name: \Device\00000063) failed due to a hardware error.
Error	9/6/2016 9:11:49 AM	disk	154	None	The IO operation at logical block address 0x0 for Disk 1 (PDO name: \Device\00000063) failed due to a hardware error.
Error	9/6/2016 9:11:48 AM	disk	154	None	The IO operation at logical block address 0x0 for Disk 1 (PDO name: \Device\00000063) failed due to a hardware error.
Error	9/6/2016 9:11:47 AM	disk	154	None	The IO operation at logical block address 0x0 for Disk 1 (PDO name: \Device\00000063) failed due to a hardware error.
Error	9/6/2016 9:11:47 AM	disk	154	None	The IO operation at logical block address 0x0 for Disk 1 (PDO name: \Device\00000063) failed due to a hardware error.
Error	9/6/2016 9:11:46 AM	disk	154	None	The IO operation at logical block address 0x0 for Disk 1 (PDO name: \Device\00000063) failed due to a hardware error.
Information	9/6/2016 9:11:46 AM	Microsoft-Windows-UserPnp	20001	(7005)	Driver Management concluded the process to install driver wpdfs.inf_amd64_4b4cfcfa114bdc22\wpdfs.inf for Device Instance ID SWD\WPDBUSENUM\_??_USBSTOR#DISK&VEN_SANDISK&PROD_U3_CRUZER_MICRO&REV_2.16#0000060431053970&0#{53F56307-B6BF-11D0-94F2-00A0C91EFB8B} with the following status: 0x0.
Error	9/6/2016 9:11:46 AM	disk	154	None	The IO operation at logical block address 0x0 for Disk 1 (PDO name: \Device\00000063) failed due to a hardware error.
Information	9/6/2016 9:11:46 AM	Microsoft-Windows-UserPnp	20003	(7005)	Driver Management has concluded the process to add Service WUDFWpdFs for Device Instance ID SWD\WPDBUSENUM\_??_USBSTOR#DISK&VEN_SANDISK&PROD_U3_CRUZER_MICRO&REV_2.16#0000060431053970&0#{53F56307-B6BF-11D0-94F2-00A0C91EFB8B} with the following status: 0.
Information	9/6/2016 9:11:46 AM	Microsoft-Windows-DriverFrameworks-UserMode	10100	Installation or update of device drivers.	The driver package installation has succeeded.
Information	9/6/2016 9:11:46 AM	Microsoft-Windows-DriverFrameworks-UserMode	10002	Installation or update of device drivers.	The UMDF service WpdFs (CLSID {112DE495-AC4C-46F8-B663-6A4266C53313}) was upgraded.  It requires framework version 2.19.0 or higher.
Information	9/6/2016 9:11:46 AM	Microsoft-Windows-DriverFrameworks-UserMode	10000	Installation or update of device drivers.	A driver package which uses user-mode driver framework version 2.19.0 is being installed on device SWD\WPDBUSENUM\_??_USBSTOR#DISK&VEN_SANDISK&PROD_U3_CRUZER_MICRO&REV_2.16#0000060431053970&0#{53F56307-B6BF-11D0-94F2-00A0C91EFB8B}.
Information	9/6/2016 9:11:46 AM	Microsoft-Windows-WPDClassInstaller	24579	Driver Post-Install Configuration	Autoplay registration was skipped for device %1.
Information	9/6/2016 9:11:46 AM	Microsoft-Windows-WPDClassInstaller	24577	Driver Post-Install Configuration	Media player and imaging program compatibility layers were successfully registered for device %1. Layer bits %2 were requested, layer bits %3 were registered.
Information	9/6/2016 9:11:46 AM	Microsoft-Windows-WPDClassInstaller	24576	Driver Installation	Drivers were successfully installed for device WPD Device.
Error	9/6/2016 9:11:39 AM	disk	154	None	The IO operation at logical block address 0x0 for Disk 1 (PDO name: \Device\00000063) failed due to a hardware error.
Error	9/6/2016 9:11:38 AM	disk	154	None	The IO operation at logical block address 0x0 for Disk 1 (PDO name: \Device\00000063) failed due to a hardware error.
Error	9/6/2016 9:11:38 AM	disk	154	None	The IO operation at logical block address 0x0 for Disk 1 (PDO name: \Device\00000063) failed due to a hardware error.
Error	9/6/2016 9:11:37 AM	disk	154	None	The IO operation at logical block address 0x0 for Disk 1 (PDO name: \Device\00000063) failed due to a hardware error.
Error	9/6/2016 9:11:37 AM	disk	154	None	The IO operation at logical block address 0x0 for Disk 1 (PDO name: \Device\00000063) failed due to a hardware error.
Error	9/6/2016 9:11:36 AM	disk	154	None	The IO operation at logical block address 0x0 for Disk 1 (PDO name: \Device\00000063) failed due to a hardware error.
Error	9/6/2016 9:11:36 AM	disk	154	None	The IO operation at logical block address 0x0 for Disk 1 (PDO name: \Device\00000063) failed due to a hardware error.
Error	9/6/2016 9:11:35 AM	disk	154	None	The IO operation at logical block address 0x0 for Disk 1 (PDO name: \Device\00000063) failed due to a hardware error.
Error	9/6/2016 9:11:35 AM	disk	154	None	The IO operation at logical block address 0x0 for Disk 1 (PDO name: \Device\00000063) failed due to a hardware error.
Error	9/6/2016 9:11:34 AM	disk	154	None	The IO operation at logical block address 0x0 for Disk 1 (PDO name: \Device\00000063) failed due to a hardware error.
Error	9/6/2016 9:11:34 AM	disk	154	None	The IO operation at logical block address 0x0 for Disk 1 (PDO name: \Device\00000063) failed due to a hardware error.
Error	9/6/2016 9:11:33 AM	disk	154	None	The IO operation at logical block address 0x0 for Disk 1 (PDO name: \Device\00000063) failed due to a hardware error.
Error	9/6/2016 9:11:33 AM	disk	154	None	The IO operation at logical block address 0x0 for Disk 1 (PDO name: \Device\00000063) failed due to a hardware error.
Error	9/6/2016 9:11:32 AM	disk	154	None	The IO operation at logical block address 0x0 for Disk 1 (PDO name: \Device\00000063) failed due to a hardware error.
Error	9/6/2016 9:11:32 AM	disk	154	None	The IO operation at logical block address 0x0 for Disk 1 (PDO name: \Device\00000063) failed due to a hardware error.
Error	9/6/2016 9:11:31 AM	disk	154	None	The IO operation at logical block address 0x0 for Disk 1 (PDO name: \Device\00000063) failed due to a hardware error.
Error	9/6/2016 9:11:31 AM	disk	154	None	The IO operation at logical block address 0x0 for Disk 1 (PDO name: \Device\00000063) failed due to a hardware error.
Error	9/6/2016 9:11:30 AM	disk	154	None	The IO operation at logical block address 0x0 for Disk 1 (PDO name: \Device\00000063) failed due to a hardware error.
Error	9/6/2016 9:11:30 AM	disk	154	None	The IO operation at logical block address 0x0 for Disk 1 (PDO name: \Device\00000063) failed due to a hardware error.
Error	9/6/2016 9:11:29 AM	disk	154	None	The IO operation at logical block address 0x0 for Disk 1 (PDO name: \Device\00000063) failed due to a hardware error.
Error	9/6/2016 9:11:29 AM	disk	154	None	The IO operation at logical block address 0x0 for Disk 1 (PDO name: \Device\00000063) failed due to a hardware error.
Error	9/6/2016 9:11:28 AM	disk	154	None	The IO operation at logical block address 0x0 for Disk 1 (PDO name: \Device\00000063) failed due to a hardware error.
Error	9/6/2016 9:11:28 AM	disk	154	None	The IO operation at logical block address 0x0 for Disk 1 (PDO name: \Device\00000063) failed due to a hardware error.
Error	9/6/2016 9:11:27 AM	disk	154	None	The IO operation at logical block address 0x0 for Disk 1 (PDO name: \Device\00000063) failed due to a hardware error.
Error	9/6/2016 9:11:27 AM	disk	154	None	The IO operation at logical block address 0x0 for Disk 1 (PDO name: \Device\00000063) failed due to a hardware error.
Error	9/6/2016 9:11:26 AM	disk	154	None	The IO operation at logical block address 0x0 for Disk 1 (PDO name: \Device\00000063) failed due to a hardware error.
Error	9/6/2016 9:11:26 AM	disk	154	None	The IO operation at logical block address 0x0 for Disk 1 (PDO name: \Device\00000063) failed due to a hardware error.
Error	9/6/2016 9:11:25 AM	disk	154	None	The IO operation at logical block address 0x0 for Disk 1 (PDO name: \Device\00000063) failed due to a hardware error.
Error	9/6/2016 9:11:25 AM	disk	154	None	The IO operation at logical block address 0x0 for Disk 1 (PDO name: \Device\00000063) failed due to a hardware error.
Error	9/6/2016 9:11:24 AM	disk	154	None	The IO operation at logical block address 0x0 for Disk 1 (PDO name: \Device\00000063) failed due to a hardware error.
Error	9/6/2016 9:11:24 AM	disk	154	None	The IO operation at logical block address 0x0 for Disk 1 (PDO name: \Device\00000063) failed due to a hardware error.
Error	9/6/2016 9:11:09 AM	disk	154	None	The IO operation at logical block address 0x0 for Disk 1 (PDO name: \Device\00000063) failed due to a hardware error.
Error	9/6/2016 9:11:08 AM	disk	154	None	The IO operation at logical block address 0x0 for Disk 1 (PDO name: \Device\00000063) failed due to a hardware error.
Error	9/6/2016 9:11:08 AM	disk	154	None	The IO operation at logical block address 0x0 for Disk 1 (PDO name: \Device\00000063) failed due to a hardware error.
Error	9/6/2016 9:11:07 AM	disk	154	None	The IO operation at logical block address 0x0 for Disk 1 (PDO name: \Device\00000063) failed due to a hardware error.
Error	9/6/2016 9:11:07 AM	disk	154	None	The IO operation at logical block address 0x0 for Disk 1 (PDO name: \Device\00000063) failed due to a hardware error.
Error	9/6/2016 9:11:06 AM	disk	154	None	The IO operation at logical block address 0x0 for Disk 1 (PDO name: \Device\00000063) failed due to a hardware error.
Error	9/6/2016 9:11:06 AM	disk	154	None	The IO operation at logical block address 0x0 for Disk 1 (PDO name: \Device\00000063) failed due to a hardware error.
Error	9/6/2016 9:11:05 AM	disk	154	None	The IO operation at logical block address 0x0 for Disk 1 (PDO name: \Device\00000063) failed due to a hardware error.
Error	9/6/2016 9:11:05 AM	disk	154	None	The IO operation at logical block address 0x0 for Disk 1 (PDO name: \Device\00000063) failed due to a hardware error.
Error	9/6/2016 9:11:04 AM	disk	154	None	The IO operation at logical block address 0x0 for Disk 1 (PDO name: \Device\00000063) failed due to a hardware error.
Error	9/6/2016 9:11:04 AM	disk	154	None	The IO operation at logical block address 0x0 for Disk 1 (PDO name: \Device\00000063) failed due to a hardware error.
Error	9/6/2016 9:11:03 AM	disk	154	None	The IO operation at logical block address 0x0 for Disk 1 (PDO name: \Device\00000063) failed due to a hardware error.
Error	9/6/2016 9:11:03 AM	disk	154	None	The IO operation at logical block address 0x0 for Disk 1 (PDO name: \Device\00000063) failed due to a hardware error.
Error	9/6/2016 9:11:02 AM	disk	154	None	The IO operation at logical block address 0x0 for Disk 1 (PDO name: \Device\00000063) failed due to a hardware error.
Error	9/6/2016 9:11:02 AM	disk	154	None	The IO operation at logical block address 0x0 for Disk 1 (PDO name: \Device\00000063) failed due to a hardware error.
Error	9/6/2016 9:11:01 AM	disk	154	None	The IO operation at logical block address 0x0 for Disk 1 (PDO name: \Device\00000063) failed due to a hardware error.
Error	9/6/2016 9:11:01 AM	disk	154	None	The IO operation at logical block address 0x0 for Disk 1 (PDO name: \Device\00000063) failed due to a hardware error.
Error	9/6/2016 9:11:00 AM	disk	154	None	The IO operation at logical block address 0x0 for Disk 1 (PDO name: \Device\00000063) failed due to a hardware error.
Error	9/6/2016 9:11:00 AM	disk	154	None	The IO operation at logical block address 0x0 for Disk 1 (PDO name: \Device\00000063) failed due to a hardware error.
Error	9/6/2016 9:10:59 AM	disk	154	None	The IO operation at logical block address 0x0 for Disk 1 (PDO name: \Device\00000063) failed due to a hardware error.
Error	9/6/2016 9:10:59 AM	disk	154	None	The IO operation at logical block address 0x0 for Disk 1 (PDO name: \Device\00000063) failed due to a hardware error.
Error	9/6/2016 9:10:58 AM	disk	154	None	The IO operation at logical block address 0x0 for Disk 1 (PDO name: \Device\00000063) failed due to a hardware error.
Error	9/6/2016 9:10:58 AM	disk	154	None	The IO operation at logical block address 0x0 for Disk 1 (PDO name: \Device\00000063) failed due to a hardware error.
Error	9/6/2016 9:10:57 AM	disk	154	None	The IO operation at logical block address 0x0 for Disk 1 (PDO name: \Device\00000063) failed due to a hardware error.
Error	9/6/2016 9:10:57 AM	disk	154	None	The IO operation at logical block address 0x0 for Disk 1 (PDO name: \Device\00000063) failed due to a hardware error.
Error	9/6/2016 9:10:56 AM	disk	154	None	The IO operation at logical block address 0x0 for Disk 1 (PDO name: \Device\00000063) failed due to a hardware error.
Error	9/6/2016 9:10:56 AM	disk	154	None	The IO operation at logical block address 0x0 for Disk 1 (PDO name: \Device\00000063) failed due to a hardware error.
Error	9/6/2016 9:10:55 AM	disk	154	None	The IO operation at logical block address 0x0 for Disk 1 (PDO name: \Device\00000063) failed due to a hardware error.
Error	9/6/2016 9:10:55 AM	disk	154	None	The IO operation at logical block address 0x0 for Disk 1 (PDO name: \Device\00000063) failed due to a hardware error.
Error	9/6/2016 9:10:54 AM	disk	154	None	The IO operation at logical block address 0x0 for Disk 1 (PDO name: \Device\00000063) failed due to a hardware error.
Error	9/6/2016 9:10:54 AM	disk	154	None	The IO operation at logical block address 0x0 for Disk 1 (PDO name: \Device\00000063) failed due to a hardware error.
Error	9/6/2016 9:10:47 AM	disk	154	None	The IO operation at logical block address 0x0 for Disk 1 (PDO name: \Device\00000063) failed due to a hardware error.
Error	9/6/2016 9:10:47 AM	disk	154	None	The IO operation at logical block address 0x0 for Disk 1 (PDO name: \Device\00000063) failed due to a hardware error.
Error	9/6/2016 9:10:46 AM	disk	154	None	The IO operation at logical block address 0x0 for Disk 1 (PDO name: \Device\00000063) failed due to a hardware error.
Error	9/6/2016 9:10:46 AM	disk	154	None	The IO operation at logical block address 0x0 for Disk 1 (PDO name: \Device\00000063) failed due to a hardware error.
Error	9/6/2016 9:10:45 AM	disk	154	None	The IO operation at logical block address 0x0 for Disk 1 (PDO name: \Device\00000063) failed due to a hardware error.
Error	9/6/2016 9:10:45 AM	disk	154	None	The IO operation at logical block address 0x0 for Disk 1 (PDO name: \Device\00000063) failed due to a hardware error.
Error	9/6/2016 9:10:44 AM	disk	154	None	The IO operation at logical block address 0x0 for Disk 1 (PDO name: \Device\00000063) failed due to a hardware error.
Error	9/6/2016 9:10:44 AM	disk	154	None	The IO operation at logical block address 0x0 for Disk 1 (PDO name: \Device\00000063) failed due to a hardware error.
Error	9/6/2016 9:10:43 AM	disk	154	None	The IO operation at logical block address 0x0 for Disk 1 (PDO name: \Device\00000063) failed due to a hardware error.
Error	9/6/2016 9:10:43 AM	disk	154	None	The IO operation at logical block address 0x0 for Disk 1 (PDO name: \Device\00000063) failed due to a hardware error.
Error	9/6/2016 9:10:42 AM	disk	154	None	The IO operation at logical block address 0x0 for Disk 1 (PDO name: \Device\00000063) failed due to a hardware error.
Error	9/6/2016 9:10:42 AM	disk	154	None	The IO operation at logical block address 0x0 for Disk 1 (PDO name: \Device\00000063) failed due to a hardware error.
Error	9/6/2016 9:10:41 AM	disk	154	None	The IO operation at logical block address 0x0 for Disk 1 (PDO name: \Device\00000063) failed due to a hardware error.
Error	9/6/2016 9:10:41 AM	disk	154	None	The IO operation at logical block address 0x0 for Disk 1 (PDO name: \Device\00000063) failed due to a hardware error.
Error	9/6/2016 9:10:40 AM	disk	154	None	The IO operation at logical block address 0x0 for Disk 1 (PDO name: \Device\00000063) failed due to a hardware error.
Error	9/6/2016 9:10:40 AM	disk	154	None	The IO operation at logical block address 0x0 for Disk 1 (PDO name: \Device\00000063) failed due to a hardware error.
Error	9/6/2016 9:10:39 AM	disk	154	None	The IO operation at logical block address 0x0 for Disk 1 (PDO name: \Device\00000063) failed due to a hardware error.
Error	9/6/2016 9:10:39 AM	disk	154	None	The IO operation at logical block address 0x0 for Disk 1 (PDO name: \Device\00000063) failed due to a hardware error.
Error	9/6/2016 9:10:38 AM	disk	154	None	The IO operation at logical block address 0x0 for Disk 1 (PDO name: \Device\00000063) failed due to a hardware error.
Error	9/6/2016 9:10:38 AM	disk	154	None	The IO operation at logical block address 0x0 for Disk 1 (PDO name: \Device\00000063) failed due to a hardware error.
Error	9/6/2016 9:10:37 AM	disk	154	None	The IO operation at logical block address 0x0 for Disk 1 (PDO name: \Device\00000063) failed due to a hardware error.
Error	9/6/2016 9:10:37 AM	disk	154	None	The IO operation at logical block address 0x0 for Disk 1 (PDO name: \Device\00000063) failed due to a hardware error.
Error	9/6/2016 9:10:36 AM	disk	154	None	The IO operation at logical block address 0x0 for Disk 1 (PDO name: \Device\00000063) failed due to a hardware error.
Error	9/6/2016 9:10:36 AM	disk	154	None	The IO operation at logical block address 0x0 for Disk 1 (PDO name: \Device\00000063) failed due to a hardware error.
Error	9/6/2016 9:10:35 AM	disk	154	None	The IO operation at logical block address 0x0 for Disk 1 (PDO name: \Device\00000063) failed due to a hardware error.
Error	9/6/2016 9:10:35 AM	disk	154	None	The IO operation at logical block address 0x0 for Disk 1 (PDO name: \Device\00000063) failed due to a hardware error.
Error	9/6/2016 9:10:34 AM	disk	154	None	The IO operation at logical block address 0x0 for Disk 1 (PDO name: \Device\00000063) failed due to a hardware error.
Error	9/6/2016 9:10:34 AM	disk	154	None	The IO operation at logical block address 0x0 for Disk 1 (PDO name: \Device\00000063) failed due to a hardware error.
Error	9/6/2016 9:10:33 AM	disk	154	None	The IO operation at logical block address 0x0 for Disk 1 (PDO name: \Device\00000063) failed due to a hardware error.
Error	9/6/2016 9:10:33 AM	disk	154	None	The IO operation at logical block address 0x0 for Disk 1 (PDO name: \Device\00000063) failed due to a hardware error.
Error	9/6/2016 9:10:32 AM	disk	154	None	The IO operation at logical block address 0x0 for Disk 1 (PDO name: \Device\00000063) failed due to a hardware error.
Error	9/6/2016 9:10:32 AM	disk	154	None	The IO operation at logical block address 0x0 for Disk 1 (PDO name: \Device\00000063) failed due to a hardware error.
Error	9/6/2016 9:10:31 AM	disk	154	None	The IO operation at logical block address 0x0 for Disk 1 (PDO name: \Device\00000063) failed due to a hardware error.
Error	9/6/2016 9:10:31 AM	disk	154	None	The IO operation at logical block address 0x0 for Disk 1 (PDO name: \Device\00000063) failed due to a hardware error.
Error	9/6/2016 9:10:31 AM	disk	154	None	The IO operation at logical block address 0x0 for Disk 1 (PDO name: \Device\00000063) failed due to a hardware error.
Error	9/6/2016 9:10:30 AM	disk	154	None	The IO operation at logical block address 0x0 for Disk 1 (PDO name: \Device\00000063) failed due to a hardware error.
Error	9/6/2016 9:10:30 AM	disk	154	None	The IO operation at logical block address 0x0 for Disk 1 (PDO name: \Device\00000063) failed due to a hardware error.
Error	9/6/2016 9:10:29 AM	disk	154	None	The IO operation at logical block address 0x0 for Disk 1 (PDO name: \Device\00000063) failed due to a hardware error.
Error	9/6/2016 9:10:29 AM	disk	154	None	The IO operation at logical block address 0x0 for Disk 1 (PDO name: \Device\00000063) failed due to a hardware error.
Error	9/6/2016 9:10:28 AM	disk	154	None	The IO operation at logical block address 0x0 for Disk 1 (PDO name: \Device\00000063) failed due to a hardware error.
Error	9/6/2016 9:10:28 AM	disk	154	None	The IO operation at logical block address 0x0 for Disk 1 (PDO name: \Device\00000063) failed due to a hardware error.
Error	9/6/2016 9:10:27 AM	disk	154	None	The IO operation at logical block address 0x0 for Disk 1 (PDO name: \Device\00000063) failed due to a hardware error.
Error	9/6/2016 9:10:27 AM	disk	154	None	The IO operation at logical block address 0x0 for Disk 1 (PDO name: \Device\00000063) failed due to a hardware error.
Error	9/6/2016 9:10:26 AM	disk	154	None	The IO operation at logical block address 0x0 for Disk 1 (PDO name: \Device\00000063) failed due to a hardware error.
Error	9/6/2016 9:10:26 AM	disk	154	None	The IO operation at logical block address 0x0 for Disk 1 (PDO name: \Device\00000063) failed due to a hardware error.
Error	9/6/2016 9:10:25 AM	disk	154	None	The IO operation at logical block address 0x0 for Disk 1 (PDO name: \Device\00000063) failed due to a hardware error.
Error	9/6/2016 9:10:25 AM	disk	154	None	The IO operation at logical block address 0x0 for Disk 1 (PDO name: \Device\00000063) failed due to a hardware error.
Error	9/6/2016 9:10:24 AM	disk	154	None	The IO operation at logical block address 0x0 for Disk 1 (PDO name: \Device\00000063) failed due to a hardware error.
Error	9/6/2016 9:10:24 AM	disk	154	None	The IO operation at logical block address 0x0 for Disk 1 (PDO name: \Device\00000063) failed due to a hardware error.
Error	9/6/2016 9:10:23 AM	disk	154	None	The IO operation at logical block address 0x0 for Disk 1 (PDO name: \Device\00000063) failed due to a hardware error.
Error	9/6/2016 9:10:23 AM	disk	154	None	The IO operation at logical block address 0x0 for Disk 1 (PDO name: \Device\00000063) failed due to a hardware error.
Error	9/6/2016 9:10:22 AM	disk	154	None	The IO operation at logical block address 0x0 for Disk 1 (PDO name: \Device\00000063) failed due to a hardware error.
Error	9/6/2016 9:10:22 AM	disk	154	None	The IO operation at logical block address 0x0 for Disk 1 (PDO name: \Device\00000063) failed due to a hardware error.
Error	9/6/2016 9:10:21 AM	disk	154	None	The IO operation at logical block address 0x0 for Disk 1 (PDO name: \Device\00000063) failed due to a hardware error.
Error	9/6/2016 9:10:21 AM	disk	154	None	The IO operation at logical block address 0x0 for Disk 1 (PDO name: \Device\00000063) failed due to a hardware error.
Error	9/6/2016 9:10:20 AM	disk	154	None	The IO operation at logical block address 0x0 for Disk 1 (PDO name: \Device\00000063) failed due to a hardware error.
Error	9/6/2016 9:10:20 AM	disk	154	None	The IO operation at logical block address 0x0 for Disk 1 (PDO name: \Device\00000063) failed due to a hardware error.
Error	9/6/2016 9:10:19 AM	disk	154	None	The IO operation at logical block address 0x0 for Disk 1 (PDO name: \Device\00000063) failed due to a hardware error.
Error	9/6/2016 9:10:19 AM	disk	154	None	The IO operation at logical block address 0x0 for Disk 1 (PDO name: \Device\00000063) failed due to a hardware error.
Error	9/6/2016 9:10:18 AM	disk	154	None	The IO operation at logical block address 0x0 for Disk 1 (PDO name: \Device\00000063) failed due to a hardware error.
Error	9/6/2016 9:10:18 AM	disk	154	None	The IO operation at logical block address 0x0 for Disk 1 (PDO name: \Device\00000063) failed due to a hardware error.
Error	9/6/2016 9:10:17 AM	disk	154	None	The IO operation at logical block address 0x0 for Disk 1 (PDO name: \Device\00000063) failed due to a hardware error.
Error	9/6/2016 9:10:17 AM	disk	154	None	The IO operation at logical block address 0x0 for Disk 1 (PDO name: \Device\00000063) failed due to a hardware error.
Error	9/6/2016 9:10:16 AM	disk	154	None	The IO operation at logical block address 0x0 for Disk 1 (PDO name: \Device\00000063) failed due to a hardware error.
Error	9/6/2016 9:10:16 AM	disk	154	None	The IO operation at logical block address 0x0 for Disk 1 (PDO name: \Device\00000063) failed due to a hardware error.
Error	9/6/2016 9:10:15 AM	disk	154	None	The IO operation at logical block address 0x0 for Disk 1 (PDO name: \Device\00000063) failed due to a hardware error.
Error	9/6/2016 9:10:15 AM	disk	154	None	The IO operation at logical block address 0x0 for Disk 1 (PDO name: \Device\00000063) failed due to a hardware error.
Error	9/6/2016 9:10:14 AM	disk	154	None	The IO operation at logical block address 0x0 for Disk 1 (PDO name: \Device\00000063) failed due to a hardware error.
Error	9/6/2016 9:10:14 AM	disk	154	None	The IO operation at logical block address 0x0 for Disk 1 (PDO name: \Device\00000063) failed due to a hardware error.
Error	9/6/2016 9:10:13 AM	disk	154	None	The IO operation at logical block address 0x0 for Disk 1 (PDO name: \Device\00000063) failed due to a hardware error.
Error	9/6/2016 9:10:13 AM	disk	154	None	The IO operation at logical block address 0x0 for Disk 1 (PDO name: \Device\00000063) failed due to a hardware error.
Error	9/6/2016 9:10:12 AM	disk	154	None	The IO operation at logical block address 0x0 for Disk 1 (PDO name: \Device\00000063) failed due to a hardware error.
Error	9/6/2016 9:10:12 AM	disk	154	None	The IO operation at logical block address 0x0 for Disk 1 (PDO name: \Device\00000063) failed due to a hardware error.
Error	9/6/2016 9:10:11 AM	disk	154	None	The IO operation at logical block address 0x0 for Disk 1 (PDO name: \Device\00000063) failed due to a hardware error.
Error	9/6/2016 9:10:11 AM	disk	154	None	The IO operation at logical block address 0x0 for Disk 1 (PDO name: \Device\00000063) failed due to a hardware error.
Error	9/6/2016 9:10:10 AM	disk	154	None	The IO operation at logical block address 0x0 for Disk 1 (PDO name: \Device\00000063) failed due to a hardware error.
Error	9/6/2016 9:10:10 AM	disk	154	None	The IO operation at logical block address 0x0 for Disk 1 (PDO name: \Device\00000063) failed due to a hardware error.
Error	9/6/2016 9:10:09 AM	disk	154	None	The IO operation at logical block address 0x0 for Disk 1 (PDO name: \Device\00000063) failed due to a hardware error.
Error	9/6/2016 9:10:09 AM	disk	154	None	The IO operation at logical block address 0x0 for Disk 1 (PDO name: \Device\00000063) failed due to a hardware error.
Error	9/6/2016 9:10:08 AM	disk	154	None	The IO operation at logical block address 0x0 for Disk 1 (PDO name: \Device\00000063) failed due to a hardware error.
Error	9/6/2016 9:10:08 AM	disk	154	None	The IO operation at logical block address 0x0 for Disk 1 (PDO name: \Device\00000063) failed due to a hardware error.
Error	9/6/2016 9:10:08 AM	disk	154	None	The IO operation at logical block address 0x0 for Disk 1 (PDO name: \Device\00000063) failed due to a hardware error.
Error	9/6/2016 9:10:07 AM	disk	154	None	The IO operation at logical block address 0x0 for Disk 1 (PDO name: \Device\00000063) failed due to a hardware error.
Error	9/6/2016 9:10:06 AM	disk	154	None	The IO operation at logical block address 0x0 for Disk 1 (PDO name: \Device\00000063) failed due to a hardware error.
Error	9/6/2016 9:10:06 AM	disk	154	None	The IO operation at logical block address 0x0 for Disk 1 (PDO name: \Device\00000063) failed due to a hardware error.
Error	9/6/2016 9:10:05 AM	disk	154	None	The IO operation at logical block address 0x0 for Disk 1 (PDO name: \Device\00000063) failed due to a hardware error.
Error	9/6/2016 9:10:05 AM	disk	154	None	The IO operation at logical block address 0x0 for Disk 1 (PDO name: \Device\00000063) failed due to a hardware error.
Error	9/6/2016 9:10:05 AM	disk	154	None	The IO operation at logical block address 0x0 for Disk 1 (PDO name: \Device\00000063) failed due to a hardware error.
Error	9/6/2016 9:10:04 AM	disk	154	None	The IO operation at logical block address 0x0 for Disk 1 (PDO name: \Device\00000063) failed due to a hardware error.
Error	9/6/2016 9:10:04 AM	disk	154	None	The IO operation at logical block address 0x0 for Disk 1 (PDO name: \Device\00000063) failed due to a hardware error.
Error	9/6/2016 9:10:03 AM	disk	154	None	The IO operation at logical block address 0x0 for Disk 1 (PDO name: \Device\00000063) failed due to a hardware error.
Error	9/6/2016 9:10:03 AM	disk	154	None	The IO operation at logical block address 0x0 for Disk 1 (PDO name: \Device\00000063) failed due to a hardware error.
Error	9/6/2016 9:10:02 AM	disk	154	None	The IO operation at logical block address 0x0 for Disk 1 (PDO name: \Device\00000063) failed due to a hardware error.
Information	9/6/2016 9:09:41 AM	Microsoft-Windows-WindowsUpdateClient	44	Windows Update Agent	Windows Update started downloading an update.
Error	9/6/2016 9:09:38 AM	disk	154	None	The IO operation at logical block address 0x0 for Disk 1 (PDO name: \Device\00000063) failed due to a hardware error.
Error	9/6/2016 9:09:37 AM	disk	154	None	The IO operation at logical block address 0x0 for Disk 1 (PDO name: \Device\00000063) failed due to a hardware error.
Error	9/6/2016 9:09:37 AM	disk	154	None	The IO operation at logical block address 0x0 for Disk 1 (PDO name: \Device\00000063) failed due to a hardware error.
Error	9/6/2016 9:09:37 AM	disk	154	None	The IO operation at logical block address 0x0 for Disk 1 (PDO name: \Device\00000063) failed due to a hardware error.
Error	9/6/2016 9:09:36 AM	disk	154	None	The IO operation at logical block address 0x0 for Disk 1 (PDO name: \Device\00000063) failed due to a hardware error.
Error	9/6/2016 9:09:36 AM	disk	154	None	The IO operation at logical block address 0x0 for Disk 1 (PDO name: \Device\00000063) failed due to a hardware error.
Error	9/6/2016 9:09:35 AM	disk	154	None	The IO operation at logical block address 0x0 for Disk 1 (PDO name: \Device\00000063) failed due to a hardware error.
Error	9/6/2016 9:09:35 AM	disk	154	None	The IO operation at logical block address 0x0 for Disk 1 (PDO name: \Device\00000063) failed due to a hardware error.
