Information	8/31/2016 11:48:29 AM	Win32k	267	None	"The description for Event ID 267 from source Win32k cannot be found. Either the component that raises this event is not installed on your local computer or the installation is corrupted. You can install or repair the component on the local computer.

If the event originated on another computer, the display information had to be saved with the event.

The following information was included with the event: 


The specified resource type cannot be found in the image file
"
Information	8/31/2016 11:48:29 AM	Microsoft-Windows-Directory-Services-SAM	16962	None	"Remote calls to the SAM database are being restricted using the default security descriptor: O:SYG:SYD:(A;;RC;;;BA).
For more information please see http://go.microsoft.com/fwlink/?LinkId=787651."
Information	8/31/2016 11:48:28 AM	Microsoft-Windows-Wininit	14	None	Credential Guard (LsaIso.exe) configuration: 0x0, 0
Information	8/31/2016 11:48:27 AM	Microsoft-Windows-Ntfs	98	None	Volume F: (\Device\HarddiskVolume5) is healthy.  No action is needed.
Information	8/31/2016 11:48:27 AM	Microsoft-Windows-Ntfs	98	None	Volume E: (\Device\HarddiskVolume6) is healthy.  No action is needed.
Information	8/31/2016 11:48:26 AM	BTHUSB	18	None	Windows cannot store Bluetooth authentication codes (link keys) on the local adapter. Bluetooth keyboards might not work in the system BIOS during startup.
Warning	8/31/2016 11:48:26 AM	Microsoft-Windows-Kernel-PnP	219	(212)	The driver \Driver\WUDFRd failed to load for the device USB\VID_17E9&PID_4307&MI_01\7&8d2da4c&0&0001.
Information	8/31/2016 11:48:26 AM	Microsoft-Windows-DriverFrameworks-UserMode	10114	Startup of the UMDF reflector	WUDFPf (part of UMDF) did not load yet. After it does, Windows will start the device again.
Warning	8/31/2016 11:48:26 AM	Microsoft-Windows-Kernel-PnP	219	(212)	The driver \Driver\WUDFRd failed to load for the device USB\VID_17E9&PID_4307&MI_00\7&8d2da4c&0&0000.
Information	8/31/2016 11:48:26 AM	Microsoft-Windows-DriverFrameworks-UserMode	10114	Startup of the UMDF reflector	WUDFPf (part of UMDF) did not load yet. After it does, Windows will start the device again.
Warning	8/31/2016 11:48:26 AM	Microsoft-Windows-Kernel-PnP	219	(212)	The driver \Driver\WUDFRd failed to load for the device USB\VID_138A&PID_0017\ed7a1ef73db9.
Information	8/31/2016 11:48:26 AM	Microsoft-Windows-DriverFrameworks-UserMode	10114	Startup of the UMDF reflector	WUDFPf (part of UMDF) did not load yet. After it does, Windows will start the device again.
Information	8/31/2016 11:48:23 AM	e1dexpress	32	None	"Intel(R) Ethernet Connection (3) I218-LM
 Network link has been established at 1Gbps full duplex.
"
Information	8/31/2016 11:48:19 AM	Netwtw04	7002	None	"The description for Event ID 7002 from source Netwtw04 cannot be found. Either the component that raises this event is not installed on your local computer or the installation is corrupted. You can install or repair the component on the local computer.

If the event originated on another computer, the display information had to be saved with the event.

The following information was included with the event: 

\Device\NDMP2
Intel(R) Dual Band Wireless-AC 7265

The specified resource type cannot be found in the image file
"
Information	8/31/2016 11:48:19 AM	Netwtw04	7002	None	"The description for Event ID 7002 from source Netwtw04 cannot be found. Either the component that raises this event is not installed on your local computer or the installation is corrupted. You can install or repair the component on the local computer.

If the event originated on another computer, the display information had to be saved with the event.

The following information was included with the event: 

\Device\NDMP2
Intel(R) Dual Band Wireless-AC 7265

The specified resource type cannot be found in the image file
"
Information	8/31/2016 11:48:19 AM	Netwtw04	7001	None	"The description for Event ID 7001 from source Netwtw04 cannot be found. Either the component that raises this event is not installed on your local computer or the installation is corrupted. You can install or repair the component on the local computer.

If the event originated on another computer, the display information had to be saved with the event.

The following information was included with the event: 

\Device\NDMP2
Intel(R) Dual Band Wireless-AC 7265

The specified resource type cannot be found in the image file
"
Information	8/31/2016 11:48:19 AM	Netwtw04	7001	None	"The description for Event ID 7001 from source Netwtw04 cannot be found. Either the component that raises this event is not installed on your local computer or the installation is corrupted. You can install or repair the component on the local computer.

If the event originated on another computer, the display information had to be saved with the event.

The following information was included with the event: 

\Device\NDMP2
Intel(R) Dual Band Wireless-AC 7265

The specified resource type cannot be found in the image file
"
Information	8/31/2016 11:48:19 AM	Netwtw04	7036	None	The \Device\NDMP2 service entered the Intel(R) Dual Band Wireless-AC 7265 state.
Information	8/31/2016 11:48:19 AM	MEIx64	2	None	Intel(R) Management Engine Interface driver has started successfully.
Information	8/31/2016 11:48:19 AM	Microsoft-Windows-Kernel-Processor-Power	55	(47)	"Processor 3 in group 0 exposes the following power management capabilities:

Idle state type: ACPI Idle (C) States (3 state(s))

Performance state type: ACPI Collaborative Processor Performance Control
Nominal Frequency (MHz): 2594
Maximum performance percentage: 123
Minimum performance percentage: 19
Minimum throttle percentage: 1"
Information	8/31/2016 11:48:19 AM	Microsoft-Windows-Kernel-Processor-Power	55	(47)	"Processor 2 in group 0 exposes the following power management capabilities:

Idle state type: ACPI Idle (C) States (3 state(s))

Performance state type: ACPI Collaborative Processor Performance Control
Nominal Frequency (MHz): 2594
Maximum performance percentage: 123
Minimum performance percentage: 19
Minimum throttle percentage: 1"
Information	8/31/2016 11:48:19 AM	Microsoft-Windows-Kernel-Processor-Power	55	(47)	"Processor 1 in group 0 exposes the following power management capabilities:

Idle state type: ACPI Idle (C) States (3 state(s))

Performance state type: ACPI Collaborative Processor Performance Control
Nominal Frequency (MHz): 2594
Maximum performance percentage: 123
Minimum performance percentage: 19
Minimum throttle percentage: 1"
Information	8/31/2016 11:48:19 AM	Microsoft-Windows-Kernel-Processor-Power	55	(47)	"Processor 0 in group 0 exposes the following power management capabilities:

Idle state type: ACPI Idle (C) States (3 state(s))

Performance state type: ACPI Collaborative Processor Performance Control
Nominal Frequency (MHz): 2594
Maximum performance percentage: 123
Minimum performance percentage: 19
Minimum throttle percentage: 1"
Warning	8/31/2016 11:48:19 AM	Microsoft-Windows-Kernel-PnP	219	(212)	The driver \Driver\WUDFRd failed to load for the device ROOT\SYSTEM\0001.
Information	8/31/2016 11:48:19 AM	Microsoft-Windows-DriverFrameworks-UserMode	10114	Startup of the UMDF reflector	WUDFPf (part of UMDF) did not load yet. After it does, Windows will start the device again.
Information	8/31/2016 11:48:18 AM	Microsoft-Windows-Ntfs	98	None	Volume \\?\Volume{33e9f129-0000-0000-0000-206f70000000} (\Device\HarddiskVolume3) is healthy.  No action is needed.
Information	8/31/2016 11:48:18 AM	Microsoft-Windows-Ntfs	98	None	Volume \\?\Volume{33e9f129-0000-0000-0000-100000000000} (\Device\HarddiskVolume1) is healthy.  No action is needed.
Information	8/31/2016 11:48:18 AM	Microsoft-Windows-Ntfs	98	None	Volume D: (\Device\HarddiskVolume4) is healthy.  No action is needed.
Information	8/31/2016 11:48:18 AM	Microsoft-Windows-Kernel-Power	172	(203)	Connectivity state in standby: Disconnected, Reason: NIC compliance
Information	8/31/2016 11:48:18 AM	Microsoft-Windows-FilterManager	6	None	File System Filter 'npsvctrig' (10.0, ‎2016‎-‎07‎-‎15T20:28:33.000000000Z) has successfully loaded and registered with Filter Manager.
Information	8/31/2016 11:48:18 AM	Microsoft-Windows-FilterManager	6	None	File System Filter 'FileCrypt' (10.0, ‎2016‎-‎07‎-‎15T20:22:39.000000000Z) has successfully loaded and registered with Filter Manager.
Information	8/31/2016 11:48:18 AM	Microsoft-Windows-Ntfs	98	None	Volume C: (\Device\HarddiskVolume2) is healthy.  No action is needed.
Information	8/31/2016 11:48:18 AM	TPM	24	None	The Trusted Platform Module (TPM) status: Enabled and Active.
Information	8/31/2016 11:48:18 AM	Microsoft-Windows-FilterManager	6	None	File System Filter 'WdFilter' (10.0, ‎2016‎-‎07‎-‎15T20:25:21.000000000Z) has successfully loaded and registered with Filter Manager.
Information	8/31/2016 11:48:18 AM	Microsoft-Windows-FilterManager	6	None	File System Filter 'Wof' (10.0, ‎2016‎-‎08‎-‎05T21:45:24.000000000Z) has successfully loaded and registered with Filter Manager.
Information	8/31/2016 11:48:18 AM	Microsoft-Windows-FilterManager	6	None	File System Filter 'FileInfo' (10.0, ‎2016‎-‎07‎-‎15T20:26:05.000000000Z) has successfully loaded and registered with Filter Manager.
Information	8/31/2016 11:48:17 AM	Microsoft-Windows-Kernel-Boot	30	(21)	The firmware reported boot metrics.
Information	8/31/2016 11:48:17 AM	Microsoft-Windows-Kernel-Boot	32	None	The bootmgr spent 0 ms waiting for user input.
Information	8/31/2016 11:48:17 AM	Microsoft-Windows-Kernel-Boot	18	None	There are 0x1 boot options on this system.
Information	8/31/2016 11:48:17 AM	Microsoft-Windows-Kernel-Boot	25	(32)	The boot menu policy was 0x1.
Information	8/31/2016 11:48:17 AM	Microsoft-Windows-Kernel-Boot	27	(33)	The boot type was 0x0.
Information	8/31/2016 11:48:17 AM	Microsoft-Windows-Kernel-Boot	20	(31)	The last shutdown's success status was true. The last boot's success status was true.
Information	8/31/2016 11:48:17 AM	Microsoft-Windows-Kernel-Boot	153	None	The Virtualization Based Security (policies: 0) is disabled with status STATUS_SUCCESS.
Information	8/31/2016 11:48:17 AM	Microsoft-Windows-Kernel-General	12	(1)	The operating system started at system time ‎2016‎-‎08‎-‎31T17:48:17.487009000Z.
Information	8/31/2016 11:48:30 AM	EventLog	6013	None	The system uptime is 12 seconds.
Information	8/31/2016 11:48:30 AM	EventLog	6005	None	The Event log service was started.
Information	8/31/2016 11:48:30 AM	EventLog	6009	None	Microsoft (R) Windows (R) 10.00. 14393  Multiprocessor Free.
Information	8/31/2016 11:47:57 AM	Microsoft-Windows-DHCPv6-Client	51047	Service State Event	DHCPv6 client service is stopped. ShutDown Flag value is 1
Information	8/31/2016 11:47:57 AM	EventLog	6006	None	The Event log service was stopped.
Information	8/31/2016 11:46:52 AM	Microsoft-Windows-Winlogon	7002	(1102)	User Logoff Notification for Customer Experience Improvement Program
Information	8/31/2016 11:46:50 AM	User32	1074	None	"The process C:\Windows\system32\svchost.exe (DESKTOP-EEMI531) has initiated the restart of computer DESKTOP-EEMI531 on behalf of user NT AUTHORITY\SYSTEM for the following reason: Operating System: Service pack (Planned)
 Reason Code: 0x80020010
 Shutdown Type: restart
 Comment: "
Information	8/31/2016 11:46:44 AM	Service Control Manager	7040	None	The start type of the Background Intelligent Transfer Service service was changed from auto start to demand start.
Information	8/31/2016 11:46:26 AM	Microsoft-Windows-WindowsUpdateClient	43	Windows Update Agent	Installation Started: Windows has started installing the following update: Cumulative Update for Windows 10 Version 1607 for x64-based Systems (KB3176938)
Information	8/31/2016 11:46:26 AM	Microsoft-Windows-WindowsUpdateClient	19	Windows Update Agent	Installation Successful: Windows successfully installed the following update: Windows Malicious Software Removal Tool for Windows 8, 8.1, 10 and Windows Server 2012, 2012 R2 x64 Edition - August 2016 (KB890830)
Information	8/31/2016 11:46:22 AM	Service Control Manager	7040	None	The start type of the Windows Modules Installer service was changed from demand start to auto start.
Information	8/31/2016 11:44:42 AM	Microsoft-Windows-WindowsUpdateClient	43	Windows Update Agent	Installation Started: Windows has started installing the following update: Windows Malicious Software Removal Tool for Windows 8, 8.1, 10 and Windows Server 2012, 2012 R2 x64 Edition - August 2016 (KB890830)
Information	8/31/2016 11:44:29 AM	Service Control Manager	7040	None	The start type of the Windows Modules Installer service was changed from auto start to demand start.
Information	8/31/2016 11:44:04 AM	Service Control Manager	7040	None	The start type of the Windows Modules Installer service was changed from demand start to auto start.
Information	8/31/2016 11:43:41 AM	Microsoft-Windows-WindowsUpdateClient	44	Windows Update Agent	Windows Update started downloading an update.
Information	8/31/2016 11:43:05 AM	Microsoft-Windows-TPM-WMI	1026	None	"The Trusted Platform Module (TPM) hardware on this computer cannot be provisioned for use automatically.  To set up the TPM interactively use the TPM management console (Start->tpm.msc) and use the action to make the TPM ready.

Error: The TPM provisioning action is not allowed by the specified flags.  For provisioning to be successful, one of several actions may be required.  The TPM management console (tpm.msc) action to make the TPM Ready may help.  For further information, see the documentation for the Win32_Tpm WMI method 'Provision'.  (The actions that may be required include importing the TPM Owner Authorization value into the system, calling the Win32_Tpm WMI method for provisioning the TPM and specifying TRUE for either 'ForceClear_Allowed' or 'PhysicalPresencePrompts_Allowed' (as indicated by the value returned in the Additional Information), or enabling the TPM in the system BIOS.)
Additional Information: 0x80011c"
Information	8/31/2016 11:42:55 AM	Microsoft-Windows-TPM-WMI	1026	None	"The Trusted Platform Module (TPM) hardware on this computer cannot be provisioned for use automatically.  To set up the TPM interactively use the TPM management console (Start->tpm.msc) and use the action to make the TPM ready.

Error: The TPM provisioning action is not allowed by the specified flags.  For provisioning to be successful, one of several actions may be required.  The TPM management console (tpm.msc) action to make the TPM Ready may help.  For further information, see the documentation for the Win32_Tpm WMI method 'Provision'.  (The actions that may be required include importing the TPM Owner Authorization value into the system, calling the Win32_Tpm WMI method for provisioning the TPM and specifying TRUE for either 'ForceClear_Allowed' or 'PhysicalPresencePrompts_Allowed' (as indicated by the value returned in the Additional Information), or enabling the TPM in the system BIOS.)
Additional Information: 0x80011c"
Information	8/31/2016 11:42:46 AM	TPM	18	None	This event triggers the Trusted Platform Module (TPM) provisioning/status check to run.
Error	8/31/2016 11:42:45 AM	Microsoft-Windows-DistributedCOM	10016	None	"The application-specific permission settings do not grant Local Activation permission for the COM Server application with CLSID 
{6B3B8D23-FA8D-40B9-8DBD-B950333E2C52}
 and APPID 
{4839DDB7-58C2-48F5-8283-E1D1807D0D7D}
 to the user NT AUTHORITY\LOCAL SERVICE SID (S-1-5-19) from address LocalHost (Using LRPC) running in the application container Unavailable SID (Unavailable). This security permission can be modified using the Component Services administrative tool."
Error	8/31/2016 11:42:45 AM	Microsoft-Windows-DistributedCOM	10016	None	"The application-specific permission settings do not grant Local Activation permission for the COM Server application with CLSID 
{6B3B8D23-FA8D-40B9-8DBD-B950333E2C52}
 and APPID 
{4839DDB7-58C2-48F5-8283-E1D1807D0D7D}
 to the user NT AUTHORITY\LOCAL SERVICE SID (S-1-5-19) from address LocalHost (Using LRPC) running in the application container Unavailable SID (Unavailable). This security permission can be modified using the Component Services administrative tool."
Error	8/31/2016 11:42:44 AM	Microsoft-Windows-DistributedCOM	10016	None	"The application-specific permission settings do not grant Local Activation permission for the COM Server application with CLSID 
{8D8F4F83-3594-4F07-8369-FC3C3CAE4919}
 and APPID 
{F72671A9-012C-4725-9D2F-2A4D32D65169}
 to the user NT AUTHORITY\SYSTEM SID (S-1-5-18) from address LocalHost (Using LRPC) running in the application container Unavailable SID (Unavailable). This security permission can be modified using the Component Services administrative tool."
Information	8/31/2016 11:42:44 AM	Microsoft-Windows-Winlogon	7001	(1101)	User Logon Notification for Customer Experience Improvement Program
Information	8/31/2016 11:42:42 AM	Lfsvc	1	None	Geolocation positioning is enabled.
Information	8/31/2016 11:42:41 AM	Service Control Manager	7026	None	"The following boot-start or system-start driver(s) did not load: 
cdrom
dam"
Information	8/31/2016 11:42:41 AM	Microsoft-Windows-WLAN-AutoConfig	10001	None	"WLAN Extensibility Module has successfully started.

Module Path: C:\Windows\System32\IWMSSvc.dll
"
Information	8/31/2016 11:42:39 AM	Win32k	267	None	"The description for Event ID 267 from source Win32k cannot be found. Either the component that raises this event is not installed on your local computer or the installation is corrupted. You can install or repair the component on the local computer.

If the event originated on another computer, the display information had to be saved with the event.

The following information was included with the event: 


The specified resource type cannot be found in the image file
"
Information	8/31/2016 11:42:39 AM	Microsoft-Windows-WLAN-AutoConfig	4000	None	"WLAN AutoConfig service has successfully started.
"
Warning	8/31/2016 11:42:39 AM	Microsoft-Windows-TaskScheduler	414	Task Misconfiguration	Task Scheduler service found a misconfiguration in the NT TASK\DolbySelectorTask definition. Additional Data: Error Value: %ProgramFiles%\Dolby Digital Plus\ddp.exe.
Warning	8/31/2016 11:42:39 AM	Microsoft-Windows-Kernel-PnP	219	(212)	The driver \Driver\WudfRd failed to load for the device SWD\WPDBUSENUM\{6071281d-6f9e-11e6-a651-185e0f79bf66}#0000000000100000.
Information	8/31/2016 11:42:39 AM	Microsoft-Windows-DriverFrameworks-UserMode	10114	Startup of the UMDF reflector	WUDFPf (part of UMDF) did not load yet. After it does, Windows will start the device again.
Warning	8/31/2016 11:42:39 AM	Microsoft-Windows-Kernel-PnP	219	(212)	The driver \Driver\WudfRd failed to load for the device SWD\WPDBUSENUM\{6071281a-6f9e-11e6-a651-185e0f79bf66}#0000000000100000.
Information	8/31/2016 11:42:39 AM	Microsoft-Windows-DriverFrameworks-UserMode	10114	Startup of the UMDF reflector	WUDFPf (part of UMDF) did not load yet. After it does, Windows will start the device again.
Information	8/31/2016 11:42:39 AM	Microsoft-Windows-FilterManager	6	None	File System Filter 'wcnfs' (10.0, ‎2016‎-‎07‎-‎15T20:28:27.000000000Z) has successfully loaded and registered with Filter Manager.
Information	8/31/2016 11:42:39 AM	Microsoft-Windows-FilterManager	6	None	File System Filter 'storqosflt' (10.0, ‎2016‎-‎07‎-‎15T20:26:43.000000000Z) has successfully loaded and registered with Filter Manager.
Information	8/31/2016 11:42:39 AM	Microsoft-Windows-FilterManager	6	None	File System Filter 'wcifs' (10.0, ‎2016‎-‎07‎-‎15T20:27:16.000000000Z) has successfully loaded and registered with Filter Manager.
Information	8/31/2016 11:42:39 AM	Microsoft-Windows-FilterManager	6	None	File System Filter 'luafv' (10.0, ‎2016‎-‎07‎-‎15T20:21:48.000000000Z) has successfully loaded and registered with Filter Manager.
Information	8/31/2016 11:42:39 AM	BTHUSB	35	None	Bluetooth radio enablement has been accepted due to policy Connectivity\AllowBluetooth.
Information	8/31/2016 11:42:39 AM	BTHUSB	36	None	Bluetooth radio has accepted advertising due to policy Bluetooth\AllowAdvertising.
Information	8/31/2016 11:42:39 AM	BTHUSB	37	None	Bluetooth radio has accepted discoverability due to policy Bluetooth\AllowDiscoverableMode.
Information	8/31/2016 11:42:39 AM	BTHUSB	34	None	A Bluetooth policy has changed.  Policy Bluetooth\ServicesAllowedList has value of: *
Information	8/31/2016 11:42:39 AM	BTHUSB	34	None	A Bluetooth policy has changed.  Policy Bluetooth\AllowAdvertising has value of: 1
Information	8/31/2016 11:42:39 AM	BTHUSB	34	None	A Bluetooth policy has changed.  Policy Bluetooth\AllowDiscoverableMode has value of: 1
Information	8/31/2016 11:42:39 AM	BTHUSB	34	None	A Bluetooth policy has changed.  Policy Connectivity\AllowBluetooth has value of: 2
Information	8/31/2016 11:42:38 AM	Microsoft-Windows-DHCPv6-Client	51046	Service State Event	DHCPv6 client service is started
Information	8/31/2016 11:42:38 AM	Microsoft-Windows-Dhcp-Client	50036	Service State Event	DHCPv4 client service is started
Information	8/31/2016 11:42:38 AM	Win32k	267	None	"The description for Event ID 267 from source Win32k cannot be found. Either the component that raises this event is not installed on your local computer or the installation is corrupted. You can install or repair the component on the local computer.

If the event originated on another computer, the display information had to be saved with the event.

The following information was included with the event: 


The specified resource type cannot be found in the image file
"
Information	8/31/2016 11:42:38 AM	Microsoft-Windows-Directory-Services-SAM	16962	None	"Remote calls to the SAM database are being restricted using the default security descriptor: O:SYG:SYD:(A;;RC;;;BA).
For more information please see http://go.microsoft.com/fwlink/?LinkId=787651."
Information	8/31/2016 11:42:37 AM	Microsoft-Windows-Wininit	14	None	Credential Guard (LsaIso.exe) configuration: 0x0, 0
Information	8/31/2016 11:42:36 AM	Microsoft-Windows-Ntfs	98	None	Volume F: (\Device\HarddiskVolume5) is healthy.  No action is needed.
Information	8/31/2016 11:42:36 AM	Microsoft-Windows-Ntfs	98	None	Volume E: (\Device\HarddiskVolume6) is healthy.  No action is needed.
Information	8/31/2016 11:42:35 AM	BTHUSB	18	None	Windows cannot store Bluetooth authentication codes (link keys) on the local adapter. Bluetooth keyboards might not work in the system BIOS during startup.
Warning	8/31/2016 11:42:35 AM	Microsoft-Windows-Kernel-PnP	219	(212)	The driver \Driver\WUDFRd failed to load for the device USB\VID_17E9&PID_4307&MI_01\7&8d2da4c&0&0001.
Information	8/31/2016 11:42:35 AM	Microsoft-Windows-DriverFrameworks-UserMode	10114	Startup of the UMDF reflector	WUDFPf (part of UMDF) did not load yet. After it does, Windows will start the device again.
Warning	8/31/2016 11:42:35 AM	Microsoft-Windows-Kernel-PnP	219	(212)	The driver \Driver\WUDFRd failed to load for the device USB\VID_17E9&PID_4307&MI_00\7&8d2da4c&0&0000.
Information	8/31/2016 11:42:35 AM	Microsoft-Windows-DriverFrameworks-UserMode	10114	Startup of the UMDF reflector	WUDFPf (part of UMDF) did not load yet. After it does, Windows will start the device again.
Warning	8/31/2016 11:42:35 AM	Microsoft-Windows-Kernel-PnP	219	(212)	The driver \Driver\WUDFRd failed to load for the device USB\VID_138A&PID_0017\ed7a1ef73db9.
Information	8/31/2016 11:42:35 AM	Microsoft-Windows-DriverFrameworks-UserMode	10114	Startup of the UMDF reflector	WUDFPf (part of UMDF) did not load yet. After it does, Windows will start the device again.
Information	8/31/2016 11:42:34 AM	e1dexpress	32	None	"Intel(R) Ethernet Connection (3) I218-LM
 Network link has been established at 1Gbps full duplex.
"
Information	8/31/2016 11:42:28 AM	Netwtw04	7002	None	"The description for Event ID 7002 from source Netwtw04 cannot be found. Either the component that raises this event is not installed on your local computer or the installation is corrupted. You can install or repair the component on the local computer.

If the event originated on another computer, the display information had to be saved with the event.

The following information was included with the event: 

\Device\NDMP2
Intel(R) Dual Band Wireless-AC 7265

The specified resource type cannot be found in the image file
"
Information	8/31/2016 11:42:28 AM	Netwtw04	7002	None	"The description for Event ID 7002 from source Netwtw04 cannot be found. Either the component that raises this event is not installed on your local computer or the installation is corrupted. You can install or repair the component on the local computer.

If the event originated on another computer, the display information had to be saved with the event.

The following information was included with the event: 

\Device\NDMP2
Intel(R) Dual Band Wireless-AC 7265

The specified resource type cannot be found in the image file
"
Information	8/31/2016 11:42:28 AM	Netwtw04	7001	None	"The description for Event ID 7001 from source Netwtw04 cannot be found. Either the component that raises this event is not installed on your local computer or the installation is corrupted. You can install or repair the component on the local computer.

If the event originated on another computer, the display information had to be saved with the event.

The following information was included with the event: 

\Device\NDMP2
Intel(R) Dual Band Wireless-AC 7265

The specified resource type cannot be found in the image file
"
Information	8/31/2016 11:42:28 AM	Netwtw04	7001	None	"The description for Event ID 7001 from source Netwtw04 cannot be found. Either the component that raises this event is not installed on your local computer or the installation is corrupted. You can install or repair the component on the local computer.

If the event originated on another computer, the display information had to be saved with the event.

The following information was included with the event: 

\Device\NDMP2
Intel(R) Dual Band Wireless-AC 7265

The specified resource type cannot be found in the image file
"
Information	8/31/2016 11:42:28 AM	Netwtw04	7036	None	The \Device\NDMP2 service entered the Intel(R) Dual Band Wireless-AC 7265 state.
Information	8/31/2016 11:42:28 AM	MEIx64	2	None	Intel(R) Management Engine Interface driver has started successfully.
Information	8/31/2016 11:42:28 AM	Microsoft-Windows-Kernel-Processor-Power	55	(47)	"Processor 3 in group 0 exposes the following power management capabilities:

Idle state type: ACPI Idle (C) States (3 state(s))

Performance state type: ACPI Collaborative Processor Performance Control
Nominal Frequency (MHz): 2594
Maximum performance percentage: 123
Minimum performance percentage: 19
Minimum throttle percentage: 1"
Information	8/31/2016 11:42:28 AM	Microsoft-Windows-Kernel-Processor-Power	55	(47)	"Processor 2 in group 0 exposes the following power management capabilities:

Idle state type: ACPI Idle (C) States (3 state(s))

Performance state type: ACPI Collaborative Processor Performance Control
Nominal Frequency (MHz): 2594
Maximum performance percentage: 123
Minimum performance percentage: 19
Minimum throttle percentage: 1"
Information	8/31/2016 11:42:28 AM	Microsoft-Windows-Kernel-Processor-Power	55	(47)	"Processor 1 in group 0 exposes the following power management capabilities:

Idle state type: ACPI Idle (C) States (3 state(s))

Performance state type: ACPI Collaborative Processor Performance Control
Nominal Frequency (MHz): 2594
Maximum performance percentage: 123
Minimum performance percentage: 19
Minimum throttle percentage: 1"
Information	8/31/2016 11:42:28 AM	Microsoft-Windows-Kernel-Processor-Power	55	(47)	"Processor 0 in group 0 exposes the following power management capabilities:

Idle state type: ACPI Idle (C) States (3 state(s))

Performance state type: ACPI Collaborative Processor Performance Control
Nominal Frequency (MHz): 2594
Maximum performance percentage: 123
Minimum performance percentage: 19
Minimum throttle percentage: 1"
Warning	8/31/2016 11:42:28 AM	Microsoft-Windows-Kernel-PnP	219	(212)	The driver \Driver\WUDFRd failed to load for the device ROOT\SYSTEM\0001.
Information	8/31/2016 11:42:28 AM	Microsoft-Windows-DriverFrameworks-UserMode	10114	Startup of the UMDF reflector	WUDFPf (part of UMDF) did not load yet. After it does, Windows will start the device again.
Information	8/31/2016 11:42:27 AM	Microsoft-Windows-Ntfs	98	None	Volume \\?\Volume{33e9f129-0000-0000-0000-206f70000000} (\Device\HarddiskVolume3) is healthy.  No action is needed.
Information	8/31/2016 11:42:27 AM	Microsoft-Windows-Ntfs	98	None	Volume \\?\Volume{33e9f129-0000-0000-0000-100000000000} (\Device\HarddiskVolume1) is healthy.  No action is needed.
Information	8/31/2016 11:42:27 AM	Microsoft-Windows-Ntfs	98	None	Volume D: (\Device\HarddiskVolume4) is healthy.  No action is needed.
Information	8/31/2016 11:42:27 AM	Microsoft-Windows-Kernel-Power	172	(203)	Connectivity state in standby: Disconnected, Reason: NIC compliance
Information	8/31/2016 11:42:27 AM	Microsoft-Windows-FilterManager	6	None	File System Filter 'npsvctrig' (10.0, ‎2016‎-‎07‎-‎15T20:28:33.000000000Z) has successfully loaded and registered with Filter Manager.
Information	8/31/2016 11:42:27 AM	Microsoft-Windows-FilterManager	6	None	File System Filter 'FileCrypt' (10.0, ‎2016‎-‎07‎-‎15T20:22:39.000000000Z) has successfully loaded and registered with Filter Manager.
Information	8/31/2016 11:42:27 AM	Microsoft-Windows-Ntfs	98	None	Volume C: (\Device\HarddiskVolume2) is healthy.  No action is needed.
Information	8/31/2016 11:42:27 AM	TPM	24	None	The Trusted Platform Module (TPM) status: Enabled and Active.
Information	8/31/2016 11:42:27 AM	Microsoft-Windows-FilterManager	6	None	File System Filter 'WdFilter' (10.0, ‎2016‎-‎07‎-‎15T20:25:21.000000000Z) has successfully loaded and registered with Filter Manager.
Information	8/31/2016 11:42:27 AM	Microsoft-Windows-FilterManager	6	None	File System Filter 'Wof' (10.0, ‎2016‎-‎07‎-‎15T20:27:07.000000000Z) has successfully loaded and registered with Filter Manager.
Information	8/31/2016 11:42:27 AM	Microsoft-Windows-FilterManager	6	None	File System Filter 'FileInfo' (10.0, ‎2016‎-‎07‎-‎15T20:26:05.000000000Z) has successfully loaded and registered with Filter Manager.
Information	8/31/2016 11:42:26 AM	Microsoft-Windows-Kernel-Boot	30	(21)	The firmware reported boot metrics.
Information	8/31/2016 11:42:26 AM	Microsoft-Windows-Kernel-Boot	32	None	The bootmgr spent 0 ms waiting for user input.
Information	8/31/2016 11:42:26 AM	Microsoft-Windows-Kernel-Boot	18	None	There are 0x1 boot options on this system.
Information	8/31/2016 11:42:26 AM	Microsoft-Windows-Kernel-Boot	25	(32)	The boot menu policy was 0x1.
Information	8/31/2016 11:42:26 AM	Microsoft-Windows-Kernel-Boot	27	(33)	The boot type was 0x0.
Information	8/31/2016 11:42:26 AM	Microsoft-Windows-Kernel-Boot	20	(31)	The last shutdown's success status was true. The last boot's success status was true.
Information	8/31/2016 11:42:26 AM	Microsoft-Windows-Kernel-Boot	153	None	The Virtualization Based Security (policies: 0) is disabled with status STATUS_SUCCESS.
Information	8/31/2016 11:42:38 AM	EventLog	6013	None	The system uptime is 12 seconds.
Information	8/31/2016 11:42:38 AM	EventLog	6005	None	The Event log service was started.
Information	8/31/2016 11:42:38 AM	EventLog	6009	None	Microsoft (R) Windows (R) 10.00. 14393  Multiprocessor Free.
Information	8/31/2016 11:42:26 AM	Microsoft-Windows-Kernel-General	12	(1)	The operating system started at system time ‎2016‎-‎08‎-‎31T17:42:26.488158900Z.
Information	8/31/2016 11:42:01 AM	Microsoft-Windows-Dhcp-Client	50037	Service State Event	DHCPv4 client service is stopped. ShutDown Flag value is 1
Information	8/31/2016 11:42:01 AM	Microsoft-Windows-DHCPv6-Client	51047	Service State Event	DHCPv6 client service is stopped. ShutDown Flag value is 1
Information	8/31/2016 11:42:01 AM	EventLog	6006	None	The Event log service was stopped.
Information	8/31/2016 11:41:54 AM	Microsoft-Windows-Winlogon	7002	(1102)	User Logoff Notification for Customer Experience Improvement Program
Information	8/31/2016 11:41:54 AM	User32	1074	None	"The process C:\Windows\system32\winlogon.exe (DESKTOP-EEMI531) has initiated the restart of computer DESKTOP-EEMI531 on behalf of user DESKTOP-EEMI531\AndyL for the following reason: No title for this reason could be found
 Reason Code: 0x500ff
 Shutdown Type: restart
 Comment: "
Error	8/31/2016 11:41:53 AM	Microsoft-Windows-DistributedCOM	10010	None	The server CortanaUI.AppXtpp90jhw9p0njjb85kvhxpppgrqfp117.mca did not register with DCOM within the required timeout.
Error	8/31/2016 11:41:52 AM	Microsoft-Windows-DistributedCOM	10010	None	The server App.AppXdca9rykvbm0qn1fw9m2dbx828p2w3h8p.mca did not register with DCOM within the required timeout.
Information	8/31/2016 11:41:44 AM	Microsoft-Windows-UserPnp	20001	(7005)	Driver Management concluded the process to install driver rtsperx.inf_amd64_dd6b0d487bb8cc89\rtsperx.inf for Device Instance ID PCI\VEN_10EC&DEV_5227&SUBSYS_222317AA&REV_01\4&1D28DC39&0&00E0 with the following status: 0x0.
Information	8/31/2016 11:41:44 AM	Microsoft-Windows-UserPnp	20003	(7005)	Driver Management has concluded the process to add Service RTSPER for Device Instance ID PCI\VEN_10EC&DEV_5227&SUBSYS_222317AA&REV_01\4&1D28DC39&0&00E0 with the following status: 0.
Information	8/31/2016 11:41:43 AM	Microsoft-Windows-UserPnp	20001	(7005)	Driver Management concluded the process to install driver rtsperx.inf_amd64_67488ae6c4996530\rtsperx.inf for Device Instance ID PCI\VEN_10EC&DEV_5227&SUBSYS_222317AA&REV_01\4&1D28DC39&0&00E0 with the following status: 0x0.
Information	8/31/2016 11:41:43 AM	Microsoft-Windows-UserPnp	20003	(7005)	Driver Management has concluded the process to add Service RTSPER for Device Instance ID PCI\VEN_10EC&DEV_5227&SUBSYS_222317AA&REV_01\4&1D28DC39&0&00E0 with the following status: 0.
Information	8/31/2016 11:41:09 AM	Microsoft-Windows-WindowsUpdateClient	19	Windows Update Agent	Installation Successful: Windows successfully installed the following update: Candy Crush Soda Saga
Information	8/31/2016 11:41:09 AM	Microsoft-Windows-WindowsUpdateClient	43	Windows Update Agent	Installation Started: Windows has started installing the following update: Candy Crush Soda Saga
Information	8/31/2016 11:41:03 AM	Microsoft-Windows-Kernel-General	16	None	The access history in hive \??\C:\ProgramData\Microsoft\Windows\AppRepository\Packages\king.com.CandyCrushSodaSaga_1.68.500.0_x86__kgqvnymyfvs32\ActivationStore.dat was cleared updating 0 keys and creating 0 modified pages.
Information	8/31/2016 11:39:49 AM	Microsoft-Windows-TPM-WMI	1026	None	"The Trusted Platform Module (TPM) hardware on this computer cannot be provisioned for use automatically.  To set up the TPM interactively use the TPM management console (Start->tpm.msc) and use the action to make the TPM ready.

Error: The TPM provisioning action is not allowed by the specified flags.  For provisioning to be successful, one of several actions may be required.  The TPM management console (tpm.msc) action to make the TPM Ready may help.  For further information, see the documentation for the Win32_Tpm WMI method 'Provision'.  (The actions that may be required include importing the TPM Owner Authorization value into the system, calling the Win32_Tpm WMI method for provisioning the TPM and specifying TRUE for either 'ForceClear_Allowed' or 'PhysicalPresencePrompts_Allowed' (as indicated by the value returned in the Additional Information), or enabling the TPM in the system BIOS.)
Additional Information: 0x80011c"
Information	8/31/2016 11:39:41 AM	Microsoft-Windows-TPM-WMI	1026	None	"The Trusted Platform Module (TPM) hardware on this computer cannot be provisioned for use automatically.  To set up the TPM interactively use the TPM management console (Start->tpm.msc) and use the action to make the TPM ready.

Error: The TPM provisioning action is not allowed by the specified flags.  For provisioning to be successful, one of several actions may be required.  The TPM management console (tpm.msc) action to make the TPM Ready may help.  For further information, see the documentation for the Win32_Tpm WMI method 'Provision'.  (The actions that may be required include importing the TPM Owner Authorization value into the system, calling the Win32_Tpm WMI method for provisioning the TPM and specifying TRUE for either 'ForceClear_Allowed' or 'PhysicalPresencePrompts_Allowed' (as indicated by the value returned in the Additional Information), or enabling the TPM in the system BIOS.)
Additional Information: 0x80011c"
Error	8/31/2016 11:39:31 AM	Microsoft-Windows-DistributedCOM	10016	None	"The application-specific permission settings do not grant Local Activation permission for the COM Server application with CLSID 
{6B3B8D23-FA8D-40B9-8DBD-B950333E2C52}
 and APPID 
{4839DDB7-58C2-48F5-8283-E1D1807D0D7D}
 to the user NT AUTHORITY\LOCAL SERVICE SID (S-1-5-19) from address LocalHost (Using LRPC) running in the application container Unavailable SID (Unavailable). This security permission can be modified using the Component Services administrative tool."
Error	8/31/2016 11:39:31 AM	Microsoft-Windows-DistributedCOM	10016	None	"The application-specific permission settings do not grant Local Activation permission for the COM Server application with CLSID 
{6B3B8D23-FA8D-40B9-8DBD-B950333E2C52}
 and APPID 
{4839DDB7-58C2-48F5-8283-E1D1807D0D7D}
 to the user NT AUTHORITY\LOCAL SERVICE SID (S-1-5-19) from address LocalHost (Using LRPC) running in the application container Unavailable SID (Unavailable). This security permission can be modified using the Component Services administrative tool."
Error	8/31/2016 11:39:31 AM	Microsoft-Windows-DistributedCOM	10016	None	"The application-specific permission settings do not grant Local Activation permission for the COM Server application with CLSID 
{8D8F4F83-3594-4F07-8369-FC3C3CAE4919}
 and APPID 
{F72671A9-012C-4725-9D2F-2A4D32D65169}
 to the user NT AUTHORITY\SYSTEM SID (S-1-5-18) from address LocalHost (Using LRPC) running in the application container Unavailable SID (Unavailable). This security permission can be modified using the Component Services administrative tool."
Information	8/31/2016 11:39:30 AM	Microsoft-Windows-Winlogon	7001	(1101)	User Logon Notification for Customer Experience Improvement Program
Information	8/31/2016 11:39:29 AM	TPM	18	None	This event triggers the Trusted Platform Module (TPM) provisioning/status check to run.
Information	8/31/2016 11:39:26 AM	Microsoft-Windows-UserPnp	20001	(7005)	Driver Management concluded the process to install driver intcdaud.inf_amd64_66e0a5048e30f9c5\intcdaud.inf for Device Instance ID HDAUDIO\FUNC_01&VEN_8086&DEV_2808&SUBSYS_80860101&REV_1000\4&27EB7427&0&0001 with the following status: 0x0.
Information	8/31/2016 11:39:26 AM	Microsoft-Windows-UserPnp	20003	(7005)	Driver Management has concluded the process to add Service IntcDAud for Device Instance ID HDAUDIO\FUNC_01&VEN_8086&DEV_2808&SUBSYS_80860101&REV_1000\4&27EB7427&0&0001 with the following status: 0.
Information	8/31/2016 11:39:25 AM	Lfsvc	1	None	Geolocation positioning is enabled.
Information	8/31/2016 11:39:24 AM	Service Control Manager	7026	None	"The following boot-start or system-start driver(s) did not load: 
cdrom
dam"
Information	8/31/2016 11:39:24 AM	Service Control Manager	7040	None	The start type of the Intel(R) Content Protection HECI Service service was changed from auto start to demand start.
Information	8/31/2016 11:39:24 AM	Microsoft-Windows-WLAN-AutoConfig	10001	None	"WLAN Extensibility Module has successfully started.

Module Path: C:\Windows\System32\IWMSSvc.dll
"
Information	8/31/2016 11:39:23 AM	Win32k	267	None	"The description for Event ID 267 from source Win32k cannot be found. Either the component that raises this event is not installed on your local computer or the installation is corrupted. You can install or repair the component on the local computer.

If the event originated on another computer, the display information had to be saved with the event.

The following information was included with the event: 


The specified resource type cannot be found in the image file
"
Information	8/31/2016 11:39:23 AM	BTHUSB	35	None	Bluetooth radio enablement has been accepted due to policy Connectivity\AllowBluetooth.
Information	8/31/2016 11:39:23 AM	BTHUSB	36	None	Bluetooth radio has accepted advertising due to policy Bluetooth\AllowAdvertising.
Information	8/31/2016 11:39:23 AM	BTHUSB	37	None	Bluetooth radio has accepted discoverability due to policy Bluetooth\AllowDiscoverableMode.
Information	8/31/2016 11:39:23 AM	BTHUSB	34	None	A Bluetooth policy has changed.  Policy Bluetooth\ServicesAllowedList has value of: *
Information	8/31/2016 11:39:23 AM	BTHUSB	34	None	A Bluetooth policy has changed.  Policy Bluetooth\AllowAdvertising has value of: 1
Information	8/31/2016 11:39:23 AM	BTHUSB	34	None	A Bluetooth policy has changed.  Policy Bluetooth\AllowDiscoverableMode has value of: 1
Information	8/31/2016 11:39:23 AM	BTHUSB	34	None	A Bluetooth policy has changed.  Policy Connectivity\AllowBluetooth has value of: 2
Information	8/31/2016 11:39:23 AM	Microsoft-Windows-WLAN-AutoConfig	4000	None	"WLAN AutoConfig service has successfully started.
"
Warning	8/31/2016 11:39:22 AM	Microsoft-Windows-TaskScheduler	414	Task Misconfiguration	Task Scheduler service found a misconfiguration in the NT TASK\DolbySelectorTask definition. Additional Data: Error Value: %ProgramFiles%\Dolby Digital Plus\ddp.exe.
Information	8/31/2016 11:39:22 AM	Microsoft-Windows-FilterManager	6	None	File System Filter 'wcnfs' (10.0, ‎2016‎-‎07‎-‎15T20:28:27.000000000Z) has successfully loaded and registered with Filter Manager.
Information	8/31/2016 11:39:22 AM	Microsoft-Windows-FilterManager	6	None	File System Filter 'storqosflt' (10.0, ‎2016‎-‎07‎-‎15T20:26:43.000000000Z) has successfully loaded and registered with Filter Manager.
Information	8/31/2016 11:39:22 AM	Microsoft-Windows-FilterManager	6	None	File System Filter 'luafv' (10.0, ‎2016‎-‎07‎-‎15T20:21:48.000000000Z) has successfully loaded and registered with Filter Manager.
Information	8/31/2016 11:39:22 AM	Microsoft-Windows-FilterManager	6	None	File System Filter 'wcifs' (10.0, ‎2016‎-‎07‎-‎15T20:27:16.000000000Z) has successfully loaded and registered with Filter Manager.
Information	8/31/2016 11:39:22 AM	Microsoft-Windows-DHCPv6-Client	51046	Service State Event	DHCPv6 client service is started
Information	8/31/2016 11:39:22 AM	Microsoft-Windows-Dhcp-Client	50036	Service State Event	DHCPv4 client service is started
Information	8/31/2016 11:39:22 AM	Win32k	267	None	"The description for Event ID 267 from source Win32k cannot be found. Either the component that raises this event is not installed on your local computer or the installation is corrupted. You can install or repair the component on the local computer.

If the event originated on another computer, the display information had to be saved with the event.

The following information was included with the event: 


The specified resource type cannot be found in the image file
"
Information	8/31/2016 11:39:21 AM	Microsoft-Windows-Directory-Services-SAM	16962	None	"Remote calls to the SAM database are being restricted using the default security descriptor: O:SYG:SYD:(A;;RC;;;BA).
For more information please see http://go.microsoft.com/fwlink/?LinkId=787651."
Information	8/31/2016 11:39:20 AM	Microsoft-Windows-Wininit	14	None	Credential Guard (LsaIso.exe) configuration: 0x0, 0
Information	8/31/2016 11:39:19 AM	Microsoft-Windows-Ntfs	98	None	Volume F: (\Device\HarddiskVolume5) is healthy.  No action is needed.
Information	8/31/2016 11:39:19 AM	Microsoft-Windows-Ntfs	98	None	Volume E: (\Device\HarddiskVolume6) is healthy.  No action is needed.
Information	8/31/2016 11:39:18 AM	BTHUSB	18	None	Windows cannot store Bluetooth authentication codes (link keys) on the local adapter. Bluetooth keyboards might not work in the system BIOS during startup.
Warning	8/31/2016 11:39:18 AM	Microsoft-Windows-Kernel-PnP	219	(212)	The driver \Driver\WUDFRd failed to load for the device USB\VID_17E9&PID_4307&MI_01\7&8d2da4c&0&0001.
Information	8/31/2016 11:39:18 AM	Microsoft-Windows-DriverFrameworks-UserMode	10114	Startup of the UMDF reflector	WUDFPf (part of UMDF) did not load yet. After it does, Windows will start the device again.
Warning	8/31/2016 11:39:18 AM	Microsoft-Windows-Kernel-PnP	219	(212)	The driver \Driver\WUDFRd failed to load for the device USB\VID_17E9&PID_4307&MI_00\7&8d2da4c&0&0000.
Information	8/31/2016 11:39:18 AM	Microsoft-Windows-DriverFrameworks-UserMode	10114	Startup of the UMDF reflector	WUDFPf (part of UMDF) did not load yet. After it does, Windows will start the device again.
Warning	8/31/2016 11:39:18 AM	Microsoft-Windows-Kernel-PnP	219	(212)	The driver \Driver\WUDFRd failed to load for the device USB\VID_138A&PID_0017\ed7a1ef73db9.
Information	8/31/2016 11:39:18 AM	Microsoft-Windows-DriverFrameworks-UserMode	10114	Startup of the UMDF reflector	WUDFPf (part of UMDF) did not load yet. After it does, Windows will start the device again.
Information	8/31/2016 11:39:15 AM	e1dexpress	32	None	"Intel(R) Ethernet Connection (3) I218-LM
 Network link has been established at 1Gbps full duplex.
"
Information	8/31/2016 11:39:11 AM	Netwtw04	7002	None	"The description for Event ID 7002 from source Netwtw04 cannot be found. Either the component that raises this event is not installed on your local computer or the installation is corrupted. You can install or repair the component on the local computer.

If the event originated on another computer, the display information had to be saved with the event.

The following information was included with the event: 

\Device\NDMP2
Intel(R) Dual Band Wireless-AC 7265

The specified resource type cannot be found in the image file
"
Information	8/31/2016 11:39:11 AM	Netwtw04	7002	None	"The description for Event ID 7002 from source Netwtw04 cannot be found. Either the component that raises this event is not installed on your local computer or the installation is corrupted. You can install or repair the component on the local computer.

If the event originated on another computer, the display information had to be saved with the event.

The following information was included with the event: 

\Device\NDMP2
Intel(R) Dual Band Wireless-AC 7265

The specified resource type cannot be found in the image file
"
Information	8/31/2016 11:39:11 AM	Netwtw04	7001	None	"The description for Event ID 7001 from source Netwtw04 cannot be found. Either the component that raises this event is not installed on your local computer or the installation is corrupted. You can install or repair the component on the local computer.

If the event originated on another computer, the display information had to be saved with the event.

The following information was included with the event: 

\Device\NDMP2
Intel(R) Dual Band Wireless-AC 7265

The specified resource type cannot be found in the image file
"
Information	8/31/2016 11:39:11 AM	Netwtw04	7001	None	"The description for Event ID 7001 from source Netwtw04 cannot be found. Either the component that raises this event is not installed on your local computer or the installation is corrupted. You can install or repair the component on the local computer.

If the event originated on another computer, the display information had to be saved with the event.

The following information was included with the event: 

\Device\NDMP2
Intel(R) Dual Band Wireless-AC 7265

The specified resource type cannot be found in the image file
"
Information	8/31/2016 11:39:11 AM	Netwtw04	7036	None	The \Device\NDMP2 service entered the Intel(R) Dual Band Wireless-AC 7265 state.
Information	8/31/2016 11:39:11 AM	MEIx64	2	None	Intel(R) Management Engine Interface driver has started successfully.
Information	8/31/2016 11:39:11 AM	Microsoft-Windows-Kernel-Processor-Power	55	(47)	"Processor 3 in group 0 exposes the following power management capabilities:

Idle state type: ACPI Idle (C) States (3 state(s))

Performance state type: ACPI Collaborative Processor Performance Control
Nominal Frequency (MHz): 2594
Maximum performance percentage: 123
Minimum performance percentage: 19
Minimum throttle percentage: 1"
Information	8/31/2016 11:39:11 AM	Microsoft-Windows-Kernel-Processor-Power	55	(47)	"Processor 2 in group 0 exposes the following power management capabilities:

Idle state type: ACPI Idle (C) States (3 state(s))

Performance state type: ACPI Collaborative Processor Performance Control
Nominal Frequency (MHz): 2594
Maximum performance percentage: 123
Minimum performance percentage: 19
Minimum throttle percentage: 1"
Information	8/31/2016 11:39:11 AM	Microsoft-Windows-Kernel-Processor-Power	55	(47)	"Processor 1 in group 0 exposes the following power management capabilities:

Idle state type: ACPI Idle (C) States (3 state(s))

Performance state type: ACPI Collaborative Processor Performance Control
Nominal Frequency (MHz): 2594
Maximum performance percentage: 123
Minimum performance percentage: 19
Minimum throttle percentage: 1"
Information	8/31/2016 11:39:11 AM	Microsoft-Windows-Kernel-Processor-Power	55	(47)	"Processor 0 in group 0 exposes the following power management capabilities:

Idle state type: ACPI Idle (C) States (3 state(s))

Performance state type: ACPI Collaborative Processor Performance Control
Nominal Frequency (MHz): 2594
Maximum performance percentage: 123
Minimum performance percentage: 19
Minimum throttle percentage: 1"
Warning	8/31/2016 11:39:11 AM	Microsoft-Windows-Kernel-PnP	219	(212)	The driver \Driver\WUDFRd failed to load for the device ROOT\SYSTEM\0001.
Information	8/31/2016 11:39:11 AM	Microsoft-Windows-DriverFrameworks-UserMode	10114	Startup of the UMDF reflector	WUDFPf (part of UMDF) did not load yet. After it does, Windows will start the device again.
Information	8/31/2016 11:39:10 AM	Microsoft-Windows-Ntfs	98	None	Volume \\?\Volume{33e9f129-0000-0000-0000-206f70000000} (\Device\HarddiskVolume3) is healthy.  No action is needed.
