Information	8/31/2016 11:14:45 AM	Microsoft-Windows-Kernel-General	16	None	The access history in hive \??\C:\Windows\ServiceProfiles\LocalService\NTUSER.DAT was cleared updating 674 keys and creating 38 modified pages.
Information	8/31/2016 11:14:45 AM	Microsoft-Windows-Kernel-General	16	None	The access history in hive \SystemRoot\System32\Config\BBI was cleared updating 372 keys and creating 74 modified pages.
Information	8/31/2016 11:14:45 AM	Win32k	267	None	"The description for Event ID 267 from source Win32k cannot be found. Either the component that raises this event is not installed on your local computer or the installation is corrupted. You can install or repair the component on the local computer.

If the event originated on another computer, the display information had to be saved with the event.

The following information was included with the event: 


The specified resource type cannot be found in the image file
"
Information	8/31/2016 11:14:45 AM	Microsoft-Windows-Kernel-General	16	None	The access history in hive \??\C:\Windows\ServiceProfiles\NetworkService\NTUSER.DAT was cleared updating 655 keys and creating 39 modified pages.
Information	8/31/2016 11:14:45 AM	Microsoft-Windows-Kernel-General	16	None	The access history in hive \SystemRoot\System32\Config\SAM was cleared updating 78 keys and creating 5 modified pages.
Information	8/31/2016 11:14:45 AM	Microsoft-Windows-Directory-Services-SAM	16962	None	"Remote calls to the SAM database are being restricted using the default security descriptor: O:SYG:SYD:(A;;RC;;;BA).
For more information please see http://go.microsoft.com/fwlink/?LinkId=787651."
Information	8/31/2016 11:14:44 AM	Microsoft-Windows-Kernel-General	16	None	The access history in hive \SystemRoot\System32\Config\SECURITY was cleared updating 94 keys and creating 4 modified pages.
Information	8/31/2016 11:14:44 AM	Microsoft-Windows-Wininit	14	None	Credential Guard (LsaIso.exe) configuration: 0x0, 0
Information	8/31/2016 11:14:40 AM	BTHUSB	18	None	Windows cannot store Bluetooth authentication codes (link keys) on the local adapter. Bluetooth keyboards might not work in the system BIOS during startup.
Warning	8/31/2016 11:14:40 AM	Microsoft-Windows-Kernel-PnP	219	(212)	The driver \Driver\WUDFRd failed to load for the device USB\VID_17E9&PID_4307&MI_01\7&8d2da4c&0&0001.
Information	8/31/2016 11:14:40 AM	Microsoft-Windows-DriverFrameworks-UserMode	10114	Startup of the UMDF reflector	WUDFPf (part of UMDF) did not load yet. After it does, Windows will start the device again.
Warning	8/31/2016 11:14:40 AM	Microsoft-Windows-Kernel-PnP	219	(212)	The driver \Driver\WUDFRd failed to load for the device USB\VID_17E9&PID_4307&MI_00\7&8d2da4c&0&0000.
Information	8/31/2016 11:14:40 AM	Microsoft-Windows-DriverFrameworks-UserMode	10114	Startup of the UMDF reflector	WUDFPf (part of UMDF) did not load yet. After it does, Windows will start the device again.
Warning	8/31/2016 11:14:40 AM	Microsoft-Windows-Kernel-PnP	219	(212)	The driver \Driver\WUDFRd failed to load for the device USB\VID_138A&PID_0017\ed7a1ef73db9.
Information	8/31/2016 11:14:40 AM	Microsoft-Windows-DriverFrameworks-UserMode	10114	Startup of the UMDF reflector	WUDFPf (part of UMDF) did not load yet. After it does, Windows will start the device again.
Information	8/31/2016 11:14:37 AM	e1dexpress	32	None	"Intel(R) Ethernet Connection (3) I218-LM
 Network link has been established at 1Gbps full duplex.
"
Information	8/31/2016 11:14:33 AM	Netwtw04	7002	None	"The description for Event ID 7002 from source Netwtw04 cannot be found. Either the component that raises this event is not installed on your local computer or the installation is corrupted. You can install or repair the component on the local computer.

If the event originated on another computer, the display information had to be saved with the event.

The following information was included with the event: 

\Device\NDMP2
Intel(R) Dual Band Wireless-AC 7265

The specified resource type cannot be found in the image file
"
Information	8/31/2016 11:14:33 AM	Netwtw04	7002	None	"The description for Event ID 7002 from source Netwtw04 cannot be found. Either the component that raises this event is not installed on your local computer or the installation is corrupted. You can install or repair the component on the local computer.

If the event originated on another computer, the display information had to be saved with the event.

The following information was included with the event: 

\Device\NDMP2
Intel(R) Dual Band Wireless-AC 7265

The specified resource type cannot be found in the image file
"
Information	8/31/2016 11:14:33 AM	Netwtw04	7001	None	"The description for Event ID 7001 from source Netwtw04 cannot be found. Either the component that raises this event is not installed on your local computer or the installation is corrupted. You can install or repair the component on the local computer.

If the event originated on another computer, the display information had to be saved with the event.

The following information was included with the event: 

\Device\NDMP2
Intel(R) Dual Band Wireless-AC 7265

The specified resource type cannot be found in the image file
"
Information	8/31/2016 11:14:33 AM	Netwtw04	7001	None	"The description for Event ID 7001 from source Netwtw04 cannot be found. Either the component that raises this event is not installed on your local computer or the installation is corrupted. You can install or repair the component on the local computer.

If the event originated on another computer, the display information had to be saved with the event.

The following information was included with the event: 

\Device\NDMP2
Intel(R) Dual Band Wireless-AC 7265

The specified resource type cannot be found in the image file
"
Information	8/31/2016 11:14:33 AM	Netwtw04	7036	None	The \Device\NDMP2 service entered the Intel(R) Dual Band Wireless-AC 7265 state.
Information	8/31/2016 11:14:33 AM	MEIx64	2	None	Intel(R) Management Engine Interface driver has started successfully.
Information	8/31/2016 11:14:33 AM	Microsoft-Windows-Kernel-Processor-Power	55	(47)	"Processor 3 in group 0 exposes the following power management capabilities:

Idle state type: ACPI Idle (C) States (3 state(s))

Performance state type: ACPI Collaborative Processor Performance Control
Nominal Frequency (MHz): 2594
Maximum performance percentage: 123
Minimum performance percentage: 19
Minimum throttle percentage: 1"
Information	8/31/2016 11:14:33 AM	Microsoft-Windows-Kernel-Processor-Power	55	(47)	"Processor 2 in group 0 exposes the following power management capabilities:

Idle state type: ACPI Idle (C) States (3 state(s))

Performance state type: ACPI Collaborative Processor Performance Control
Nominal Frequency (MHz): 2594
Maximum performance percentage: 123
Minimum performance percentage: 19
Minimum throttle percentage: 1"
Information	8/31/2016 11:14:33 AM	Microsoft-Windows-Kernel-Processor-Power	55	(47)	"Processor 1 in group 0 exposes the following power management capabilities:

Idle state type: ACPI Idle (C) States (3 state(s))

Performance state type: ACPI Collaborative Processor Performance Control
Nominal Frequency (MHz): 2594
Maximum performance percentage: 123
Minimum performance percentage: 19
Minimum throttle percentage: 1"
Information	8/31/2016 11:14:33 AM	Microsoft-Windows-Kernel-Processor-Power	55	(47)	"Processor 0 in group 0 exposes the following power management capabilities:

Idle state type: ACPI Idle (C) States (3 state(s))

Performance state type: ACPI Collaborative Processor Performance Control
Nominal Frequency (MHz): 2594
Maximum performance percentage: 123
Minimum performance percentage: 19
Minimum throttle percentage: 1"
Information	8/31/2016 11:14:33 AM	Microsoft-Windows-Kernel-General	16	None	The access history in hive \SystemRoot\System32\Config\DEFAULT was cleared updating 290 keys and creating 26 modified pages.
Information	8/31/2016 11:14:33 AM	Microsoft-Windows-Kernel-General	15	None	Hive \SystemRoot\System32\Config\SOFTWARE was reorganized with a starting size of 82964480 bytes and an ending size of 83066880 bytes.
Information	8/31/2016 11:14:31 AM	Microsoft-Windows-Kernel-General	16	None	The access history in hive \Device\HarddiskVolume1\Boot\BCD was cleared updating 65 keys and creating 4 modified pages.
Information	8/31/2016 11:14:31 AM	Microsoft-Windows-Ntfs	98	None	Volume \\?\Volume{33e9f129-0000-0000-0000-206f70000000} (\Device\HarddiskVolume3) is healthy.  No action is needed.
Information	8/31/2016 11:14:31 AM	Microsoft-Windows-Ntfs	98	None	Volume \\?\Volume{33e9f129-0000-0000-0000-100000000000} (\Device\HarddiskVolume1) is healthy.  No action is needed.
Information	8/31/2016 11:14:31 AM	Microsoft-Windows-Ntfs	98	None	Volume D: (\Device\HarddiskVolume4) is healthy.  No action is needed.
Information	8/31/2016 11:14:31 AM	Microsoft-Windows-Kernel-Power	172	(203)	Connectivity state in standby: Disconnected, Reason: NIC compliance
Information	8/31/2016 11:14:31 AM	Microsoft-Windows-FilterManager	6	None	File System Filter 'npsvctrig' (10.0, ‎2016‎-‎07‎-‎15T20:28:33.000000000Z) has successfully loaded and registered with Filter Manager.
Information	8/31/2016 11:14:30 AM	Microsoft-Windows-FilterManager	6	None	File System Filter 'FileCrypt' (10.0, ‎2016‎-‎07‎-‎15T20:22:39.000000000Z) has successfully loaded and registered with Filter Manager.
Information	8/31/2016 11:14:30 AM	Microsoft-Windows-Ntfs	98	None	Volume C: (\Device\HarddiskVolume2) is healthy.  No action is needed.
Information	8/31/2016 11:14:30 AM	TPM	24	None	The Trusted Platform Module (TPM) status: Enabled and Active.
Information	8/31/2016 11:14:30 AM	Microsoft-Windows-FilterManager	6	None	File System Filter 'WdFilter' (10.0, ‎2016‎-‎07‎-‎15T20:25:21.000000000Z) has successfully loaded and registered with Filter Manager.
Information	8/31/2016 11:14:30 AM	Microsoft-Windows-FilterManager	6	None	File System Filter 'Wof' (10.0, ‎2016‎-‎07‎-‎15T20:27:07.000000000Z) has successfully loaded and registered with Filter Manager.
Information	8/31/2016 11:14:30 AM	Microsoft-Windows-FilterManager	6	None	File System Filter 'FileInfo' (10.0, ‎2016‎-‎07‎-‎15T20:26:05.000000000Z) has successfully loaded and registered with Filter Manager.
Information	8/31/2016 11:14:30 AM	Microsoft-Windows-Kernel-Boot	30	(21)	The firmware reported boot metrics.
Information	8/31/2016 11:14:30 AM	Microsoft-Windows-Kernel-Boot	32	None	The bootmgr spent 0 ms waiting for user input.
Information	8/31/2016 11:14:30 AM	Microsoft-Windows-Kernel-Boot	18	None	There are 0x1 boot options on this system.
Information	8/31/2016 11:14:30 AM	Microsoft-Windows-Kernel-Boot	25	(32)	The boot menu policy was 0x1.
Information	8/31/2016 11:14:30 AM	Microsoft-Windows-Kernel-Boot	27	(33)	The boot type was 0x0.
Information	8/31/2016 11:14:30 AM	Microsoft-Windows-Kernel-Boot	20	(31)	The last shutdown's success status was true. The last boot's success status was true.
Information	8/31/2016 11:14:30 AM	Microsoft-Windows-Kernel-Boot	153	None	The Virtualization Based Security (policies: 0) is disabled with status STATUS_SUCCESS.
Information	8/31/2016 11:14:30 AM	Microsoft-Windows-Kernel-General	12	(1)	The operating system started at system time ‎2016‎-‎08‎-‎31T17:14:29.488108800Z.
Information	8/31/2016 11:14:45 AM	EventLog	6013	None	The system uptime is 16 seconds.
Information	8/31/2016 11:14:45 AM	EventLog	6005	None	The Event log service was started.
Information	8/31/2016 11:14:45 AM	EventLog	6009	None	Microsoft (R) Windows (R) 10.00. 14393  Multiprocessor Free.
Information	8/31/2016 11:14:09 AM	Microsoft-Windows-DHCPv6-Client	51047	Service State Event	DHCPv6 client service is stopped. ShutDown Flag value is 1
Information	8/31/2016 11:14:09 AM	EventLog	6006	None	The Event log service was stopped.
Information	8/31/2016 11:14:01 AM	Microsoft-Windows-Winlogon	7002	(1102)	User Logoff Notification for Customer Experience Improvement Program
Information	8/31/2016 11:13:59 AM	User32	1074	None	"The process C:\Windows\Explorer.EXE (WIN-JP2274B44D0) has initiated the restart of computer DESKTOP-EEMI531 on behalf of user DESKTOP-EEMI531\AndyL for the following reason: Other (Unplanned)
 Reason Code: 0x0
 Shutdown Type: restart
 Comment: "
Information	8/31/2016 11:10:30 AM	Microsoft-Windows-WindowsUpdateClient	19	Windows Update Agent	Installation Successful: Windows successfully installed the following update: Windows Camera
Information	8/31/2016 11:10:30 AM	Microsoft-Windows-WindowsUpdateClient	43	Windows Update Agent	Installation Started: Windows has started installing the following update: Windows Camera
Information	8/31/2016 11:10:25 AM	Microsoft-Windows-Kernel-General	16	None	The access history in hive \??\C:\ProgramData\Microsoft\Windows\AppRepository\Packages\Microsoft.WindowsCamera_2016.816.20.0_x64__8wekyb3d8bbwe\ActivationStore.dat was cleared updating 0 keys and creating 0 modified pages.
Information	8/31/2016 11:10:24 AM	Microsoft-Windows-WindowsUpdateClient	19	Windows Update Agent	Installation Successful: Windows successfully installed the following update: Groove Music
Information	8/31/2016 11:10:19 AM	Microsoft-Windows-WindowsUpdateClient	43	Windows Update Agent	Installation Started: Windows has started installing the following update: Groove Music
Information	8/31/2016 11:10:19 AM	Microsoft-Windows-WindowsUpdateClient	19	Windows Update Agent	Installation Successful: Windows successfully installed the following update: Get Started
Information	8/31/2016 11:10:19 AM	Microsoft-Windows-WindowsUpdateClient	43	Windows Update Agent	Installation Started: Windows has started installing the following update: Get Started
Information	8/31/2016 11:10:17 AM	Microsoft-Windows-Kernel-General	16	None	The access history in hive \??\C:\ProgramData\Microsoft\Windows\AppRepository\Packages\Microsoft.ZuneMusic_3.6.23981.0_x64__8wekyb3d8bbwe\ActivationStore.dat was cleared updating 0 keys and creating 0 modified pages.
Information	8/31/2016 11:10:17 AM	Microsoft-Windows-Kernel-General	16	None	The access history in hive \??\C:\ProgramData\Microsoft\Windows\AppRepository\Packages\Microsoft.Getstarted_4.0.12.0_x64__8wekyb3d8bbwe\ActivationStore.dat was cleared updating 0 keys and creating 0 modified pages.
Information	8/31/2016 11:09:55 AM	Microsoft-Windows-WindowsUpdateClient	44	Windows Update Agent	Windows Update started downloading an update.
Information	8/31/2016 11:09:55 AM	Microsoft-Windows-WindowsUpdateClient	19	Windows Update Agent	Installation Successful: Windows successfully installed the following update: Skype Preview
Information	8/31/2016 11:09:55 AM	Microsoft-Windows-WindowsUpdateClient	43	Windows Update Agent	Installation Started: Windows has started installing the following update: Skype Preview
Information	8/31/2016 11:09:50 AM	Microsoft-Windows-Kernel-General	16	None	The access history in hive \??\C:\ProgramData\Microsoft\Windows\AppRepository\Packages\Microsoft.SkypeApp_11.7.113.0_x64__kzf8qxf38zg5c\ActivationStore.dat was cleared updating 0 keys and creating 0 modified pages.
Information	8/31/2016 11:09:46 AM	Microsoft-Windows-WindowsUpdateClient	44	Windows Update Agent	Windows Update started downloading an update.
Information	8/31/2016 11:09:46 AM	Microsoft-Windows-WindowsUpdateClient	19	Windows Update Agent	Installation Successful: Windows successfully installed the following update: Windows Maps
Information	8/31/2016 11:09:46 AM	Microsoft-Windows-WindowsUpdateClient	43	Windows Update Agent	Installation Started: Windows has started installing the following update: Windows Maps
Information	8/31/2016 11:09:41 AM	Microsoft-Windows-Kernel-General	16	None	The access history in hive \??\C:\ProgramData\Microsoft\Windows\AppRepository\Packages\Microsoft.WindowsMaps_5.1608.2311.0_x64__8wekyb3d8bbwe\ActivationStore.dat was cleared updating 0 keys and creating 0 modified pages.
Information	8/31/2016 11:09:35 AM	Microsoft-Windows-WindowsUpdateClient	44	Windows Update Agent	Windows Update started downloading an update.
Information	8/31/2016 11:09:35 AM	Microsoft-Windows-WindowsUpdateClient	19	Windows Update Agent	Installation Successful: Windows successfully installed the following update: Microsoft Sticky Notes
Information	8/31/2016 11:09:29 AM	Microsoft-Windows-WindowsUpdateClient	43	Windows Update Agent	Installation Started: Windows has started installing the following update: Microsoft Sticky Notes
Information	8/31/2016 11:09:29 AM	Microsoft-Windows-WindowsUpdateClient	19	Windows Update Agent	Installation Successful: Windows successfully installed the following update: Microsoft .Net Native Runtime Package 1.4
Information	8/31/2016 11:09:29 AM	Microsoft-Windows-WindowsUpdateClient	43	Windows Update Agent	Installation Started: Windows has started installing the following update: Microsoft .Net Native Runtime Package 1.4
Information	8/31/2016 11:09:28 AM	Microsoft-Windows-Kernel-General	16	None	The access history in hive \??\C:\ProgramData\Microsoft\Windows\AppRepository\Packages\Microsoft.MicrosoftStickyNotes_1.1.24.0_x64__8wekyb3d8bbwe\ActivationStore.dat was cleared updating 0 keys and creating 0 modified pages.
Information	8/31/2016 11:09:23 AM	Microsoft-Windows-WindowsUpdateClient	44	Windows Update Agent	Windows Update started downloading an update.
Information	8/31/2016 11:09:01 AM	Microsoft-Windows-WindowsUpdateClient	44	Windows Update Agent	Windows Update started downloading an update.
Information	8/31/2016 11:09:01 AM	Microsoft-Windows-WindowsUpdateClient	44	Windows Update Agent	Windows Update started downloading an update.
Error	8/31/2016 11:09:01 AM	Microsoft-Windows-WindowsUpdateClient	20	Windows Update Agent	Installation Failure: Windows failed to install the following update with error 0x80073D02: Mail and Calendar.
Information	8/31/2016 11:08:58 AM	Microsoft-Windows-WindowsUpdateClient	43	Windows Update Agent	Installation Started: Windows has started installing the following update: Mail and Calendar
Information	8/31/2016 11:08:58 AM	Microsoft-Windows-WindowsUpdateClient	19	Windows Update Agent	Installation Successful: Windows successfully installed the following update: Microsoft Photos
Information	8/31/2016 11:08:58 AM	Microsoft-Windows-WindowsUpdateClient	44	Windows Update Agent	Windows Update started downloading an update.
Information	8/31/2016 11:08:55 AM	Microsoft-Windows-WindowsUpdateClient	43	Windows Update Agent	Installation Started: Windows has started installing the following update: Microsoft Photos
Information	8/31/2016 11:08:55 AM	Microsoft-Windows-WindowsUpdateClient	19	Windows Update Agent	Installation Successful: Windows successfully installed the following update: OneNote
Information	8/31/2016 11:08:55 AM	Microsoft-Windows-WindowsUpdateClient	43	Windows Update Agent	Installation Started: Windows has started installing the following update: OneNote
Information	8/31/2016 11:08:53 AM	Microsoft-Windows-Kernel-General	16	None	The access history in hive \??\C:\ProgramData\Microsoft\Windows\AppRepository\Packages\microsoft.windowscommunicationsapps_17.7167.40727.0_x64__8wekyb3d8bbwe\ActivationStore.dat was cleared updating 0 keys and creating 0 modified pages.
Information	8/31/2016 11:08:51 AM	Microsoft-Windows-Kernel-General	16	None	The access history in hive \??\C:\ProgramData\Microsoft\Windows\AppRepository\Packages\Microsoft.Windows.Photos_16.722.10060.0_x64__8wekyb3d8bbwe\ActivationStore.dat was cleared updating 0 keys and creating 0 modified pages.
Information	8/31/2016 11:08:50 AM	Microsoft-Windows-Kernel-General	16	None	The access history in hive \??\C:\ProgramData\Microsoft\Windows\AppRepository\Packages\Microsoft.Office.OneNote_17.7341.57671.0_x64__8wekyb3d8bbwe\ActivationStore.dat was cleared updating 0 keys and creating 0 modified pages.
Information	8/31/2016 11:08:15 AM	Microsoft-Windows-WindowsUpdateClient	44	Windows Update Agent	Windows Update started downloading an update.
Information	8/31/2016 11:08:15 AM	Microsoft-Windows-WindowsUpdateClient	19	Windows Update Agent	Installation Successful: Windows successfully installed the following update: Windows Alarms & Clock
Information	8/31/2016 11:08:15 AM	Microsoft-Windows-WindowsUpdateClient	43	Windows Update Agent	Installation Started: Windows has started installing the following update: Windows Alarms & Clock
Information	8/31/2016 11:08:11 AM	Microsoft-Windows-Kernel-General	16	None	The access history in hive \??\C:\Users\AndyL\AppData\Local\Packages\Microsoft.WindowsAlarms_8wekyb3d8bbwe\Settings\settings.dat was cleared updating 3 keys and creating 1 modified pages.
Information	8/31/2016 11:08:10 AM	Microsoft-Windows-Kernel-General	16	None	The access history in hive \??\C:\ProgramData\Microsoft\Windows\AppRepository\Packages\Microsoft.WindowsAlarms_10.1608.2312.0_x64__8wekyb3d8bbwe\ActivationStore.dat was cleared updating 0 keys and creating 0 modified pages.
Information	8/31/2016 11:08:09 AM	Microsoft-Windows-WindowsUpdateClient	44	Windows Update Agent	Windows Update started downloading an update.
Information	8/31/2016 11:08:09 AM	Microsoft-Windows-WindowsUpdateClient	19	Windows Update Agent	Installation Successful: Windows successfully installed the following update: Store
Information	8/31/2016 11:08:09 AM	Microsoft-Windows-WindowsUpdateClient	43	Windows Update Agent	Installation Started: Windows has started installing the following update: Store
Information	8/31/2016 11:08:04 AM	Microsoft-Windows-Kernel-General	16	None	The access history in hive \??\C:\ProgramData\Microsoft\Windows\AppRepository\Packages\Microsoft.WindowsStore_11607.1001.51.0_x64__8wekyb3d8bbwe\ActivationStore.dat was cleared updating 0 keys and creating 0 modified pages.
Information	8/31/2016 11:07:58 AM	Microsoft-Windows-WindowsUpdateClient	44	Windows Update Agent	Windows Update started downloading an update.
Information	8/31/2016 11:07:58 AM	Microsoft-Windows-WindowsUpdateClient	19	Windows Update Agent	Installation Successful: Windows successfully installed the following update: Windows Calculator
Information	8/31/2016 11:07:58 AM	Microsoft-Windows-WindowsUpdateClient	43	Windows Update Agent	Installation Started: Windows has started installing the following update: Windows Calculator
Information	8/31/2016 11:07:54 AM	Microsoft-Windows-WindowsUpdateClient	44	Windows Update Agent	Windows Update started downloading an update.
Information	8/31/2016 11:07:54 AM	Microsoft-Windows-WindowsUpdateClient	19	Windows Update Agent	Installation Successful: Windows successfully installed the following update: Microsoft Solitaire Collection
Information	8/31/2016 11:07:49 AM	Microsoft-Windows-Kernel-General	16	None	The access history in hive \??\C:\ProgramData\Microsoft\Windows\AppRepository\Packages\Microsoft.WindowsCalculator_10.1608.2213.0_x64__8wekyb3d8bbwe\ActivationStore.dat was cleared updating 0 keys and creating 0 modified pages.
Information	8/31/2016 11:07:47 AM	Microsoft-Windows-WindowsUpdateClient	43	Windows Update Agent	Installation Started: Windows has started installing the following update: Microsoft Solitaire Collection
Information	8/31/2016 11:07:47 AM	Microsoft-Windows-WindowsUpdateClient	19	Windows Update Agent	Installation Successful: Windows successfully installed the following update: Microsoft Advertising SDK for XAML
Information	8/31/2016 11:07:47 AM	Microsoft-Windows-WindowsUpdateClient	43	Windows Update Agent	Installation Started: Windows has started installing the following update: Microsoft Advertising SDK for XAML
Information	8/31/2016 11:07:38 AM	Microsoft-Windows-WindowsUpdateClient	44	Windows Update Agent	Windows Update started downloading an update.
Information	8/31/2016 11:07:38 AM	Microsoft-Windows-WindowsUpdateClient	19	Windows Update Agent	Installation Successful: Windows successfully installed the following update: Movies & TV
Information	8/31/2016 11:07:38 AM	Microsoft-Windows-WindowsUpdateClient	43	Windows Update Agent	Installation Started: Windows has started installing the following update: Movies & TV
Information	8/31/2016 11:07:32 AM	Microsoft-Windows-Kernel-General	16	None	The access history in hive \??\C:\ProgramData\Microsoft\Windows\AppRepository\Packages\Microsoft.ZuneVideo_3.6.23941.0_x64__8wekyb3d8bbwe\ActivationStore.dat was cleared updating 0 keys and creating 0 modified pages.
Information	8/31/2016 11:07:30 AM	Microsoft-Windows-WindowsUpdateClient	44	Windows Update Agent	Windows Update started downloading an update.
Information	8/31/2016 11:07:30 AM	Microsoft-Windows-WindowsUpdateClient	19	Windows Update Agent	Installation Successful: Windows successfully installed the following update: Windows Voice Recorder
Information	8/31/2016 11:07:30 AM	Microsoft-Windows-WindowsUpdateClient	43	Windows Update Agent	Installation Started: Windows has started installing the following update: Windows Voice Recorder
Information	8/31/2016 11:07:29 AM	Microsoft-Windows-Kernel-General	16	None	The access history in hive \??\C:\ProgramData\Microsoft\Windows\AppRepository\Packages\Microsoft.MicrosoftSolitaireCollection_3.11.7293.0_x64__8wekyb3d8bbwe\ActivationStore.dat was cleared updating 0 keys and creating 0 modified pages.
Information	8/31/2016 11:07:24 AM	Microsoft-Windows-Kernel-General	16	None	The access history in hive \??\C:\ProgramData\Microsoft\Windows\AppRepository\Packages\Microsoft.WindowsSoundRecorder_10.1608.2211.0_x64__8wekyb3d8bbwe\ActivationStore.dat was cleared updating 0 keys and creating 0 modified pages.
Information	8/31/2016 11:07:04 AM	Microsoft-Windows-WindowsUpdateClient	44	Windows Update Agent	Windows Update started downloading an update.
Information	8/31/2016 11:07:04 AM	Microsoft-Windows-WindowsUpdateClient	19	Windows Update Agent	Installation Successful: Windows successfully installed the following update: Get Office
Information	8/31/2016 11:07:04 AM	Microsoft-Windows-WindowsUpdateClient	43	Windows Update Agent	Installation Started: Windows has started installing the following update: Get Office
Information	8/31/2016 11:06:59 AM	Microsoft-Windows-Kernel-General	16	None	The access history in hive \??\C:\ProgramData\Microsoft\Windows\AppRepository\Packages\Microsoft.MicrosoftOfficeHub_17.7319.23511.0_x64__8wekyb3d8bbwe\ActivationStore.dat was cleared updating 0 keys and creating 0 modified pages.
Information	8/31/2016 11:06:57 AM	Microsoft-Windows-WindowsUpdateClient	44	Windows Update Agent	Windows Update started downloading an update.
Information	8/31/2016 11:06:51 AM	Microsoft-Windows-WindowsUpdateClient	44	Windows Update Agent	Windows Update started downloading an update.
Information	8/31/2016 11:06:51 AM	Microsoft-Windows-WindowsUpdateClient	19	Windows Update Agent	Installation Successful: Windows successfully installed the following update: MSN Weather
Information	8/31/2016 11:06:49 AM	Microsoft-Windows-Kernel-General	16	None	The access history in hive \??\C:\ProgramData\Microsoft\Windows\AppRepository\Packages\Microsoft.Advertising.Xaml_10.0.1606.0_x86__8wekyb3d8bbwe\ActivationStore.dat was cleared updating 0 keys and creating 0 modified pages.
Information	8/31/2016 11:06:46 AM	Microsoft-Windows-Kernel-General	16	None	The access history in hive \??\C:\ProgramData\Microsoft\Windows\AppRepository\Packages\Microsoft.Advertising.Xaml_10.0.1606.0_x64__8wekyb3d8bbwe\ActivationStore.dat was cleared updating 0 keys and creating 0 modified pages.
Information	8/31/2016 11:06:42 AM	Microsoft-Windows-WindowsUpdateClient	43	Windows Update Agent	Installation Started: Windows has started installing the following update: MSN Weather
Information	8/31/2016 11:06:35 AM	Microsoft-Windows-Kernel-General	16	None	The access history in hive \??\C:\ProgramData\Microsoft\Windows\AppRepository\Packages\Microsoft.BingWeather_4.13.47.0_x86__8wekyb3d8bbwe\ActivationStore.dat was cleared updating 0 keys and creating 0 modified pages.
Information	8/31/2016 11:06:17 AM	Microsoft-Windows-WindowsUpdateClient	44	Windows Update Agent	Windows Update started downloading an update.
Information	8/31/2016 11:06:17 AM	Microsoft-Windows-WindowsUpdateClient	19	Windows Update Agent	Installation Successful: Windows successfully installed the following update: 3D Builder
Information	8/31/2016 11:06:17 AM	Microsoft-Windows-WindowsUpdateClient	43	Windows Update Agent	Installation Started: Windows has started installing the following update: 3D Builder
Information	8/31/2016 11:06:11 AM	Microsoft-Windows-Kernel-General	16	None	The access history in hive \??\C:\ProgramData\Microsoft\Windows\AppRepository\Packages\Microsoft.3DBuilder_11.1.9.0_x64__8wekyb3d8bbwe\ActivationStore.dat was cleared updating 0 keys and creating 0 modified pages.
Information	8/31/2016 11:06:07 AM	Microsoft-Windows-WindowsUpdateClient	44	Windows Update Agent	Windows Update started downloading an update.
Information	8/31/2016 11:06:07 AM	Microsoft-Windows-WindowsUpdateClient	19	Windows Update Agent	Installation Successful: Windows successfully installed the following update: Xbox Identity Provider
Information	8/31/2016 11:06:07 AM	Microsoft-Windows-WindowsUpdateClient	44	Windows Update Agent	Windows Update started downloading an update.
Information	8/31/2016 11:06:03 AM	Microsoft-Windows-WindowsUpdateClient	43	Windows Update Agent	Installation Started: Windows has started installing the following update: Xbox Identity Provider
Information	8/31/2016 11:06:03 AM	Microsoft-Windows-WindowsUpdateClient	19	Windows Update Agent	Installation Successful: Windows successfully installed the following update: App Installer
Information	8/31/2016 11:06:03 AM	Microsoft-Windows-WindowsUpdateClient	43	Windows Update Agent	Installation Started: Windows has started installing the following update: App Installer
Information	8/31/2016 11:06:02 AM	Microsoft-Windows-Kernel-General	16	None	The access history in hive \??\C:\ProgramData\Microsoft\Windows\AppRepository\Packages\Microsoft.XboxIdentityProvider_11.19.19003.0_x64__8wekyb3d8bbwe\ActivationStore.dat was cleared updating 0 keys and creating 0 modified pages.
Information	8/31/2016 11:06:00 AM	Microsoft-Windows-Kernel-General	16	None	The access history in hive \??\C:\ProgramData\Microsoft\Windows\AppRepository\Packages\Microsoft.DesktopAppInstaller_1.0.2181.0_x64__8wekyb3d8bbwe\ActivationStore.dat was cleared updating 0 keys and creating 0 modified pages.
Information	8/31/2016 11:05:53 AM	Service Control Manager	7045	None	"A service was installed in the system.

Service Name:  Office  Source Engine
Service File Name:  ""C:\Program Files (x86)\Common Files\Microsoft Shared\Source Engine\OSE.EXE""
Service Type:  user mode service
Service Start Type:  demand start
Service Account:  LocalSystem"
Information	8/31/2016 11:05:37 AM	Microsoft-Windows-WindowsUpdateClient	44	Windows Update Agent	Windows Update started downloading an update.
Information	8/31/2016 11:05:37 AM	Microsoft-Windows-WindowsUpdateClient	44	Windows Update Agent	Windows Update started downloading an update.
Information	8/31/2016 11:05:37 AM	Microsoft-Windows-WindowsUpdateClient	44	Windows Update Agent	Windows Update started downloading an update.
Information	8/31/2016 10:54:36 AM	Service Control Manager	7045	None	"A service was installed in the system.

Service Name:  Microsoft Office Click-to-Run Service
Service File Name:  ""C:\Program Files\Common Files\Microsoft Shared\ClickToRun\OfficeClickToRun.exe"" /service
Service Type:  user mode service
Service Start Type:  auto start
Service Account:  LocalSystem"
Information	8/31/2016 10:50:23 AM	Microsoft-Windows-Kernel-General	16	None	The access history in hive \??\C:\Users\AndyL\AppData\Local\Packages\Microsoft.Messaging_8wekyb3d8bbwe\Settings\settings.dat was cleared updating 3 keys and creating 1 modified pages.
Information	8/31/2016 10:50:23 AM	Microsoft-Windows-Kernel-General	16	None	The access history in hive \??\C:\Users\AndyL\AppData\Local\Packages\Microsoft.CommsPhone_8wekyb3d8bbwe\Settings\settings.dat was cleared updating 3 keys and creating 1 modified pages.
Information	8/31/2016 10:50:21 AM	Microsoft-Windows-Kernel-General	16	None	The access history in hive \??\C:\Users\AndyL\AppData\Local\Packages\Microsoft.MicrosoftOfficeHub_8wekyb3d8bbwe\Settings\settings.dat was cleared updating 3 keys and creating 1 modified pages.
Information	8/31/2016 10:48:11 AM	Microsoft-Windows-WindowsUpdateClient	19	Windows Update Agent	Installation Successful: Windows successfully installed the following update: Xbox
Information	8/31/2016 10:48:11 AM	Microsoft-Windows-WindowsUpdateClient	43	Windows Update Agent	Installation Started: Windows has started installing the following update: Xbox
Information	8/31/2016 10:48:11 AM	Microsoft-Windows-WindowsUpdateClient	19	Windows Update Agent	Installation Successful: Windows successfully installed the following update: Microsoft .Net Native Framework Package 1.3
Information	8/31/2016 10:48:11 AM	Microsoft-Windows-WindowsUpdateClient	19	Windows Update Agent	Installation Successful: Windows successfully installed the following update: Microsoft Visual C++ 2015 UWP Runtime Package
Information	8/31/2016 10:48:06 AM	Microsoft-Windows-Kernel-General	16	None	The access history in hive \??\C:\ProgramData\Microsoft\Windows\AppRepository\Packages\Microsoft.XboxApp_19.20.24006.0_x64__8wekyb3d8bbwe\ActivationStore.dat was cleared updating 0 keys and creating 0 modified pages.
Information	8/31/2016 10:47:56 AM	Microsoft-Windows-WindowsUpdateClient	19	Windows Update Agent	Installation Successful: Windows successfully installed the following update: Twitter
Information	8/31/2016 10:47:56 AM	Microsoft-Windows-WindowsUpdateClient	43	Windows Update Agent	Installation Started: Windows has started installing the following update: Twitter
Information	8/31/2016 10:47:56 AM	Microsoft-Windows-WindowsUpdateClient	19	Windows Update Agent	Installation Successful: Windows successfully installed the following update: Microsoft .Net Native Framework Package 1.3
Information	8/31/2016 10:47:56 AM	Microsoft-Windows-WindowsUpdateClient	19	Windows Update Agent	Installation Successful: Windows successfully installed the following update: Microsoft Visual C++ 2015 UWP Runtime Package
Information	8/31/2016 10:47:44 AM	Microsoft-Windows-WindowsUpdateClient	19	Windows Update Agent	Installation Successful: Windows successfully installed the following update: MSN News
Information	8/31/2016 10:47:44 AM	Microsoft-Windows-WindowsUpdateClient	43	Windows Update Agent	Installation Started: Windows has started installing the following update: MSN News
Information	8/31/2016 10:47:44 AM	Microsoft-Windows-WindowsUpdateClient	19	Windows Update Agent	Installation Successful: Windows successfully installed the following update: Microsoft .Net Native Framework Package 1.3
Information	8/31/2016 10:47:38 AM	Microsoft-Windows-WindowsUpdateClient	43	Windows Update Agent	Installation Started: Windows has started installing the following update: Microsoft .Net Native Framework Package 1.3
Information	8/31/2016 10:47:38 AM	Microsoft-Windows-WindowsUpdateClient	19	Windows Update Agent	Installation Successful: Windows successfully installed the following update: Microsoft Visual C++ 2015 UWP Runtime Package
Information	8/31/2016 10:47:38 AM	Microsoft-Windows-WindowsUpdateClient	44	Windows Update Agent	Windows Update started downloading an update.
Information	8/31/2016 10:47:38 AM	Microsoft-Windows-WindowsUpdateClient	43	Windows Update Agent	Installation Started: Windows has started installing the following update: Microsoft Visual C++ 2015 UWP Runtime Package
Information	8/31/2016 10:47:37 AM	Microsoft-Windows-Kernel-General	16	None	The access history in hive \??\C:\ProgramData\Microsoft\Windows\AppRepository\Packages\9E2F88E3.Twitter_5.2.0.0_x86__wgeqdkkx372wm\ActivationStore.dat was cleared updating 0 keys and creating 0 modified pages.
Information	8/31/2016 10:47:36 AM	Microsoft-Windows-WindowsUpdateClient	19	Windows Update Agent	Installation Successful: Windows successfully installed the following update: Pandora
Information	8/31/2016 10:47:36 AM	Microsoft-Windows-WindowsUpdateClient	43	Windows Update Agent	Installation Started: Windows has started installing the following update: Pandora
Information	8/31/2016 10:47:34 AM	Microsoft-Windows-Kernel-General	16	None	The access history in hive \??\C:\ProgramData\Microsoft\Windows\AppRepository\Packages\Microsoft.BingNews_4.13.47.0_x86__8wekyb3d8bbwe\ActivationStore.dat was cleared updating 0 keys and creating 0 modified pages.
Information	8/31/2016 10:47:33 AM	Microsoft-Windows-Kernel-General	16	None	The access history in hive \??\C:\ProgramData\Microsoft\Windows\AppRepository\Packages\PandoraMediaInc.29680B314EFC2_10.0.7.0_x64__n619g4d5j0fnw\ActivationStore.dat was cleared updating 0 keys and creating 0 modified pages.
Information	8/31/2016 10:47:28 AM	Microsoft-Windows-UserPnp	20001	(7005)	Driver Management concluded the process to install driver mt7612us.inf_amd64_2755d5b32eaed88a\mt7612us.inf for Device Instance ID USB\VID_045E&PID_02E6\352755 with the following status: 0x0.
Information	8/31/2016 10:47:28 AM	Service Control Manager	7045	None	"A service was installed in the system.

Service Name:  Xbox Wireless Adapter for Windows
Service File Name:  \SystemRoot\System32\drivers\mt7612US.sys
Service Type:  kernel mode driver
Service Start Type:  demand start
Service Account:  "
Information	8/31/2016 10:47:23 AM	Microsoft-Windows-WindowsUpdateClient	44	Windows Update Agent	Windows Update started downloading an update.
Information	8/31/2016 10:47:23 AM	Microsoft-Windows-WindowsUpdateClient	44	Windows Update Agent	Windows Update started downloading an update.
Information	8/31/2016 10:47:18 AM	Microsoft-Windows-WindowsUpdateClient	44	Windows Update Agent	Windows Update started downloading an update.
Information	8/31/2016 10:47:18 AM	Microsoft-Windows-WindowsUpdateClient	19	Windows Update Agent	Installation Successful: Windows successfully installed the following update: Netflix
Information	8/31/2016 10:47:18 AM	Microsoft-Windows-WindowsUpdateClient	43	Windows Update Agent	Installation Started: Windows has started installing the following update: Netflix
Information	8/31/2016 10:47:14 AM	Microsoft-Windows-WindowsUpdateClient	44	Windows Update Agent	Windows Update started downloading an update.
Information	8/31/2016 10:47:11 AM	Microsoft-Windows-Kernel-General	16	None	The access history in hive \??\C:\ProgramData\Microsoft\Windows\AppRepository\Packages\4DF9E0F8.Netflix_6.11.33.0_x64__mcm4njqhnhss8\ActivationStore.dat was cleared updating 0 keys and creating 0 modified pages.
Information	8/31/2016 10:47:05 AM	Microsoft-Windows-WindowsUpdateClient	44	Windows Update Agent	Windows Update started downloading an update.
Information	8/31/2016 10:47:05 AM	Microsoft-Windows-WindowsUpdateClient	44	Windows Update Agent	Windows Update started downloading an update.
Information	8/31/2016 10:46:14 AM	Microsoft-Windows-WindowsUpdateClient	19	Windows Update Agent	Installation Successful: Windows successfully installed the following update: LastPass
Information	8/31/2016 10:46:14 AM	Microsoft-Windows-WindowsUpdateClient	43	Windows Update Agent	Installation Started: Windows has started installing the following update: LastPass
Information	8/31/2016 10:46:12 AM	Microsoft-Windows-Kernel-General	16	None	The access history in hive \??\C:\Users\AndyL\AppData\Local\Packages\LastPass.LastPass_qq0fmhteeht3j\Settings\settings.dat was cleared updating 3 keys and creating 1 modified pages.
Information	8/31/2016 10:46:08 AM	Microsoft-Windows-Kernel-General	16	None	The access history in hive \??\C:\ProgramData\Microsoft\Windows\AppRepository\Packages\LastPass.LastPass_3.0.0.97_neutral__qq0fmhteeht3j\ActivationStore.dat was cleared updating 0 keys and creating 0 modified pages.
Information	8/31/2016 10:46:07 AM	Microsoft-Windows-WindowsUpdateClient	44	Windows Update Agent	Windows Update started downloading an update.
Information	8/31/2016 10:43:58 AM	Microsoft-Windows-WindowsUpdateClient	19	Windows Update Agent	Installation Successful: Windows successfully installed the following update: LastPass: Free Password Manager
Information	8/31/2016 10:43:58 AM	Microsoft-Windows-WindowsUpdateClient	43	Windows Update Agent	Installation Started: Windows has started installing the following update: LastPass: Free Password Manager
Information	8/31/2016 10:43:51 AM	Microsoft-Windows-WindowsUpdateClient	44	Windows Update Agent	Windows Update started downloading an update.
Information	8/31/2016 10:43:09 AM	Service Control Manager	7040	None	The start type of the Remote Access IP ARP Driver service was changed from demand start to auto start.
Information	8/31/2016 10:43:01 AM	Microsoft-Windows-Kernel-General	16	None	The access history in hive \??\C:\Users\AndyL\AppData\Local\Packages\Microsoft.NetworkSpeedTest_8wekyb3d8bbwe\Settings\settings.dat was cleared updating 3 keys and creating 1 modified pages.
Information	8/31/2016 10:42:24 AM	Microsoft-Windows-WindowsUpdateClient	19	Windows Update Agent	Installation Successful: Windows successfully installed the following update: Network Speed Test
Information	8/31/2016 10:42:24 AM	Microsoft-Windows-WindowsUpdateClient	43	Windows Update Agent	Installation Started: Windows has started installing the following update: Network Speed Test
Information	8/31/2016 10:42:19 AM	Microsoft-Windows-Kernel-General	16	None	The access history in hive \??\C:\ProgramData\Microsoft\Windows\AppRepository\Packages\Microsoft.NetworkSpeedTest_1.0.0.23_x64__8wekyb3d8bbwe\ActivationStore.dat was cleared updating 0 keys and creating 0 modified pages.
Information	8/31/2016 10:42:19 AM	Microsoft-Windows-WindowsUpdateClient	44	Windows Update Agent	Windows Update started downloading an update.
Information	8/31/2016 10:41:57 AM	Microsoft-Windows-Kernel-General	16	None	The access history in hive \??\C:\Windows\system32\Microsoft\Protect\Recovery\Recovery.dat was cleared updating 0 keys and creating 0 modified pages.
Information	8/31/2016 10:40:24 AM	Microsoft-Windows-Kernel-General	15	None	Hive \SystemRoot\System32\config\DRIVERS was reorganized with a starting size of 5902336 bytes and an ending size of 5959680 bytes.
Information	8/31/2016 10:36:38 AM	Service Control Manager	7045	None	"A service was installed in the system.

Service Name:  Google Update Service (gupdatem)
Service File Name:  ""C:\Program Files (x86)\Google\Update\GoogleUpdate.exe"" /medsvc
Service Type:  user mode service
Service Start Type:  demand start
Service Account:  LocalSystem"
Information	8/31/2016 10:36:38 AM	Service Control Manager	7045	None	"A service was installed in the system.

Service Name:  Google Update Service (gupdate)
Service File Name:  ""C:\Program Files (x86)\Google\Update\GoogleUpdate.exe"" /svc
Service Type:  user mode service
Service Start Type:  auto start
Service Account:  LocalSystem"
Error	8/31/2016 10:35:45 AM	Microsoft-Windows-DistributedCOM	10016	None	"The application-specific permission settings do not grant Local Activation permission for the COM Server application with CLSID 
{9E175B6D-F52A-11D8-B9A5-505054503030}
 and APPID 
{9E175B9C-F52A-11D8-B9A5-505054503030}
 to the user DESKTOP-EEMI531\AndyL SID (S-1-5-21-1575717692-3803065512-522513972-1001) from address LocalHost (Using LRPC) running in the application container Microsoft.MicrosoftEdge_38.14393.0.0_neutral__8wekyb3d8bbwe SID (S-1-15-2-3624051433-2125758914-1423191267-1740899205-1073925389-3782572162-737981194). This security permission can be modified using the Component Services administrative tool."
Error	8/31/2016 10:35:43 AM	Microsoft-Windows-DistributedCOM	10016	None	"The application-specific permission settings do not grant Local Activation permission for the COM Server application with CLSID 
{8D8F4F83-3594-4F07-8369-FC3C3CAE4919}
 and APPID 
{F72671A9-012C-4725-9D2F-2A4D32D65169}
 to the user NT AUTHORITY\SYSTEM SID (S-1-5-18) from address LocalHost (Using LRPC) running in the application container Unavailable SID (Unavailable). This security permission can be modified using the Component Services administrative tool."
Information	8/31/2016 10:35:14 AM	Microsoft-Windows-Kernel-General	16	None	The access history in hive \??\C:\Users\AndyL\AppData\Local\Packages\Windows.PrintDialog_cw5n1h2txyewy\Settings\settings.dat was cleared updating 3 keys and creating 1 modified pages.
Information	8/31/2016 10:35:14 AM	Microsoft-Windows-Kernel-General	16	None	The access history in hive \??\C:\Users\AndyL\AppData\Local\Packages\Windows.MiracastView_cw5n1h2txyewy\Settings\settings.dat was cleared updating 3 keys and creating 1 modified pages.
Information	8/31/2016 10:35:14 AM	Microsoft-Windows-Kernel-General	16	None	The access history in hive \??\C:\Users\AndyL\AppData\Local\Packages\windows.immersivecontrolpanel_cw5n1h2txyewy\Settings\settings.dat was cleared updating 3 keys and creating 1 modified pages.
Information	8/31/2016 10:35:14 AM	Microsoft-Windows-Kernel-General	16	None	The access history in hive \??\C:\Users\AndyL\AppData\Local\Packages\Windows.ContactSupport_cw5n1h2txyewy\Settings\settings.dat was cleared updating 3 keys and creating 1 modified pages.
Information	8/31/2016 10:35:14 AM	Microsoft-Windows-Kernel-General	16	None	The access history in hive \??\C:\Users\AndyL\AppData\Local\Packages\Microsoft.ZuneMusic_8wekyb3d8bbwe\Settings\settings.dat was cleared updating 3 keys and creating 1 modified pages.
Information	8/31/2016 10:35:14 AM	Microsoft-Windows-Kernel-General	16	None	The access history in hive \??\C:\Users\AndyL\AppData\Local\Packages\Microsoft.XboxIdentityProvider_8wekyb3d8bbwe\Settings\settings.dat was cleared updating 3 keys and creating 1 modified pages.
Information	8/31/2016 10:35:14 AM	Microsoft-Windows-Kernel-General	16	None	The access history in hive \??\C:\Users\AndyL\AppData\Local\Packages\Microsoft.XboxGameCallableUI_cw5n1h2txyewy\Settings\settings.dat was cleared updating 3 keys and creating 1 modified pages.
Information	8/31/2016 10:35:14 AM	Microsoft-Windows-Kernel-General	16	None	The access history in hive \??\C:\Users\AndyL\AppData\Local\Packages\Microsoft.XboxApp_8wekyb3d8bbwe\Settings\settings.dat was cleared updating 3 keys and creating 1 modified pages.
Information	8/31/2016 10:35:14 AM	Microsoft-Windows-Kernel-General	16	None	The access history in hive \??\C:\Users\AndyL\AppData\Local\Packages\Microsoft.WindowsStore_8wekyb3d8bbwe\Settings\settings.dat was cleared updating 3 keys and creating 1 modified pages.
Information	8/31/2016 10:35:14 AM	Microsoft-Windows-Kernel-General	16	None	The access history in hive \??\C:\Users\AndyL\AppData\Local\Packages\Microsoft.WindowsFeedbackHub_8wekyb3d8bbwe\Settings\settings.dat was cleared updating 3 keys and creating 1 modified pages.
Information	8/31/2016 10:35:14 AM	Microsoft-Windows-Kernel-General	16	None	The access history in hive \??\C:\Users\AndyL\AppData\Local\Packages\Microsoft.WindowsCamera_8wekyb3d8bbwe\Settings\settings.dat was cleared updating 3 keys and creating 1 modified pages.
Information	8/31/2016 10:35:13 AM	Microsoft-Windows-Kernel-General	16	None	The access history in hive \??\C:\Users\AndyL\AppData\Local\Packages\Microsoft.Windows.SecureAssessmentBrowser_cw5n1h2txyewy\Settings\settings.dat was cleared updating 3 keys and creating 1 modified pages.
Information	8/31/2016 10:35:13 AM	Microsoft-Windows-Kernel-General	16	None	The access history in hive \??\C:\Users\AndyL\AppData\Local\Packages\Microsoft.Windows.SecondaryTileExperience_cw5n1h2txyewy\Settings\settings.dat was cleared updating 3 keys and creating 1 modified pages.
Information	8/31/2016 10:35:13 AM	Microsoft-Windows-Kernel-General	16	None	The access history in hive \??\C:\Users\AndyL\AppData\Local\Packages\Microsoft.Windows.Photos_8wekyb3d8bbwe\Settings\settings.dat was cleared updating 3 keys and creating 1 modified pages.
Information	8/31/2016 10:35:13 AM	Microsoft-Windows-Kernel-General	16	None	The access history in hive \??\C:\Users\AndyL\AppData\Local\Packages\Microsoft.Windows.ParentalControls_cw5n1h2txyewy\Settings\settings.dat was cleared updating 3 keys and creating 1 modified pages.
Information	8/31/2016 10:35:13 AM	Microsoft-Windows-Kernel-General	16	None	The access history in hive \??\C:\Users\AndyL\AppData\Local\Packages\Microsoft.Windows.CloudExperienceHost_cw5n1h2txyewy\Settings\settings.dat was cleared updating 3 keys and creating 1 modified pages.
Information	8/31/2016 10:35:13 AM	Microsoft-Windows-Kernel-General	16	None	The access history in hive \??\C:\Users\AndyL\AppData\Local\Packages\microsoft.windowscommunicationsapps_8wekyb3d8bbwe\Settings\settings.dat was cleared updating 3 keys and creating 1 modified pages.
Information	8/31/2016 10:35:13 AM	Microsoft-Windows-Kernel-General	16	None	The access history in hive \??\C:\Users\AndyL\AppData\Local\Packages\Microsoft.Windows.AssignedAccessLockApp_cw5n1h2txyewy\Settings\settings.dat was cleared updating 3 keys and creating 1 modified pages.
Information	8/31/2016 10:35:13 AM	Microsoft-Windows-Kernel-General	16	None	The access history in hive \??\C:\Users\AndyL\AppData\Local\Packages\Microsoft.Windows.Apprep.ChxApp_cw5n1h2txyewy\Settings\settings.dat was cleared updating 3 keys and creating 1 modified pages.
Information	8/31/2016 10:35:13 AM	Microsoft-Windows-Kernel-General	16	None	The access history in hive \??\C:\Users\AndyL\AppData\Local\Packages\Microsoft.PPIProjection_cw5n1h2txyewy\Settings\settings.dat was cleared updating 3 keys and creating 1 modified pages.
Information	8/31/2016 10:35:13 AM	Microsoft-Windows-Kernel-General	16	None	The access history in hive \??\C:\Users\AndyL\AppData\Local\Packages\Microsoft.MicrosoftEdge_8wekyb3d8bbwe\Settings\settings.dat was cleared updating 3 keys and creating 1 modified pages.
Information	8/31/2016 10:35:12 AM	Microsoft-Windows-Kernel-General	16	None	The access history in hive \??\C:\Users\AndyL\AppData\Local\Packages\Microsoft.LockApp_cw5n1h2txyewy\Settings\settings.dat was cleared updating 3 keys and creating 1 modified pages.
Information	8/31/2016 10:35:12 AM	Microsoft-Windows-Kernel-General	16	None	The access history in hive \??\C:\Users\AndyL\AppData\Local\Packages\Microsoft.Getstarted_8wekyb3d8bbwe\Settings\settings.dat was cleared updating 3 keys and creating 1 modified pages.
