Error	9/6/2016 8:39:40 AM	disk	154	None	The IO operation at logical block address 0x600858 for Disk 2 (PDO name: \Device\00000058) failed due to a hardware error.
Error	9/6/2016 8:39:40 AM	disk	154	None	The IO operation at logical block address 0x600858 for Disk 2 (PDO name: \Device\00000058) failed due to a hardware error.
Error	9/6/2016 8:39:39 AM	disk	154	None	The IO operation at logical block address 0x600858 for Disk 2 (PDO name: \Device\00000058) failed due to a hardware error.
Error	9/6/2016 8:39:39 AM	disk	154	None	The IO operation at logical block address 0x600858 for Disk 2 (PDO name: \Device\00000058) failed due to a hardware error.
Error	9/6/2016 8:39:38 AM	disk	154	None	The IO operation at logical block address 0x600858 for Disk 2 (PDO name: \Device\00000058) failed due to a hardware error.
Error	9/6/2016 8:39:38 AM	disk	154	None	The IO operation at logical block address 0x600858 for Disk 2 (PDO name: \Device\00000058) failed due to a hardware error.
Error	9/6/2016 8:39:37 AM	disk	154	None	The IO operation at logical block address 0x600858 for Disk 2 (PDO name: \Device\00000058) failed due to a hardware error.
Error	9/6/2016 8:39:37 AM	disk	154	None	The IO operation at logical block address 0x600858 for Disk 2 (PDO name: \Device\00000058) failed due to a hardware error.
Error	9/6/2016 8:39:36 AM	disk	154	None	The IO operation at logical block address 0x600858 for Disk 2 (PDO name: \Device\00000058) failed due to a hardware error.
Error	9/6/2016 8:39:36 AM	disk	154	None	The IO operation at logical block address 0x918 for Disk 2 (PDO name: \Device\00000058) failed due to a hardware error.
Error	9/6/2016 8:39:35 AM	disk	154	None	The IO operation at logical block address 0x918 for Disk 2 (PDO name: \Device\00000058) failed due to a hardware error.
Error	9/6/2016 8:39:35 AM	disk	154	None	The IO operation at logical block address 0x918 for Disk 2 (PDO name: \Device\00000058) failed due to a hardware error.
Error	9/6/2016 8:39:34 AM	disk	154	None	The IO operation at logical block address 0x918 for Disk 2 (PDO name: \Device\00000058) failed due to a hardware error.
Error	9/6/2016 8:39:34 AM	disk	154	None	The IO operation at logical block address 0x920 for Disk 2 (PDO name: \Device\00000058) failed due to a hardware error.
Error	9/6/2016 8:39:33 AM	disk	154	None	The IO operation at logical block address 0x918 for Disk 2 (PDO name: \Device\00000058) failed due to a hardware error.
Error	9/6/2016 8:39:33 AM	disk	154	None	The IO operation at logical block address 0x918 for Disk 2 (PDO name: \Device\00000058) failed due to a hardware error.
Error	9/6/2016 8:39:31 AM	disk	154	None	The IO operation at logical block address 0x918 for Disk 2 (PDO name: \Device\00000058) failed due to a hardware error.
Warning	9/6/2016 7:33:31 AM	Microsoft-Windows-DNS-Client	1014	(1014)	Name resolution for the name outlook.office365.com timed out after none of the configured DNS servers responded.
Warning	9/6/2016 7:12:51 AM	Microsoft-Windows-DNS-Client	1014	(1014)	Name resolution for the name hsd1.co.comcast.net timed out after none of the configured DNS servers responded.
Warning	9/6/2016 7:11:56 AM	Microsoft-Windows-DNS-Client	1014	(1014)	Name resolution for the name bluegranite1-my.sharepoint.com timed out after none of the configured DNS servers responded.
Warning	9/6/2016 5:49:27 AM	Microsoft-Windows-DNS-Client	1014	(1014)	Name resolution for the name api.soundcloud.com timed out after none of the configured DNS servers responded.
Warning	9/6/2016 5:44:08 AM	Microsoft-Windows-DNS-Client	1014	(1014)	Name resolution for the name _ldap._tcp.dc._msdcs.WORKGROUP timed out after none of the configured DNS servers responded.
Warning	9/6/2016 5:40:14 AM	Microsoft-Windows-DNS-Client	1014	(1014)	Name resolution for the name outlook.office365.com timed out after none of the configured DNS servers responded.
Warning	9/6/2016 5:40:03 AM	Microsoft-Windows-DNS-Client	1014	(1014)	Name resolution for the name outlook.office365.com timed out after none of the configured DNS servers responded.
Warning	9/6/2016 5:40:01 AM	Microsoft-Windows-DNS-Client	1014	(1014)	Name resolution for the name bluegranite1-my.sharepoint.com timed out after none of the configured DNS servers responded.
Error	9/6/2016 4:41:46 AM	Schannel	36884	None	The certificate received from the remote server does not contain the expected name. It is therefore not possible to determine whether we are connecting to the correct server. The server name we were expecting is sip.blue-granite.com. The TLS connection request has failed. The attached data contains the server certificate.
Error	9/6/2016 4:41:46 AM	Schannel	36884	None	The certificate received from the remote server does not contain the expected name. It is therefore not possible to determine whether we are connecting to the correct server. The server name we were expecting is sip.blue-granite.com. The TLS connection request has failed. The attached data contains the server certificate.
Error	9/6/2016 4:41:45 AM	Schannel	36884	None	The certificate received from the remote server does not contain the expected name. It is therefore not possible to determine whether we are connecting to the correct server. The server name we were expecting is sip.blue-granite.com. The TLS connection request has failed. The attached data contains the server certificate.
Error	9/6/2016 4:41:45 AM	Schannel	36884	None	The certificate received from the remote server does not contain the expected name. It is therefore not possible to determine whether we are connecting to the correct server. The server name we were expecting is sip.blue-granite.com. The TLS connection request has failed. The attached data contains the server certificate.
Warning	9/6/2016 4:40:29 AM	Microsoft-Windows-DNS-Client	1014	(1014)	Name resolution for the name hsd1.co.comcast.net timed out after none of the configured DNS servers responded.
Warning	9/6/2016 4:39:04 AM	Microsoft-Windows-DNS-Client	1014	(1014)	Name resolution for the name hsd1.co.comcast.net timed out after none of the configured DNS servers responded.
Warning	9/6/2016 4:38:12 AM	Microsoft-Windows-DNS-Client	1014	(1014)	Name resolution for the name wpad timed out after none of the configured DNS servers responded.
Warning	9/6/2016 4:36:32 AM	Microsoft-Windows-DNS-Client	1014	(1014)	Name resolution for the name bluegranite1-my.sharepoint.com timed out after none of the configured DNS servers responded.
Warning	9/6/2016 4:29:16 AM	Microsoft-Windows-DNS-Client	1014	(1014)	Name resolution for the name hsd1.co.comcast.net timed out after none of the configured DNS servers responded.
Warning	9/6/2016 4:26:30 AM	Microsoft-Windows-DNS-Client	1014	(1014)	Name resolution for the name outlook.office365.com timed out after none of the configured DNS servers responded.
Error	9/6/2016 3:44:24 AM	disk	154	None	The IO operation at logical block address 0x0 for Disk 2 (PDO name: \Device\00000058) failed due to a hardware error.
Warning	9/6/2016 3:16:52 AM	Microsoft-Windows-DNS-Client	1014	(1014)	Name resolution for the name hsd1.co.comcast.net timed out after none of the configured DNS servers responded.
Warning	9/6/2016 3:16:06 AM	Microsoft-Windows-DNS-Client	1014	(1014)	Name resolution for the name bluegranite1-my.sharepoint.com timed out after none of the configured DNS servers responded.
Warning	9/6/2016 3:10:19 AM	Microsoft-Windows-DNS-Client	1014	(1014)	Name resolution for the name hsd1.co.comcast.net timed out after none of the configured DNS servers responded.
Warning	9/6/2016 3:09:25 AM	Microsoft-Windows-DNS-Client	1014	(1014)	Name resolution for the name www.googleapis.com timed out after none of the configured DNS servers responded.
Warning	9/6/2016 2:53:02 AM	Microsoft-Windows-DNS-Client	1014	(1014)	Name resolution for the name bluegranite1-my.sharepoint.com timed out after none of the configured DNS servers responded.
Warning	9/6/2016 1:56:41 AM	Microsoft-Windows-DNS-Client	1014	(1014)	Name resolution for the name safebrowsing.google.com timed out after none of the configured DNS servers responded.
Warning	9/6/2016 1:50:04 AM	Microsoft-Windows-DNS-Client	1014	(1014)	Name resolution for the name hsd1.co.comcast.net timed out after none of the configured DNS servers responded.
Warning	9/6/2016 1:49:11 AM	Microsoft-Windows-DNS-Client	1014	(1014)	Name resolution for the name www.googleapis.com timed out after none of the configured DNS servers responded.
Warning	9/6/2016 1:46:34 AM	Microsoft-Windows-DNS-Client	1014	(1014)	Name resolution for the name hsd1.co.comcast.net timed out after none of the configured DNS servers responded.
Warning	9/6/2016 1:45:50 AM	Microsoft-Windows-DNS-Client	1014	(1014)	Name resolution for the name bluegranite1-my.sharepoint.com timed out after none of the configured DNS servers responded.
Warning	9/5/2016 11:38:11 PM	Microsoft-Windows-DNS-Client	1014	(1014)	Name resolution for the name bluegranite1-my.sharepoint.com timed out after none of the configured DNS servers responded.
Error	9/5/2016 10:02:04 PM	Microsoft-Windows-DistributedCOM	10016	None	"The application-specific permission settings do not grant Local Activation permission for the COM Server application with CLSID 
{D63B10C5-BB46-4990-A94F-E40B9D520160}
 and APPID 
{9CA88EE3-ACB7-47C8-AFC4-AB702511C276}
 to the user NT AUTHORITY\SYSTEM SID (S-1-5-18) from address LocalHost (Using LRPC) running in the application container Unavailable SID (Unavailable). This security permission can be modified using the Component Services administrative tool."
Information	9/5/2016 9:44:53 PM	Microsoft-Windows-WindowsUpdateClient	19	Windows Update Agent	Installation Successful: Windows successfully installed the following update: Definition Update for Windows Defender - KB2267602 (Definition 1.227.1672.0)
Information	9/5/2016 9:44:27 PM	Microsoft-Windows-WindowsUpdateClient	43	Windows Update Agent	Installation Started: Windows has started installing the following update: Definition Update for Windows Defender - KB2267602 (Definition 1.227.1672.0)
Information	9/5/2016 9:44:22 PM	Microsoft-Windows-WindowsUpdateClient	44	Windows Update Agent	Windows Update started downloading an update.
Error	9/5/2016 9:44:07 PM	disk	154	None	The IO operation at logical block address 0x0 for Disk 2 (PDO name: \Device\00000058) failed due to a hardware error.
Warning	9/5/2016 9:43:09 PM	Microsoft-Windows-DNS-Client	1014	(1014)	Name resolution for the name imrk.net timed out after none of the configured DNS servers responded.
Warning	9/5/2016 9:02:51 PM	Microsoft-Windows-DNS-Client	1014	(1014)	Name resolution for the name outlook.office365.com timed out after none of the configured DNS servers responded.
Warning	9/5/2016 8:42:46 PM	Microsoft-Windows-DNS-Client	1014	(1014)	Name resolution for the name outlook.office365.com timed out after none of the configured DNS servers responded.
Warning	9/5/2016 8:33:47 PM	Microsoft-Windows-DNS-Client	1014	(1014)	Name resolution for the name hsd1.co.comcast.net timed out after none of the configured DNS servers responded.
Warning	9/5/2016 8:33:00 PM	Microsoft-Windows-DNS-Client	1014	(1014)	Name resolution for the name bluegranite1-my.sharepoint.com timed out after none of the configured DNS servers responded.
Warning	9/5/2016 8:24:26 PM	Microsoft-Windows-DNS-Client	1014	(1014)	Name resolution for the name api.soundcloud.com timed out after none of the configured DNS servers responded.
Warning	9/5/2016 7:48:47 PM	Microsoft-Windows-DNS-Client	1014	(1014)	Name resolution for the name hsd1.co.comcast.net timed out after none of the configured DNS servers responded.
Warning	9/5/2016 7:48:00 PM	Microsoft-Windows-DNS-Client	1014	(1014)	Name resolution for the name xcomet07.todoist.com timed out after none of the configured DNS servers responded.
Warning	9/5/2016 6:11:33 PM	Microsoft-Windows-DNS-Client	1014	(1014)	Name resolution for the name hsd1.co.comcast.net timed out after none of the configured DNS servers responded.
Warning	9/5/2016 6:10:51 PM	Microsoft-Windows-DNS-Client	1014	(1014)	Name resolution for the name bluegranite1-my.sharepoint.com timed out after none of the configured DNS servers responded.
Warning	9/5/2016 5:26:48 PM	Microsoft-Windows-DNS-Client	1014	(1014)	Name resolution for the name hsd1.co.comcast.net timed out after none of the configured DNS servers responded.
Warning	9/5/2016 5:26:07 PM	Microsoft-Windows-DNS-Client	1014	(1014)	Name resolution for the name c.go-mpulse.net timed out after none of the configured DNS servers responded.
Warning	9/5/2016 5:05:52 PM	Microsoft-Windows-DNS-Client	1014	(1014)	Name resolution for the name www.googleapis.com timed out after none of the configured DNS servers responded.
Information	9/5/2016 4:38:37 PM	Microsoft-Windows-Kernel-General	1	(5)	"The system time has changed to ‎2016‎-‎09‎-‎05T22:38:37.820000000Z from ‎2016‎-‎09‎-‎05T22:38:37.820910600Z.

Change Reason: An application or system component changed the time."
Information	9/5/2016 4:38:37 PM	Microsoft-Windows-Time-Service	35	None	The time service is now synchronizing the system time with the time source time.windows.com,0x9 (ntp.m|0x9|0.0.0.0:123->40.76.58.209:123).
Information	9/5/2016 4:38:23 PM	Microsoft-Windows-Time-Service	37	None	The time provider NtpClient is currently receiving valid time data from time.windows.com,0x9 (ntp.m|0x9|0.0.0.0:123->40.76.58.209:123).
Information	9/5/2016 4:38:21 PM	Microsoft-Windows-Time-Service	158	None	The time provider 'VMICTimeProvider' has indicated that the current hardware and operating environment is not supported and has stopped. This behavior is expected for VMICTimeProvider on non-HyperV-guest environments. This may be the expected behavior for the current provider in the current operating environment as well.
Warning	9/5/2016 3:38:05 PM	Microsoft-Windows-DNS-Client	1014	(1014)	Name resolution for the name xcomet07.todoist.com timed out after none of the configured DNS servers responded.
Warning	9/5/2016 3:19:47 PM	Microsoft-Windows-DNS-Client	1014	(1014)	Name resolution for the name hsd1.co.comcast.net timed out after none of the configured DNS servers responded.
Warning	9/5/2016 3:14:20 PM	Microsoft-Windows-DNS-Client	1014	(1014)	Name resolution for the name bluegranite1-my.sharepoint.com timed out after none of the configured DNS servers responded.
Warning	9/5/2016 2:25:20 PM	Microsoft-Windows-DNS-Client	1014	(1014)	Name resolution for the name www.googleapis.com timed out after none of the configured DNS servers responded.
Warning	9/5/2016 2:10:47 PM	Microsoft-Windows-DNS-Client	1014	(1014)	Name resolution for the name outlook.office365.com timed out after none of the configured DNS servers responded.
Warning	9/5/2016 1:03:27 PM	Microsoft-Windows-DNS-Client	1014	(1014)	Name resolution for the name bluegranite1-my.sharepoint.com timed out after none of the configured DNS servers responded.
Information	9/5/2016 12:00:00 PM	EventLog	6013	None	The system uptime is 336051 seconds.
Warning	9/5/2016 10:12:32 AM	Microsoft-Windows-DNS-Client	1014	(1014)	Name resolution for the name www.odrive.com timed out after none of the configured DNS servers responded.
Warning	9/5/2016 9:49:49 AM	Microsoft-Windows-DNS-Client	1014	(1014)	Name resolution for the name hsd1.co.comcast.net timed out after none of the configured DNS servers responded.
Warning	9/5/2016 9:48:57 AM	Microsoft-Windows-DNS-Client	1014	(1014)	Name resolution for the name wpad timed out after none of the configured DNS servers responded.
Warning	9/5/2016 9:47:16 AM	Microsoft-Windows-DNS-Client	1014	(1014)	Name resolution for the name nexus.officeapps.live.com timed out after none of the configured DNS servers responded.
Warning	9/5/2016 9:17:17 AM	Microsoft-Windows-DNS-Client	1014	(1014)	Name resolution for the name hsd1.co.comcast.net timed out after none of the configured DNS servers responded.
Warning	9/5/2016 9:16:28 AM	Microsoft-Windows-DNS-Client	1014	(1014)	Name resolution for the name clients2.google.com timed out after none of the configured DNS servers responded.
Warning	9/5/2016 9:03:45 AM	Microsoft-Windows-DNS-Client	1014	(1014)	Name resolution for the name management.azure.com timed out after none of the configured DNS servers responded.
Error	9/5/2016 7:48:18 AM	Microsoft-Windows-DistributedCOM	10016	None	"The application-specific permission settings do not grant Local Activation permission for the COM Server application with CLSID 
{D63B10C5-BB46-4990-A94F-E40B9D520160}
 and APPID 
{9CA88EE3-ACB7-47C8-AFC4-AB702511C276}
 to the user NT AUTHORITY\SYSTEM SID (S-1-5-18) from address LocalHost (Using LRPC) running in the application container Unavailable SID (Unavailable). This security permission can be modified using the Component Services administrative tool."
Warning	9/5/2016 7:27:03 AM	Microsoft-Windows-DNS-Client	1014	(1014)	Name resolution for the name xcomet07.todoist.com timed out after none of the configured DNS servers responded.
Error	9/5/2016 7:17:58 AM	disk	154	None	The IO operation at logical block address 0x0 for Disk 2 (PDO name: \Device\00000058) failed due to a hardware error.
Information	9/5/2016 7:17:55 AM	Microsoft-Windows-Kernel-General	1	(5)	"The system time has changed to ‎2016‎-‎09‎-‎05T13:17:55.321000000Z from ‎2016‎-‎09‎-‎05T13:17:55.321118300Z.

Change Reason: An application or system component changed the time."
Information	9/5/2016 7:17:55 AM	Microsoft-Windows-Time-Service	35	None	The time service is now synchronizing the system time with the time source time.windows.com,0x9 (ntp.m|0x9|0.0.0.0:123->40.76.58.209:123).
Information	9/5/2016 7:17:40 AM	Microsoft-Windows-Time-Service	37	None	The time provider NtpClient is currently receiving valid time data from time.windows.com,0x9 (ntp.m|0x9|0.0.0.0:123->40.76.58.209:123).
Information	9/5/2016 7:17:39 AM	Microsoft-Windows-Time-Service	158	None	The time provider 'VMICTimeProvider' has indicated that the current hardware and operating environment is not supported and has stopped. This behavior is expected for VMICTimeProvider on non-HyperV-guest environments. This may be the expected behavior for the current provider in the current operating environment as well.
Warning	9/5/2016 6:10:16 AM	Microsoft-Windows-DNS-Client	1014	(1014)	Name resolution for the name na6.replicon.com timed out after none of the configured DNS servers responded.
Warning	9/5/2016 6:09:21 AM	Microsoft-Windows-DNS-Client	1014	(1014)	Name resolution for the name outlook.office365.com timed out after none of the configured DNS servers responded.
Error	9/5/2016 4:23:55 AM	disk	154	None	The IO operation at logical block address 0x0 for Disk 2 (PDO name: \Device\00000058) failed due to a hardware error.
Warning	9/5/2016 2:39:03 AM	Microsoft-Windows-DNS-Client	1014	(1014)	Name resolution for the name hsd1.co.comcast.net timed out after none of the configured DNS servers responded.
Warning	9/5/2016 2:38:14 AM	Microsoft-Windows-DNS-Client	1014	(1014)	Name resolution for the name mscompute2.iaas.ext.azure.com timed out after none of the configured DNS servers responded.
Warning	9/5/2016 1:27:02 AM	Microsoft-Windows-DNS-Client	1014	(1014)	Name resolution for the name management.azure.com timed out after none of the configured DNS servers responded.
Warning	9/4/2016 11:52:33 PM	Microsoft-Windows-DNS-Client	1014	(1014)	Name resolution for the name na6.replicon.com timed out after none of the configured DNS servers responded.
Warning	9/4/2016 10:32:31 PM	Microsoft-Windows-DNS-Client	1014	(1014)	Name resolution for the name nexus.officeapps.live.com timed out after none of the configured DNS servers responded.
Warning	9/4/2016 10:28:48 PM	Microsoft-Windows-DNS-Client	1014	(1014)	Name resolution for the name hsd1.co.comcast.net timed out after none of the configured DNS servers responded.
Warning	9/4/2016 10:28:39 PM	Microsoft-Windows-DNS-Client	1014	(1014)	Name resolution for the name na6.replicon.com timed out after none of the configured DNS servers responded.
Warning	9/4/2016 10:28:35 PM	Microsoft-Windows-DNS-Client	1014	(1014)	Name resolution for the name xcomet07.todoist.com timed out after none of the configured DNS servers responded.
Warning	9/4/2016 10:28:04 PM	Microsoft-Windows-DNS-Client	1014	(1014)	Name resolution for the name www.googleapis.com timed out after none of the configured DNS servers responded.
Warning	9/4/2016 9:30:07 PM	Microsoft-Windows-DNS-Client	1014	(1014)	Name resolution for the name bluegranite1-my.sharepoint.com timed out after none of the configured DNS servers responded.
Warning	9/4/2016 9:15:32 PM	Microsoft-Windows-DNS-Client	1014	(1014)	Name resolution for the name bluegranite1-my.sharepoint.com timed out after none of the configured DNS servers responded.
Information	9/4/2016 9:02:30 PM	Microsoft-Windows-WindowsUpdateClient	19	Windows Update Agent	Installation Successful: Windows successfully installed the following update: Definition Update for Windows Defender - KB2267602 (Definition 1.227.1605.0)
Information	9/4/2016 9:02:20 PM	Microsoft-Windows-WindowsUpdateClient	43	Windows Update Agent	Installation Started: Windows has started installing the following update: Definition Update for Windows Defender - KB2267602 (Definition 1.227.1605.0)
Information	9/4/2016 9:02:15 PM	Microsoft-Windows-WindowsUpdateClient	44	Windows Update Agent	Windows Update started downloading an update.
Error	9/4/2016 9:02:06 PM	disk	154	None	The IO operation at logical block address 0x0 for Disk 2 (PDO name: \Device\00000058) failed due to a hardware error.
Warning	9/4/2016 8:05:38 PM	Microsoft-Windows-DNS-Client	1014	(1014)	Name resolution for the name safebrowsing-cache.google.com timed out after none of the configured DNS servers responded.
Warning	9/4/2016 6:10:41 PM	Microsoft-Windows-DNS-Client	1014	(1014)	Name resolution for the name hsd1.co.comcast.net timed out after none of the configured DNS servers responded.
Warning	9/4/2016 6:09:07 PM	Microsoft-Windows-DNS-Client	1014	(1014)	Name resolution for the name api.onedrive.com timed out after none of the configured DNS servers responded.
Warning	9/4/2016 4:19:35 PM	Microsoft-Windows-DNS-Client	1014	(1014)	Name resolution for the name api.dropbox.com timed out after none of the configured DNS servers responded.
Warning	9/4/2016 3:29:23 PM	Microsoft-Windows-DNS-Client	1014	(1014)	Name resolution for the name api.dropbox.com timed out after none of the configured DNS servers responded.
Warning	9/4/2016 3:11:48 PM	Microsoft-Windows-DNS-Client	1014	(1014)	Name resolution for the name bluegranite1-my.sharepoint.com timed out after none of the configured DNS servers responded.
Warning	9/4/2016 3:00:09 PM	Microsoft-Windows-DNS-Client	1014	(1014)	Name resolution for the name api.onedrive.com timed out after none of the configured DNS servers responded.
Warning	9/4/2016 1:47:11 PM	Microsoft-Windows-DNS-Client	1014	(1014)	Name resolution for the name api.dropbox.com timed out after none of the configured DNS servers responded.
Warning	9/4/2016 12:25:29 PM	Microsoft-Windows-DNS-Client	1014	(1014)	Name resolution for the name hsd1.co.comcast.net timed out after none of the configured DNS servers responded.
Warning	9/4/2016 12:21:16 PM	Microsoft-Windows-DNS-Client	1014	(1014)	Name resolution for the name nexus.officeapps.live.com timed out after none of the configured DNS servers responded.
Information	9/4/2016 12:00:00 PM	EventLog	6013	None	The system uptime is 249651 seconds.
Error	9/4/2016 9:45:09 AM	Microsoft-Windows-DistributedCOM	10016	None	"The application-specific permission settings do not grant Local Activation permission for the COM Server application with CLSID 
{D63B10C5-BB46-4990-A94F-E40B9D520160}
 and APPID 
{9CA88EE3-ACB7-47C8-AFC4-AB702511C276}
 to the user NT AUTHORITY\SYSTEM SID (S-1-5-18) from address LocalHost (Using LRPC) running in the application container Unavailable SID (Unavailable). This security permission can be modified using the Component Services administrative tool."
Warning	9/4/2016 9:23:49 AM	Microsoft-Windows-DNS-Client	1014	(1014)	Name resolution for the name hsd1.co.comcast.net timed out after none of the configured DNS servers responded.
Warning	9/4/2016 9:13:37 AM	Microsoft-Windows-DNS-Client	1014	(1014)	Name resolution for the name management.azure.com timed out after none of the configured DNS servers responded.
Warning	9/4/2016 7:42:28 AM	Microsoft-Windows-DNS-Client	1014	(1014)	Name resolution for the name management.azure.com timed out after none of the configured DNS servers responded.
Warning	9/4/2016 7:36:32 AM	Microsoft-Windows-DNS-Client	1014	(1014)	Name resolution for the name outlook.office365.com timed out after none of the configured DNS servers responded.
Warning	9/4/2016 7:33:33 AM	Microsoft-Windows-DNS-Client	1014	(1014)	Name resolution for the name hsd1.co.comcast.net timed out after none of the configured DNS servers responded.
Warning	9/4/2016 7:32:54 AM	Microsoft-Windows-DNS-Client	1014	(1014)	Name resolution for the name management.azure.com timed out after none of the configured DNS servers responded.
Warning	9/4/2016 7:20:39 AM	Microsoft-Windows-DNS-Client	1014	(1014)	Name resolution for the name nexus.officeapps.live.com timed out after none of the configured DNS servers responded.
Warning	9/4/2016 6:47:48 AM	Microsoft-Windows-DNS-Client	1014	(1014)	Name resolution for the name management.azure.com timed out after none of the configured DNS servers responded.
Warning	9/4/2016 6:34:07 AM	Microsoft-Windows-DNS-Client	1014	(1014)	Name resolution for the name management.azure.com timed out after none of the configured DNS servers responded.
Warning	9/4/2016 6:25:26 AM	Microsoft-Windows-DNS-Client	1014	(1014)	Name resolution for the name hsd1.co.comcast.net timed out after none of the configured DNS servers responded.
Warning	9/4/2016 6:24:03 AM	Microsoft-Windows-DNS-Client	1014	(1014)	Name resolution for the name hsd1.co.comcast.net timed out after none of the configured DNS servers responded.
Warning	9/4/2016 6:23:10 AM	Microsoft-Windows-DNS-Client	1014	(1014)	Name resolution for the name portal.azure.com timed out after none of the configured DNS servers responded.
Error	9/4/2016 4:45:59 AM	disk	154	None	The IO operation at logical block address 0x0 for Disk 2 (PDO name: \Device\00000058) failed due to a hardware error.
Warning	9/4/2016 4:39:03 AM	Microsoft-Windows-DNS-Client	1014	(1014)	Name resolution for the name hsd1.co.comcast.net timed out after none of the configured DNS servers responded.
Warning	9/4/2016 4:38:13 AM	Microsoft-Windows-DNS-Client	1014	(1014)	Name resolution for the name mscompute2.iaas.ext.azure.com timed out after none of the configured DNS servers responded.
Warning	9/4/2016 3:46:47 AM	Microsoft-Windows-DNS-Client	1014	(1014)	Name resolution for the name hsd1.co.comcast.net timed out after none of the configured DNS servers responded.
Warning	9/4/2016 3:46:03 AM	Microsoft-Windows-DNS-Client	1014	(1014)	Name resolution for the name xcomet07.todoist.com timed out after none of the configured DNS servers responded.
Warning	9/4/2016 1:52:38 AM	Microsoft-Windows-DNS-Client	1014	(1014)	Name resolution for the name www.googleapis.com timed out after none of the configured DNS servers responded.
Warning	9/4/2016 1:36:32 AM	Microsoft-Windows-DNS-Client	1014	(1014)	Name resolution for the name hsd1.co.comcast.net timed out after none of the configured DNS servers responded.
Warning	9/4/2016 1:35:42 AM	Microsoft-Windows-DNS-Client	1014	(1014)	Name resolution for the name outlook.office365.com timed out after none of the configured DNS servers responded.
Information	9/3/2016 8:09:48 PM	Microsoft-Windows-WindowsUpdateClient	19	Windows Update Agent	Installation Successful: Windows successfully installed the following update: Definition Update for Windows Defender - KB2267602 (Definition 1.227.1516.0)
Information	9/3/2016 8:09:25 PM	Microsoft-Windows-WindowsUpdateClient	43	Windows Update Agent	Installation Started: Windows has started installing the following update: Definition Update for Windows Defender - KB2267602 (Definition 1.227.1516.0)
Information	9/3/2016 8:09:20 PM	Microsoft-Windows-WindowsUpdateClient	44	Windows Update Agent	Windows Update started downloading an update.
Error	9/3/2016 8:09:03 PM	disk	154	None	The IO operation at logical block address 0x0 for Disk 2 (PDO name: \Device\00000058) failed due to a hardware error.
Warning	9/3/2016 6:33:35 PM	Microsoft-Windows-DNS-Client	1014	(1014)	Name resolution for the name mscompute2.iaas.ext.azure.com timed out after none of the configured DNS servers responded.
Information	9/3/2016 6:10:39 PM	Microsoft-Windows-Kernel-General	11	None	TxR init phase for hive \??\GLOBALROOT\Device\HarddiskVolumeShadowCopy1\Windows\System32\config\DRIVERS (TM: {BE0659D3-7158-11E6-A663-185E0F79BF66}, RM: {BE0659D2-7158-11E6-A663-185E0F79BF66}) finished with result=0xC00000A2 (Internal code=7).
Information	9/3/2016 6:10:39 PM	Microsoft-Windows-Kernel-General	11	None	TxR init phase for hive \??\GLOBALROOT\Device\HarddiskVolumeShadowCopy1\Windows\System32\config\SYSTEM (TM: {BE0659D1-7158-11E6-A663-185E0F79BF66}, RM: {BE0659D0-7158-11E6-A663-185E0F79BF66}) finished with result=0xC00000A2 (Internal code=7).
Information	9/3/2016 6:10:27 PM	Microsoft-Windows-Kernel-General	11	None	TxR init phase for hive \??\GLOBALROOT\Device\HarddiskVolumeShadowCopy2\Windows\System32\config\DRIVERS (TM: {BE0659B0-7158-11E6-A663-185E0F79BF66}, RM: {BE0659AF-7158-11E6-A663-185E0F79BF66}) finished with result=0xC00000A2 (Internal code=7).
Information	9/3/2016 6:10:26 PM	Microsoft-Windows-Kernel-General	11	None	TxR init phase for hive \??\GLOBALROOT\Device\HarddiskVolumeShadowCopy2\Windows\System32\config\SYSTEM (TM: {BE0659AE-7158-11E6-A663-185E0F79BF66}, RM: {BE0659AD-7158-11E6-A663-185E0F79BF66}) finished with result=0xC00000A2 (Internal code=7).
Information	9/3/2016 6:10:14 PM	Microsoft-Windows-Kernel-General	11	None	TxR init phase for hive \??\GLOBALROOT\Device\HarddiskVolumeShadowCopy3\Windows\System32\config\DRIVERS (TM: {BE06598E-7158-11E6-A663-185E0F79BF66}, RM: {BE06598D-7158-11E6-A663-185E0F79BF66}) finished with result=0xC00000A2 (Internal code=7).
Information	9/3/2016 6:10:14 PM	Microsoft-Windows-Kernel-General	11	None	TxR init phase for hive \??\GLOBALROOT\Device\HarddiskVolumeShadowCopy3\Windows\System32\config\SYSTEM (TM: {BE06598C-7158-11E6-A663-185E0F79BF66}, RM: {BE06598B-7158-11E6-A663-185E0F79BF66}) finished with result=0xC00000A2 (Internal code=7).
Information	9/3/2016 6:10:02 PM	Microsoft-Windows-Kernel-General	11	None	TxR init phase for hive \??\GLOBALROOT\Device\HarddiskVolumeShadowCopy4\Windows\System32\config\DRIVERS (TM: {BE06596D-7158-11E6-A663-185E0F79BF66}, RM: {BE06596C-7158-11E6-A663-185E0F79BF66}) finished with result=0xC00000A2 (Internal code=7).
Information	9/3/2016 6:10:02 PM	Microsoft-Windows-Kernel-General	11	None	TxR init phase for hive \??\GLOBALROOT\Device\HarddiskVolumeShadowCopy4\Windows\System32\config\SYSTEM (TM: {BE06596B-7158-11E6-A663-185E0F79BF66}, RM: {BE06596A-7158-11E6-A663-185E0F79BF66}) finished with result=0xC00000A2 (Internal code=7).
Information	9/3/2016 6:08:11 PM	Microsoft-Windows-Kernel-General	1	(5)	"The system time has changed to ‎2016‎-‎09‎-‎04T00:08:11.062000000Z from ‎2016‎-‎09‎-‎04T00:08:11.063251400Z.

Change Reason: An application or system component changed the time."
Information	9/3/2016 6:08:11 PM	Microsoft-Windows-Time-Service	35	None	The time service is now synchronizing the system time with the time source time.windows.com,0x9 (ntp.m|0x9|0.0.0.0:123->40.76.58.209:123).
Information	9/3/2016 6:07:56 PM	Microsoft-Windows-Time-Service	37	None	The time provider NtpClient is currently receiving valid time data from time.windows.com,0x9 (ntp.m|0x9|0.0.0.0:123->40.76.58.209:123).
Information	9/3/2016 6:07:55 PM	Microsoft-Windows-Time-Service	158	None	The time provider 'VMICTimeProvider' has indicated that the current hardware and operating environment is not supported and has stopped. This behavior is expected for VMICTimeProvider on non-HyperV-guest environments. This may be the expected behavior for the current provider in the current operating environment as well.
Error	9/3/2016 6:06:26 PM	Microsoft-Windows-DistributedCOM	10016	None	"The application-specific permission settings do not grant Local Activation permission for the COM Server application with CLSID 
{D63B10C5-BB46-4990-A94F-E40B9D520160}
 and APPID 
{9CA88EE3-ACB7-47C8-AFC4-AB702511C276}
 to the user NT AUTHORITY\SYSTEM SID (S-1-5-18) from address LocalHost (Using LRPC) running in the application container Unavailable SID (Unavailable). This security permission can be modified using the Component Services administrative tool."
Error	9/3/2016 6:00:13 PM	disk	154	None	The IO operation at logical block address 0x0 for Disk 2 (PDO name: \Device\00000058) failed due to a hardware error.
Information	9/3/2016 5:58:38 PM	Microsoft-Windows-WindowsUpdateClient	19	Windows Update Agent	Installation Successful: Windows successfully installed the following update: OneNote
Information	9/3/2016 5:58:38 PM	Microsoft-Windows-WindowsUpdateClient	43	Windows Update Agent	Installation Started: Windows has started installing the following update: OneNote
Information	9/3/2016 5:58:32 PM	Microsoft-Windows-Kernel-General	16	None	The access history in hive \??\C:\ProgramData\Microsoft\Windows\AppRepository\Packages\Microsoft.Office.OneNote_17.7341.57791.0_x64__8wekyb3d8bbwe\ActivationStore.dat was cleared updating 0 keys and creating 0 modified pages.
Information	9/3/2016 5:58:17 PM	Microsoft-Windows-WindowsUpdateClient	44	Windows Update Agent	Windows Update started downloading an update.
Error	9/3/2016 5:58:05 PM	disk	154	None	The IO operation at logical block address 0x0 for Disk 2 (PDO name: \Device\00000058) failed due to a hardware error.
Error	9/3/2016 5:55:16 PM	disk	154	None	The IO operation at logical block address 0x0 for Disk 2 (PDO name: \Device\00000058) failed due to a hardware error.
Information	9/3/2016 5:55:05 PM	e1dexpress	32	None	"Intel(R) Ethernet Connection (3) I218-LM
 Network link has been established at 1Gbps full duplex.
"
Information	9/3/2016 5:55:03 PM	BTHUSB	18	None	Windows cannot store Bluetooth authentication codes (link keys) on the local adapter. Bluetooth keyboards might not work in the system BIOS during startup.
Information	9/3/2016 5:55:02 PM	Microsoft-Windows-Kernel-Power	131	(33)	Firmware S3 times. ResumeCount: 1, FullResume: 436, AverageResume: 436
Information	9/3/2016 5:55:01 PM	Microsoft-Windows-Kernel-General	1	(5)	"The system time has changed to ‎2016‎-‎09‎-‎03T23:55:01.500000000Z from ‎2016‎-‎09‎-‎03T05:18:19.684048900Z.

Change Reason: System time synchronized with the hardware clock."
Information	9/2/2016 11:18:19 PM	Microsoft-Windows-Kernel-Power	107	(102)	The system has resumed from sleep.
Information	9/3/2016 5:55:02 PM	EventLog	6013	None	The system uptime is 184553 seconds.
Information	9/2/2016 11:18:14 PM	Microsoft-Windows-Kernel-Power	42	(64)	"The system is entering sleep.

Sleep Reason: Application API"
Error	9/2/2016 11:18:02 PM	Microsoft-Windows-DistributedCOM	10016	None	"The application-specific permission settings do not grant Local Activation permission for the COM Server application with CLSID 
{D63B10C5-BB46-4990-A94F-E40B9D520160}
 and APPID 
{9CA88EE3-ACB7-47C8-AFC4-AB702511C276}
 to the user NT AUTHORITY\SYSTEM SID (S-1-5-18) from address LocalHost (Using LRPC) running in the application container Unavailable SID (Unavailable). This security permission can be modified using the Component Services administrative tool."
Warning	9/2/2016 10:46:25 PM	Microsoft-Windows-DNS-Client	1014	(1014)	Name resolution for the name wpad timed out after none of the configured DNS servers responded.
Warning	9/2/2016 10:45:29 PM	Microsoft-Windows-DNS-Client	1014	(1014)	Name resolution for the name _ldap._tcp.dc._msdcs.WORKGROUP timed out after none of the configured DNS servers responded.
Warning	9/2/2016 10:44:56 PM	Microsoft-Windows-DNS-Client	1014	(1014)	Name resolution for the name bluegranite1-my.sharepoint.com timed out after none of the configured DNS servers responded.
Error	9/2/2016 10:10:27 PM	Schannel	36884	None	The certificate received from the remote server does not contain the expected name. It is therefore not possible to determine whether we are connecting to the correct server. The server name we were expecting is sip.blue-granite.com. The TLS connection request has failed. The attached data contains the server certificate.
Error	9/2/2016 10:10:27 PM	Schannel	36884	None	The certificate received from the remote server does not contain the expected name. It is therefore not possible to determine whether we are connecting to the correct server. The server name we were expecting is sip.blue-granite.com. The TLS connection request has failed. The attached data contains the server certificate.
Error	9/2/2016 10:10:27 PM	Schannel	36884	None	The certificate received from the remote server does not contain the expected name. It is therefore not possible to determine whether we are connecting to the correct server. The server name we were expecting is sip.blue-granite.com. The TLS connection request has failed. The attached data contains the server certificate.
Error	9/2/2016 10:10:27 PM	Schannel	36884	None	The certificate received from the remote server does not contain the expected name. It is therefore not possible to determine whether we are connecting to the correct server. The server name we were expecting is sip.blue-granite.com. The TLS connection request has failed. The attached data contains the server certificate.
Warning	9/2/2016 10:09:33 PM	Microsoft-Windows-DNS-Client	1014	(1014)	Name resolution for the name lyncdiscoverinternal.blue-granite.com timed out after none of the configured DNS servers responded.
Warning	9/2/2016 10:09:28 PM	Microsoft-Windows-DNS-Client	1014	(1014)	Name resolution for the name isatap.hsd1.co.comcast.net timed out after none of the configured DNS servers responded.
Warning	9/2/2016 10:08:48 PM	Microsoft-Windows-DNS-Client	1014	(1014)	Name resolution for the name management.azure.com timed out after none of the configured DNS servers responded.
Information	9/2/2016 6:23:05 PM	e1dexpress	32	None	"Intel(R) Ethernet Connection (3) I218-LM
 Network link has been established at 1Gbps full duplex.
"
Error	9/2/2016 6:22:23 PM	disk	154	None	The IO operation at logical block address 0x0 for Disk 2 (PDO name: \Device\00000058) failed due to a hardware error.
Information	9/2/2016 6:22:22 PM	Microsoft-Windows-Ntfs	98	None	Volume F: (\Device\HarddiskVolume8) is healthy.  No action is needed.
Error	9/2/2016 6:22:14 PM	disk	154	None	The IO operation at logical block address 0x0 for Disk 2 (PDO name: \Device\00000058) failed due to a hardware error.
Warning	9/2/2016 6:22:12 PM	e1dexpress	27	None	"Intel(R) Ethernet Connection (3) I218-LM
 Network link is disconnected.
"
Information	9/2/2016 6:20:15 PM	Microsoft-Windows-WindowsUpdateClient	19	Windows Update Agent	Installation Successful: Windows successfully installed the following update: Definition Update for Windows Defender - KB2267602 (Definition 1.227.1478.0)
Information	9/2/2016 6:20:03 PM	Microsoft-Windows-WindowsUpdateClient	43	Windows Update Agent	Installation Started: Windows has started installing the following update: Definition Update for Windows Defender - KB2267602 (Definition 1.227.1478.0)
Information	9/2/2016 6:20:03 PM	Microsoft-Windows-WindowsUpdateClient	44	Windows Update Agent	Windows Update started downloading an update.
Error	9/2/2016 6:19:50 PM	disk	154	None	The IO operation at logical block address 0x0 for Disk 2 (PDO name: \Device\00000058) failed due to a hardware error.
Warning	9/2/2016 5:01:28 PM	Microsoft-Windows-DNS-Client	1014	(1014)	Name resolution for the name management.azure.com timed out after none of the configured DNS servers responded.
Error	9/2/2016 4:49:47 PM	Microsoft-Windows-DistributedCOM	10016	None	"The application-specific permission settings do not grant Local Activation permission for the COM Server application with CLSID 
{D63B10C5-BB46-4990-A94F-E40B9D520160}
 and APPID 
{9CA88EE3-ACB7-47C8-AFC4-AB702511C276}
 to the user NT AUTHORITY\SYSTEM SID (S-1-5-18) from address LocalHost (Using LRPC) running in the application container Unavailable SID (Unavailable). This security permission can be modified using the Component Services administrative tool."
Error	9/2/2016 3:32:04 PM	disk	154	None	The IO operation at logical block address 0x0 for Disk 2 (PDO name: \Device\00000058) failed due to a hardware error.
Error	9/2/2016 3:29:59 PM	disk	154	None	The IO operation at logical block address 0x800 for Disk 2 (PDO name: \Device\00000058) failed due to a hardware error.
Error	9/2/2016 3:29:58 PM	disk	154	None	The IO operation at logical block address 0x800 for Disk 2 (PDO name: \Device\00000058) failed due to a hardware error.
Error	9/2/2016 3:29:57 PM	disk	154	None	The IO operation at logical block address 0x0 for Disk 2 (PDO name: \Device\00000058) failed due to a hardware error.
Error	9/2/2016 2:33:35 PM	disk	154	None	The IO operation at logical block address 0x0 for Disk 2 (PDO name: \Device\00000058) failed due to a hardware error.
Error	9/2/2016 2:33:34 PM	disk	154	None	The IO operation at logical block address 0x0 for Disk 2 (PDO name: \Device\00000058) failed due to a hardware error.
Warning	9/2/2016 2:32:22 PM	disk	153	None	The IO operation at logical block address 0x0 for Disk 2 (PDO name: \Device\00000058) was retried.
Information	9/2/2016 2:31:41 PM	Microsoft-Windows-Ntfs	98	None	Volume F: (\Device\HarddiskVolume7) is healthy.  No action is needed.
Warning	9/2/2016 2:31:16 PM	Microsoft-Windows-Kernel-Processor-Power	37	(7)	The speed of processor 0 in group 0 is being limited by system firmware. The processor has been in this reduced performance state for 6 seconds since the last report.
Information	9/2/2016 12:45:58 PM	Microsoft-Windows-Kernel-General	1	(5)	"The system time has changed to ‎2016‎-‎09‎-‎02T18:45:58.863000000Z from ‎2016‎-‎09‎-‎02T18:45:58.863547100Z.

Change Reason: An application or system component changed the time."
Information	9/2/2016 12:45:58 PM	Microsoft-Windows-Time-Service	35	None	The time service is now synchronizing the system time with the time source time.windows.com,0x9 (ntp.m|0x9|0.0.0.0:123->40.76.58.209:123).
Information	9/2/2016 12:45:44 PM	Microsoft-Windows-Time-Service	37	None	The time provider NtpClient is currently receiving valid time data from time.windows.com,0x9 (ntp.m|0x9|0.0.0.0:123->40.76.58.209:123).
Information	9/2/2016 12:45:42 PM	Microsoft-Windows-Time-Service	158	None	The time provider 'VMICTimeProvider' has indicated that the current hardware and operating environment is not supported and has stopped. This behavior is expected for VMICTimeProvider on non-HyperV-guest environments. This may be the expected behavior for the current provider in the current operating environment as well.
Information	9/2/2016 12:00:00 PM	EventLog	6013	None	The system uptime is 76851 seconds.
Error	9/2/2016 7:29:31 AM	Microsoft-Windows-DistributedCOM	10016	None	"The application-specific permission settings do not grant Local Activation permission for the COM Server application with CLSID 
{D63B10C5-BB46-4990-A94F-E40B9D520160}
 and APPID 
{9CA88EE3-ACB7-47C8-AFC4-AB702511C276}
 to the user NT AUTHORITY\SYSTEM SID (S-1-5-18) from address LocalHost (Using LRPC) running in the application container Unavailable SID (Unavailable). This security permission can be modified using the Component Services administrative tool."
Warning	9/1/2016 11:31:24 PM	Microsoft-Windows-DNS-Client	1014	(1014)	Name resolution for the name outlook.office365.com timed out after none of the configured DNS servers responded.
Warning	9/1/2016 10:23:09 PM	Microsoft-Windows-DNS-Client	1014	(1014)	Name resolution for the name www.googleapis.com timed out after none of the configured DNS servers responded.
Warning	9/1/2016 5:22:03 PM	Microsoft-Windows-DNS-Client	1014	(1014)	Name resolution for the name isatap.hsd1.co.comcast.net timed out after none of the configured DNS servers responded.
Warning	9/1/2016 5:21:59 PM	Microsoft-Windows-DNS-Client	1014	(1014)	Name resolution for the name _ldap._tcp.dc._msdcs.WORKGROUP timed out after none of the configured DNS servers responded.
Warning	9/1/2016 5:21:13 PM	Microsoft-Windows-DNS-Client	1014	(1014)	Name resolution for the name outlook.office365.com timed out after none of the configured DNS servers responded.
Warning	9/1/2016 5:06:14 PM	Microsoft-Windows-DNS-Client	1014	(1014)	Name resolution for the name outlook.office365.com timed out after none of the configured DNS servers responded.
Warning	9/1/2016 5:05:10 PM	Microsoft-Windows-DNS-Client	1014	(1014)	Name resolution for the name sync.xmarks.com timed out after none of the configured DNS servers responded.
Information	9/1/2016 4:39:59 PM	Microsoft-Windows-WindowsUpdateClient	19	Windows Update Agent	Installation Successful: Windows successfully installed the following update: Definition Update for Windows Defender - KB2267602 (Definition 1.227.1364.0)
Information	9/1/2016 4:39:48 PM	Microsoft-Windows-WindowsUpdateClient	43	Windows Update Agent	Installation Started: Windows has started installing the following update: Definition Update for Windows Defender - KB2267602 (Definition 1.227.1364.0)
Information	9/1/2016 4:39:48 PM	Microsoft-Windows-WindowsUpdateClient	44	Windows Update Agent	Windows Update started downloading an update.
Error	9/1/2016 4:32:59 PM	Schannel	36884	None	The certificate received from the remote server does not contain the expected name. It is therefore not possible to determine whether we are connecting to the correct server. The server name we were expecting is sip.blue-granite.com. The TLS connection request has failed. The attached data contains the server certificate.
Error	9/1/2016 4:32:59 PM	Schannel	36884	None	The certificate received from the remote server does not contain the expected name. It is therefore not possible to determine whether we are connecting to the correct server. The server name we were expecting is sip.blue-granite.com. The TLS connection request has failed. The attached data contains the server certificate.
Error	9/1/2016 4:32:59 PM	Schannel	36884	None	The certificate received from the remote server does not contain the expected name. It is therefore not possible to determine whether we are connecting to the correct server. The server name we were expecting is sip.blue-granite.com. The TLS connection request has failed. The attached data contains the server certificate.
Warning	9/1/2016 4:31:50 PM	Microsoft-Windows-DNS-Client	1014	(1014)	Name resolution for the name _sipinternaltls._tcp.blue-granite.com timed out after none of the configured DNS servers responded.
Warning	9/1/2016 4:31:50 PM	Microsoft-Windows-DNS-Client	1014	(1014)	Name resolution for the name win10.ipv6.microsoft.com. timed out after none of the configured DNS servers responded.
Error	9/1/2016 4:31:42 PM	Microsoft-Windows-WLAN-AutoConfig	4003	None	"WLAN AutoConfig detected limit connectivity, performing Reset/Recover.adapter.

 Code: 8 0x0 0x0
"
Information	9/1/2016 4:31:42 PM	Netwtw04	7002	None	"The description for Event ID 7002 from source Netwtw04 cannot be found. Either the component that raises this event is not installed on your local computer or the installation is corrupted. You can install or repair the component on the local computer.

If the event originated on another computer, the display information had to be saved with the event.

The following information was included with the event: 

\Device\NDMP28
Intel(R) Dual Band Wireless-AC 7265

The specified resource type cannot be found in the image file
"
Information	9/1/2016 4:31:42 PM	Netwtw04	7002	None	"The description for Event ID 7002 from source Netwtw04 cannot be found. Either the component that raises this event is not installed on your local computer or the installation is corrupted. You can install or repair the component on the local computer.

If the event originated on another computer, the display information had to be saved with the event.

The following information was included with the event: 

\Device\NDMP28
Intel(R) Dual Band Wireless-AC 7265

The specified resource type cannot be found in the image file
"
Information	9/1/2016 4:31:42 PM	Netwtw04	7001	None	"The description for Event ID 7001 from source Netwtw04 cannot be found. Either the component that raises this event is not installed on your local computer or the installation is corrupted. You can install or repair the component on the local computer.

If the event originated on another computer, the display information had to be saved with the event.

The following information was included with the event: 

\Device\NDMP28
Intel(R) Dual Band Wireless-AC 7265

The specified resource type cannot be found in the image file
"
Information	9/1/2016 4:31:42 PM	Netwtw04	7001	None	"The description for Event ID 7001 from source Netwtw04 cannot be found. Either the component that raises this event is not installed on your local computer or the installation is corrupted. You can install or repair the component on the local computer.

If the event originated on another computer, the display information had to be saved with the event.

The following information was included with the event: 

\Device\NDMP28
Intel(R) Dual Band Wireless-AC 7265

The specified resource type cannot be found in the image file
"
Information	9/1/2016 4:31:42 PM	Netwtw04	7036	None	The \Device\NDMP28 service entered the Intel(R) Dual Band Wireless-AC 7265 state.
