Error	9/10/2016 9:01:02 PM	disk	154	None	The IO operation at logical block address 0x0 for Disk 3 (PDO name: \Device\0000006d) failed due to a hardware error.
Error	9/10/2016 9:01:01 PM	disk	154	None	The IO operation at logical block address 0x0 for Disk 3 (PDO name: \Device\0000006d) failed due to a hardware error.
Error	9/10/2016 9:01:00 PM	disk	154	None	The IO operation at logical block address 0x0 for Disk 3 (PDO name: \Device\0000006d) failed due to a hardware error.
Error	9/10/2016 9:00:59 PM	disk	154	None	The IO operation at logical block address 0x0 for Disk 3 (PDO name: \Device\0000006d) failed due to a hardware error.
Information	9/10/2016 9:00:56 PM	Microsoft-Windows-Ntfs	98	None	Volume SYSTEM_DRV (\Device\HarddiskVolumeShadowCopy24) is healthy.  No action is needed.
Error	9/10/2016 9:00:56 PM	disk	154	None	The IO operation at logical block address 0x0 for Disk 3 (PDO name: \Device\0000006d) failed due to a hardware error.
Error	9/10/2016 9:00:56 PM	disk	154	None	The IO operation at logical block address 0x0 for Disk 3 (PDO name: \Device\0000006d) failed due to a hardware error.
Error	9/10/2016 9:00:34 PM	disk	154	None	The IO operation at logical block address 0x0 for Disk 3 (PDO name: \Device\0000006d) failed due to a hardware error.
Error	9/10/2016 9:00:34 PM	disk	154	None	The IO operation at logical block address 0x0 for Disk 3 (PDO name: \Device\0000006d) failed due to a hardware error.
Error	9/10/2016 9:00:31 PM	disk	154	None	The IO operation at logical block address 0x0 for Disk 3 (PDO name: \Device\0000006d) failed due to a hardware error.
Error	9/10/2016 9:00:30 PM	disk	154	None	The IO operation at logical block address 0x0 for Disk 3 (PDO name: \Device\0000006d) failed due to a hardware error.
Error	9/10/2016 9:00:30 PM	disk	154	None	The IO operation at logical block address 0x0 for Disk 3 (PDO name: \Device\0000006d) failed due to a hardware error.
Error	9/10/2016 9:00:29 PM	disk	154	None	The IO operation at logical block address 0x0 for Disk 3 (PDO name: \Device\0000006d) failed due to a hardware error.
Error	9/10/2016 9:00:29 PM	disk	154	None	The IO operation at logical block address 0x0 for Disk 3 (PDO name: \Device\0000006d) failed due to a hardware error.
Error	9/10/2016 9:00:28 PM	disk	154	None	The IO operation at logical block address 0x0 for Disk 3 (PDO name: \Device\0000006d) failed due to a hardware error.
Error	9/10/2016 9:00:28 PM	disk	154	None	The IO operation at logical block address 0x0 for Disk 3 (PDO name: \Device\0000006d) failed due to a hardware error.
Error	9/10/2016 9:00:27 PM	disk	154	None	The IO operation at logical block address 0x0 for Disk 3 (PDO name: \Device\0000006d) failed due to a hardware error.
Error	9/10/2016 9:00:27 PM	disk	154	None	The IO operation at logical block address 0x0 for Disk 3 (PDO name: \Device\0000006d) failed due to a hardware error.
Error	9/10/2016 9:00:26 PM	disk	154	None	The IO operation at logical block address 0x0 for Disk 3 (PDO name: \Device\0000006d) failed due to a hardware error.
Error	9/10/2016 9:00:26 PM	disk	154	None	The IO operation at logical block address 0x0 for Disk 3 (PDO name: \Device\0000006d) failed due to a hardware error.
Error	9/10/2016 9:00:25 PM	disk	154	None	The IO operation at logical block address 0x0 for Disk 3 (PDO name: \Device\0000006d) failed due to a hardware error.
Error	9/10/2016 9:00:25 PM	disk	154	None	The IO operation at logical block address 0x0 for Disk 3 (PDO name: \Device\0000006d) failed due to a hardware error.
Error	9/10/2016 9:00:24 PM	disk	154	None	The IO operation at logical block address 0x0 for Disk 3 (PDO name: \Device\0000006d) failed due to a hardware error.
Error	9/10/2016 9:00:24 PM	disk	154	None	The IO operation at logical block address 0x0 for Disk 3 (PDO name: \Device\0000006d) failed due to a hardware error.
Error	9/10/2016 9:00:23 PM	disk	154	None	The IO operation at logical block address 0x0 for Disk 3 (PDO name: \Device\0000006d) failed due to a hardware error.
Error	9/10/2016 9:00:23 PM	disk	154	None	The IO operation at logical block address 0x0 for Disk 3 (PDO name: \Device\0000006d) failed due to a hardware error.
Error	9/10/2016 9:00:22 PM	disk	154	None	The IO operation at logical block address 0x0 for Disk 3 (PDO name: \Device\0000006d) failed due to a hardware error.
Error	9/10/2016 9:00:22 PM	disk	154	None	The IO operation at logical block address 0x0 for Disk 3 (PDO name: \Device\0000006d) failed due to a hardware error.
Error	9/10/2016 9:00:21 PM	disk	154	None	The IO operation at logical block address 0x0 for Disk 3 (PDO name: \Device\0000006d) failed due to a hardware error.
Error	9/10/2016 9:00:21 PM	disk	154	None	The IO operation at logical block address 0x0 for Disk 3 (PDO name: \Device\0000006d) failed due to a hardware error.
Error	9/10/2016 9:00:20 PM	disk	154	None	The IO operation at logical block address 0x0 for Disk 3 (PDO name: \Device\0000006d) failed due to a hardware error.
Error	9/10/2016 9:00:20 PM	disk	154	None	The IO operation at logical block address 0x0 for Disk 3 (PDO name: \Device\0000006d) failed due to a hardware error.
Error	9/10/2016 9:00:19 PM	disk	154	None	The IO operation at logical block address 0x0 for Disk 3 (PDO name: \Device\0000006d) failed due to a hardware error.
Error	9/10/2016 9:00:19 PM	disk	154	None	The IO operation at logical block address 0x0 for Disk 3 (PDO name: \Device\0000006d) failed due to a hardware error.
Error	9/10/2016 9:00:18 PM	disk	154	None	The IO operation at logical block address 0x0 for Disk 3 (PDO name: \Device\0000006d) failed due to a hardware error.
Error	9/10/2016 9:00:18 PM	disk	154	None	The IO operation at logical block address 0x0 for Disk 3 (PDO name: \Device\0000006d) failed due to a hardware error.
Error	9/10/2016 9:00:17 PM	disk	154	None	The IO operation at logical block address 0x0 for Disk 3 (PDO name: \Device\0000006d) failed due to a hardware error.
Error	9/10/2016 9:00:17 PM	disk	154	None	The IO operation at logical block address 0x0 for Disk 3 (PDO name: \Device\0000006d) failed due to a hardware error.
Error	9/10/2016 9:00:16 PM	disk	154	None	The IO operation at logical block address 0x0 for Disk 3 (PDO name: \Device\0000006d) failed due to a hardware error.
Error	9/10/2016 9:00:16 PM	disk	154	None	The IO operation at logical block address 0x0 for Disk 3 (PDO name: \Device\0000006d) failed due to a hardware error.
Error	9/10/2016 9:00:15 PM	disk	154	None	The IO operation at logical block address 0x0 for Disk 3 (PDO name: \Device\0000006d) failed due to a hardware error.
Error	9/10/2016 9:00:15 PM	disk	154	None	The IO operation at logical block address 0x0 for Disk 3 (PDO name: \Device\0000006d) failed due to a hardware error.
Error	9/10/2016 9:00:14 PM	disk	154	None	The IO operation at logical block address 0x0 for Disk 3 (PDO name: \Device\0000006d) failed due to a hardware error.
Error	9/10/2016 9:00:14 PM	disk	154	None	The IO operation at logical block address 0x0 for Disk 3 (PDO name: \Device\0000006d) failed due to a hardware error.
Error	9/10/2016 9:00:13 PM	disk	154	None	The IO operation at logical block address 0x0 for Disk 3 (PDO name: \Device\0000006d) failed due to a hardware error.
Error	9/10/2016 9:00:13 PM	disk	154	None	The IO operation at logical block address 0x0 for Disk 3 (PDO name: \Device\0000006d) failed due to a hardware error.
Error	9/10/2016 9:00:12 PM	disk	154	None	The IO operation at logical block address 0x0 for Disk 3 (PDO name: \Device\0000006d) failed due to a hardware error.
Error	9/10/2016 9:00:12 PM	disk	154	None	The IO operation at logical block address 0x0 for Disk 3 (PDO name: \Device\0000006d) failed due to a hardware error.
Error	9/10/2016 9:00:11 PM	disk	154	None	The IO operation at logical block address 0x0 for Disk 3 (PDO name: \Device\0000006d) failed due to a hardware error.
Error	9/10/2016 9:00:11 PM	disk	154	None	The IO operation at logical block address 0x0 for Disk 3 (PDO name: \Device\0000006d) failed due to a hardware error.
Error	9/10/2016 9:00:10 PM	disk	154	None	The IO operation at logical block address 0x0 for Disk 3 (PDO name: \Device\0000006d) failed due to a hardware error.
Error	9/10/2016 9:00:10 PM	disk	154	None	The IO operation at logical block address 0x0 for Disk 3 (PDO name: \Device\0000006d) failed due to a hardware error.
Error	9/10/2016 9:00:09 PM	disk	154	None	The IO operation at logical block address 0x0 for Disk 3 (PDO name: \Device\0000006d) failed due to a hardware error.
Error	9/10/2016 9:00:09 PM	disk	154	None	The IO operation at logical block address 0x0 for Disk 3 (PDO name: \Device\0000006d) failed due to a hardware error.
Error	9/10/2016 9:00:08 PM	disk	154	None	The IO operation at logical block address 0x0 for Disk 3 (PDO name: \Device\0000006d) failed due to a hardware error.
Error	9/10/2016 9:00:08 PM	disk	154	None	The IO operation at logical block address 0x0 for Disk 3 (PDO name: \Device\0000006d) failed due to a hardware error.
Error	9/10/2016 9:00:07 PM	disk	154	None	The IO operation at logical block address 0x0 for Disk 3 (PDO name: \Device\0000006d) failed due to a hardware error.
Error	9/10/2016 9:00:07 PM	disk	154	None	The IO operation at logical block address 0x0 for Disk 3 (PDO name: \Device\0000006d) failed due to a hardware error.
Error	9/10/2016 9:00:06 PM	disk	154	None	The IO operation at logical block address 0x0 for Disk 3 (PDO name: \Device\0000006d) failed due to a hardware error.
Error	9/10/2016 9:00:06 PM	disk	154	None	The IO operation at logical block address 0x0 for Disk 3 (PDO name: \Device\0000006d) failed due to a hardware error.
Error	9/10/2016 9:00:05 PM	disk	154	None	The IO operation at logical block address 0x0 for Disk 3 (PDO name: \Device\0000006d) failed due to a hardware error.
Warning	9/10/2016 6:50:46 PM	Microsoft-Windows-DNS-Client	1014	(1014)	Name resolution for the name outlook.office365.com timed out after none of the configured DNS servers responded.
Information	9/10/2016 12:00:00 PM	EventLog	6013	None	The system uptime is 354303 seconds.
Information	9/10/2016 11:16:03 AM	Microsoft-Windows-WindowsUpdateClient	19	Windows Update Agent	Installation Successful: Windows successfully installed the following update: Definition Update for Windows Defender - KB2267602 (Definition 1.227.2069.0)
Information	9/10/2016 11:15:48 AM	Microsoft-Windows-WindowsUpdateClient	43	Windows Update Agent	Installation Started: Windows has started installing the following update: Definition Update for Windows Defender - KB2267602 (Definition 1.227.2069.0)
Information	9/10/2016 11:15:48 AM	Microsoft-Windows-WindowsUpdateClient	44	Windows Update Agent	Windows Update started downloading an update.
Error	9/10/2016 11:15:37 AM	disk	154	None	The IO operation at logical block address 0x0 for Disk 3 (PDO name: \Device\0000006d) failed due to a hardware error.
Information	9/10/2016 9:45:43 AM	Microsoft-Windows-WindowsUpdateClient	19	Windows Update Agent	Installation Successful: Windows successfully installed the following update: Definition Update for Windows Defender - KB2267602 (Definition 1.227.2066.0)
Information	9/10/2016 9:45:24 AM	Microsoft-Windows-WindowsUpdateClient	43	Windows Update Agent	Installation Started: Windows has started installing the following update: Definition Update for Windows Defender - KB2267602 (Definition 1.227.2066.0)
Information	9/10/2016 9:45:24 AM	Microsoft-Windows-WindowsUpdateClient	44	Windows Update Agent	Windows Update started downloading an update.
Error	9/10/2016 9:45:17 AM	disk	154	None	The IO operation at logical block address 0x0 for Disk 3 (PDO name: \Device\0000006d) failed due to a hardware error.
Warning	9/10/2016 4:48:02 AM	Microsoft-Windows-DNS-Client	1014	(1014)	Name resolution for the name www.googleapis.com timed out after none of the configured DNS servers responded.
Warning	9/10/2016 3:42:47 AM	Microsoft-Windows-DNS-Client	1014	(1014)	Name resolution for the name 5-204.rt.yammer.com timed out after none of the configured DNS servers responded.
Warning	9/10/2016 2:13:57 AM	Microsoft-Windows-DNS-Client	1014	(1014)	Name resolution for the name outlook.office365.com timed out after none of the configured DNS servers responded.
Warning	9/9/2016 11:33:21 PM	Microsoft-Windows-DNS-Client	1014	(1014)	Name resolution for the name 5-204.rt.yammer.com timed out after none of the configured DNS servers responded.
Warning	9/9/2016 10:46:30 PM	Microsoft-Windows-DNS-Client	1014	(1014)	Name resolution for the name clients4.google.com timed out after none of the configured DNS servers responded.
Warning	9/9/2016 10:02:25 PM	Microsoft-Windows-DNS-Client	1014	(1014)	Name resolution for the name bluegranite1-my.sharepoint.com timed out after none of the configured DNS servers responded.
Warning	9/9/2016 9:50:29 PM	Microsoft-Windows-DNS-Client	1014	(1014)	Name resolution for the name usc-powerpoint.officeapps.live.com timed out after none of the configured DNS servers responded.
Error	9/9/2016 9:02:59 PM	disk	154	None	The IO operation at logical block address 0x0 for Disk 3 (PDO name: \Device\0000006d) failed due to a hardware error.
Error	9/9/2016 9:02:59 PM	disk	154	None	The IO operation at logical block address 0x0 for Disk 3 (PDO name: \Device\0000006d) failed due to a hardware error.
Information	9/9/2016 9:02:56 PM	Microsoft-Windows-Ntfs	98	None	Volume Software-Downloads (\Device\HarddiskVolumeShadowCopy23) is healthy.  No action is needed.
Error	9/9/2016 9:02:40 PM	disk	154	None	The IO operation at logical block address 0x0 for Disk 3 (PDO name: \Device\0000006d) failed due to a hardware error.
Error	9/9/2016 9:02:39 PM	disk	154	None	The IO operation at logical block address 0x0 for Disk 3 (PDO name: \Device\0000006d) failed due to a hardware error.
Error	9/9/2016 9:02:38 PM	disk	154	None	The IO operation at logical block address 0x0 for Disk 3 (PDO name: \Device\0000006d) failed due to a hardware error.
Error	9/9/2016 9:02:38 PM	disk	154	None	The IO operation at logical block address 0x0 for Disk 3 (PDO name: \Device\0000006d) failed due to a hardware error.
Information	9/9/2016 9:02:35 PM	Microsoft-Windows-Ntfs	98	None	Volume ?? (\Device\HarddiskVolumeShadowCopy22) is healthy.  No action is needed.
Error	9/9/2016 9:02:19 PM	disk	154	None	The IO operation at logical block address 0x0 for Disk 3 (PDO name: \Device\0000006d) failed due to a hardware error.
Error	9/9/2016 9:02:18 PM	disk	154	None	The IO operation at logical block address 0x0 for Disk 3 (PDO name: \Device\0000006d) failed due to a hardware error.
Error	9/9/2016 9:02:16 PM	disk	154	None	The IO operation at logical block address 0x0 for Disk 3 (PDO name: \Device\0000006d) failed due to a hardware error.
Error	9/9/2016 9:02:16 PM	disk	154	None	The IO operation at logical block address 0x0 for Disk 3 (PDO name: \Device\0000006d) failed due to a hardware error.
Information	9/9/2016 9:01:26 PM	Microsoft-Windows-Ntfs	98	None	Volume Windows7_OS (\Device\HarddiskVolumeShadowCopy21) is healthy.  No action is needed.
Error	9/9/2016 9:01:03 PM	disk	154	None	The IO operation at logical block address 0x0 for Disk 3 (PDO name: \Device\0000006d) failed due to a hardware error.
Error	9/9/2016 9:01:03 PM	disk	154	None	The IO operation at logical block address 0x0 for Disk 3 (PDO name: \Device\0000006d) failed due to a hardware error.
Error	9/9/2016 9:01:01 PM	disk	154	None	The IO operation at logical block address 0x0 for Disk 3 (PDO name: \Device\0000006d) failed due to a hardware error.
Error	9/9/2016 9:01:01 PM	disk	154	None	The IO operation at logical block address 0x0 for Disk 3 (PDO name: \Device\0000006d) failed due to a hardware error.
Information	9/9/2016 9:00:58 PM	Microsoft-Windows-Ntfs	98	None	Volume SYSTEM_DRV (\Device\HarddiskVolumeShadowCopy20) is healthy.  No action is needed.
Error	9/9/2016 9:00:58 PM	disk	154	None	The IO operation at logical block address 0x0 for Disk 3 (PDO name: \Device\0000006d) failed due to a hardware error.
Error	9/9/2016 9:00:57 PM	disk	154	None	The IO operation at logical block address 0x0 for Disk 3 (PDO name: \Device\0000006d) failed due to a hardware error.
Error	9/9/2016 9:00:35 PM	disk	154	None	The IO operation at logical block address 0x0 for Disk 3 (PDO name: \Device\0000006d) failed due to a hardware error.
Error	9/9/2016 9:00:34 PM	disk	154	None	The IO operation at logical block address 0x0 for Disk 3 (PDO name: \Device\0000006d) failed due to a hardware error.
Error	9/9/2016 9:00:31 PM	disk	154	None	The IO operation at logical block address 0x0 for Disk 3 (PDO name: \Device\0000006d) failed due to a hardware error.
Error	9/9/2016 9:00:30 PM	disk	154	None	The IO operation at logical block address 0x0 for Disk 3 (PDO name: \Device\0000006d) failed due to a hardware error.
Error	9/9/2016 9:00:30 PM	disk	154	None	The IO operation at logical block address 0x0 for Disk 3 (PDO name: \Device\0000006d) failed due to a hardware error.
Error	9/9/2016 9:00:29 PM	disk	154	None	The IO operation at logical block address 0x0 for Disk 3 (PDO name: \Device\0000006d) failed due to a hardware error.
Error	9/9/2016 9:00:29 PM	disk	154	None	The IO operation at logical block address 0x0 for Disk 3 (PDO name: \Device\0000006d) failed due to a hardware error.
Error	9/9/2016 9:00:28 PM	disk	154	None	The IO operation at logical block address 0x0 for Disk 3 (PDO name: \Device\0000006d) failed due to a hardware error.
Error	9/9/2016 9:00:28 PM	disk	154	None	The IO operation at logical block address 0x0 for Disk 3 (PDO name: \Device\0000006d) failed due to a hardware error.
Error	9/9/2016 9:00:27 PM	disk	154	None	The IO operation at logical block address 0x0 for Disk 3 (PDO name: \Device\0000006d) failed due to a hardware error.
Error	9/9/2016 9:00:27 PM	disk	154	None	The IO operation at logical block address 0x0 for Disk 3 (PDO name: \Device\0000006d) failed due to a hardware error.
Error	9/9/2016 9:00:26 PM	disk	154	None	The IO operation at logical block address 0x0 for Disk 3 (PDO name: \Device\0000006d) failed due to a hardware error.
Error	9/9/2016 9:00:26 PM	disk	154	None	The IO operation at logical block address 0x0 for Disk 3 (PDO name: \Device\0000006d) failed due to a hardware error.
Error	9/9/2016 9:00:25 PM	disk	154	None	The IO operation at logical block address 0x0 for Disk 3 (PDO name: \Device\0000006d) failed due to a hardware error.
Error	9/9/2016 9:00:25 PM	disk	154	None	The IO operation at logical block address 0x0 for Disk 3 (PDO name: \Device\0000006d) failed due to a hardware error.
Error	9/9/2016 9:00:24 PM	disk	154	None	The IO operation at logical block address 0x0 for Disk 3 (PDO name: \Device\0000006d) failed due to a hardware error.
Error	9/9/2016 9:00:24 PM	disk	154	None	The IO operation at logical block address 0x0 for Disk 3 (PDO name: \Device\0000006d) failed due to a hardware error.
Error	9/9/2016 9:00:23 PM	disk	154	None	The IO operation at logical block address 0x0 for Disk 3 (PDO name: \Device\0000006d) failed due to a hardware error.
Error	9/9/2016 9:00:23 PM	disk	154	None	The IO operation at logical block address 0x0 for Disk 3 (PDO name: \Device\0000006d) failed due to a hardware error.
Error	9/9/2016 9:00:22 PM	disk	154	None	The IO operation at logical block address 0x0 for Disk 3 (PDO name: \Device\0000006d) failed due to a hardware error.
Error	9/9/2016 9:00:22 PM	disk	154	None	The IO operation at logical block address 0x0 for Disk 3 (PDO name: \Device\0000006d) failed due to a hardware error.
Error	9/9/2016 9:00:21 PM	disk	154	None	The IO operation at logical block address 0x0 for Disk 3 (PDO name: \Device\0000006d) failed due to a hardware error.
Error	9/9/2016 9:00:21 PM	disk	154	None	The IO operation at logical block address 0x0 for Disk 3 (PDO name: \Device\0000006d) failed due to a hardware error.
Error	9/9/2016 9:00:20 PM	disk	154	None	The IO operation at logical block address 0x0 for Disk 3 (PDO name: \Device\0000006d) failed due to a hardware error.
Error	9/9/2016 9:00:20 PM	disk	154	None	The IO operation at logical block address 0x0 for Disk 3 (PDO name: \Device\0000006d) failed due to a hardware error.
Error	9/9/2016 9:00:19 PM	disk	154	None	The IO operation at logical block address 0x0 for Disk 3 (PDO name: \Device\0000006d) failed due to a hardware error.
Error	9/9/2016 9:00:19 PM	disk	154	None	The IO operation at logical block address 0x0 for Disk 3 (PDO name: \Device\0000006d) failed due to a hardware error.
Error	9/9/2016 9:00:18 PM	disk	154	None	The IO operation at logical block address 0x0 for Disk 3 (PDO name: \Device\0000006d) failed due to a hardware error.
Error	9/9/2016 9:00:18 PM	disk	154	None	The IO operation at logical block address 0x0 for Disk 3 (PDO name: \Device\0000006d) failed due to a hardware error.
Error	9/9/2016 9:00:17 PM	disk	154	None	The IO operation at logical block address 0x0 for Disk 3 (PDO name: \Device\0000006d) failed due to a hardware error.
Error	9/9/2016 9:00:17 PM	disk	154	None	The IO operation at logical block address 0x0 for Disk 3 (PDO name: \Device\0000006d) failed due to a hardware error.
Error	9/9/2016 9:00:16 PM	disk	154	None	The IO operation at logical block address 0x0 for Disk 3 (PDO name: \Device\0000006d) failed due to a hardware error.
Error	9/9/2016 9:00:16 PM	disk	154	None	The IO operation at logical block address 0x0 for Disk 3 (PDO name: \Device\0000006d) failed due to a hardware error.
Error	9/9/2016 9:00:15 PM	disk	154	None	The IO operation at logical block address 0x0 for Disk 3 (PDO name: \Device\0000006d) failed due to a hardware error.
Error	9/9/2016 9:00:15 PM	disk	154	None	The IO operation at logical block address 0x0 for Disk 3 (PDO name: \Device\0000006d) failed due to a hardware error.
Error	9/9/2016 9:00:14 PM	disk	154	None	The IO operation at logical block address 0x0 for Disk 3 (PDO name: \Device\0000006d) failed due to a hardware error.
Error	9/9/2016 9:00:14 PM	disk	154	None	The IO operation at logical block address 0x0 for Disk 3 (PDO name: \Device\0000006d) failed due to a hardware error.
Error	9/9/2016 9:00:13 PM	disk	154	None	The IO operation at logical block address 0x0 for Disk 3 (PDO name: \Device\0000006d) failed due to a hardware error.
Error	9/9/2016 9:00:13 PM	disk	154	None	The IO operation at logical block address 0x0 for Disk 3 (PDO name: \Device\0000006d) failed due to a hardware error.
Error	9/9/2016 9:00:12 PM	disk	154	None	The IO operation at logical block address 0x0 for Disk 3 (PDO name: \Device\0000006d) failed due to a hardware error.
Error	9/9/2016 9:00:12 PM	disk	154	None	The IO operation at logical block address 0x0 for Disk 3 (PDO name: \Device\0000006d) failed due to a hardware error.
Error	9/9/2016 9:00:11 PM	disk	154	None	The IO operation at logical block address 0x0 for Disk 3 (PDO name: \Device\0000006d) failed due to a hardware error.
Error	9/9/2016 9:00:11 PM	disk	154	None	The IO operation at logical block address 0x0 for Disk 3 (PDO name: \Device\0000006d) failed due to a hardware error.
Error	9/9/2016 9:00:10 PM	disk	154	None	The IO operation at logical block address 0x0 for Disk 3 (PDO name: \Device\0000006d) failed due to a hardware error.
Error	9/9/2016 9:00:10 PM	disk	154	None	The IO operation at logical block address 0x0 for Disk 3 (PDO name: \Device\0000006d) failed due to a hardware error.
Error	9/9/2016 9:00:09 PM	disk	154	None	The IO operation at logical block address 0x0 for Disk 3 (PDO name: \Device\0000006d) failed due to a hardware error.
Error	9/9/2016 9:00:09 PM	disk	154	None	The IO operation at logical block address 0x0 for Disk 3 (PDO name: \Device\0000006d) failed due to a hardware error.
Error	9/9/2016 9:00:08 PM	disk	154	None	The IO operation at logical block address 0x0 for Disk 3 (PDO name: \Device\0000006d) failed due to a hardware error.
Error	9/9/2016 9:00:08 PM	disk	154	None	The IO operation at logical block address 0x0 for Disk 3 (PDO name: \Device\0000006d) failed due to a hardware error.
Error	9/9/2016 9:00:07 PM	disk	154	None	The IO operation at logical block address 0x0 for Disk 3 (PDO name: \Device\0000006d) failed due to a hardware error.
Error	9/9/2016 9:00:07 PM	disk	154	None	The IO operation at logical block address 0x0 for Disk 3 (PDO name: \Device\0000006d) failed due to a hardware error.
Error	9/9/2016 9:00:06 PM	disk	154	None	The IO operation at logical block address 0x0 for Disk 3 (PDO name: \Device\0000006d) failed due to a hardware error.
Error	9/9/2016 9:00:06 PM	disk	154	None	The IO operation at logical block address 0x0 for Disk 3 (PDO name: \Device\0000006d) failed due to a hardware error.
Error	9/9/2016 9:00:05 PM	disk	154	None	The IO operation at logical block address 0x0 for Disk 3 (PDO name: \Device\0000006d) failed due to a hardware error.
Warning	9/9/2016 4:31:53 PM	Microsoft-Windows-DNS-Client	1014	(1014)	Name resolution for the name 5-204.rt.yammer.com timed out after none of the configured DNS servers responded.
Warning	9/9/2016 4:15:32 PM	Microsoft-Windows-DNS-Client	1014	(1014)	Name resolution for the name hsd1.co.comcast.net timed out after none of the configured DNS servers responded.
Warning	9/9/2016 4:14:31 PM	Microsoft-Windows-DNS-Client	1014	(1014)	Name resolution for the name www.yammer.com timed out after none of the configured DNS servers responded.
Warning	9/9/2016 1:12:19 PM	Microsoft-Windows-DNS-Client	1014	(1014)	Name resolution for the name hsd1.co.comcast.net timed out after none of the configured DNS servers responded.
Warning	9/9/2016 1:11:54 PM	Microsoft-Windows-DNS-Client	1014	(1014)	Name resolution for the name xcomet07.todoist.com timed out after none of the configured DNS servers responded.
Warning	9/9/2016 1:11:36 PM	Microsoft-Windows-DNS-Client	1014	(1014)	Name resolution for the name usc-powerpoint.officeapps.live.com timed out after none of the configured DNS servers responded.
Warning	9/9/2016 1:11:17 PM	Microsoft-Windows-DNS-Client	1014	(1014)	Name resolution for the name bluegranite1-my.sharepoint.com timed out after none of the configured DNS servers responded.
Error	9/9/2016 12:55:35 PM	disk	154	None	The IO operation at logical block address 0x0 for Disk 3 (PDO name: \Device\0000006d) failed due to a hardware error.
Information	9/9/2016 12:53:14 PM	Microsoft-Windows-Kernel-General	1	(5)	"The system time has changed to ‎2016‎-‎09‎-‎09T18:53:14.382000000Z from ‎2016‎-‎09‎-‎09T18:53:14.383440900Z.

Change Reason: An application or system component changed the time."
Information	9/9/2016 12:53:14 PM	Microsoft-Windows-Time-Service	35	None	The time service is now synchronizing the system time with the time source time.windows.com,0x9 (ntp.m|0x9|0.0.0.0:123->40.76.58.209:123).
Information	9/9/2016 12:52:59 PM	Microsoft-Windows-Time-Service	37	None	The time provider NtpClient is currently receiving valid time data from time.windows.com,0x9 (ntp.m|0x9|0.0.0.0:123->40.76.58.209:123).
Information	9/9/2016 12:52:58 PM	Microsoft-Windows-Time-Service	158	None	The time provider 'VMICTimeProvider' has indicated that the current hardware and operating environment is not supported and has stopped. This behavior is expected for VMICTimeProvider on non-HyperV-guest environments. This may be the expected behavior for the current provider in the current operating environment as well.
Information	9/9/2016 12:52:31 PM	Microsoft-Windows-Kernel-General	15	None	Hive \??\Volume{33e9f129-0000-0000-0000-d05d00000000}\System Volume Information\SPP\SppCbsHiveStore\{cd42efe1-f6f1-427c-b004-033192c625a4}{70D82D95-75A8-477E-BAD3-59293A18686F} was reorganized with a starting size of 111910912 bytes and an ending size of 110125056 bytes.
Information	9/9/2016 12:52:27 PM	Microsoft-Windows-Kernel-General	16	None	The access history in hive \??\Volume{33e9f129-0000-0000-0000-d05d00000000}\System Volume Information\SPP\SppCbsHiveStore\{cd42efe1-f6f1-427c-b004-033192c625a4}{F96CB863-3CD4-4AC8-8BBB-31B0638219E8} was cleared updating 383 keys and creating 36 modified pages.
Information	9/9/2016 12:52:26 PM	Microsoft-Windows-Kernel-General	15	None	Hive \??\Volume{33e9f129-0000-0000-0000-d05d00000000}\System Volume Information\SPP\SppCbsHiveStore\{cd42efe1-f6f1-427c-b004-033192c625a4}{FE14032E-ADA8-4E6C-B420-A5F41915C06A} was reorganized with a starting size of 12615680 bytes and an ending size of 11808768 bytes.
Information	9/9/2016 12:52:25 PM	Microsoft-Windows-Kernel-General	16	None	The access history in hive \??\Volume{33e9f129-0000-0000-0000-d05d00000000}\System Volume Information\SPP\SppCbsHiveStore\{cd42efe1-f6f1-427c-b004-033192c625a4}{3A44CC5B-A4B2-40D7-B575-E176CFFBDBD4} was cleared updating 78 keys and creating 5 modified pages.
Information	9/9/2016 12:52:25 PM	Microsoft-Windows-Kernel-General	16	None	The access history in hive \??\Volume{33e9f129-0000-0000-0000-d05d00000000}\System Volume Information\SPP\SppCbsHiveStore\{cd42efe1-f6f1-427c-b004-033192c625a4}{8C84B165-581E-4F48-A8FA-195A48223313} was cleared updating 70 keys and creating 7 modified pages.
Information	9/9/2016 12:52:24 PM	Microsoft-Windows-Kernel-General	15	None	Hive \??\Volume{33e9f129-0000-0000-0000-d05d00000000}\System Volume Information\SPP\SppCbsHiveStore\{cd42efe1-f6f1-427c-b004-033192c625a4}{0CD442F7-BE26-431C-BDE6-350F5A26964E} was reorganized with a starting size of 46018560 bytes and an ending size of 45981696 bytes.
Information	9/9/2016 12:52:16 PM	Microsoft-Windows-Kernel-General	11	None	TxR init phase for hive \??\GLOBALROOT\Device\HarddiskVolumeShadowCopy19\Windows\System32\config\DRIVERS (TM: {CC595C04-7690-11E6-A665-185E0F79BF63}, RM: {CC595C03-7690-11E6-A665-185E0F79BF63}) finished with result=0xC00000A2 (Internal code=7).
Information	9/9/2016 12:52:16 PM	Microsoft-Windows-Kernel-General	11	None	TxR init phase for hive \??\GLOBALROOT\Device\HarddiskVolumeShadowCopy19\Windows\System32\config\SYSTEM (TM: {CC595C02-7690-11E6-A665-185E0F79BF63}, RM: {CC595C01-7690-11E6-A665-185E0F79BF63}) finished with result=0xC00000A2 (Internal code=7).
Information	9/9/2016 12:52:16 PM	Microsoft-Windows-Kernel-General	15	None	Hive \??\GLOBALROOT\Device\HarddiskVolumeShadowCopy19\Windows\System32\config\SYSTEM was reorganized with a starting size of 46018560 bytes and an ending size of 45981696 bytes.
Information	9/9/2016 12:52:14 PM	Microsoft-Windows-Ntfs	98	None	Volume Windows7_OS (\Device\HarddiskVolumeShadowCopy19) is healthy.  No action is needed.
Error	9/9/2016 12:52:05 PM	disk	154	None	The IO operation at logical block address 0x0 for Disk 3 (PDO name: \Device\0000006d) failed due to a hardware error.
Error	9/9/2016 12:52:05 PM	disk	154	None	The IO operation at logical block address 0x0 for Disk 3 (PDO name: \Device\0000006d) failed due to a hardware error.
Error	9/9/2016 12:50:32 PM	Microsoft-Windows-DistributedCOM	10016	None	"The application-specific permission settings do not grant Local Activation permission for the COM Server application with CLSID 
{D63B10C5-BB46-4990-A94F-E40B9D520160}
 and APPID 
{9CA88EE3-ACB7-47C8-AFC4-AB702511C276}
 to the user NT AUTHORITY\SYSTEM SID (S-1-5-18) from address LocalHost (Using LRPC) running in the application container Unavailable SID (Unavailable). This security permission can be modified using the Component Services administrative tool."
Information	9/9/2016 12:00:00 PM	EventLog	6013	None	The system uptime is 267903 seconds.
Information	9/9/2016 9:24:01 AM	Microsoft-Windows-WindowsUpdateClient	19	Windows Update Agent	Installation Successful: Windows successfully installed the following update: Definition Update for Windows Defender - KB2267602 (Definition 1.227.1988.0)
Information	9/9/2016 9:23:46 AM	Microsoft-Windows-WindowsUpdateClient	43	Windows Update Agent	Installation Started: Windows has started installing the following update: Definition Update for Windows Defender - KB2267602 (Definition 1.227.1988.0)
Information	9/9/2016 9:23:46 AM	Microsoft-Windows-WindowsUpdateClient	44	Windows Update Agent	Windows Update started downloading an update.
Error	9/9/2016 9:23:15 AM	disk	154	None	The IO operation at logical block address 0x0 for Disk 3 (PDO name: \Device\0000006d) failed due to a hardware error.
Warning	9/9/2016 6:01:23 AM	Microsoft-Windows-DNS-Client	1014	(1014)	Name resolution for the name outlook.office365.com timed out after none of the configured DNS servers responded.
Warning	9/9/2016 5:51:15 AM	Microsoft-Windows-DNS-Client	1014	(1014)	Name resolution for the name outlook.office365.com timed out after none of the configured DNS servers responded.
Information	9/9/2016 4:11:14 AM	Microsoft-Windows-WindowsUpdateClient	19	Windows Update Agent	Installation Successful: Windows successfully installed the following update: Xbox
Information	9/9/2016 4:11:14 AM	Microsoft-Windows-WindowsUpdateClient	43	Windows Update Agent	Installation Started: Windows has started installing the following update: Xbox
Information	9/9/2016 4:11:09 AM	Microsoft-Windows-Kernel-General	16	None	The access history in hive \??\C:\ProgramData\Microsoft\Windows\AppRepository\Packages\Microsoft.XboxApp_19.21.7006.0_x64__8wekyb3d8bbwe\ActivationStore.dat was cleared updating 0 keys and creating 0 modified pages.
Information	9/9/2016 4:11:00 AM	Microsoft-Windows-WindowsUpdateClient	44	Windows Update Agent	Windows Update started downloading an update.
Error	9/9/2016 4:10:45 AM	disk	154	None	The IO operation at logical block address 0x0 for Disk 3 (PDO name: \Device\0000006d) failed due to a hardware error.
Warning	9/9/2016 3:40:49 AM	Microsoft-Windows-DNS-Client	1014	(1014)	Name resolution for the name bluegranite1-my.sharepoint.com timed out after none of the configured DNS servers responded.
Warning	9/9/2016 1:41:48 AM	Microsoft-Windows-DNS-Client	1014	(1014)	Name resolution for the name outlook.office365.com timed out after none of the configured DNS servers responded.
Warning	9/9/2016 1:40:30 AM	Microsoft-Windows-DNS-Client	1014	(1014)	Name resolution for the name www.googleapis.com timed out after none of the configured DNS servers responded.
Warning	9/9/2016 12:12:09 AM	Microsoft-Windows-DNS-Client	1014	(1014)	Name resolution for the name outlook.office365.com timed out after none of the configured DNS servers responded.
Warning	9/8/2016 11:08:18 PM	Microsoft-Windows-DNS-Client	1014	(1014)	Name resolution for the name outlook.office365.com timed out after none of the configured DNS servers responded.
Warning	9/8/2016 10:21:20 PM	Microsoft-Windows-DNS-Client	1014	(1014)	Name resolution for the name outlook.office365.com timed out after none of the configured DNS servers responded.
Warning	9/8/2016 10:07:01 PM	Microsoft-Windows-DNS-Client	1014	(1014)	Name resolution for the name usc-powerpoint.officeapps.live.com timed out after none of the configured DNS servers responded.
Error	9/8/2016 9:02:44 PM	disk	154	None	The IO operation at logical block address 0x0 for Disk 3 (PDO name: \Device\0000006d) failed due to a hardware error.
Error	9/8/2016 9:02:44 PM	disk	154	None	The IO operation at logical block address 0x0 for Disk 3 (PDO name: \Device\0000006d) failed due to a hardware error.
Information	9/8/2016 9:02:42 PM	Microsoft-Windows-Ntfs	98	None	Volume Software-Downloads (\Device\HarddiskVolumeShadowCopy18) is healthy.  No action is needed.
Error	9/8/2016 9:02:26 PM	disk	154	None	The IO operation at logical block address 0x0 for Disk 3 (PDO name: \Device\0000006d) failed due to a hardware error.
Error	9/8/2016 9:02:26 PM	disk	154	None	The IO operation at logical block address 0x0 for Disk 3 (PDO name: \Device\0000006d) failed due to a hardware error.
Error	9/8/2016 9:02:25 PM	disk	154	None	The IO operation at logical block address 0x0 for Disk 3 (PDO name: \Device\0000006d) failed due to a hardware error.
Error	9/8/2016 9:02:24 PM	disk	154	None	The IO operation at logical block address 0x0 for Disk 3 (PDO name: \Device\0000006d) failed due to a hardware error.
Information	9/8/2016 9:02:22 PM	Microsoft-Windows-Ntfs	98	None	Volume ?? (\Device\HarddiskVolumeShadowCopy17) is healthy.  No action is needed.
Error	9/8/2016 9:02:06 PM	disk	154	None	The IO operation at logical block address 0x0 for Disk 3 (PDO name: \Device\0000006d) failed due to a hardware error.
Error	9/8/2016 9:02:06 PM	disk	154	None	The IO operation at logical block address 0x0 for Disk 3 (PDO name: \Device\0000006d) failed due to a hardware error.
Error	9/8/2016 9:02:04 PM	disk	154	None	The IO operation at logical block address 0x0 for Disk 3 (PDO name: \Device\0000006d) failed due to a hardware error.
Error	9/8/2016 9:02:03 PM	disk	154	None	The IO operation at logical block address 0x0 for Disk 3 (PDO name: \Device\0000006d) failed due to a hardware error.
Information	9/8/2016 9:01:18 PM	Microsoft-Windows-Ntfs	98	None	Volume Windows7_OS (\Device\HarddiskVolumeShadowCopy16) is healthy.  No action is needed.
Error	9/8/2016 9:01:00 PM	disk	154	None	The IO operation at logical block address 0x0 for Disk 3 (PDO name: \Device\0000006d) failed due to a hardware error.
Error	9/8/2016 9:00:59 PM	disk	154	None	The IO operation at logical block address 0x0 for Disk 3 (PDO name: \Device\0000006d) failed due to a hardware error.
Error	9/8/2016 9:00:58 PM	disk	154	None	The IO operation at logical block address 0x0 for Disk 3 (PDO name: \Device\0000006d) failed due to a hardware error.
Error	9/8/2016 9:00:57 PM	disk	154	None	The IO operation at logical block address 0x0 for Disk 3 (PDO name: \Device\0000006d) failed due to a hardware error.
Information	9/8/2016 9:00:55 PM	Microsoft-Windows-Ntfs	98	None	Volume SYSTEM_DRV (\Device\HarddiskVolumeShadowCopy15) is healthy.  No action is needed.
Error	9/8/2016 9:00:55 PM	disk	154	None	The IO operation at logical block address 0x0 for Disk 3 (PDO name: \Device\0000006d) failed due to a hardware error.
Error	9/8/2016 9:00:54 PM	disk	154	None	The IO operation at logical block address 0x0 for Disk 3 (PDO name: \Device\0000006d) failed due to a hardware error.
Error	9/8/2016 9:00:34 PM	disk	154	None	The IO operation at logical block address 0x0 for Disk 3 (PDO name: \Device\0000006d) failed due to a hardware error.
Error	9/8/2016 9:00:34 PM	disk	154	None	The IO operation at logical block address 0x0 for Disk 3 (PDO name: \Device\0000006d) failed due to a hardware error.
Error	9/8/2016 9:00:30 PM	disk	154	None	The IO operation at logical block address 0x0 for Disk 3 (PDO name: \Device\0000006d) failed due to a hardware error.
Error	9/8/2016 9:00:30 PM	disk	154	None	The IO operation at logical block address 0x0 for Disk 3 (PDO name: \Device\0000006d) failed due to a hardware error.
Error	9/8/2016 9:00:29 PM	disk	154	None	The IO operation at logical block address 0x0 for Disk 3 (PDO name: \Device\0000006d) failed due to a hardware error.
Error	9/8/2016 9:00:29 PM	disk	154	None	The IO operation at logical block address 0x0 for Disk 3 (PDO name: \Device\0000006d) failed due to a hardware error.
Error	9/8/2016 9:00:28 PM	disk	154	None	The IO operation at logical block address 0x0 for Disk 3 (PDO name: \Device\0000006d) failed due to a hardware error.
Error	9/8/2016 9:00:28 PM	disk	154	None	The IO operation at logical block address 0x0 for Disk 3 (PDO name: \Device\0000006d) failed due to a hardware error.
Error	9/8/2016 9:00:27 PM	disk	154	None	The IO operation at logical block address 0x0 for Disk 3 (PDO name: \Device\0000006d) failed due to a hardware error.
Error	9/8/2016 9:00:27 PM	disk	154	None	The IO operation at logical block address 0x0 for Disk 3 (PDO name: \Device\0000006d) failed due to a hardware error.
Error	9/8/2016 9:00:26 PM	disk	154	None	The IO operation at logical block address 0x0 for Disk 3 (PDO name: \Device\0000006d) failed due to a hardware error.
Error	9/8/2016 9:00:26 PM	disk	154	None	The IO operation at logical block address 0x0 for Disk 3 (PDO name: \Device\0000006d) failed due to a hardware error.
Error	9/8/2016 9:00:26 PM	disk	154	None	The IO operation at logical block address 0x0 for Disk 3 (PDO name: \Device\0000006d) failed due to a hardware error.
Error	9/8/2016 9:00:25 PM	disk	154	None	The IO operation at logical block address 0x0 for Disk 3 (PDO name: \Device\0000006d) failed due to a hardware error.
Error	9/8/2016 9:00:25 PM	disk	154	None	The IO operation at logical block address 0x0 for Disk 3 (PDO name: \Device\0000006d) failed due to a hardware error.
Error	9/8/2016 9:00:24 PM	disk	154	None	The IO operation at logical block address 0x0 for Disk 3 (PDO name: \Device\0000006d) failed due to a hardware error.
Error	9/8/2016 9:00:24 PM	disk	154	None	The IO operation at logical block address 0x0 for Disk 3 (PDO name: \Device\0000006d) failed due to a hardware error.
Error	9/8/2016 9:00:23 PM	disk	154	None	The IO operation at logical block address 0x0 for Disk 3 (PDO name: \Device\0000006d) failed due to a hardware error.
Error	9/8/2016 9:00:23 PM	disk	154	None	The IO operation at logical block address 0x0 for Disk 3 (PDO name: \Device\0000006d) failed due to a hardware error.
Error	9/8/2016 9:00:22 PM	disk	154	None	The IO operation at logical block address 0x0 for Disk 3 (PDO name: \Device\0000006d) failed due to a hardware error.
Error	9/8/2016 9:00:22 PM	disk	154	None	The IO operation at logical block address 0x0 for Disk 3 (PDO name: \Device\0000006d) failed due to a hardware error.
Error	9/8/2016 9:00:21 PM	disk	154	None	The IO operation at logical block address 0x0 for Disk 3 (PDO name: \Device\0000006d) failed due to a hardware error.
Error	9/8/2016 9:00:21 PM	disk	154	None	The IO operation at logical block address 0x0 for Disk 3 (PDO name: \Device\0000006d) failed due to a hardware error.
Error	9/8/2016 9:00:20 PM	disk	154	None	The IO operation at logical block address 0x0 for Disk 3 (PDO name: \Device\0000006d) failed due to a hardware error.
Error	9/8/2016 9:00:20 PM	disk	154	None	The IO operation at logical block address 0x0 for Disk 3 (PDO name: \Device\0000006d) failed due to a hardware error.
Error	9/8/2016 9:00:19 PM	disk	154	None	The IO operation at logical block address 0x0 for Disk 3 (PDO name: \Device\0000006d) failed due to a hardware error.
Error	9/8/2016 9:00:19 PM	disk	154	None	The IO operation at logical block address 0x0 for Disk 3 (PDO name: \Device\0000006d) failed due to a hardware error.
Error	9/8/2016 9:00:18 PM	disk	154	None	The IO operation at logical block address 0x0 for Disk 3 (PDO name: \Device\0000006d) failed due to a hardware error.
Error	9/8/2016 9:00:18 PM	disk	154	None	The IO operation at logical block address 0x0 for Disk 3 (PDO name: \Device\0000006d) failed due to a hardware error.
Error	9/8/2016 9:00:17 PM	disk	154	None	The IO operation at logical block address 0x0 for Disk 3 (PDO name: \Device\0000006d) failed due to a hardware error.
Error	9/8/2016 9:00:17 PM	disk	154	None	The IO operation at logical block address 0x0 for Disk 3 (PDO name: \Device\0000006d) failed due to a hardware error.
Error	9/8/2016 9:00:16 PM	disk	154	None	The IO operation at logical block address 0x0 for Disk 3 (PDO name: \Device\0000006d) failed due to a hardware error.
Error	9/8/2016 9:00:16 PM	disk	154	None	The IO operation at logical block address 0x0 for Disk 3 (PDO name: \Device\0000006d) failed due to a hardware error.
Error	9/8/2016 9:00:15 PM	disk	154	None	The IO operation at logical block address 0x0 for Disk 3 (PDO name: \Device\0000006d) failed due to a hardware error.
Error	9/8/2016 9:00:15 PM	disk	154	None	The IO operation at logical block address 0x0 for Disk 3 (PDO name: \Device\0000006d) failed due to a hardware error.
Error	9/8/2016 9:00:14 PM	disk	154	None	The IO operation at logical block address 0x0 for Disk 3 (PDO name: \Device\0000006d) failed due to a hardware error.
Error	9/8/2016 9:00:14 PM	disk	154	None	The IO operation at logical block address 0x0 for Disk 3 (PDO name: \Device\0000006d) failed due to a hardware error.
Error	9/8/2016 9:00:13 PM	disk	154	None	The IO operation at logical block address 0x0 for Disk 3 (PDO name: \Device\0000006d) failed due to a hardware error.
Error	9/8/2016 9:00:13 PM	disk	154	None	The IO operation at logical block address 0x0 for Disk 3 (PDO name: \Device\0000006d) failed due to a hardware error.
Error	9/8/2016 9:00:12 PM	disk	154	None	The IO operation at logical block address 0x0 for Disk 3 (PDO name: \Device\0000006d) failed due to a hardware error.
Error	9/8/2016 9:00:12 PM	disk	154	None	The IO operation at logical block address 0x0 for Disk 3 (PDO name: \Device\0000006d) failed due to a hardware error.
Error	9/8/2016 9:00:11 PM	disk	154	None	The IO operation at logical block address 0x0 for Disk 3 (PDO name: \Device\0000006d) failed due to a hardware error.
Error	9/8/2016 9:00:11 PM	disk	154	None	The IO operation at logical block address 0x0 for Disk 3 (PDO name: \Device\0000006d) failed due to a hardware error.
Error	9/8/2016 9:00:10 PM	disk	154	None	The IO operation at logical block address 0x0 for Disk 3 (PDO name: \Device\0000006d) failed due to a hardware error.
Error	9/8/2016 9:00:10 PM	disk	154	None	The IO operation at logical block address 0x0 for Disk 3 (PDO name: \Device\0000006d) failed due to a hardware error.
Error	9/8/2016 9:00:09 PM	disk	154	None	The IO operation at logical block address 0x0 for Disk 3 (PDO name: \Device\0000006d) failed due to a hardware error.
Error	9/8/2016 9:00:09 PM	disk	154	None	The IO operation at logical block address 0x0 for Disk 3 (PDO name: \Device\0000006d) failed due to a hardware error.
Error	9/8/2016 9:00:08 PM	disk	154	None	The IO operation at logical block address 0x0 for Disk 3 (PDO name: \Device\0000006d) failed due to a hardware error.
Error	9/8/2016 9:00:08 PM	disk	154	None	The IO operation at logical block address 0x0 for Disk 3 (PDO name: \Device\0000006d) failed due to a hardware error.
Error	9/8/2016 9:00:07 PM	disk	154	None	The IO operation at logical block address 0x0 for Disk 3 (PDO name: \Device\0000006d) failed due to a hardware error.
Error	9/8/2016 9:00:07 PM	disk	154	None	The IO operation at logical block address 0x0 for Disk 3 (PDO name: \Device\0000006d) failed due to a hardware error.
Error	9/8/2016 9:00:06 PM	disk	154	None	The IO operation at logical block address 0x0 for Disk 3 (PDO name: \Device\0000006d) failed due to a hardware error.
Error	9/8/2016 9:00:06 PM	disk	154	None	The IO operation at logical block address 0x0 for Disk 3 (PDO name: \Device\0000006d) failed due to a hardware error.
Error	9/8/2016 9:00:05 PM	disk	154	None	The IO operation at logical block address 0x0 for Disk 3 (PDO name: \Device\0000006d) failed due to a hardware error.
Warning	9/8/2016 8:56:57 PM	Microsoft-Windows-DNS-Client	1014	(1014)	Name resolution for the name cloud-fes-us2.acronis.com timed out after none of the configured DNS servers responded.
Warning	9/8/2016 8:32:43 PM	Microsoft-Windows-DNS-Client	1014	(1014)	Name resolution for the name bluegranite1-my.sharepoint.com timed out after none of the configured DNS servers responded.
Warning	9/8/2016 6:57:51 PM	Microsoft-Windows-DNS-Client	1014	(1014)	Name resolution for the name bluegranite1-my.sharepoint.com timed out after none of the configured DNS servers responded.
Error	9/8/2016 6:51:45 PM	Schannel	36884	None	The certificate received from the remote server does not contain the expected name. It is therefore not possible to determine whether we are connecting to the correct server. The server name we were expecting is sip.blue-granite.com. The TLS connection request has failed. The attached data contains the server certificate.
Error	9/8/2016 6:51:45 PM	Schannel	36884	None	The certificate received from the remote server does not contain the expected name. It is therefore not possible to determine whether we are connecting to the correct server. The server name we were expecting is sip.blue-granite.com. The TLS connection request has failed. The attached data contains the server certificate.
Error	9/8/2016 6:51:45 PM	Schannel	36884	None	The certificate received from the remote server does not contain the expected name. It is therefore not possible to determine whether we are connecting to the correct server. The server name we were expecting is sip.blue-granite.com. The TLS connection request has failed. The attached data contains the server certificate.
Error	9/8/2016 6:51:45 PM	Schannel	36884	None	The certificate received from the remote server does not contain the expected name. It is therefore not possible to determine whether we are connecting to the correct server. The server name we were expecting is sip.blue-granite.com. The TLS connection request has failed. The attached data contains the server certificate.
Warning	9/8/2016 6:50:02 PM	Microsoft-Windows-DNS-Client	1014	(1014)	Name resolution for the name www.googleapis.com timed out after none of the configured DNS servers responded.
Warning	9/8/2016 6:02:35 PM	Microsoft-Windows-DNS-Client	1014	(1014)	Name resolution for the name usc-powerpoint.officeapps.live.com timed out after none of the configured DNS servers responded.
Warning	9/8/2016 6:02:17 PM	Microsoft-Windows-DNS-Client	1014	(1014)	Name resolution for the name bluegranite1-my.sharepoint.com timed out after none of the configured DNS servers responded.
Warning	9/8/2016 5:31:54 PM	Microsoft-Windows-DNS-Client	1014	(1014)	Name resolution for the name bluegranite1-my.sharepoint.com timed out after none of the configured DNS servers responded.
Error	9/8/2016 4:56:37 PM	Microsoft-Windows-DistributedCOM	10016	None	"The application-specific permission settings do not grant Local Activation permission for the COM Server application with CLSID 
{D63B10C5-BB46-4990-A94F-E40B9D520160}
 and APPID 
{9CA88EE3-ACB7-47C8-AFC4-AB702511C276}
 to the user NT AUTHORITY\SYSTEM SID (S-1-5-18) from address LocalHost (Using LRPC) running in the application container Unavailable SID (Unavailable). This security permission can be modified using the Component Services administrative tool."
Warning	9/8/2016 3:58:19 PM	Microsoft-Windows-DNS-Client	1014	(1014)	Name resolution for the name feed-c.acronis.com timed out after none of the configured DNS servers responded.
Warning	9/8/2016 2:29:53 PM	Microsoft-Windows-DNS-Client	1014	(1014)	Name resolution for the name twitter.com timed out after none of the configured DNS servers responded.
