Information	9/8/2016 1:43:30 PM	Microsoft-Windows-Kernel-General	1	(5)	"The system time has changed to ‎2016‎-‎09‎-‎08T19:43:30.009000000Z from ‎2016‎-‎09‎-‎08T19:43:30.009245200Z.

Change Reason: An application or system component changed the time."
Information	9/8/2016 1:43:30 PM	Microsoft-Windows-Kernel-General	1	(5)	"The system time has changed to ‎2016‎-‎09‎-‎08T19:43:30.006000000Z from ‎2016‎-‎09‎-‎08T19:43:30.006338600Z.

Change Reason: An application or system component changed the time."
Information	9/8/2016 1:43:30 PM	Microsoft-Windows-Time-Service	35	None	The time service is now synchronizing the system time with the time source time.windows.com,0x9 (ntp.m|0x9|0.0.0.0:123->40.76.58.209:123).
Information	9/8/2016 1:43:30 PM	Microsoft-Windows-Kernel-General	1	(5)	"The system time has changed to ‎2016‎-‎09‎-‎08T19:43:30.004667200Z from ‎2016‎-‎09‎-‎08T19:43:27.582928000Z.

Change Reason: An application or system component changed the time."
Information	9/8/2016 1:43:13 PM	Microsoft-Windows-Time-Service	37	None	The time provider NtpClient is currently receiving valid time data from time.windows.com,0x9 (ntp.m|0x9|0.0.0.0:123->40.76.58.209:123).
Information	9/8/2016 1:43:11 PM	Microsoft-Windows-Time-Service	158	None	The time provider 'VMICTimeProvider' has indicated that the current hardware and operating environment is not supported and has stopped. This behavior is expected for VMICTimeProvider on non-HyperV-guest environments. This may be the expected behavior for the current provider in the current operating environment as well.
Error	9/8/2016 1:42:12 PM	Microsoft-Windows-DistributedCOM	10016	None	"The application-specific permission settings do not grant Local Activation permission for the COM Server application with CLSID 
{D63B10C5-BB46-4990-A94F-E40B9D520160}
 and APPID 
{9CA88EE3-ACB7-47C8-AFC4-AB702511C276}
 to the user NT AUTHORITY\SYSTEM SID (S-1-5-18) from address LocalHost (Using LRPC) running in the application container Unavailable SID (Unavailable). This security permission can be modified using the Component Services administrative tool."
Information	9/8/2016 12:00:00 PM	EventLog	6013	None	The system uptime is 181505 seconds.
Error	9/8/2016 11:55:00 AM	disk	154	None	The IO operation at logical block address 0x0 for Disk 3 (PDO name: \Device\0000006d) failed due to a hardware error.
Error	9/8/2016 11:32:19 AM	disk	154	None	The IO operation at logical block address 0x0 for Disk 3 (PDO name: \Device\0000006d) failed due to a hardware error.
Error	9/8/2016 11:28:51 AM	Microsoft-Windows-DistributedCOM	10016	None	"The application-specific permission settings do not grant Local Activation permission for the COM Server application with CLSID 
{D63B10C5-BB46-4990-A94F-E40B9D520160}
 and APPID 
{9CA88EE3-ACB7-47C8-AFC4-AB702511C276}
 to the user NT AUTHORITY\SYSTEM SID (S-1-5-18) from address LocalHost (Using LRPC) running in the application container Unavailable SID (Unavailable). This security permission can be modified using the Component Services administrative tool."
Information	9/8/2016 11:07:10 AM	Microsoft-Windows-WindowsUpdateClient	19	Windows Update Agent	Installation Successful: Windows successfully installed the following update: Definition Update for Windows Defender - KB2267602 (Definition 1.227.1885.0)
Information	9/8/2016 11:06:57 AM	Microsoft-Windows-WindowsUpdateClient	43	Windows Update Agent	Installation Started: Windows has started installing the following update: Definition Update for Windows Defender - KB2267602 (Definition 1.227.1885.0)
Information	9/8/2016 11:06:57 AM	Microsoft-Windows-WindowsUpdateClient	44	Windows Update Agent	Windows Update started downloading an update.
Error	9/8/2016 11:06:43 AM	disk	154	None	The IO operation at logical block address 0x0 for Disk 3 (PDO name: \Device\0000006d) failed due to a hardware error.
Information	9/8/2016 10:50:20 AM	Microsoft-Windows-Kernel-General	16	None	The access history in hive \??\C:\Users\AndyL\AppData\Local\Packages\d50536cd.gotomeeting_hmf6bx7z76t54\Settings\settings.dat was cleared updating 7 keys and creating 1 modified pages.
Information	9/8/2016 10:34:26 AM	Microsoft-Windows-Kernel-General	16	None	The access history in hive \??\c:\users\defaultuser0\AppData\Local\Microsoft\Windows\usrclass.dat was cleared updating 130 keys and creating 15 modified pages.
Information	9/8/2016 10:34:26 AM	Microsoft-Windows-Kernel-General	16	None	The access history in hive \??\c:\users\defaultuser0\ntuser.dat was cleared updating 885 keys and creating 58 modified pages.
Error	9/8/2016 10:30:22 AM	Microsoft-Windows-DistributedCOM	10016	None	"The machine-default permission settings do not grant Local Activation permission for the COM Server application with CLSID 
{C2F03A33-21F5-47FA-B4BB-156362A2F239}
 and APPID 
{316CDED5-E4AE-4B15-9113-7055D84DCC97}
 to the user DESKTOP-EEMI531\AndyL SID (S-1-5-21-1575717692-3803065512-522513972-1001) from address LocalHost (Using LRPC) running in the application container Microsoft.Windows.Cortana_1.7.0.14393_neutral_neutral_cw5n1h2txyewy SID (S-1-15-2-1861897761-1695161497-2927542615-642690995-327840285-2659745135-2630312742). This security permission can be modified using the Component Services administrative tool."
Error	9/8/2016 10:30:22 AM	Microsoft-Windows-DistributedCOM	10016	None	"The machine-default permission settings do not grant Local Activation permission for the COM Server application with CLSID 
{C2F03A33-21F5-47FA-B4BB-156362A2F239}
 and APPID 
{316CDED5-E4AE-4B15-9113-7055D84DCC97}
 to the user DESKTOP-EEMI531\AndyL SID (S-1-5-21-1575717692-3803065512-522513972-1001) from address LocalHost (Using LRPC) running in the application container Microsoft.Windows.Cortana_1.7.0.14393_neutral_neutral_cw5n1h2txyewy SID (S-1-15-2-1861897761-1695161497-2927542615-642690995-327840285-2659745135-2630312742). This security permission can be modified using the Component Services administrative tool."
Error	9/8/2016 10:30:22 AM	Microsoft-Windows-DistributedCOM	10016	None	"The machine-default permission settings do not grant Local Activation permission for the COM Server application with CLSID 
{C2F03A33-21F5-47FA-B4BB-156362A2F239}
 and APPID 
{316CDED5-E4AE-4B15-9113-7055D84DCC97}
 to the user DESKTOP-EEMI531\AndyL SID (S-1-5-21-1575717692-3803065512-522513972-1001) from address LocalHost (Using LRPC) running in the application container Microsoft.Windows.Cortana_1.7.0.14393_neutral_neutral_cw5n1h2txyewy SID (S-1-15-2-1861897761-1695161497-2927542615-642690995-327840285-2659745135-2630312742). This security permission can be modified using the Component Services administrative tool."
Error	9/8/2016 10:30:22 AM	Microsoft-Windows-DistributedCOM	10016	None	"The machine-default permission settings do not grant Local Activation permission for the COM Server application with CLSID 
{C2F03A33-21F5-47FA-B4BB-156362A2F239}
 and APPID 
{316CDED5-E4AE-4B15-9113-7055D84DCC97}
 to the user DESKTOP-EEMI531\AndyL SID (S-1-5-21-1575717692-3803065512-522513972-1001) from address LocalHost (Using LRPC) running in the application container Microsoft.Windows.Cortana_1.7.0.14393_neutral_neutral_cw5n1h2txyewy SID (S-1-15-2-1861897761-1695161497-2927542615-642690995-327840285-2659745135-2630312742). This security permission can be modified using the Component Services administrative tool."
Error	9/8/2016 10:30:21 AM	Microsoft-Windows-DistributedCOM	10016	None	"The machine-default permission settings do not grant Local Activation permission for the COM Server application with CLSID 
{C2F03A33-21F5-47FA-B4BB-156362A2F239}
 and APPID 
{316CDED5-E4AE-4B15-9113-7055D84DCC97}
 to the user DESKTOP-EEMI531\AndyL SID (S-1-5-21-1575717692-3803065512-522513972-1001) from address LocalHost (Using LRPC) running in the application container Microsoft.Windows.Cortana_1.7.0.14393_neutral_neutral_cw5n1h2txyewy SID (S-1-15-2-1861897761-1695161497-2927542615-642690995-327840285-2659745135-2630312742). This security permission can be modified using the Component Services administrative tool."
Error	9/8/2016 10:30:21 AM	Microsoft-Windows-DistributedCOM	10016	None	"The machine-default permission settings do not grant Local Activation permission for the COM Server application with CLSID 
{C2F03A33-21F5-47FA-B4BB-156362A2F239}
 and APPID 
{316CDED5-E4AE-4B15-9113-7055D84DCC97}
 to the user DESKTOP-EEMI531\AndyL SID (S-1-5-21-1575717692-3803065512-522513972-1001) from address LocalHost (Using LRPC) running in the application container Microsoft.Windows.Cortana_1.7.0.14393_neutral_neutral_cw5n1h2txyewy SID (S-1-15-2-1861897761-1695161497-2927542615-642690995-327840285-2659745135-2630312742). This security permission can be modified using the Component Services administrative tool."
Error	9/8/2016 10:30:21 AM	Microsoft-Windows-DistributedCOM	10016	None	"The machine-default permission settings do not grant Local Activation permission for the COM Server application with CLSID 
{C2F03A33-21F5-47FA-B4BB-156362A2F239}
 and APPID 
{316CDED5-E4AE-4B15-9113-7055D84DCC97}
 to the user DESKTOP-EEMI531\AndyL SID (S-1-5-21-1575717692-3803065512-522513972-1001) from address LocalHost (Using LRPC) running in the application container Microsoft.Windows.Cortana_1.7.0.14393_neutral_neutral_cw5n1h2txyewy SID (S-1-15-2-1861897761-1695161497-2927542615-642690995-327840285-2659745135-2630312742). This security permission can be modified using the Component Services administrative tool."
Information	9/8/2016 4:40:02 AM	Microsoft-Windows-WindowsUpdateClient	19	Windows Update Agent	Installation Successful: Windows successfully installed the following update: Xbox Accessories
Information	9/8/2016 4:40:02 AM	Microsoft-Windows-WindowsUpdateClient	43	Windows Update Agent	Installation Started: Windows has started installing the following update: Xbox Accessories
Information	9/8/2016 4:39:56 AM	Microsoft-Windows-Kernel-General	16	None	The access history in hive \??\C:\ProgramData\Microsoft\Windows\AppRepository\Packages\Microsoft.XboxDevices_100.1608.16000.0_x64__8wekyb3d8bbwe\ActivationStore.dat was cleared updating 0 keys and creating 0 modified pages.
Information	9/8/2016 4:39:54 AM	Microsoft-Windows-WindowsUpdateClient	44	Windows Update Agent	Windows Update started downloading an update.
Warning	9/8/2016 1:41:48 AM	Microsoft-Windows-DNS-Client	1014	(1014)	Name resolution for the name _ldap._tcp.dc._msdcs.WORKGROUP timed out after none of the configured DNS servers responded.
Warning	9/8/2016 1:41:47 AM	Microsoft-Windows-DNS-Client	1014	(1014)	Name resolution for the name sippoolbl20b06.infra.lync.com timed out after none of the configured DNS servers responded.
Warning	9/8/2016 1:41:45 AM	Microsoft-Windows-DNS-Client	1014	(1014)	Name resolution for the name bluegranite1-my.sharepoint.com timed out after none of the configured DNS servers responded.
Warning	9/8/2016 1:41:04 AM	Microsoft-Windows-DNS-Client	1014	(1014)	Name resolution for the name jrurjtoxpnbebpj timed out after none of the configured DNS servers responded.
Warning	9/8/2016 1:41:00 AM	Microsoft-Windows-DNS-Client	1014	(1014)	Name resolution for the name wpad timed out after none of the configured DNS servers responded.
Warning	9/8/2016 1:40:00 AM	Microsoft-Windows-DNS-Client	1014	(1014)	Name resolution for the name lyncdiscoverinternal.blue-granite.com timed out after none of the configured DNS servers responded.
Warning	9/8/2016 1:39:55 AM	Microsoft-Windows-DNS-Client	1014	(1014)	Name resolution for the name isatap.hsd1.co.comcast.net timed out after none of the configured DNS servers responded.
Warning	9/8/2016 1:39:15 AM	Microsoft-Windows-DNS-Client	1014	(1014)	Name resolution for the name bluegranite1-my.sharepoint.com timed out after none of the configured DNS servers responded.
Warning	9/8/2016 12:43:03 AM	Microsoft-Windows-DNS-Client	1014	(1014)	Name resolution for the name bluegranite1-my.sharepoint.com timed out after none of the configured DNS servers responded.
Warning	9/7/2016 10:34:27 PM	Microsoft-Windows-DNS-Client	1014	(1014)	Name resolution for the name hsd1.co.comcast.net timed out after none of the configured DNS servers responded.
Warning	9/7/2016 10:34:12 PM	Microsoft-Windows-DNS-Client	1014	(1014)	Name resolution for the name hsd1.co.comcast.net timed out after none of the configured DNS servers responded.
Warning	9/7/2016 10:33:21 PM	Microsoft-Windows-DNS-Client	1014	(1014)	Name resolution for the name bluegranite1-my.sharepoint.com timed out after none of the configured DNS servers responded.
Error	9/7/2016 9:11:24 PM	disk	154	None	The IO operation at logical block address 0x0 for Disk 3 (PDO name: \Device\0000006d) failed due to a hardware error.
Error	9/7/2016 9:11:23 PM	disk	154	None	The IO operation at logical block address 0x0 for Disk 3 (PDO name: \Device\0000006d) failed due to a hardware error.
Information	9/7/2016 9:11:21 PM	Microsoft-Windows-Ntfs	98	None	Volume Software-Downloads (\Device\HarddiskVolumeShadowCopy14) is healthy.  No action is needed.
Error	9/7/2016 9:11:06 PM	disk	154	None	The IO operation at logical block address 0x0 for Disk 3 (PDO name: \Device\0000006d) failed due to a hardware error.
Error	9/7/2016 9:11:06 PM	disk	154	None	The IO operation at logical block address 0x0 for Disk 3 (PDO name: \Device\0000006d) failed due to a hardware error.
Error	9/7/2016 9:11:05 PM	disk	154	None	The IO operation at logical block address 0x0 for Disk 3 (PDO name: \Device\0000006d) failed due to a hardware error.
Error	9/7/2016 9:11:04 PM	disk	154	None	The IO operation at logical block address 0x0 for Disk 3 (PDO name: \Device\0000006d) failed due to a hardware error.
Information	9/7/2016 9:11:03 PM	Microsoft-Windows-Ntfs	98	None	Volume ?? (\Device\HarddiskVolumeShadowCopy13) is healthy.  No action is needed.
Error	9/7/2016 9:10:50 PM	disk	154	None	The IO operation at logical block address 0x0 for Disk 3 (PDO name: \Device\0000006d) failed due to a hardware error.
Error	9/7/2016 9:10:49 PM	disk	154	None	The IO operation at logical block address 0x0 for Disk 3 (PDO name: \Device\0000006d) failed due to a hardware error.
Error	9/7/2016 9:10:48 PM	disk	154	None	The IO operation at logical block address 0x0 for Disk 3 (PDO name: \Device\0000006d) failed due to a hardware error.
Error	9/7/2016 9:10:48 PM	disk	154	None	The IO operation at logical block address 0x0 for Disk 3 (PDO name: \Device\0000006d) failed due to a hardware error.
Information	9/7/2016 9:01:09 PM	Microsoft-Windows-Ntfs	98	None	Volume Windows7_OS (\Device\HarddiskVolumeShadowCopy12) is healthy.  No action is needed.
Error	9/7/2016 9:00:54 PM	disk	154	None	The IO operation at logical block address 0x0 for Disk 3 (PDO name: \Device\0000006d) failed due to a hardware error.
Error	9/7/2016 9:00:54 PM	disk	154	None	The IO operation at logical block address 0x0 for Disk 3 (PDO name: \Device\0000006d) failed due to a hardware error.
Error	9/7/2016 9:00:53 PM	disk	154	None	The IO operation at logical block address 0x0 for Disk 3 (PDO name: \Device\0000006d) failed due to a hardware error.
Error	9/7/2016 9:00:52 PM	disk	154	None	The IO operation at logical block address 0x0 for Disk 3 (PDO name: \Device\0000006d) failed due to a hardware error.
Information	9/7/2016 9:00:52 PM	Microsoft-Windows-Kernel-General	16	None	The access history in hive \Device\HarddiskVolume1\Boot\BCD was cleared updating 66 keys and creating 6 modified pages.
Information	9/7/2016 9:00:50 PM	Microsoft-Windows-Ntfs	98	None	Volume SYSTEM_DRV (\Device\HarddiskVolumeShadowCopy11) is healthy.  No action is needed.
Error	9/7/2016 9:00:50 PM	disk	154	None	The IO operation at logical block address 0x0 for Disk 3 (PDO name: \Device\0000006d) failed due to a hardware error.
Error	9/7/2016 9:00:50 PM	disk	154	None	The IO operation at logical block address 0x0 for Disk 3 (PDO name: \Device\0000006d) failed due to a hardware error.
Error	9/7/2016 9:00:35 PM	disk	154	None	The IO operation at logical block address 0x0 for Disk 3 (PDO name: \Device\0000006d) failed due to a hardware error.
Error	9/7/2016 9:00:34 PM	disk	154	None	The IO operation at logical block address 0x0 for Disk 3 (PDO name: \Device\0000006d) failed due to a hardware error.
Error	9/7/2016 9:00:31 PM	disk	154	None	The IO operation at logical block address 0x0 for Disk 3 (PDO name: \Device\0000006d) failed due to a hardware error.
Error	9/7/2016 9:00:31 PM	disk	154	None	The IO operation at logical block address 0x0 for Disk 3 (PDO name: \Device\0000006d) failed due to a hardware error.
Error	9/7/2016 9:00:30 PM	disk	154	None	The IO operation at logical block address 0x0 for Disk 3 (PDO name: \Device\0000006d) failed due to a hardware error.
Error	9/7/2016 9:00:30 PM	disk	154	None	The IO operation at logical block address 0x0 for Disk 3 (PDO name: \Device\0000006d) failed due to a hardware error.
Error	9/7/2016 9:00:29 PM	disk	154	None	The IO operation at logical block address 0x0 for Disk 3 (PDO name: \Device\0000006d) failed due to a hardware error.
Error	9/7/2016 9:00:29 PM	disk	154	None	The IO operation at logical block address 0x0 for Disk 3 (PDO name: \Device\0000006d) failed due to a hardware error.
Error	9/7/2016 9:00:28 PM	disk	154	None	The IO operation at logical block address 0x0 for Disk 3 (PDO name: \Device\0000006d) failed due to a hardware error.
Error	9/7/2016 9:00:28 PM	disk	154	None	The IO operation at logical block address 0x0 for Disk 3 (PDO name: \Device\0000006d) failed due to a hardware error.
Error	9/7/2016 9:00:27 PM	disk	154	None	The IO operation at logical block address 0x0 for Disk 3 (PDO name: \Device\0000006d) failed due to a hardware error.
Error	9/7/2016 9:00:27 PM	disk	154	None	The IO operation at logical block address 0x0 for Disk 3 (PDO name: \Device\0000006d) failed due to a hardware error.
Error	9/7/2016 9:00:26 PM	disk	154	None	The IO operation at logical block address 0x0 for Disk 3 (PDO name: \Device\0000006d) failed due to a hardware error.
Error	9/7/2016 9:00:26 PM	disk	154	None	The IO operation at logical block address 0x0 for Disk 3 (PDO name: \Device\0000006d) failed due to a hardware error.
Error	9/7/2016 9:00:25 PM	disk	154	None	The IO operation at logical block address 0x0 for Disk 3 (PDO name: \Device\0000006d) failed due to a hardware error.
Error	9/7/2016 9:00:25 PM	disk	154	None	The IO operation at logical block address 0x0 for Disk 3 (PDO name: \Device\0000006d) failed due to a hardware error.
Error	9/7/2016 9:00:24 PM	disk	154	None	The IO operation at logical block address 0x0 for Disk 3 (PDO name: \Device\0000006d) failed due to a hardware error.
Error	9/7/2016 9:00:24 PM	disk	154	None	The IO operation at logical block address 0x0 for Disk 3 (PDO name: \Device\0000006d) failed due to a hardware error.
Error	9/7/2016 9:00:23 PM	disk	154	None	The IO operation at logical block address 0x0 for Disk 3 (PDO name: \Device\0000006d) failed due to a hardware error.
Error	9/7/2016 9:00:23 PM	disk	154	None	The IO operation at logical block address 0x0 for Disk 3 (PDO name: \Device\0000006d) failed due to a hardware error.
Error	9/7/2016 9:00:22 PM	disk	154	None	The IO operation at logical block address 0x0 for Disk 3 (PDO name: \Device\0000006d) failed due to a hardware error.
Error	9/7/2016 9:00:22 PM	disk	154	None	The IO operation at logical block address 0x0 for Disk 3 (PDO name: \Device\0000006d) failed due to a hardware error.
Error	9/7/2016 9:00:21 PM	disk	154	None	The IO operation at logical block address 0x0 for Disk 3 (PDO name: \Device\0000006d) failed due to a hardware error.
Error	9/7/2016 9:00:21 PM	disk	154	None	The IO operation at logical block address 0x0 for Disk 3 (PDO name: \Device\0000006d) failed due to a hardware error.
Error	9/7/2016 9:00:20 PM	disk	154	None	The IO operation at logical block address 0x0 for Disk 3 (PDO name: \Device\0000006d) failed due to a hardware error.
Error	9/7/2016 9:00:20 PM	disk	154	None	The IO operation at logical block address 0x0 for Disk 3 (PDO name: \Device\0000006d) failed due to a hardware error.
Error	9/7/2016 9:00:19 PM	disk	154	None	The IO operation at logical block address 0x0 for Disk 3 (PDO name: \Device\0000006d) failed due to a hardware error.
Error	9/7/2016 9:00:19 PM	disk	154	None	The IO operation at logical block address 0x0 for Disk 3 (PDO name: \Device\0000006d) failed due to a hardware error.
Error	9/7/2016 9:00:18 PM	disk	154	None	The IO operation at logical block address 0x0 for Disk 3 (PDO name: \Device\0000006d) failed due to a hardware error.
Error	9/7/2016 9:00:18 PM	disk	154	None	The IO operation at logical block address 0x0 for Disk 3 (PDO name: \Device\0000006d) failed due to a hardware error.
Error	9/7/2016 9:00:17 PM	disk	154	None	The IO operation at logical block address 0x0 for Disk 3 (PDO name: \Device\0000006d) failed due to a hardware error.
Error	9/7/2016 9:00:17 PM	disk	154	None	The IO operation at logical block address 0x0 for Disk 3 (PDO name: \Device\0000006d) failed due to a hardware error.
Error	9/7/2016 9:00:16 PM	disk	154	None	The IO operation at logical block address 0x0 for Disk 3 (PDO name: \Device\0000006d) failed due to a hardware error.
Error	9/7/2016 9:00:16 PM	disk	154	None	The IO operation at logical block address 0x0 for Disk 3 (PDO name: \Device\0000006d) failed due to a hardware error.
Error	9/7/2016 9:00:15 PM	disk	154	None	The IO operation at logical block address 0x0 for Disk 3 (PDO name: \Device\0000006d) failed due to a hardware error.
Error	9/7/2016 9:00:15 PM	disk	154	None	The IO operation at logical block address 0x0 for Disk 3 (PDO name: \Device\0000006d) failed due to a hardware error.
Error	9/7/2016 9:00:14 PM	disk	154	None	The IO operation at logical block address 0x0 for Disk 3 (PDO name: \Device\0000006d) failed due to a hardware error.
Error	9/7/2016 9:00:14 PM	disk	154	None	The IO operation at logical block address 0x0 for Disk 3 (PDO name: \Device\0000006d) failed due to a hardware error.
Error	9/7/2016 9:00:13 PM	disk	154	None	The IO operation at logical block address 0x0 for Disk 3 (PDO name: \Device\0000006d) failed due to a hardware error.
Error	9/7/2016 9:00:13 PM	disk	154	None	The IO operation at logical block address 0x0 for Disk 3 (PDO name: \Device\0000006d) failed due to a hardware error.
Error	9/7/2016 9:00:12 PM	disk	154	None	The IO operation at logical block address 0x0 for Disk 3 (PDO name: \Device\0000006d) failed due to a hardware error.
Error	9/7/2016 9:00:12 PM	disk	154	None	The IO operation at logical block address 0x0 for Disk 3 (PDO name: \Device\0000006d) failed due to a hardware error.
Error	9/7/2016 9:00:11 PM	disk	154	None	The IO operation at logical block address 0x0 for Disk 3 (PDO name: \Device\0000006d) failed due to a hardware error.
Error	9/7/2016 9:00:11 PM	disk	154	None	The IO operation at logical block address 0x0 for Disk 3 (PDO name: \Device\0000006d) failed due to a hardware error.
Error	9/7/2016 9:00:10 PM	disk	154	None	The IO operation at logical block address 0x0 for Disk 3 (PDO name: \Device\0000006d) failed due to a hardware error.
Error	9/7/2016 9:00:10 PM	disk	154	None	The IO operation at logical block address 0x0 for Disk 3 (PDO name: \Device\0000006d) failed due to a hardware error.
Error	9/7/2016 9:00:09 PM	disk	154	None	The IO operation at logical block address 0x0 for Disk 3 (PDO name: \Device\0000006d) failed due to a hardware error.
Error	9/7/2016 9:00:09 PM	disk	154	None	The IO operation at logical block address 0x0 for Disk 3 (PDO name: \Device\0000006d) failed due to a hardware error.
Error	9/7/2016 9:00:08 PM	disk	154	None	The IO operation at logical block address 0x0 for Disk 3 (PDO name: \Device\0000006d) failed due to a hardware error.
Error	9/7/2016 9:00:08 PM	disk	154	None	The IO operation at logical block address 0x0 for Disk 3 (PDO name: \Device\0000006d) failed due to a hardware error.
Error	9/7/2016 9:00:07 PM	disk	154	None	The IO operation at logical block address 0x0 for Disk 3 (PDO name: \Device\0000006d) failed due to a hardware error.
Error	9/7/2016 9:00:07 PM	disk	154	None	The IO operation at logical block address 0x0 for Disk 3 (PDO name: \Device\0000006d) failed due to a hardware error.
Error	9/7/2016 9:00:06 PM	disk	154	None	The IO operation at logical block address 0x0 for Disk 3 (PDO name: \Device\0000006d) failed due to a hardware error.
Error	9/7/2016 9:00:06 PM	disk	154	None	The IO operation at logical block address 0x0 for Disk 3 (PDO name: \Device\0000006d) failed due to a hardware error.
Information	9/7/2016 7:14:55 PM	Microsoft-Windows-Kernel-General	16	None	The access history in hive \??\C:\Users\AndyL\AppData\Local\Packages\pandoramediainc.29680b314efc2_n619g4d5j0fnw\Settings\settings.dat was cleared updating 2 keys and creating 1 modified pages.
Information	9/7/2016 7:14:55 PM	Microsoft-Windows-Kernel-General	16	None	The access history in hive \??\C:\Users\AndyL\AppData\Local\Packages\microsoft.zunevideo_8wekyb3d8bbwe\Settings\settings.dat was cleared updating 2 keys and creating 1 modified pages.
Information	9/7/2016 7:14:55 PM	Microsoft-Windows-Kernel-General	16	None	The access history in hive \??\C:\Users\AndyL\AppData\Local\Packages\microsoft.xboxdevices_8wekyb3d8bbwe\Settings\settings.dat was cleared updating 2 keys and creating 1 modified pages.
Information	9/7/2016 7:14:54 PM	Microsoft-Windows-Kernel-General	16	None	The access history in hive \??\C:\Users\AndyL\AppData\Local\Packages\microsoft.windowssoundrecorder_8wekyb3d8bbwe\Settings\settings.dat was cleared updating 2 keys and creating 1 modified pages.
Information	9/7/2016 7:14:54 PM	Microsoft-Windows-Kernel-General	16	None	The access history in hive \??\C:\Users\AndyL\AppData\Local\Packages\microsoft.windowscalculator_8wekyb3d8bbwe\Settings\settings.dat was cleared updating 2 keys and creating 1 modified pages.
Information	9/7/2016 7:14:54 PM	Microsoft-Windows-Kernel-General	16	None	The access history in hive \??\C:\Users\AndyL\AppData\Local\Packages\microsoft.storepurchaseapp_8wekyb3d8bbwe\Settings\settings.dat was cleared updating 2 keys and creating 1 modified pages.
Information	9/7/2016 7:14:54 PM	Microsoft-Windows-Kernel-General	16	None	The access history in hive \??\C:\Users\AndyL\AppData\Local\Packages\microsoft.oneconnect_8wekyb3d8bbwe\Settings\settings.dat was cleared updating 2 keys and creating 1 modified pages.
Information	9/7/2016 7:14:54 PM	Microsoft-Windows-Kernel-General	16	None	The access history in hive \??\C:\Users\AndyL\AppData\Local\Packages\microsoft.office.onenote_8wekyb3d8bbwe\Settings\settings.dat was cleared updating 93 keys and creating 8 modified pages.
Information	9/7/2016 7:14:54 PM	Microsoft-Windows-Kernel-General	16	None	The access history in hive \??\C:\Users\AndyL\AppData\Local\Packages\microsoft.microsoftstickynotes_8wekyb3d8bbwe\Settings\settings.dat was cleared updating 2 keys and creating 1 modified pages.
Information	9/7/2016 7:14:54 PM	Microsoft-Windows-Kernel-General	16	None	The access history in hive \??\C:\Users\AndyL\AppData\Local\Packages\microsoft.microsoftsolitairecollection_8wekyb3d8bbwe\Settings\settings.dat was cleared updating 2 keys and creating 1 modified pages.
Information	9/7/2016 7:14:53 PM	Microsoft-Windows-Kernel-General	16	None	The access history in hive \??\C:\Users\AndyL\AppData\Local\Packages\microsoft.bingnews_8wekyb3d8bbwe\Settings\settings.dat was cleared updating 2 keys and creating 1 modified pages.
Information	9/7/2016 7:14:53 PM	Microsoft-Windows-Kernel-General	16	None	The access history in hive \??\C:\Users\AndyL\AppData\Local\Packages\microsoft.3dbuilder_8wekyb3d8bbwe\Settings\settings.dat was cleared updating 2 keys and creating 1 modified pages.
Information	9/7/2016 7:14:53 PM	Microsoft-Windows-Kernel-General	16	None	The access history in hive \??\C:\Users\AndyL\AppData\Local\Packages\lastpass.lastpassfreepasswordmanager_qq0fmhteeht3j\Settings\settings.dat was cleared updating 2 keys and creating 1 modified pages.
Information	9/7/2016 7:14:53 PM	Microsoft-Windows-Kernel-General	16	None	The access history in hive \??\C:\Users\AndyL\AppData\Local\Packages\king.com.candycrushsodasaga_kgqvnymyfvs32\Settings\settings.dat was cleared updating 2 keys and creating 1 modified pages.
Information	9/7/2016 7:14:53 PM	Microsoft-Windows-Kernel-General	16	None	The access history in hive \??\C:\Users\AndyL\AppData\Local\Packages\gameloftsa.asphalt8airborne_0pp20fcewvvtj\Settings\settings.dat was cleared updating 2 keys and creating 1 modified pages.
Information	9/7/2016 7:14:53 PM	Microsoft-Windows-Kernel-General	16	None	The access history in hive \??\C:\Users\AndyL\AppData\Local\Packages\d52a8d61.farmville2countryescape_jwbwg6xx0377a\Settings\settings.dat was cleared updating 2 keys and creating 1 modified pages.
Information	9/7/2016 7:14:53 PM	Microsoft-Windows-Kernel-General	16	None	The access history in hive \??\C:\Users\AndyL\AppData\Local\Packages\9e2f88e3.twitter_wgeqdkkx372wm\Settings\settings.dat was cleared updating 3 keys and creating 1 modified pages.
Information	9/7/2016 7:14:53 PM	Microsoft-Windows-Kernel-General	16	None	The access history in hive \??\C:\Users\AndyL\AppData\Local\Packages\4df9e0f8.netflix_mcm4njqhnhss8\Settings\settings.dat was cleared updating 2 keys and creating 1 modified pages.
Warning	9/7/2016 7:12:00 PM	Microsoft-Windows-DNS-Client	1014	(1014)	Name resolution for the name hsd1.co.comcast.net timed out after none of the configured DNS servers responded.
Warning	9/7/2016 7:04:02 PM	Microsoft-Windows-DNS-Client	1014	(1014)	Name resolution for the name outlook.office365.com timed out after none of the configured DNS servers responded.
Error	9/7/2016 5:09:58 PM	Microsoft-Windows-DistributedCOM	10016	None	"The application-specific permission settings do not grant Local Activation permission for the COM Server application with CLSID 
{D63B10C5-BB46-4990-A94F-E40B9D520160}
 and APPID 
{9CA88EE3-ACB7-47C8-AFC4-AB702511C276}
 to the user NT AUTHORITY\SYSTEM SID (S-1-5-18) from address LocalHost (Using LRPC) running in the application container Unavailable SID (Unavailable). This security permission can be modified using the Component Services administrative tool."
Warning	9/7/2016 4:20:53 PM	Microsoft-Windows-DNS-Client	1014	(1014)	Name resolution for the name bluegranite1-my.sharepoint.com timed out after none of the configured DNS servers responded.
Warning	9/7/2016 4:11:13 PM	Microsoft-Windows-DNS-Client	1014	(1014)	Name resolution for the name roaming.officeapps.live.com timed out after none of the configured DNS servers responded.
Information	9/7/2016 3:02:35 PM	Microsoft-Windows-Kernel-General	1	(5)	"The system time has changed to ‎2016‎-‎09‎-‎07T21:02:35.430000000Z from ‎2016‎-‎09‎-‎07T21:02:35.430515500Z.

Change Reason: An application or system component changed the time."
Information	9/7/2016 3:02:35 PM	Microsoft-Windows-Time-Service	35	None	The time service is now synchronizing the system time with the time source time.windows.com,0x9 (ntp.m|0x9|0.0.0.0:123->40.76.58.209:123).
Information	9/7/2016 3:02:20 PM	Microsoft-Windows-Time-Service	37	None	The time provider NtpClient is currently receiving valid time data from time.windows.com,0x9 (ntp.m|0x9|0.0.0.0:123->40.76.58.209:123).
Information	9/7/2016 3:02:19 PM	Microsoft-Windows-Time-Service	158	None	The time provider 'VMICTimeProvider' has indicated that the current hardware and operating environment is not supported and has stopped. This behavior is expected for VMICTimeProvider on non-HyperV-guest environments. This may be the expected behavior for the current provider in the current operating environment as well.
Information	9/7/2016 2:39:03 PM	Microsoft-Windows-Kernel-General	16	None	The access history in hive \??\C:\Users\AndyL\AppData\Local\Packages\1508E719.MLB.TV_9h0pwecjjphwj\Settings\settings.dat was cleared updating 3 keys and creating 1 modified pages.
Warning	9/7/2016 1:50:17 PM	Microsoft-Windows-DNS-Client	1014	(1014)	Name resolution for the name bluegranite1-my.sharepoint.com timed out after none of the configured DNS servers responded.
Warning	9/7/2016 1:50:06 PM	Microsoft-Windows-DNS-Client	1014	(1014)	Name resolution for the name www.googleapis.com timed out after none of the configured DNS servers responded.
Information	9/7/2016 1:08:07 PM	Microsoft-Windows-Kernel-General	1	(5)	"The system time has changed to ‎2016‎-‎09‎-‎07T19:08:07.739000000Z from ‎2016‎-‎09‎-‎07T19:08:07.741266200Z.

Change Reason: An application or system component changed the time."
Information	9/7/2016 1:08:07 PM	Microsoft-Windows-Time-Service	35	None	The time service is now synchronizing the system time with the time source time.windows.com,0x9 (ntp.m|0x9|0.0.0.0:123->40.76.58.209:123).
Information	9/7/2016 1:08:07 PM	Microsoft-Windows-Time-Service	37	None	The time provider NtpClient is currently receiving valid time data from time.windows.com,0x9 (ntp.m|0x9|0.0.0.0:123->40.76.58.209:123).
Warning	9/7/2016 1:08:06 PM	Microsoft-Windows-Time-Service	36	None	The time service has not synchronized the system time for 86400 seconds because none of the time service providers provided a usable time stamp. The time service will not update the local system time until it is able to synchronize with a time source. If the local system is configured to act as a time server for clients, it will stop advertising as a time source to clients. The time service will continue to retry and sync time with its time sources. Check system event log for other W32time events for more details. Run 'w32tm /resync' to force an instant time synchronization.
Information	9/7/2016 12:22:20 PM	Microsoft-Windows-WindowsUpdateClient	19	Windows Update Agent	Installation Successful: Windows successfully installed the following update: Definition Update for Windows Defender - KB2267602 (Definition 1.227.1835.0)
Information	9/7/2016 12:22:07 PM	Microsoft-Windows-WindowsUpdateClient	43	Windows Update Agent	Installation Started: Windows has started installing the following update: Definition Update for Windows Defender - KB2267602 (Definition 1.227.1835.0)
Information	9/7/2016 12:22:07 PM	Microsoft-Windows-WindowsUpdateClient	44	Windows Update Agent	Windows Update started downloading an update.
Error	9/7/2016 12:21:49 PM	disk	154	None	The IO operation at logical block address 0x0 for Disk 3 (PDO name: \Device\0000006d) failed due to a hardware error.
Error	9/7/2016 12:12:21 PM	disk	154	None	The IO operation at logical block address 0x0 for Disk 3 (PDO name: \Device\0000006d) failed due to a hardware error.
Error	9/7/2016 12:12:20 PM	disk	154	None	The IO operation at logical block address 0x34480bbe for Disk 3 (PDO name: \Device\0000006d) failed due to a hardware error.
Error	9/7/2016 12:12:20 PM	disk	154	None	The IO operation at logical block address 0x3014ba43 for Disk 3 (PDO name: \Device\0000006d) failed due to a hardware error.
Error	9/7/2016 12:12:19 PM	disk	154	None	The IO operation at logical block address 0x2fdcdf4b for Disk 3 (PDO name: \Device\0000006d) failed due to a hardware error.
Error	9/7/2016 12:12:19 PM	disk	154	None	The IO operation at logical block address 0x23c2fccf for Disk 3 (PDO name: \Device\0000006d) failed due to a hardware error.
Error	9/7/2016 12:12:18 PM	disk	154	None	The IO operation at logical block address 0xe774190 for Disk 3 (PDO name: \Device\0000006d) failed due to a hardware error.
Error	9/7/2016 12:12:18 PM	disk	154	None	The IO operation at logical block address 0x99ce38e for Disk 3 (PDO name: \Device\0000006d) failed due to a hardware error.
Error	9/7/2016 12:12:17 PM	disk	154	None	The IO operation at logical block address 0x331040b for Disk 3 (PDO name: \Device\0000006d) failed due to a hardware error.
Error	9/7/2016 12:12:17 PM	disk	154	None	The IO operation at logical block address 0x258c12fc for Disk 3 (PDO name: \Device\0000006d) failed due to a hardware error.
Error	9/7/2016 12:12:16 PM	disk	154	None	The IO operation at logical block address 0x1b644499 for Disk 3 (PDO name: \Device\0000006d) failed due to a hardware error.
Error	9/7/2016 12:12:16 PM	disk	154	None	The IO operation at logical block address 0x129f1d34 for Disk 3 (PDO name: \Device\0000006d) failed due to a hardware error.
Error	9/7/2016 12:12:16 PM	disk	154	None	The IO operation at logical block address 0x115baefa for Disk 3 (PDO name: \Device\0000006d) failed due to a hardware error.
Error	9/7/2016 12:12:15 PM	disk	154	None	The IO operation at logical block address 0xeae7de0 for Disk 3 (PDO name: \Device\0000006d) failed due to a hardware error.
Error	9/7/2016 12:12:15 PM	disk	154	None	The IO operation at logical block address 0x984ea6a for Disk 3 (PDO name: \Device\0000006d) failed due to a hardware error.
Error	9/7/2016 12:12:14 PM	disk	154	None	The IO operation at logical block address 0x2a427f5 for Disk 3 (PDO name: \Device\0000006d) failed due to a hardware error.
Error	9/7/2016 12:12:14 PM	disk	154	None	The IO operation at logical block address 0x177affe1 for Disk 3 (PDO name: \Device\0000006d) failed due to a hardware error.
Error	9/7/2016 12:12:13 PM	disk	154	None	The IO operation at logical block address 0x1dec6cb for Disk 3 (PDO name: \Device\0000006d) failed due to a hardware error.
Error	9/7/2016 12:12:13 PM	disk	154	None	The IO operation at logical block address 0x53c82f for Disk 3 (PDO name: \Device\0000006d) failed due to a hardware error.
Error	9/7/2016 12:12:12 PM	disk	154	None	The IO operation at logical block address 0x355105b6 for Disk 3 (PDO name: \Device\0000006d) failed due to a hardware error.
Error	9/7/2016 12:12:12 PM	disk	154	None	The IO operation at logical block address 0x2c7b1a19 for Disk 3 (PDO name: \Device\0000006d) failed due to a hardware error.
Error	9/7/2016 12:12:11 PM	disk	154	None	The IO operation at logical block address 0x1fd4cd5c for Disk 3 (PDO name: \Device\0000006d) failed due to a hardware error.
Error	9/7/2016 12:12:11 PM	disk	154	None	The IO operation at logical block address 0x17d1b6b8 for Disk 3 (PDO name: \Device\0000006d) failed due to a hardware error.
Error	9/7/2016 12:12:10 PM	disk	154	None	The IO operation at logical block address 0x162cc1c4 for Disk 3 (PDO name: \Device\0000006d) failed due to a hardware error.
Error	9/7/2016 12:12:10 PM	disk	154	None	The IO operation at logical block address 0x21cbc40 for Disk 3 (PDO name: \Device\0000006d) failed due to a hardware error.
Error	9/7/2016 12:12:09 PM	disk	154	None	The IO operation at logical block address 0x315aed4f for Disk 3 (PDO name: \Device\0000006d) failed due to a hardware error.
Error	9/7/2016 12:12:09 PM	disk	154	None	The IO operation at logical block address 0x2efc62c7 for Disk 3 (PDO name: \Device\0000006d) failed due to a hardware error.
Error	9/7/2016 12:12:08 PM	disk	154	None	The IO operation at logical block address 0x2a52008c for Disk 3 (PDO name: \Device\0000006d) failed due to a hardware error.
Error	9/7/2016 12:12:08 PM	disk	154	None	The IO operation at logical block address 0x1cdd5847 for Disk 3 (PDO name: \Device\0000006d) failed due to a hardware error.
Error	9/7/2016 12:12:07 PM	disk	154	None	The IO operation at logical block address 0x19ed408e for Disk 3 (PDO name: \Device\0000006d) failed due to a hardware error.
Error	9/7/2016 12:12:07 PM	disk	154	None	The IO operation at logical block address 0x16e82107 for Disk 3 (PDO name: \Device\0000006d) failed due to a hardware error.
Error	9/7/2016 12:12:06 PM	disk	154	None	The IO operation at logical block address 0x15b568c7 for Disk 3 (PDO name: \Device\0000006d) failed due to a hardware error.
Error	9/7/2016 12:12:06 PM	disk	154	None	The IO operation at logical block address 0x82d34a2 for Disk 3 (PDO name: \Device\0000006d) failed due to a hardware error.
Error	9/7/2016 12:12:05 PM	disk	154	None	The IO operation at logical block address 0xb7d09 for Disk 3 (PDO name: \Device\0000006d) failed due to a hardware error.
Error	9/7/2016 12:12:05 PM	disk	154	None	The IO operation at logical block address 0x297fa84a for Disk 3 (PDO name: \Device\0000006d) failed due to a hardware error.
Error	9/7/2016 12:12:04 PM	disk	154	None	The IO operation at logical block address 0x28275171 for Disk 3 (PDO name: \Device\0000006d) failed due to a hardware error.
Error	9/7/2016 12:12:04 PM	disk	154	None	The IO operation at logical block address 0x1a923b8e for Disk 3 (PDO name: \Device\0000006d) failed due to a hardware error.
Error	9/7/2016 12:12:03 PM	disk	154	None	The IO operation at logical block address 0x1a6f9539 for Disk 3 (PDO name: \Device\0000006d) failed due to a hardware error.
Error	9/7/2016 12:12:03 PM	disk	154	None	The IO operation at logical block address 0xdc52753 for Disk 3 (PDO name: \Device\0000006d) failed due to a hardware error.
Error	9/7/2016 12:12:02 PM	disk	154	None	The IO operation at logical block address 0x1835709 for Disk 3 (PDO name: \Device\0000006d) failed due to a hardware error.
Error	9/7/2016 12:12:02 PM	disk	154	None	The IO operation at logical block address 0x378529a9 for Disk 3 (PDO name: \Device\0000006d) failed due to a hardware error.
Error	9/7/2016 12:12:01 PM	disk	154	None	The IO operation at logical block address 0x36b3c3c5 for Disk 3 (PDO name: \Device\0000006d) failed due to a hardware error.
Error	9/7/2016 12:12:01 PM	disk	154	None	The IO operation at logical block address 0x3696c403 for Disk 3 (PDO name: \Device\0000006d) failed due to a hardware error.
Error	9/7/2016 12:12:00 PM	disk	154	None	The IO operation at logical block address 0x2e209187 for Disk 3 (PDO name: \Device\0000006d) failed due to a hardware error.
Error	9/7/2016 12:12:00 PM	disk	154	None	The IO operation at logical block address 0x21f6d385 for Disk 3 (PDO name: \Device\0000006d) failed due to a hardware error.
Error	9/7/2016 12:11:59 PM	disk	154	None	The IO operation at logical block address 0x1aa25342 for Disk 3 (PDO name: \Device\0000006d) failed due to a hardware error.
Error	9/7/2016 12:11:59 PM	disk	154	None	The IO operation at logical block address 0x14cc9a98 for Disk 3 (PDO name: \Device\0000006d) failed due to a hardware error.
Error	9/7/2016 12:11:58 PM	disk	154	None	The IO operation at logical block address 0xb5e4060 for Disk 3 (PDO name: \Device\0000006d) failed due to a hardware error.
Error	9/7/2016 12:11:58 PM	disk	154	None	The IO operation at logical block address 0x319ecb3 for Disk 3 (PDO name: \Device\0000006d) failed due to a hardware error.
Error	9/7/2016 12:11:57 PM	disk	154	None	The IO operation at logical block address 0x3157472b for Disk 3 (PDO name: \Device\0000006d) failed due to a hardware error.
Error	9/7/2016 12:11:57 PM	disk	154	None	The IO operation at logical block address 0x282ce07d for Disk 3 (PDO name: \Device\0000006d) failed due to a hardware error.
Error	9/7/2016 12:11:56 PM	disk	154	None	The IO operation at logical block address 0x18de63f2 for Disk 3 (PDO name: \Device\0000006d) failed due to a hardware error.
Error	9/7/2016 12:11:56 PM	disk	154	None	The IO operation at logical block address 0x184aeb88 for Disk 3 (PDO name: \Device\0000006d) failed due to a hardware error.
Error	9/7/2016 12:11:56 PM	disk	154	None	The IO operation at logical block address 0x4a4890f for Disk 3 (PDO name: \Device\0000006d) failed due to a hardware error.
Error	9/7/2016 12:11:55 PM	disk	154	None	The IO operation at logical block address 0x283e5704 for Disk 3 (PDO name: \Device\0000006d) failed due to a hardware error.
Error	9/7/2016 12:11:55 PM	disk	154	None	The IO operation at logical block address 0x23929bff for Disk 3 (PDO name: \Device\0000006d) failed due to a hardware error.
Error	9/7/2016 12:11:54 PM	disk	154	None	The IO operation at logical block address 0x29114223 for Disk 3 (PDO name: \Device\0000006d) failed due to a hardware error.
Error	9/7/2016 12:11:54 PM	disk	154	None	The IO operation at logical block address 0x290c8d39 for Disk 3 (PDO name: \Device\0000006d) failed due to a hardware error.
Error	9/7/2016 12:11:53 PM	disk	154	None	The IO operation at logical block address 0x25ca47be for Disk 3 (PDO name: \Device\0000006d) failed due to a hardware error.
Error	9/7/2016 12:11:53 PM	disk	154	None	The IO operation at logical block address 0x4ff0416 for Disk 3 (PDO name: \Device\0000006d) failed due to a hardware error.
Error	9/7/2016 12:11:52 PM	disk	154	None	The IO operation at logical block address 0x32c45812 for Disk 3 (PDO name: \Device\0000006d) failed due to a hardware error.
Error	9/7/2016 12:11:52 PM	disk	154	None	The IO operation at logical block address 0x2b08f899 for Disk 3 (PDO name: \Device\0000006d) failed due to a hardware error.
Error	9/7/2016 12:11:51 PM	disk	154	None	The IO operation at logical block address 0x13a88ede for Disk 3 (PDO name: \Device\0000006d) failed due to a hardware error.
Error	9/7/2016 12:11:51 PM	disk	154	None	The IO operation at logical block address 0x1168d515 for Disk 3 (PDO name: \Device\0000006d) failed due to a hardware error.
Error	9/7/2016 12:11:50 PM	disk	154	None	The IO operation at logical block address 0x82bf226 for Disk 3 (PDO name: \Device\0000006d) failed due to a hardware error.
Error	9/7/2016 12:11:50 PM	disk	154	None	The IO operation at logical block address 0x2f344195 for Disk 3 (PDO name: \Device\0000006d) failed due to a hardware error.
Error	9/7/2016 12:11:49 PM	disk	154	None	The IO operation at logical block address 0x2c838d11 for Disk 3 (PDO name: \Device\0000006d) failed due to a hardware error.
Error	9/7/2016 12:11:49 PM	disk	154	None	The IO operation at logical block address 0x2810f5cf for Disk 3 (PDO name: \Device\0000006d) failed due to a hardware error.
Error	9/7/2016 12:11:48 PM	disk	154	None	The IO operation at logical block address 0x2719cacf for Disk 3 (PDO name: \Device\0000006d) failed due to a hardware error.
Error	9/7/2016 12:11:48 PM	disk	154	None	The IO operation at logical block address 0x25f8e27b for Disk 3 (PDO name: \Device\0000006d) failed due to a hardware error.
Error	9/7/2016 12:11:47 PM	disk	154	None	The IO operation at logical block address 0x10c68eef for Disk 3 (PDO name: \Device\0000006d) failed due to a hardware error.
Error	9/7/2016 12:11:47 PM	disk	154	None	The IO operation at logical block address 0x26fbbb2 for Disk 3 (PDO name: \Device\0000006d) failed due to a hardware error.
Error	9/7/2016 12:11:46 PM	disk	154	None	The IO operation at logical block address 0x306e10a4 for Disk 3 (PDO name: \Device\0000006d) failed due to a hardware error.
Error	9/7/2016 12:11:46 PM	disk	154	None	The IO operation at logical block address 0x1e294642 for Disk 3 (PDO name: \Device\0000006d) failed due to a hardware error.
Error	9/7/2016 12:11:45 PM	disk	154	None	The IO operation at logical block address 0x13003f68 for Disk 3 (PDO name: \Device\0000006d) failed due to a hardware error.
Error	9/7/2016 12:11:45 PM	disk	154	None	The IO operation at logical block address 0x8705f7d for Disk 3 (PDO name: \Device\0000006d) failed due to a hardware error.
Error	9/7/2016 12:11:44 PM	disk	154	None	The IO operation at logical block address 0x497563f for Disk 3 (PDO name: \Device\0000006d) failed due to a hardware error.
Error	9/7/2016 12:11:44 PM	disk	154	None	The IO operation at logical block address 0x2d3ab781 for Disk 3 (PDO name: \Device\0000006d) failed due to a hardware error.
Error	9/7/2016 12:11:43 PM	disk	154	None	The IO operation at logical block address 0x2aab3770 for Disk 3 (PDO name: \Device\0000006d) failed due to a hardware error.
Error	9/7/2016 12:11:43 PM	disk	154	None	The IO operation at logical block address 0x26a33184 for Disk 3 (PDO name: \Device\0000006d) failed due to a hardware error.
Error	9/7/2016 12:11:42 PM	disk	154	None	The IO operation at logical block address 0x2331fd58 for Disk 3 (PDO name: \Device\0000006d) failed due to a hardware error.
Error	9/7/2016 12:11:42 PM	disk	154	None	The IO operation at logical block address 0x14e5ff0f for Disk 3 (PDO name: \Device\0000006d) failed due to a hardware error.
Error	9/7/2016 12:11:41 PM	disk	154	None	The IO operation at logical block address 0x16009c1 for Disk 3 (PDO name: \Device\0000006d) failed due to a hardware error.
Error	9/7/2016 12:11:41 PM	disk	154	None	The IO operation at logical block address 0x1b12cb for Disk 3 (PDO name: \Device\0000006d) failed due to a hardware error.
Error	9/7/2016 12:11:40 PM	disk	154	None	The IO operation at logical block address 0x2b3e17a3 for Disk 3 (PDO name: \Device\0000006d) failed due to a hardware error.
Error	9/7/2016 12:11:40 PM	disk	154	None	The IO operation at logical block address 0x2756ac61 for Disk 3 (PDO name: \Device\0000006d) failed due to a hardware error.
Error	9/7/2016 12:11:39 PM	disk	154	None	The IO operation at logical block address 0x16c0bf8b for Disk 3 (PDO name: \Device\0000006d) failed due to a hardware error.
Error	9/7/2016 12:11:39 PM	disk	154	None	The IO operation at logical block address 0xacda6f9 for Disk 3 (PDO name: \Device\0000006d) failed due to a hardware error.
Error	9/7/2016 12:11:38 PM	disk	154	None	The IO operation at logical block address 0x63d510a for Disk 3 (PDO name: \Device\0000006d) failed due to a hardware error.
Error	9/7/2016 12:11:38 PM	disk	154	None	The IO operation at logical block address 0x3802abee for Disk 3 (PDO name: \Device\0000006d) failed due to a hardware error.
Error	9/7/2016 12:11:37 PM	disk	154	None	The IO operation at logical block address 0x2771b815 for Disk 3 (PDO name: \Device\0000006d) failed due to a hardware error.
Error	9/7/2016 12:11:37 PM	disk	154	None	The IO operation at logical block address 0x25b94a9e for Disk 3 (PDO name: \Device\0000006d) failed due to a hardware error.
Error	9/7/2016 12:11:36 PM	disk	154	None	The IO operation at logical block address 0x13f54494 for Disk 3 (PDO name: \Device\0000006d) failed due to a hardware error.
Error	9/7/2016 12:11:36 PM	disk	154	None	The IO operation at logical block address 0x11493b95 for Disk 3 (PDO name: \Device\0000006d) failed due to a hardware error.
Error	9/7/2016 12:11:36 PM	disk	154	None	The IO operation at logical block address 0xf721d89 for Disk 3 (PDO name: \Device\0000006d) failed due to a hardware error.
Error	9/7/2016 12:11:35 PM	disk	154	None	The IO operation at logical block address 0xd79b9f0 for Disk 3 (PDO name: \Device\0000006d) failed due to a hardware error.
