Information	8/31/2016 11:31:15 AM	Microsoft-Windows-Kernel-Boot	18	None	There are 0x1 boot options on this system.
Information	8/31/2016 11:31:15 AM	Microsoft-Windows-Kernel-Boot	25	(32)	The boot menu policy was 0x1.
Information	8/31/2016 11:31:15 AM	Microsoft-Windows-Kernel-Boot	27	(33)	The boot type was 0x0.
Information	8/31/2016 11:31:15 AM	Microsoft-Windows-Kernel-Boot	20	(31)	The last shutdown's success status was true. The last boot's success status was true.
Information	8/31/2016 11:31:15 AM	Microsoft-Windows-Kernel-Boot	153	None	The Virtualization Based Security (policies: 0) is disabled with status STATUS_SUCCESS.
Information	8/31/2016 11:31:15 AM	Microsoft-Windows-Kernel-General	12	(1)	The operating system started at system time ‎2016‎-‎08‎-‎31T17:31:15.488205100Z.
Information	8/31/2016 11:31:32 AM	EventLog	6013	None	The system uptime is 17 seconds.
Information	8/31/2016 11:31:32 AM	EventLog	6005	None	The Event log service was started.
Information	8/31/2016 11:31:32 AM	EventLog	6009	None	Microsoft (R) Windows (R) 10.00. 14393  Multiprocessor Free.
Information	8/31/2016 11:31:32 AM	EventLog	6011	None	The NetBIOS name and DNS host name of this machine have been changed from WIN-JP2274B44D0 to DESKTOP-EEMI531.
Information	8/31/2016 11:30:57 AM	Microsoft-Windows-Dhcp-Client	50037	Service State Event	DHCPv4 client service is stopped. ShutDown Flag value is 1
Information	8/31/2016 11:30:57 AM	EventLog	6006	None	The Event log service was stopped.
Information	8/31/2016 11:30:56 AM	User32	1074	None	"The process C:\Windows\system32\winlogon.exe (MINWINPC) has initiated the restart of computer WIN-JP2274B44D0 on behalf of user NT AUTHORITY\SYSTEM for the following reason: Operating System: Upgrade (Planned)
 Reason Code: 0x80020003
 Shutdown Type: restart
 Comment: "
Information	8/31/2016 11:30:56 AM	Microsoft-Windows-Setup	2004	OS information	Successfully logged OS information
Information	8/31/2016 11:30:53 AM	Microsoft-Windows-Kernel-General	16	None	The access history in hive \??\C:\Windows\System32\config\COMPONENTS was cleared updating 70717 keys and creating 7723 modified pages.
Information	8/31/2016 11:30:52 AM	Microsoft-Windows-UserModePowerService	22	(18)	Reapply power settings upon completion of the provisioning engine's turn 1
Information	8/31/2016 11:30:47 AM	Microsoft-Windows-Kernel-General	16	None	The access history in hive \??\C:\ProgramData\Microsoft\Windows\AppRepository\Packages\Microsoft.ZuneVideo_3.6.19281.0_x64__8wekyb3d8bbwe\ActivationStore.dat was cleared updating 0 keys and creating 0 modified pages.
Information	8/31/2016 11:30:47 AM	Microsoft-Windows-Kernel-General	16	None	The access history in hive \??\C:\ProgramData\Microsoft\Windows\AppRepository\Packages\Microsoft.ZuneMusic_3.6.19261.0_x64__8wekyb3d8bbwe\ActivationStore.dat was cleared updating 0 keys and creating 0 modified pages.
Information	8/31/2016 11:30:46 AM	Microsoft-Windows-Kernel-General	16	None	The access history in hive \??\C:\ProgramData\Microsoft\Windows\AppRepository\Packages\Microsoft.XboxIdentityProvider_11.18.16009.0_x64__8wekyb3d8bbwe\ActivationStore.dat was cleared updating 0 keys and creating 0 modified pages.
Information	8/31/2016 11:30:45 AM	Microsoft-Windows-Kernel-General	16	None	The access history in hive \??\C:\ProgramData\Microsoft\Windows\AppRepository\Packages\Microsoft.XboxApp_15.18.23005.0_x64__8wekyb3d8bbwe\ActivationStore.dat was cleared updating 0 keys and creating 0 modified pages.
Information	8/31/2016 11:30:44 AM	Microsoft-Windows-Kernel-General	16	None	The access history in hive \??\C:\ProgramData\Microsoft\Windows\AppRepository\Packages\Microsoft.WindowsStore_11606.1001.39.0_x64__8wekyb3d8bbwe\ActivationStore.dat was cleared updating 0 keys and creating 0 modified pages.
Information	8/31/2016 11:30:44 AM	Microsoft-Windows-Kernel-General	16	None	The access history in hive \??\C:\ProgramData\Microsoft\Windows\AppRepository\Packages\Microsoft.WindowsSoundRecorder_10.1605.1622.0_x64__8wekyb3d8bbwe\ActivationStore.dat was cleared updating 0 keys and creating 0 modified pages.
Information	8/31/2016 11:30:43 AM	Microsoft-Windows-Kernel-General	16	None	The access history in hive \??\C:\ProgramData\Microsoft\Windows\AppRepository\Packages\Microsoft.WindowsPhone_10.1510.9010.0_x64__8wekyb3d8bbwe\ActivationStore.dat was cleared updating 0 keys and creating 0 modified pages.
Information	8/31/2016 11:30:42 AM	Microsoft-Windows-Kernel-General	16	None	The access history in hive \??\C:\ProgramData\Microsoft\Windows\AppRepository\Packages\Microsoft.WindowsMaps_5.1603.1830.0_x64__8wekyb3d8bbwe\ActivationStore.dat was cleared updating 0 keys and creating 0 modified pages.
Information	8/31/2016 11:30:41 AM	Microsoft-Windows-Kernel-General	16	None	The access history in hive \??\C:\ProgramData\Microsoft\Windows\AppRepository\Packages\Microsoft.WindowsFeedbackHub_1.3.1741.0_x64__8wekyb3d8bbwe\ActivationStore.dat was cleared updating 0 keys and creating 0 modified pages.
Information	8/31/2016 11:30:40 AM	Microsoft-Windows-Kernel-General	16	None	The access history in hive \??\C:\ProgramData\Microsoft\Windows\AppRepository\Packages\Microsoft.WindowsDVDPlayer_3.6.13291.0_x64__8wekyb3d8bbwe\ActivationStore.dat was cleared updating 0 keys and creating 0 modified pages.
Information	8/31/2016 11:30:39 AM	Microsoft-Windows-Kernel-General	16	None	The access history in hive \??\C:\ProgramData\Microsoft\Windows\AppRepository\Packages\microsoft.windowscommunicationsapps_17.6868.41201.0_x64__8wekyb3d8bbwe\ActivationStore.dat was cleared updating 0 keys and creating 0 modified pages.
Information	8/31/2016 11:30:36 AM	Microsoft-Windows-Kernel-General	16	None	The access history in hive \??\C:\ProgramData\Microsoft\Windows\AppRepository\Packages\Microsoft.WindowsCamera_2016.404.190.0_x64__8wekyb3d8bbwe\ActivationStore.dat was cleared updating 0 keys and creating 0 modified pages.
Information	8/31/2016 11:30:36 AM	Microsoft-Windows-Kernel-General	16	None	The access history in hive \??\C:\ProgramData\Microsoft\Windows\AppRepository\Packages\Microsoft.WindowsCalculator_10.1605.1582.0_x64__8wekyb3d8bbwe\ActivationStore.dat was cleared updating 0 keys and creating 0 modified pages.
Information	8/31/2016 11:30:35 AM	Microsoft-Windows-Kernel-General	16	None	The access history in hive \??\C:\ProgramData\Microsoft\Windows\AppRepository\Packages\Microsoft.WindowsAlarms_10.1605.1742.0_x64__8wekyb3d8bbwe\ActivationStore.dat was cleared updating 0 keys and creating 0 modified pages.
Information	8/31/2016 11:30:35 AM	Microsoft-Windows-Kernel-General	16	None	The access history in hive \??\C:\ProgramData\Microsoft\Windows\AppRepository\Packages\Microsoft.Windows.Photos_16.511.8780.0_x64__8wekyb3d8bbwe\ActivationStore.dat was cleared updating 0 keys and creating 0 modified pages.
Information	8/31/2016 11:30:33 AM	Microsoft-Windows-Kernel-General	16	None	The access history in hive \??\C:\ProgramData\Microsoft\Windows\AppRepository\Packages\Microsoft.StorePurchaseApp_1.0.45.0_x64__8wekyb3d8bbwe\ActivationStore.dat was cleared updating 0 keys and creating 0 modified pages.
Information	8/31/2016 11:30:33 AM	Microsoft-Windows-Kernel-General	16	None	The access history in hive \??\C:\ProgramData\Microsoft\Windows\AppRepository\Packages\Microsoft.SkypeApp_11.4.86.0_x64__kzf8qxf38zg5c\ActivationStore.dat was cleared updating 0 keys and creating 0 modified pages.
Information	8/31/2016 11:30:31 AM	Microsoft-Windows-Kernel-General	16	None	The access history in hive \??\C:\ProgramData\Microsoft\Windows\AppRepository\Packages\Microsoft.People_10.0.11902.0_x64__8wekyb3d8bbwe\ActivationStore.dat was cleared updating 0 keys and creating 0 modified pages.
Information	8/31/2016 11:30:31 AM	Microsoft-Windows-Kernel-General	16	None	The access history in hive \??\C:\ProgramData\Microsoft\Windows\AppRepository\Packages\Microsoft.OneConnect_1.1605.17.0_x64__8wekyb3d8bbwe\ActivationStore.dat was cleared updating 0 keys and creating 0 modified pages.
Information	8/31/2016 11:30:30 AM	Microsoft-Windows-Kernel-General	16	None	The access history in hive \??\C:\ProgramData\Microsoft\Windows\AppRepository\Packages\Microsoft.Office.Sway_17.6216.20251.0_x64__8wekyb3d8bbwe\ActivationStore.dat was cleared updating 0 keys and creating 0 modified pages.
Information	8/31/2016 11:30:29 AM	Microsoft-Windows-Kernel-General	16	None	The access history in hive \??\C:\ProgramData\Microsoft\Windows\AppRepository\Packages\Microsoft.Office.OneNote_17.6868.57981.0_x64__8wekyb3d8bbwe\ActivationStore.dat was cleared updating 0 keys and creating 0 modified pages.
Information	8/31/2016 11:30:26 AM	Microsoft-Windows-Kernel-General	16	None	The access history in hive \??\C:\ProgramData\Microsoft\Windows\AppRepository\Packages\Microsoft.MicrosoftStickyNotes_1.0.136.0_x64__8wekyb3d8bbwe\ActivationStore.dat was cleared updating 0 keys and creating 0 modified pages.
Information	8/31/2016 11:30:25 AM	Microsoft-Windows-Kernel-General	16	None	The access history in hive \??\C:\ProgramData\Microsoft\Windows\AppRepository\Packages\Microsoft.MicrosoftSolitaireCollection_3.9.5100.0_x64__8wekyb3d8bbwe\ActivationStore.dat was cleared updating 0 keys and creating 0 modified pages.
Information	8/31/2016 11:30:23 AM	Microsoft-Windows-Kernel-General	16	None	The access history in hive \??\C:\ProgramData\Microsoft\Windows\AppRepository\Packages\Microsoft.MicrosoftOfficeHub_17.6801.23751.0_x64__8wekyb3d8bbwe\ActivationStore.dat was cleared updating 0 keys and creating 0 modified pages.
Information	8/31/2016 11:30:22 AM	Microsoft-Windows-Kernel-General	16	None	The access history in hive \??\C:\ProgramData\Microsoft\Windows\AppRepository\Packages\Microsoft.Messaging_3.19.1001.0_x86__8wekyb3d8bbwe\ActivationStore.dat was cleared updating 0 keys and creating 0 modified pages.
Information	8/31/2016 11:30:22 AM	Microsoft-Windows-Kernel-General	16	None	The access history in hive \??\C:\ProgramData\Microsoft\Windows\AppRepository\Packages\Microsoft.Getstarted_3.11.3.0_x64__8wekyb3d8bbwe\ActivationStore.dat was cleared updating 0 keys and creating 0 modified pages.
Information	8/31/2016 11:30:21 AM	Microsoft-Windows-Kernel-General	16	None	The access history in hive \??\C:\ProgramData\Microsoft\Windows\AppRepository\Packages\Microsoft.DesktopAppInstaller_1.0.1471.0_x64__8wekyb3d8bbwe\ActivationStore.dat was cleared updating 0 keys and creating 0 modified pages.
Information	8/31/2016 11:30:21 AM	Microsoft-Windows-Kernel-General	16	None	The access history in hive \??\C:\ProgramData\Microsoft\Windows\AppRepository\Packages\Microsoft.ConnectivityStore_1.1509.1.0_x64__8wekyb3d8bbwe\ActivationStore.dat was cleared updating 0 keys and creating 0 modified pages.
Information	8/31/2016 11:30:21 AM	Microsoft-Windows-Kernel-General	16	None	The access history in hive \??\C:\ProgramData\Microsoft\Windows\AppRepository\Packages\Microsoft.CommsPhone_1.10.15000.0_x64__8wekyb3d8bbwe\ActivationStore.dat was cleared updating 0 keys and creating 0 modified pages.
Information	8/31/2016 11:30:20 AM	Microsoft-Windows-Kernel-General	16	None	The access history in hive \??\C:\ProgramData\Microsoft\Windows\AppRepository\Packages\Microsoft.BingWeather_4.9.51.0_x86__8wekyb3d8bbwe\ActivationStore.dat was cleared updating 0 keys and creating 0 modified pages.
Information	8/31/2016 11:30:20 AM	Microsoft-Windows-Kernel-General	16	None	The access history in hive \??\C:\ProgramData\Microsoft\Windows\AppRepository\Packages\Microsoft.BingSports_4.6.169.0_x86__8wekyb3d8bbwe\ActivationStore.dat was cleared updating 0 keys and creating 0 modified pages.
Information	8/31/2016 11:30:19 AM	Microsoft-Windows-Kernel-General	16	None	The access history in hive \??\C:\ProgramData\Microsoft\Windows\AppRepository\Packages\Microsoft.BingNews_4.6.169.0_x86__8wekyb3d8bbwe\ActivationStore.dat was cleared updating 0 keys and creating 0 modified pages.
Information	8/31/2016 11:30:19 AM	Microsoft-Windows-Kernel-General	16	None	The access history in hive \??\C:\ProgramData\Microsoft\Windows\AppRepository\Packages\Microsoft.BingFinance_4.6.169.0_x86__8wekyb3d8bbwe\ActivationStore.dat was cleared updating 0 keys and creating 0 modified pages.
Information	8/31/2016 11:30:18 AM	Microsoft-Windows-Kernel-General	16	None	The access history in hive \??\C:\ProgramData\Microsoft\Windows\AppRepository\Packages\Microsoft.Appconnector_1.3.3.0_neutral__8wekyb3d8bbwe\ActivationStore.dat was cleared updating 0 keys and creating 0 modified pages.
Information	8/31/2016 11:30:18 AM	Microsoft-Windows-Kernel-General	16	None	The access history in hive \??\C:\ProgramData\Microsoft\Windows\AppRepository\Packages\Microsoft.Advertising.Xaml_10.0.1605.0_x86__8wekyb3d8bbwe\ActivationStore.dat was cleared updating 0 keys and creating 0 modified pages.
Information	8/31/2016 11:30:18 AM	Microsoft-Windows-Kernel-General	16	None	The access history in hive \??\C:\ProgramData\Microsoft\Windows\AppRepository\Packages\Microsoft.Advertising.Xaml_10.0.1605.0_x64__8wekyb3d8bbwe\ActivationStore.dat was cleared updating 0 keys and creating 0 modified pages.
Information	8/31/2016 11:30:17 AM	Microsoft-Windows-Kernel-General	16	None	The access history in hive \??\C:\ProgramData\Microsoft\Windows\AppRepository\Packages\Microsoft.3DBuilder_11.0.47.0_x64__8wekyb3d8bbwe\ActivationStore.dat was cleared updating 0 keys and creating 0 modified pages.
Information	8/31/2016 11:30:17 AM	Microsoft-Windows-Kernel-General	16	None	The access history in hive \??\C:\ProgramData\Microsoft\Windows\AppRepository\Packages\Windows.PrintDialog_6.2.0.0_neutral_neutral_cw5n1h2txyewy\ActivationStore.dat was cleared updating 0 keys and creating 0 modified pages.
Information	8/31/2016 11:30:17 AM	Microsoft-Windows-Kernel-General	16	None	The access history in hive \??\C:\ProgramData\Microsoft\Windows\AppRepository\Packages\Windows.MiracastView_6.3.0.0_neutral_neutral_cw5n1h2txyewy\ActivationStore.dat was cleared updating 0 keys and creating 0 modified pages.
Information	8/31/2016 11:30:17 AM	Microsoft-Windows-Kernel-General	16	None	The access history in hive \??\C:\ProgramData\Microsoft\Windows\AppRepository\Packages\windows.immersivecontrolpanel_6.2.0.0_neutral_neutral_cw5n1h2txyewy\ActivationStore.dat was cleared updating 0 keys and creating 0 modified pages.
Information	8/31/2016 11:30:16 AM	Microsoft-Windows-Kernel-General	16	None	The access history in hive \??\C:\ProgramData\Microsoft\Windows\AppRepository\Packages\Windows.ContactSupport_10.0.14393.0_neutral_neutral_cw5n1h2txyewy\ActivationStore.dat was cleared updating 0 keys and creating 0 modified pages.
Information	8/31/2016 11:30:16 AM	Microsoft-Windows-Kernel-General	16	None	The access history in hive \??\C:\ProgramData\Microsoft\Windows\AppRepository\Packages\Microsoft.XboxGameCallableUI_1000.14393.0.0_neutral_neutral_cw5n1h2txyewy\ActivationStore.dat was cleared updating 0 keys and creating 0 modified pages.
Information	8/31/2016 11:30:16 AM	Microsoft-Windows-Kernel-General	16	None	The access history in hive \??\C:\ProgramData\Microsoft\Windows\AppRepository\Packages\Microsoft.Windows.ShellExperienceHost_10.0.14393.0_neutral_neutral_cw5n1h2txyewy\ActivationStore.dat was cleared updating 0 keys and creating 0 modified pages.
Information	8/31/2016 11:30:16 AM	Microsoft-Windows-Kernel-General	16	None	The access history in hive \??\C:\ProgramData\Microsoft\Windows\AppRepository\Packages\Microsoft.Windows.SecureAssessmentBrowser_10.0.14393.0_neutral_neutral_cw5n1h2txyewy\ActivationStore.dat was cleared updating 0 keys and creating 0 modified pages.
Information	8/31/2016 11:30:16 AM	Microsoft-Windows-Kernel-General	16	None	The access history in hive \??\C:\ProgramData\Microsoft\Windows\AppRepository\Packages\Microsoft.Windows.SecondaryTileExperience_10.0.0.0_neutral__cw5n1h2txyewy\ActivationStore.dat was cleared updating 0 keys and creating 0 modified pages.
Information	8/31/2016 11:30:16 AM	Microsoft-Windows-Kernel-General	16	None	The access history in hive \??\C:\ProgramData\Microsoft\Windows\AppRepository\Packages\Microsoft.Windows.ParentalControls_1000.14393.0.0_neutral_neutral_cw5n1h2txyewy\ActivationStore.dat was cleared updating 0 keys and creating 0 modified pages.
Information	8/31/2016 11:30:15 AM	Microsoft-Windows-Kernel-General	16	None	The access history in hive \??\C:\ProgramData\Microsoft\Windows\AppRepository\Packages\Microsoft.Windows.Cortana_1.7.0.14393_neutral_neutral_cw5n1h2txyewy\ActivationStore.dat was cleared updating 0 keys and creating 0 modified pages.
Information	8/31/2016 11:30:15 AM	Microsoft-Windows-Kernel-General	16	None	The access history in hive \??\C:\ProgramData\Microsoft\Windows\AppRepository\Packages\Microsoft.Windows.ContentDeliveryManager_10.0.14393.0_neutral_neutral_cw5n1h2txyewy\ActivationStore.dat was cleared updating 0 keys and creating 0 modified pages.
Information	8/31/2016 11:30:15 AM	Microsoft-Windows-Kernel-General	16	None	The access history in hive \??\C:\ProgramData\Microsoft\Windows\AppRepository\Packages\Microsoft.Windows.CloudExperienceHost_10.0.14393.0_neutral_neutral_cw5n1h2txyewy\ActivationStore.dat was cleared updating 0 keys and creating 0 modified pages.
Information	8/31/2016 11:30:15 AM	Microsoft-Windows-Kernel-General	16	None	The access history in hive \??\C:\ProgramData\Microsoft\Windows\AppRepository\Packages\Microsoft.Windows.AssignedAccessLockApp_1000.14393.0.0_neutral_neutral_cw5n1h2txyewy\ActivationStore.dat was cleared updating 0 keys and creating 0 modified pages.
Information	8/31/2016 11:30:15 AM	Microsoft-Windows-Kernel-General	16	None	The access history in hive \??\C:\ProgramData\Microsoft\Windows\AppRepository\Packages\Microsoft.Windows.Apprep.ChxApp_1000.14393.0.0_neutral_neutral_cw5n1h2txyewy\ActivationStore.dat was cleared updating 0 keys and creating 0 modified pages.
Information	8/31/2016 11:30:15 AM	Microsoft-Windows-Kernel-General	16	None	The access history in hive \??\C:\ProgramData\Microsoft\Windows\AppRepository\Packages\Microsoft.PPIProjection_10.0.14393.0_neutral_neutral_cw5n1h2txyewy\ActivationStore.dat was cleared updating 0 keys and creating 0 modified pages.
Information	8/31/2016 11:30:15 AM	Microsoft-Windows-Kernel-General	16	None	The access history in hive \??\C:\ProgramData\Microsoft\Windows\AppRepository\Packages\Microsoft.MicrosoftEdge_38.14393.0.0_neutral__8wekyb3d8bbwe\ActivationStore.dat was cleared updating 0 keys and creating 0 modified pages.
Information	8/31/2016 11:30:14 AM	Microsoft-Windows-Kernel-General	16	None	The access history in hive \??\C:\ProgramData\Microsoft\Windows\AppRepository\Packages\Microsoft.LockApp_10.0.14393.0_neutral__cw5n1h2txyewy\ActivationStore.dat was cleared updating 0 keys and creating 0 modified pages.
Information	8/31/2016 11:30:14 AM	Microsoft-Windows-Kernel-General	16	None	The access history in hive \??\C:\ProgramData\Microsoft\Windows\AppRepository\Packages\Microsoft.BioEnrollment_10.0.14393.0_neutral__cw5n1h2txyewy\ActivationStore.dat was cleared updating 0 keys and creating 0 modified pages.
Information	8/31/2016 11:30:14 AM	Microsoft-Windows-Kernel-General	16	None	The access history in hive \??\C:\ProgramData\Microsoft\Windows\AppRepository\Packages\Microsoft.AccountsControl_10.0.14393.0_neutral__cw5n1h2txyewy\ActivationStore.dat was cleared updating 0 keys and creating 0 modified pages.
Information	8/31/2016 11:30:14 AM	Microsoft-Windows-Kernel-General	16	None	The access history in hive \??\C:\ProgramData\Microsoft\Windows\AppRepository\Packages\Microsoft.AAD.BrokerPlugin_1000.14393.0.0_neutral_neutral_cw5n1h2txyewy\ActivationStore.dat was cleared updating 0 keys and creating 0 modified pages.
Information	8/31/2016 11:30:10 AM	Microsoft-Windows-UserPnp	20001	(7005)	Driver Management concluded the process to install driver lfunkraw.inf_amd64_f80e6194bbf7739f\lfunkraw.inf for Device Instance ID {C1FCC185-55B3-4E00-814B-C588A13525E1}\VID_046D&PID_C52B&REV_1203&MI_02&QID_2011&WI_02&CLASS_0000001A&COL02&HIDFILT\9&8238F76&0&00 with the following status: 0x0.
Information	8/31/2016 11:30:10 AM	Microsoft-Windows-UserPnp	20001	(7005)	Driver Management concluded the process to install driver lfunkraw.inf_amd64_f80e6194bbf7739f\lfunkraw.inf for Device Instance ID {C1FCC185-55B3-4E00-814B-C588A13525E1}\VID_046D&PID_C52B&REV_1203&MI_02&QID_2011&WI_02&CLASS_0000001A&COL01&HIDFILT\9&1B53ABB4&0&00 with the following status: 0x0.
Information	8/31/2016 11:30:10 AM	Microsoft-Windows-UserPnp	20001	(7005)	Driver Management concluded the process to install driver displaylinkusb.inf_amd64_2384b06b551adc56\displaylinkusb.inf for Device Instance ID USB\VID_17E9&PID_4307&MI_00\7&8D2DA4C&0&0000 with the following status: 0xE000022B.
Information	8/31/2016 11:30:10 AM	Microsoft-Windows-UserPnp	20001	(7005)	Driver Management concluded the process to install driver lfmouhid.inf_amd64_27e5dbc585b221c3\lfmouhid.inf for Device Instance ID HID\VID_046D&PID_C52B&REV_1203&MI_02&QID_1017&WI_01&CLASS_00000004\8&169B84C8&0&0000 with the following status: 0x0.
Information	8/31/2016 11:30:10 AM	Microsoft-Windows-UserPnp	20003	(7005)	Driver Management has concluded the process to add Service mouclass for Device Instance ID HID\VID_046D&PID_C52B&REV_1203&MI_02&QID_1017&WI_01&CLASS_00000004\8&169B84C8&0&0000 with the following status: 0.
Information	8/31/2016 11:30:10 AM	Microsoft-Windows-UserPnp	20003	(7005)	Driver Management has concluded the process to add Service mouhid for Device Instance ID HID\VID_046D&PID_C52B&REV_1203&MI_02&QID_1017&WI_01&CLASS_00000004\8&169B84C8&0&0000 with the following status: 0.
Information	8/31/2016 11:30:10 AM	Microsoft-Windows-UserPnp	20003	(7005)	Driver Management has concluded the process to add Service LMouFilt for Device Instance ID HID\VID_046D&PID_C52B&REV_1203&MI_02&QID_1017&WI_01&CLASS_00000004\8&169B84C8&0&0000 with the following status: 0.
Information	8/31/2016 11:30:10 AM	Microsoft-Windows-UserPnp	20003	(7005)	Driver Management has concluded the process to add Service LHidFilt for Device Instance ID HID\VID_046D&PID_C52B&REV_1203&MI_02&QID_1017&WI_01&CLASS_00000004\8&169B84C8&0&0000 with the following status: 0.
Information	8/31/2016 11:30:10 AM	Service Control Manager	7045	None	"A service was installed in the system.

Service Name:  LNonPnP
Service File Name:  C:\Windows\System32\Drivers\LNonPnP.sys
Service Type:  kernel mode driver
Service Start Type:  demand start
Service Account:  "
Information	8/31/2016 11:30:10 AM	Microsoft-Windows-UserPnp	20001	(7005)	Driver Management concluded the process to install driver lfunkraw.inf_amd64_f80e6194bbf7739f\lfunkraw.inf for Device Instance ID {C1FCC185-55B3-4E00-814B-C588A13525E1}\VID_046D&PID_C52B&REV_1203&MI_02&QID_2011&WI_02&CLASS_0000001A&COL03&HIDFILT\9&B0C8CC8&0&00 with the following status: 0x0.
Information	8/31/2016 11:30:10 AM	Microsoft-Windows-UserPnp	20001	(7005)	Driver Management concluded the process to install driver lfkbdhid.inf_amd64_8c0c81ffd4855035\lfkbdhid.inf for Device Instance ID HID\VID_046D&PID_C52B&REV_1203&MI_02&QID_2011&WI_02&CLASS_0000001A&COL01\8&274F502&0&0000 with the following status: 0x0.
Information	8/31/2016 11:30:09 AM	Microsoft-Windows-UserPnp	20003	(7005)	Driver Management has concluded the process to add Service kbdclass for Device Instance ID HID\VID_046D&PID_C52B&REV_1203&MI_02&QID_2011&WI_02&CLASS_0000001A&COL01\8&274F502&0&0000 with the following status: 0.
Information	8/31/2016 11:30:09 AM	Microsoft-Windows-UserPnp	20003	(7005)	Driver Management has concluded the process to add Service kbdhid for Device Instance ID HID\VID_046D&PID_C52B&REV_1203&MI_02&QID_2011&WI_02&CLASS_0000001A&COL01\8&274F502&0&0000 with the following status: 0.
Information	8/31/2016 11:30:09 AM	Microsoft-Windows-UserPnp	20003	(7005)	Driver Management has concluded the process to add Service LHidFilt for Device Instance ID HID\VID_046D&PID_C52B&REV_1203&MI_02&QID_2011&WI_02&CLASS_0000001A&COL01\8&274F502&0&0000 with the following status: 0.
Information	8/31/2016 11:30:09 AM	Service Control Manager	7045	None	"A service was installed in the system.

Service Name:  LNonPnP
Service File Name:  C:\Windows\System32\Drivers\LNonPnP.sys
Service Type:  kernel mode driver
Service Start Type:  demand start
Service Account:  "
Information	8/31/2016 11:30:08 AM	Microsoft-Windows-UserPnp	20001	(7005)	Driver Management concluded the process to install driver displaylinkusb.inf_amd64_2384b06b551adc56\displaylinkusb.inf for Device Instance ID USB\VID_17E9&PID_4307&MI_00\7&8D2DA4C&0&0000 with the following status: 0xE000022B.
Information	8/31/2016 11:30:07 AM	Microsoft-Windows-UserPnp	20001	(7005)	Driver Management concluded the process to install driver lfhideqd.inf_amd64_0416c38d86dc340d\lfhideqd.inf for Device Instance ID {A3535E08-EB26-49A9-8AE0-786ED1242812}\VID_046D&PID_C52B&REV_1203&MI_02&QID_1017&WI_01&CLASS_00000004\7&18E10BD4&0&01 with the following status: 0x0.
Information	8/31/2016 11:30:07 AM	Microsoft-Windows-UserPnp	20003	(7005)	Driver Management has concluded the process to add Service LHidEqd for Device Instance ID {A3535E08-EB26-49A9-8AE0-786ED1242812}\VID_046D&PID_C52B&REV_1203&MI_02&QID_1017&WI_01&CLASS_00000004\7&18E10BD4&0&01 with the following status: 0.
Information	8/31/2016 11:30:07 AM	Service Control Manager	7045	None	"A service was installed in the system.

Service Name:  LNonPnP
Service File Name:  C:\Windows\System32\Drivers\LNonPnP.sys
Service Type:  kernel mode driver
Service Start Type:  demand start
Service Account:  "
Information	8/31/2016 11:30:07 AM	Microsoft-Windows-UserPnp	20001	(7005)	Driver Management concluded the process to install driver displaylinkusb.inf_amd64_2384b06b551adc56\displaylinkusb.inf for Device Instance ID USB\VID_17E9&PID_4307&MI_01\7&8D2DA4C&0&0001 with the following status: 0x0.
Information	8/31/2016 11:30:07 AM	Microsoft-Windows-UserPnp	20003	(7005)	Driver Management has concluded the process to add Service DisplayLinkUsbIo_x64 for Device Instance ID USB\VID_17E9&PID_4307&MI_01\7&8D2DA4C&0&0001 with the following status: 0.
Information	8/31/2016 11:30:07 AM	Service Control Manager	7045	None	"A service was installed in the system.

Service Name:  DisplayLinkUsbIo_x64
Service File Name:  \SystemRoot\system32\DRIVERS\DisplayLinkUsbIo_x64_7.9.1589.0.sys
Service Type:  kernel mode driver
Service Start Type:  demand start
Service Account:  "
Information	8/31/2016 11:30:07 AM	Microsoft-Windows-UserPnp	20001	(7005)	Driver Management concluded the process to install driver dlusbaudio.inf_amd64_63e14f94b5902c71\dlusbaudio.inf for Device Instance ID USB\VID_17E9&PID_4307&MI_02\7&8D2DA4C&0&0002 with the following status: 0x0.
Information	8/31/2016 11:30:06 AM	Microsoft-Windows-TPM-WMI	1281	None	This event triggers the TBS device identifier generation.
Information	8/31/2016 11:30:06 AM	Microsoft-Windows-UserPnp	20003	(7005)	Driver Management has concluded the process to add Service dlusbaudio for Device Instance ID USB\VID_17E9&PID_4307&MI_02\7&8D2DA4C&0&0002 with the following status: 0.
Information	8/31/2016 11:30:06 AM	Service Control Manager	7045	None	"A service was installed in the system.

Service Name:  dlusbaudio
Service File Name:  \SystemRoot\system32\DRIVERS\dlusbaudio_x64.sys
Service Type:  kernel mode driver
Service Start Type:  demand start
Service Account:  "
Information	8/31/2016 11:30:06 AM	Microsoft-Windows-UserPnp	20001	(7005)	Driver Management concluded the process to install driver dlcdcncm.inf_amd64_16125a92af653f13\dlcdcncm.inf for Device Instance ID USB\VID_17E9&PID_4307&MI_05\7&8D2DA4C&0&0005 with the following status: 0x0.
Information	8/31/2016 11:30:06 AM	Service Control Manager	7045	None	"A service was installed in the system.

Service Name:  dlcdcncm
Service File Name:  \SystemRoot\System32\drivers\dlcdcncm62_x64.sys
Service Type:  kernel mode driver
Service Start Type:  demand start
Service Account:  "
Information	8/31/2016 11:30:06 AM	Microsoft-Windows-UserPnp	20001	(7005)	Driver Management concluded the process to install driver lfhideqd.inf_amd64_0416c38d86dc340d\lfhideqd.inf for Device Instance ID {A3535E08-EB26-49A9-8AE0-786ED1242812}\VID_046D&PID_C52B&REV_1203&MI_02\7&18E10BD4&0&00 with the following status: 0x0.
Information	8/31/2016 11:30:06 AM	Microsoft-Windows-UserPnp	20003	(7005)	Driver Management has concluded the process to add Service LHidEqd for Device Instance ID {A3535E08-EB26-49A9-8AE0-786ED1242812}\VID_046D&PID_C52B&REV_1203&MI_02\7&18E10BD4&0&00 with the following status: 0.
Information	8/31/2016 11:30:06 AM	Service Control Manager	7045	None	"A service was installed in the system.

Service Name:  LNonPnP
Service File Name:  C:\Windows\System32\Drivers\LNonPnP.sys
Service Type:  kernel mode driver
Service Start Type:  demand start
Service Account:  "
Information	8/31/2016 11:30:06 AM	Microsoft-Windows-UserPnp	20001	(7005)	Driver Management concluded the process to install driver bthpan.inf_amd64_9c55541e4907e74e\bthpan.inf for Device Instance ID BTH\MS_BTHPAN\6&30DC6D37&0&2 with the following status: 0x0.
Information	8/31/2016 11:30:06 AM	Service Control Manager	7045	None	"A service was installed in the system.

Service Name:  Bluetooth Device (Personal Area Network)
Service File Name:  \SystemRoot\System32\drivers\bthpan.sys
Service Type:  kernel mode driver
Service Start Type:  demand start
Service Account:  "
Information	8/31/2016 11:30:06 AM	Microsoft-Windows-UserPnp	20001	(7005)	Driver Management concluded the process to install driver lfhideqd.inf_amd64_0416c38d86dc340d\lfhideqd.inf for Device Instance ID {A3535E08-EB26-49A9-8AE0-786ED1242812}\VID_046D&PID_C52B&REV_1203&MI_02&QID_2011&WI_02&CLASS_0000001A\7&18E10BD4&0&02 with the following status: 0x0.
Information	8/31/2016 11:30:05 AM	Microsoft-Windows-UserPnp	20003	(7005)	Driver Management has concluded the process to add Service LHidEqd for Device Instance ID {A3535E08-EB26-49A9-8AE0-786ED1242812}\VID_046D&PID_C52B&REV_1203&MI_02&QID_2011&WI_02&CLASS_0000001A\7&18E10BD4&0&02 with the following status: 0.
Information	8/31/2016 11:30:05 AM	Service Control Manager	7045	None	"A service was installed in the system.

Service Name:  LNonPnP
Service File Name:  C:\Windows\System32\Drivers\LNonPnP.sys
Service Type:  kernel mode driver
Service Start Type:  demand start
Service Account:  "
Information	8/31/2016 11:30:05 AM	Microsoft-Windows-UserPnp	20001	(7005)	Driver Management concluded the process to install driver wdma_usb.inf_amd64_134cb113911feba4\wdma_usb.inf for Device Instance ID USB\VID_0B0E&PID_0420&MI_00\7&1D83580D&0&0000 with the following status: 0x0.
Information	8/31/2016 11:30:05 AM	Microsoft-Windows-UserPnp	20003	(7005)	Driver Management has concluded the process to add Service usbaudio for Device Instance ID USB\VID_0B0E&PID_0420&MI_00\7&1D83580D&0&0000 with the following status: 0.
Information	8/31/2016 11:30:05 AM	Service Control Manager	7045	None	"A service was installed in the system.

Service Name:  USB Audio Driver (WDM)
Service File Name:  \SystemRoot\system32\drivers\usbaudio.sys
Service Type:  kernel mode driver
Service Start Type:  demand start
Service Account:  "
Information	8/31/2016 11:30:05 AM	Microsoft-Windows-UserPnp	20001	(7005)	Driver Management concluded the process to install driver bth.inf_amd64_0ed9858b9b899077\bth.inf for Device Instance ID BTH\MS_BTHBRB\6&30DC6D37&0&1 with the following status: 0x0.
Information	8/31/2016 11:30:05 AM	Microsoft-Windows-UserPnp	20003	(7005)	Driver Management has concluded the process to add Service BthEnum for Device Instance ID BTH\MS_BTHBRB\6&30DC6D37&0&1 with the following status: 0.
Information	8/31/2016 11:30:05 AM	Microsoft-Windows-UserPnp	20001	(7005)	Driver Management concluded the process to install driver tdibth.inf_amd64_e08dea69c9fe18b8\tdibth.inf for Device Instance ID BTH\MS_RFCOMM\6&30DC6D37&0&0 with the following status: 0x0.
Information	8/31/2016 11:30:05 AM	Service Control Manager	7045	None	"A service was installed in the system.

Service Name:  Bluetooth Enumerator Service
Service File Name:  \SystemRoot\System32\drivers\BthEnum.sys
Service Type:  kernel mode driver
Service Start Type:  demand start
Service Account:  "
Information	8/31/2016 11:30:05 AM	Service Control Manager	7045	None	"A service was installed in the system.

Service Name:  Bluetooth Device (RFCOMM Protocol TDI)
Service File Name:  \SystemRoot\System32\drivers\rfcomm.sys
Service Type:  kernel mode driver
Service Start Type:  demand start
Service Account:  "
Information	8/31/2016 11:30:05 AM	Microsoft-Windows-UserPnp	20001	(7005)	Driver Management concluded the process to install driver bthleenum.inf_amd64_a274b2812788ef00\bthleenum.inf for Device Instance ID BTH\MS_BTHLE\6&30DC6D37&0&0 with the following status: 0x0.
Information	8/31/2016 11:30:05 AM	Microsoft-Windows-UserPnp	20003	(7005)	Driver Management has concluded the process to add Service BthLEEnum for Device Instance ID BTH\MS_BTHLE\6&30DC6D37&0&0 with the following status: 0.
Information	8/31/2016 11:30:05 AM	Service Control Manager	7045	None	"A service was installed in the system.

Service Name:  Bluetooth Low Energy Driver
Service File Name:  \SystemRoot\system32\DRIVERS\BthLEEnum.sys
Service Type:  kernel mode driver
Service Start Type:  demand start
Service Account:  "
Information	8/31/2016 11:30:05 AM	Microsoft-Windows-UserPnp	20001	(7005)	Driver Management concluded the process to install driver lfeqdusb.inf_amd64_174f1cc10979ac99\lfeqdusb.inf for Device Instance ID USB\VID_046D&PID_C52B&MI_02\6&27C7E147&0&0002 with the following status: 0x0.
Information	8/31/2016 11:30:04 AM	Microsoft-Windows-UserPnp	20003	(7005)	Driver Management has concluded the process to add Service LEqdUsb for Device Instance ID USB\VID_046D&PID_C52B&MI_02\6&27C7E147&0&0002 with the following status: 0.
Information	8/31/2016 11:30:04 AM	Service Control Manager	7045	None	"A service was installed in the system.

Service Name:  LNonPnP
Service File Name:  C:\Windows\System32\Drivers\LNonPnP.sys
Service Type:  kernel mode driver
Service Start Type:  demand start
Service Account:  "
Information	8/31/2016 11:30:04 AM	Microsoft-Windows-UserPnp	20001	(7005)	Driver Management concluded the process to install driver unifhid.inf_amd64_03cbb0739029076a\unifhid.inf for Device Instance ID USB\VID_046D&PID_C52B&MI_00\6&27C7E147&0&0000 with the following status: 0x0.
Information	8/31/2016 11:30:03 AM	Microsoft-Windows-UserPnp	20003	(7005)	Driver Management has concluded the process to add Service HidUsb for Device Instance ID USB\VID_046D&PID_C52B&MI_00\6&27C7E147&0&0000 with the following status: 0.
Information	8/31/2016 11:30:03 AM	Microsoft-Windows-UserPnp	20001	(7005)	Driver Management concluded the process to install driver spuvcbv.inf_amd64_221129544d2f21a2\spuvcbv.inf for Device Instance ID USB\VID_04CA&PID_703C&MI_00\6&24D1A741&0&0000 with the following status: 0x0.
Information	8/31/2016 11:30:03 AM	Microsoft-Windows-UserPnp	20003	(7005)	Driver Management has concluded the process to add Service SPUVCbv for Device Instance ID USB\VID_04CA&PID_703C&MI_00\6&24D1A741&0&0000 with the following status: 0.
Information	8/31/2016 11:30:03 AM	Service Control Manager	7045	None	"A service was installed in the system.

Service Name:  SPUVCb Driver Service
Service File Name:  \SystemRoot\System32\Drivers\SPUVCbv_x64.sys
Service Type:  kernel mode driver
Service Start Type:  demand start
Service Account:  "
Information	8/31/2016 11:30:01 AM	Microsoft-Windows-UserPnp	20001	(7005)	Driver Management concluded the process to install driver wbf_vfs_lvcmn.inf_amd64_e65533dc3ebc9918\wbf_vfs_lvcmn.inf for Device Instance ID USB\VID_138A&PID_0017\ED7A1EF73DB9 with the following status: 0x0.
Information	8/31/2016 11:30:01 AM	Microsoft-Windows-UserPnp	20003	(7005)	Driver Management has concluded the process to add Service SMIDriver for Device Instance ID USB\VID_138A&PID_0017\ED7A1EF73DB9 with the following status: 0.
Information	8/31/2016 11:30:01 AM	Service Control Manager	7045	None	"A service was installed in the system.

Service Name:  Synaptics SMI Driver
Service File Name:  \SystemRoot\system32\DRIVERS\smi.sys
Service Type:  kernel mode driver
Service Start Type:  system start
Service Account:  "
Information	8/31/2016 11:30:01 AM	Microsoft-Windows-UserPnp	20003	(7005)	Driver Management has concluded the process to add Service valWbioSyncSvc for Device Instance ID USB\VID_138A&PID_0017\ED7A1EF73DB9 with the following status: 0.
Information	8/31/2016 11:30:01 AM	Service Control Manager	7045	None	"A service was installed in the system.

Service Name:  BiometricSensorDataSynchronization
Service File Name:  %SystemRoot%\system32\valWbioSyncSvc.exe
Service Type:  user mode service
Service Start Type:  auto start
Service Account:  LocalSystem"
Information	8/31/2016 11:30:01 AM	Microsoft-Windows-UserPnp	20003	(7005)	Driver Management has concluded the process to add Service valWBFPolicyService for Device Instance ID USB\VID_138A&PID_0017\ED7A1EF73DB9 with the following status: 0.
Information	8/31/2016 11:30:01 AM	Service Control Manager	7045	None	"A service was installed in the system.

Service Name:  Synaptics FP WBF Policy Service
Service File Name:  %SystemRoot%\system32\valWBFPolicyService.exe
Service Type:  user mode service
Service Start Type:  auto start
Service Account:  LocalSystem"
Information	8/31/2016 11:30:01 AM	Microsoft-Windows-UserPnp	20003	(7005)	Driver Management has concluded the process to add Service WinUsb for Device Instance ID USB\VID_138A&PID_0017\ED7A1EF73DB9 with the following status: 0.
Information	8/31/2016 11:30:01 AM	Microsoft-Windows-UserPnp	20003	(7005)	Driver Management has concluded the process to add Service WUDFRd for Device Instance ID USB\VID_138A&PID_0017\ED7A1EF73DB9 with the following status: 0.
Information	8/31/2016 11:30:01 AM	Microsoft-Windows-DriverFrameworks-UserMode	10100	Installation or update of device drivers.	The driver package installation has succeeded.
Information	8/31/2016 11:30:01 AM	Microsoft-Windows-DriverFrameworks-UserMode	10001	Installation or update of device drivers.	The UMDF service synapticsWBFUSB (CLSID {AE99B43C-06A7-4EDC-9980-A648BAAB6285}) was installed.  It requires framework version 2.19.0 or higher.
Information	8/31/2016 11:30:01 AM	Microsoft-Windows-DriverFrameworks-UserMode	10000	Installation or update of device drivers.	A driver package which uses user-mode driver framework version 2.19.0 is being installed on device USB\VID_138A&PID_0017\ED7A1EF73DB9.
Information	8/31/2016 11:30:01 AM	Microsoft-Windows-UserPnp	20001	(7005)	Driver Management concluded the process to install driver netvwifimp.inf_amd64_389d3e2956b38173\netvwifimp.inf for Device Instance ID {5D624F94-8850-40C3-A3FA-A4FD2080BAF3}\VWIFIMP_WFD\5&2859F7&0&11 with the following status: 0x0.
Information	8/31/2016 11:30:01 AM	Service Control Manager	7045	None	"A service was installed in the system.

Service Name:  Virtual WiFi Miniport Service
Service File Name:  \SystemRoot\System32\drivers\vwifimp.sys
Service Type:  kernel mode driver
Service Start Type:  demand start
Service Account:  "
Information	8/31/2016 11:30:01 AM	BTHUSB	35	None	Bluetooth radio enablement has been accepted due to policy Connectivity\AllowBluetooth.
Information	8/31/2016 11:30:01 AM	BTHUSB	36	None	Bluetooth radio has accepted advertising due to policy Bluetooth\AllowAdvertising.
Information	8/31/2016 11:30:01 AM	BTHUSB	37	None	Bluetooth radio has accepted discoverability due to policy Bluetooth\AllowDiscoverableMode.
Information	8/31/2016 11:30:01 AM	BTHUSB	34	None	A Bluetooth policy has changed.  Policy Bluetooth\ServicesAllowedList has value of: *
Information	8/31/2016 11:30:01 AM	BTHUSB	34	None	A Bluetooth policy has changed.  Policy Bluetooth\AllowAdvertising has value of: 1
Information	8/31/2016 11:30:01 AM	BTHUSB	34	None	A Bluetooth policy has changed.  Policy Bluetooth\AllowDiscoverableMode has value of: 1
Information	8/31/2016 11:30:01 AM	BTHUSB	34	None	A Bluetooth policy has changed.  Policy Connectivity\AllowBluetooth has value of: 2
Information	8/31/2016 11:30:01 AM	Microsoft-Windows-UserPnp	20001	(7005)	Driver Management concluded the process to install driver ibmpmdrv.inf_amd64_450f4efa770e42fa\ibmpmdrv.inf for Device Instance ID ACPI\LEN0068\5&2890D699&0 with the following status: 0x0.
Warning	8/31/2016 11:30:01 AM	Microsoft-Windows-Kernel-PnP	225	(223)	The application \Device\HarddiskVolume2\Windows\System32\ibmpmsvc.exe with process id 1364 stopped the removal or ejection for the device ACPI\LEN0068\5&2890d699&0.
Information	8/31/2016 11:29:55 AM	Microsoft-Windows-UserPnp	20003	(7005)	Driver Management has concluded the process to add Service IBMPMSVC for Device Instance ID ACPI\LEN0068\5&2890D699&0 with the following status: 0.
Information	8/31/2016 11:29:55 AM	Microsoft-Windows-UserPnp	20003	(7005)	Driver Management has concluded the process to add Service IBMPMDRV for Device Instance ID ACPI\LEN0068\5&2890D699&0 with the following status: 0.
Information	8/31/2016 11:29:55 AM	BTHUSB	18	None	Windows cannot store Bluetooth authentication codes (link keys) on the local adapter. Bluetooth keyboards might not work in the system BIOS during startup.
Information	8/31/2016 11:29:55 AM	Microsoft-Windows-UserPnp	20001	(7005)	Driver Management concluded the process to install driver ibtusb.inf_amd64_b626c346e16fe3c6\ibtusb.inf for Device Instance ID USB\VID_8087&PID_0A2A\5&3102631F&0&7 with the following status: 0x0.
Information	8/31/2016 11:29:55 AM	Microsoft-Windows-UserPnp	20003	(7005)	Driver Management has concluded the process to add Service BTHPORT for Device Instance ID USB\VID_8087&PID_0A2A\5&3102631F&0&7 with the following status: 0.
Information	8/31/2016 11:29:55 AM	Service Control Manager	7045	None	"A service was installed in the system.

Service Name:  Bluetooth Port Driver
Service File Name:  \SystemRoot\system32\DRIVERS\BTHport.sys
Service Type:  kernel mode driver
Service Start Type:  demand start
Service Account:  "
Information	8/31/2016 11:29:55 AM	Microsoft-Windows-UserPnp	20003	(7005)	Driver Management has concluded the process to add Service BTHUSB for Device Instance ID USB\VID_8087&PID_0A2A\5&3102631F&0&7 with the following status: 0.
Information	8/31/2016 11:29:55 AM	Service Control Manager	7045	None	"A service was installed in the system.

Service Name:  Bluetooth Radio USB Driver
Service File Name:  \SystemRoot\system32\DRIVERS\BTHUSB.sys
Service Type:  kernel mode driver
Service Start Type:  demand start
Service Account:  "
Information	8/31/2016 11:29:55 AM	Microsoft-Windows-UserPnp	20003	(7005)	Driver Management has concluded the process to add Service ibtusb for Device Instance ID USB\VID_8087&PID_0A2A\5&3102631F&0&7 with the following status: 0.
Information	8/31/2016 11:29:55 AM	Service Control Manager	7045	None	"A service was installed in the system.

Service Name:  Intel(R) Wireless Bluetooth(R)
Service File Name:  \SystemRoot\system32\DRIVERS\ibtusb.sys
Service Type:  kernel mode driver
Service Start Type:  demand start
Service Account:  "
Information	8/31/2016 11:29:55 AM	Microsoft-Windows-UserPnp	20001	(7005)	Driver Management concluded the process to install driver tplcd.inf_amd64_76b49bf00528046a\tplcd.inf for Device Instance ID DISPLAY\LEN40B5\4&2E92516&0&UID265988 with the following status: 0x0.
Information	8/31/2016 11:29:55 AM	Microsoft-Windows-UserPnp	20001	(7005)	Driver Management concluded the process to install driver ksfilter.inf_amd64_4b7251a1d691f0ad\ksfilter.inf for Device Instance ID SW\{CFD669F1-9BC2-11D0-8299-0000F822FE8A}\{0A4252A0-7E70-11D0-A5D6-28DB04C10000} with the following status: 0x0.
Information	8/31/2016 11:29:55 AM	Microsoft-Windows-UserPnp	20003	(7005)	Driver Management has concluded the process to add Service MSTEE for Device Instance ID SW\{CFD669F1-9BC2-11D0-8299-0000F822FE8A}\{0A4252A0-7E70-11D0-A5D6-28DB04C10000} with the following status: 0.
Information	8/31/2016 11:29:55 AM	Microsoft-Windows-UserPnp	20001	(7005)	Driver Management concluded the process to install driver wdmaudio.inf_amd64_bf7ec511830b3442\wdmaudio.inf for Device Instance ID SW\{EEC12DB6-AD9C-4168-8658-B03DAEF417FE}\{ABD61E00-9350-47E2-A632-4438B90C6641} with the following status: 0x0.
Information	8/31/2016 11:29:54 AM	Microsoft-Windows-UserPnp	20003	(7005)	Driver Management has concluded the process to add Service drmkaud for Device Instance ID SW\{EEC12DB6-AD9C-4168-8658-B03DAEF417FE}\{ABD61E00-9350-47E2-A632-4438B90C6641} with the following status: 0.
Information	8/31/2016 11:29:54 AM	Service Control Manager	7045	None	"A service was installed in the system.

Service Name:  Microsoft Trusted Audio Drivers
Service File Name:  \SystemRoot\system32\DRIVERS\drmkaud.sys
Service Type:  kernel mode driver
Service Start Type:  demand start
Service Account:  "
Information	8/31/2016 11:29:54 AM	Microsoft-Windows-UserPnp	20001	(7005)	Driver Management concluded the process to install driver ksfilter.inf_amd64_4b7251a1d691f0ad\ksfilter.inf for Device Instance ID SW\{CFD669F1-9BC2-11D0-8299-0000F822FE8A}\{CF1DDA2C-9743-11D0-A3EE-00A0C9223196} with the following status: 0x0.
Information	8/31/2016 11:29:54 AM	Microsoft-Windows-UserPnp	20003	(7005)	Driver Management has concluded the process to add Service MSTEE for Device Instance ID SW\{CFD669F1-9BC2-11D0-8299-0000F822FE8A}\{CF1DDA2C-9743-11D0-A3EE-00A0C9223196} with the following status: 0.
Information	8/31/2016 11:29:54 AM	Service Control Manager	7045	None	"A service was installed in the system.

Service Name:  Microsoft Streaming Tee/Sink-to-Sink Converter
Service File Name:  \SystemRoot\system32\DRIVERS\MSTEE.sys
Service Type:  kernel mode driver
Service Start Type:  demand start
Service Account:  "
Information	8/31/2016 11:29:54 AM	Microsoft-Windows-UserPnp	20001	(7005)	Driver Management concluded the process to install driver synsmbdrv.inf_amd64_87e8889ecf552f3e\synsmbdrv.inf for Device Instance ID PCI\VEN_8086&DEV_9CA2&SUBSYS_222317AA&REV_03\3&B1BFB68&0&FB with the following status: 0x0.
Information	8/31/2016 11:29:54 AM	Microsoft-Windows-UserPnp	20003	(7005)	Driver Management has concluded the process to add Service SmbDrvI for Device Instance ID PCI\VEN_8086&DEV_9CA2&SUBSYS_222317AA&REV_03\3&B1BFB68&0&FB with the following status: 0.
Information	8/31/2016 11:29:54 AM	Microsoft-Windows-UserPnp	20001	(7005)	Driver Management concluded the process to install driver ksfilter.inf_amd64_4b7251a1d691f0ad\ksfilter.inf for Device Instance ID SW\{96E080C7-143C-11D1-B40F-00A0C9223196}\{3C0D501A-140B-11D1-B40F-00A0C9223196} with the following status: 0x0.
Information	8/31/2016 11:29:54 AM	Microsoft-Windows-UserPnp	20003	(7005)	Driver Management has concluded the process to add Service MSKSSRV for Device Instance ID SW\{96E080C7-143C-11D1-B40F-00A0C9223196}\{3C0D501A-140B-11D1-B40F-00A0C9223196} with the following status: 0.
Information	8/31/2016 11:29:54 AM	Service Control Manager	7045	None	"A service was installed in the system.

Service Name:  Microsoft Streaming Service Proxy
Service File Name:  \SystemRoot\system32\DRIVERS\MSKSSRV.sys
Service Type:  kernel mode driver
Service Start Type:  demand start
Service Account:  "
Information	8/31/2016 11:29:54 AM	Microsoft-Windows-UserPnp	20001	(7005)	Driver Management concluded the process to install driver ksfilter.inf_amd64_4b7251a1d691f0ad\ksfilter.inf for Device Instance ID SW\{DDF4358E-BB2C-11D0-A42F-00A0C9223196}\{97EBAACB-95BD-11D0-A3EA-00A0C9223196} with the following status: 0x0.
Information	8/31/2016 11:29:54 AM	Microsoft-Windows-UserPnp	20003	(7005)	Driver Management has concluded the process to add Service MSPQM for Device Instance ID SW\{DDF4358E-BB2C-11D0-A42F-00A0C9223196}\{97EBAACB-95BD-11D0-A3EA-00A0C9223196} with the following status: 0.
Information	8/31/2016 11:29:54 AM	Service Control Manager	7045	None	"A service was installed in the system.

Service Name:  Microsoft Streaming Quality Manager Proxy
Service File Name:  \SystemRoot\system32\DRIVERS\MSPQM.sys
Service Type:  kernel mode driver
Service Start Type:  demand start
Service Account:  "
Information	8/31/2016 11:29:54 AM	Microsoft-Windows-UserPnp	20001	(7005)	Driver Management concluded the process to install driver ksfilter.inf_amd64_4b7251a1d691f0ad\ksfilter.inf for Device Instance ID SW\{97EBAACC-95BD-11D0-A3EA-00A0C9223196}\{53172480-4791-11D0-A5D6-28DB04C10000} with the following status: 0x0.
Information	8/31/2016 11:29:54 AM	Microsoft-Windows-UserPnp	20003	(7005)	Driver Management has concluded the process to add Service MSPCLOCK for Device Instance ID SW\{97EBAACC-95BD-11D0-A3EA-00A0C9223196}\{53172480-4791-11D0-A5D6-28DB04C10000} with the following status: 0.
Information	8/31/2016 11:29:54 AM	Service Control Manager	7045	None	"A service was installed in the system.

Service Name:  Microsoft Streaming Clock Proxy
Service File Name:  \SystemRoot\system32\DRIVERS\MSPCLOCK.sys
Service Type:  kernel mode driver
Service Start Type:  demand start
Service Account:  "
Information	8/31/2016 11:29:54 AM	Microsoft-Windows-UserPnp	20001	(7005)	Driver Management concluded the process to install driver synsmbdrv.inf_amd64_87e8889ecf552f3e\synsmbdrv.inf for Device Instance ID PCI\VEN_8086&DEV_9CA2&SUBSYS_222317AA&REV_03\3&B1BFB68&0&FB with the following status: 0x0.
Information	8/31/2016 11:29:54 AM	Microsoft-Windows-UserPnp	20003	(7005)	Driver Management has concluded the process to add Service SmbDrvI for Device Instance ID PCI\VEN_8086&DEV_9CA2&SUBSYS_222317AA&REV_03\3&B1BFB68&0&FB with the following status: 0.
Information	8/31/2016 11:29:53 AM	Microsoft-Windows-UserPnp	20001	(7005)	Driver Management concluded the process to install driver nvltwi.inf_amd64_56d1741d91ed6f6e\nvltwi.inf for Device Instance ID PCI\VEN_10DE&DEV_137A&SUBSYS_222517AA&REV_A2\4&1830BB21&0&00E4 with the following status: 0x0.
Information	8/31/2016 11:29:53 AM	Service Control Manager	7045	None	"A service was installed in the system.

Service Name:  NVIDIA Display Driver Service
Service File Name:  ""C:\Windows\system32\nvvsvc.exe""
Service Type:  user mode service
Service Start Type:  auto start
Service Account:  LocalSystem"
