Error	9/6/2016 9:43:52 AM	disk	154	None	The IO operation at logical block address 0x0 for Disk 3 (PDO name: \Device\0000006d) failed due to a hardware error.
Error	9/6/2016 9:43:51 AM	disk	154	None	The IO operation at logical block address 0x0 for Disk 3 (PDO name: \Device\0000006d) failed due to a hardware error.
Error	9/6/2016 9:43:51 AM	disk	154	None	The IO operation at logical block address 0x0 for Disk 3 (PDO name: \Device\0000006d) failed due to a hardware error.
Error	9/6/2016 9:43:50 AM	disk	154	None	The IO operation at logical block address 0x0 for Disk 3 (PDO name: \Device\0000006d) failed due to a hardware error.
Error	9/6/2016 9:43:50 AM	disk	154	None	The IO operation at logical block address 0x0 for Disk 3 (PDO name: \Device\0000006d) failed due to a hardware error.
Error	9/6/2016 9:43:49 AM	disk	154	None	The IO operation at logical block address 0x0 for Disk 3 (PDO name: \Device\0000006d) failed due to a hardware error.
Error	9/6/2016 9:43:49 AM	disk	154	None	The IO operation at logical block address 0x0 for Disk 3 (PDO name: \Device\0000006d) failed due to a hardware error.
Error	9/6/2016 9:43:48 AM	disk	154	None	The IO operation at logical block address 0x0 for Disk 3 (PDO name: \Device\0000006d) failed due to a hardware error.
Error	9/6/2016 9:43:48 AM	disk	154	None	The IO operation at logical block address 0x0 for Disk 3 (PDO name: \Device\0000006d) failed due to a hardware error.
Error	9/6/2016 9:43:47 AM	disk	154	None	The IO operation at logical block address 0x0 for Disk 3 (PDO name: \Device\0000006d) failed due to a hardware error.
Error	9/6/2016 9:43:45 AM	disk	154	None	The IO operation at logical block address 0x0 for Disk 3 (PDO name: \Device\0000006d) failed due to a hardware error.
Error	9/6/2016 9:43:45 AM	disk	154	None	The IO operation at logical block address 0x0 for Disk 3 (PDO name: \Device\0000006d) failed due to a hardware error.
Error	9/6/2016 9:43:44 AM	disk	154	None	The IO operation at logical block address 0x0 for Disk 3 (PDO name: \Device\0000006d) failed due to a hardware error.
Error	9/6/2016 9:43:44 AM	disk	154	None	The IO operation at logical block address 0x0 for Disk 3 (PDO name: \Device\0000006d) failed due to a hardware error.
Error	9/6/2016 9:43:43 AM	disk	154	None	The IO operation at logical block address 0x0 for Disk 3 (PDO name: \Device\0000006d) failed due to a hardware error.
Error	9/6/2016 9:43:43 AM	disk	154	None	The IO operation at logical block address 0x0 for Disk 3 (PDO name: \Device\0000006d) failed due to a hardware error.
Error	9/6/2016 9:43:42 AM	disk	154	None	The IO operation at logical block address 0x0 for Disk 3 (PDO name: \Device\0000006d) failed due to a hardware error.
Error	9/6/2016 9:43:36 AM	disk	154	None	The IO operation at logical block address 0x0 for Disk 3 (PDO name: \Device\0000006d) failed due to a hardware error.
Error	9/6/2016 9:43:36 AM	disk	154	None	The IO operation at logical block address 0x0 for Disk 3 (PDO name: \Device\0000006d) failed due to a hardware error.
Error	9/6/2016 9:43:35 AM	disk	154	None	The IO operation at logical block address 0x0 for Disk 3 (PDO name: \Device\0000006d) failed due to a hardware error.
Error	9/6/2016 9:43:35 AM	disk	154	None	The IO operation at logical block address 0x0 for Disk 3 (PDO name: \Device\0000006d) failed due to a hardware error.
Error	9/6/2016 9:43:34 AM	disk	154	None	The IO operation at logical block address 0x0 for Disk 3 (PDO name: \Device\0000006d) failed due to a hardware error.
Error	9/6/2016 9:43:34 AM	disk	154	None	The IO operation at logical block address 0x0 for Disk 3 (PDO name: \Device\0000006d) failed due to a hardware error.
Error	9/6/2016 9:43:33 AM	disk	154	None	The IO operation at logical block address 0x0 for Disk 3 (PDO name: \Device\0000006d) failed due to a hardware error.
Error	9/6/2016 9:43:29 AM	disk	154	None	The IO operation at logical block address 0x0 for Disk 3 (PDO name: \Device\0000006d) failed due to a hardware error.
Error	9/6/2016 9:43:29 AM	disk	154	None	The IO operation at logical block address 0x0 for Disk 3 (PDO name: \Device\0000006d) failed due to a hardware error.
Error	9/6/2016 9:43:28 AM	disk	154	None	The IO operation at logical block address 0x0 for Disk 3 (PDO name: \Device\0000006d) failed due to a hardware error.
Error	9/6/2016 9:43:28 AM	disk	154	None	The IO operation at logical block address 0x0 for Disk 3 (PDO name: \Device\0000006d) failed due to a hardware error.
Error	9/6/2016 9:43:27 AM	disk	154	None	The IO operation at logical block address 0x0 for Disk 3 (PDO name: \Device\0000006d) failed due to a hardware error.
Error	9/6/2016 9:43:27 AM	disk	154	None	The IO operation at logical block address 0x0 for Disk 3 (PDO name: \Device\0000006d) failed due to a hardware error.
Error	9/6/2016 9:43:26 AM	disk	154	None	The IO operation at logical block address 0x0 for Disk 3 (PDO name: \Device\0000006d) failed due to a hardware error.
Error	9/6/2016 9:43:26 AM	disk	154	None	The IO operation at logical block address 0x0 for Disk 3 (PDO name: \Device\0000006d) failed due to a hardware error.
Error	9/6/2016 9:43:25 AM	disk	154	None	The IO operation at logical block address 0x0 for Disk 3 (PDO name: \Device\0000006d) failed due to a hardware error.
Error	9/6/2016 9:43:25 AM	disk	154	None	The IO operation at logical block address 0x0 for Disk 3 (PDO name: \Device\0000006d) failed due to a hardware error.
Error	9/6/2016 9:43:24 AM	disk	154	None	The IO operation at logical block address 0x0 for Disk 3 (PDO name: \Device\0000006d) failed due to a hardware error.
Error	9/6/2016 9:43:24 AM	disk	154	None	The IO operation at logical block address 0x0 for Disk 3 (PDO name: \Device\0000006d) failed due to a hardware error.
Error	9/6/2016 9:43:23 AM	disk	154	None	The IO operation at logical block address 0x0 for Disk 3 (PDO name: \Device\0000006d) failed due to a hardware error.
Error	9/6/2016 9:43:23 AM	disk	154	None	The IO operation at logical block address 0x0 for Disk 3 (PDO name: \Device\0000006d) failed due to a hardware error.
Error	9/6/2016 9:43:22 AM	disk	154	None	The IO operation at logical block address 0x0 for Disk 3 (PDO name: \Device\0000006d) failed due to a hardware error.
Error	9/6/2016 9:43:22 AM	disk	154	None	The IO operation at logical block address 0x0 for Disk 3 (PDO name: \Device\0000006d) failed due to a hardware error.
Error	9/6/2016 9:43:21 AM	disk	154	None	The IO operation at logical block address 0x0 for Disk 3 (PDO name: \Device\0000006d) failed due to a hardware error.
Error	9/6/2016 9:41:54 AM	disk	154	None	The IO operation at logical block address 0x0 for Disk 3 (PDO name: \Device\0000006d) failed due to a hardware error.
Error	9/6/2016 9:41:53 AM	disk	154	None	The IO operation at logical block address 0x0 for Disk 3 (PDO name: \Device\0000006d) failed due to a hardware error.
Error	9/6/2016 9:41:53 AM	disk	154	None	The IO operation at logical block address 0x0 for Disk 3 (PDO name: \Device\0000006d) failed due to a hardware error.
Error	9/6/2016 9:41:52 AM	disk	154	None	The IO operation at logical block address 0x0 for Disk 3 (PDO name: \Device\0000006d) failed due to a hardware error.
Error	9/6/2016 9:41:52 AM	disk	154	None	The IO operation at logical block address 0x0 for Disk 3 (PDO name: \Device\0000006d) failed due to a hardware error.
Error	9/6/2016 9:41:51 AM	disk	154	None	The IO operation at logical block address 0x0 for Disk 3 (PDO name: \Device\0000006d) failed due to a hardware error.
Error	9/6/2016 9:41:51 AM	disk	154	None	The IO operation at logical block address 0x0 for Disk 3 (PDO name: \Device\0000006d) failed due to a hardware error.
Error	9/6/2016 9:41:50 AM	disk	154	None	The IO operation at logical block address 0x0 for Disk 3 (PDO name: \Device\0000006d) failed due to a hardware error.
Error	9/6/2016 9:41:50 AM	disk	154	None	The IO operation at logical block address 0x0 for Disk 3 (PDO name: \Device\0000006d) failed due to a hardware error.
Error	9/6/2016 9:41:49 AM	disk	154	None	The IO operation at logical block address 0x0 for Disk 3 (PDO name: \Device\0000006d) failed due to a hardware error.
Error	9/6/2016 9:41:49 AM	disk	154	None	The IO operation at logical block address 0x0 for Disk 3 (PDO name: \Device\0000006d) failed due to a hardware error.
Error	9/6/2016 9:41:48 AM	disk	154	None	The IO operation at logical block address 0x0 for Disk 3 (PDO name: \Device\0000006d) failed due to a hardware error.
Error	9/6/2016 9:41:48 AM	disk	154	None	The IO operation at logical block address 0x0 for Disk 3 (PDO name: \Device\0000006d) failed due to a hardware error.
Error	9/6/2016 9:41:47 AM	disk	154	None	The IO operation at logical block address 0x0 for Disk 3 (PDO name: \Device\0000006d) failed due to a hardware error.
Error	9/6/2016 9:41:47 AM	disk	154	None	The IO operation at logical block address 0x0 for Disk 3 (PDO name: \Device\0000006d) failed due to a hardware error.
Error	9/6/2016 9:41:46 AM	disk	154	None	The IO operation at logical block address 0x0 for Disk 3 (PDO name: \Device\0000006d) failed due to a hardware error.
Error	9/6/2016 9:41:46 AM	disk	154	None	The IO operation at logical block address 0x0 for Disk 3 (PDO name: \Device\0000006d) failed due to a hardware error.
Error	9/6/2016 9:41:45 AM	disk	154	None	The IO operation at logical block address 0x0 for Disk 3 (PDO name: \Device\0000006d) failed due to a hardware error.
Error	9/6/2016 9:41:45 AM	disk	154	None	The IO operation at logical block address 0x0 for Disk 3 (PDO name: \Device\0000006d) failed due to a hardware error.
Error	9/6/2016 9:41:44 AM	disk	154	None	The IO operation at logical block address 0x0 for Disk 3 (PDO name: \Device\0000006d) failed due to a hardware error.
Error	9/6/2016 9:41:44 AM	disk	154	None	The IO operation at logical block address 0x0 for Disk 3 (PDO name: \Device\0000006d) failed due to a hardware error.
Error	9/6/2016 9:41:43 AM	disk	154	None	The IO operation at logical block address 0x0 for Disk 3 (PDO name: \Device\0000006d) failed due to a hardware error.
Error	9/6/2016 9:41:43 AM	disk	154	None	The IO operation at logical block address 0x0 for Disk 3 (PDO name: \Device\0000006d) failed due to a hardware error.
Error	9/6/2016 9:41:42 AM	disk	154	None	The IO operation at logical block address 0x0 for Disk 3 (PDO name: \Device\0000006d) failed due to a hardware error.
Error	9/6/2016 9:41:42 AM	disk	154	None	The IO operation at logical block address 0x0 for Disk 3 (PDO name: \Device\0000006d) failed due to a hardware error.
Error	9/6/2016 9:41:41 AM	disk	154	None	The IO operation at logical block address 0x0 for Disk 3 (PDO name: \Device\0000006d) failed due to a hardware error.
Error	9/6/2016 9:41:41 AM	disk	154	None	The IO operation at logical block address 0x0 for Disk 3 (PDO name: \Device\0000006d) failed due to a hardware error.
Error	9/6/2016 9:41:40 AM	disk	154	None	The IO operation at logical block address 0x0 for Disk 3 (PDO name: \Device\0000006d) failed due to a hardware error.
Error	9/6/2016 9:41:40 AM	disk	154	None	The IO operation at logical block address 0x0 for Disk 3 (PDO name: \Device\0000006d) failed due to a hardware error.
Error	9/6/2016 9:41:39 AM	disk	154	None	The IO operation at logical block address 0x0 for Disk 3 (PDO name: \Device\0000006d) failed due to a hardware error.
Error	9/6/2016 9:41:39 AM	disk	154	None	The IO operation at logical block address 0x0 for Disk 3 (PDO name: \Device\0000006d) failed due to a hardware error.
Error	9/6/2016 9:41:38 AM	disk	154	None	The IO operation at logical block address 0x0 for Disk 3 (PDO name: \Device\0000006d) failed due to a hardware error.
Error	9/6/2016 9:41:38 AM	disk	154	None	The IO operation at logical block address 0x0 for Disk 3 (PDO name: \Device\0000006d) failed due to a hardware error.
Error	9/6/2016 9:41:37 AM	disk	154	None	The IO operation at logical block address 0x0 for Disk 3 (PDO name: \Device\0000006d) failed due to a hardware error.
Error	9/6/2016 9:41:37 AM	disk	154	None	The IO operation at logical block address 0x0 for Disk 3 (PDO name: \Device\0000006d) failed due to a hardware error.
Error	9/6/2016 9:41:36 AM	disk	154	None	The IO operation at logical block address 0x0 for Disk 3 (PDO name: \Device\0000006d) failed due to a hardware error.
Error	9/6/2016 9:41:36 AM	disk	154	None	The IO operation at logical block address 0x0 for Disk 3 (PDO name: \Device\0000006d) failed due to a hardware error.
Error	9/6/2016 9:41:35 AM	disk	154	None	The IO operation at logical block address 0x0 for Disk 3 (PDO name: \Device\0000006d) failed due to a hardware error.
Error	9/6/2016 9:41:35 AM	disk	154	None	The IO operation at logical block address 0x0 for Disk 3 (PDO name: \Device\0000006d) failed due to a hardware error.
Information	9/6/2016 9:37:42 AM	Virtual Disk Service	4	None	Service stopped.
Error	9/6/2016 9:37:39 AM	disk	154	None	The IO operation at logical block address 0x0 for Disk 3 (PDO name: \Device\0000006d) failed due to a hardware error.
Information	9/6/2016 9:37:37 AM	Virtual Disk Service	3	None	Service started.
Error	9/6/2016 9:37:15 AM	disk	154	None	The IO operation at logical block address 0x0 for Disk 3 (PDO name: \Device\0000006d) failed due to a hardware error.
Error	9/6/2016 9:37:14 AM	disk	154	None	The IO operation at logical block address 0x0 for Disk 3 (PDO name: \Device\0000006d) failed due to a hardware error.
Error	9/6/2016 9:37:14 AM	Microsoft-Windows-DistributedCOM	10016	None	"The application-specific permission settings do not grant Local Activation permission for the COM Server application with CLSID 
{8D8F4F83-3594-4F07-8369-FC3C3CAE4919}
 and APPID 
{F72671A9-012C-4725-9D2F-2A4D32D65169}
 to the user NT AUTHORITY\SYSTEM SID (S-1-5-18) from address LocalHost (Using LRPC) running in the application container Unavailable SID (Unavailable). This security permission can be modified using the Component Services administrative tool."
Error	9/6/2016 9:37:14 AM	disk	154	None	The IO operation at logical block address 0x0 for Disk 3 (PDO name: \Device\0000006d) failed due to a hardware error.
Error	9/6/2016 9:37:13 AM	disk	154	None	The IO operation at logical block address 0x0 for Disk 3 (PDO name: \Device\0000006d) failed due to a hardware error.
Error	9/6/2016 9:37:13 AM	disk	154	None	The IO operation at logical block address 0x0 for Disk 3 (PDO name: \Device\0000006d) failed due to a hardware error.
Error	9/6/2016 9:37:12 AM	disk	154	None	The IO operation at logical block address 0x0 for Disk 3 (PDO name: \Device\0000006d) failed due to a hardware error.
Error	9/6/2016 9:37:12 AM	disk	154	None	The IO operation at logical block address 0x0 for Disk 3 (PDO name: \Device\0000006d) failed due to a hardware error.
Error	9/6/2016 9:37:11 AM	disk	154	None	The IO operation at logical block address 0x0 for Disk 3 (PDO name: \Device\0000006d) failed due to a hardware error.
Error	9/6/2016 9:37:11 AM	disk	154	None	The IO operation at logical block address 0x0 for Disk 3 (PDO name: \Device\0000006d) failed due to a hardware error.
Error	9/6/2016 9:37:10 AM	disk	154	None	The IO operation at logical block address 0x0 for Disk 3 (PDO name: \Device\0000006d) failed due to a hardware error.
Error	9/6/2016 9:37:10 AM	disk	154	None	The IO operation at logical block address 0x0 for Disk 3 (PDO name: \Device\0000006d) failed due to a hardware error.
Error	9/6/2016 9:37:09 AM	disk	154	None	The IO operation at logical block address 0x0 for Disk 3 (PDO name: \Device\0000006d) failed due to a hardware error.
Error	9/6/2016 9:37:09 AM	disk	154	None	The IO operation at logical block address 0x0 for Disk 3 (PDO name: \Device\0000006d) failed due to a hardware error.
Error	9/6/2016 9:37:08 AM	disk	154	None	The IO operation at logical block address 0x0 for Disk 3 (PDO name: \Device\0000006d) failed due to a hardware error.
Error	9/6/2016 9:37:08 AM	disk	154	None	The IO operation at logical block address 0x0 for Disk 3 (PDO name: \Device\0000006d) failed due to a hardware error.
Error	9/6/2016 9:37:07 AM	disk	154	None	The IO operation at logical block address 0x0 for Disk 3 (PDO name: \Device\0000006d) failed due to a hardware error.
Error	9/6/2016 9:37:07 AM	disk	154	None	The IO operation at logical block address 0x0 for Disk 3 (PDO name: \Device\0000006d) failed due to a hardware error.
Error	9/6/2016 9:37:06 AM	disk	154	None	The IO operation at logical block address 0x0 for Disk 3 (PDO name: \Device\0000006d) failed due to a hardware error.
Error	9/6/2016 9:37:06 AM	disk	154	None	The IO operation at logical block address 0x0 for Disk 3 (PDO name: \Device\0000006d) failed due to a hardware error.
Error	9/6/2016 9:37:05 AM	disk	154	None	The IO operation at logical block address 0x0 for Disk 3 (PDO name: \Device\0000006d) failed due to a hardware error.
Error	9/6/2016 9:37:05 AM	disk	154	None	The IO operation at logical block address 0x0 for Disk 3 (PDO name: \Device\0000006d) failed due to a hardware error.
Error	9/6/2016 9:37:04 AM	disk	154	None	The IO operation at logical block address 0x0 for Disk 3 (PDO name: \Device\0000006d) failed due to a hardware error.
Error	9/6/2016 9:37:04 AM	disk	154	None	The IO operation at logical block address 0x0 for Disk 3 (PDO name: \Device\0000006d) failed due to a hardware error.
Error	9/6/2016 9:37:03 AM	disk	154	None	The IO operation at logical block address 0x0 for Disk 3 (PDO name: \Device\0000006d) failed due to a hardware error.
Error	9/6/2016 9:37:03 AM	disk	154	None	The IO operation at logical block address 0x0 for Disk 3 (PDO name: \Device\0000006d) failed due to a hardware error.
Error	9/6/2016 9:37:02 AM	disk	154	None	The IO operation at logical block address 0x0 for Disk 3 (PDO name: \Device\0000006d) failed due to a hardware error.
Error	9/6/2016 9:37:02 AM	disk	154	None	The IO operation at logical block address 0x0 for Disk 3 (PDO name: \Device\0000006d) failed due to a hardware error.
Error	9/6/2016 9:37:01 AM	disk	154	None	The IO operation at logical block address 0x0 for Disk 3 (PDO name: \Device\0000006d) failed due to a hardware error.
Error	9/6/2016 9:37:01 AM	disk	154	None	The IO operation at logical block address 0x0 for Disk 3 (PDO name: \Device\0000006d) failed due to a hardware error.
Error	9/6/2016 9:37:00 AM	disk	154	None	The IO operation at logical block address 0x0 for Disk 3 (PDO name: \Device\0000006d) failed due to a hardware error.
Error	9/6/2016 9:37:00 AM	disk	154	None	The IO operation at logical block address 0x0 for Disk 3 (PDO name: \Device\0000006d) failed due to a hardware error.
Error	9/6/2016 9:36:59 AM	disk	154	None	The IO operation at logical block address 0x0 for Disk 3 (PDO name: \Device\0000006d) failed due to a hardware error.
Error	9/6/2016 9:36:59 AM	disk	154	None	The IO operation at logical block address 0x0 for Disk 3 (PDO name: \Device\0000006d) failed due to a hardware error.
Error	9/6/2016 9:36:58 AM	disk	154	None	The IO operation at logical block address 0x0 for Disk 3 (PDO name: \Device\0000006d) failed due to a hardware error.
Error	9/6/2016 9:36:58 AM	disk	154	None	The IO operation at logical block address 0x0 for Disk 3 (PDO name: \Device\0000006d) failed due to a hardware error.
Error	9/6/2016 9:36:57 AM	disk	154	None	The IO operation at logical block address 0x0 for Disk 3 (PDO name: \Device\0000006d) failed due to a hardware error.
Error	9/6/2016 9:36:57 AM	disk	154	None	The IO operation at logical block address 0x0 for Disk 3 (PDO name: \Device\0000006d) failed due to a hardware error.
Error	9/6/2016 9:36:56 AM	disk	154	None	The IO operation at logical block address 0x0 for Disk 3 (PDO name: \Device\0000006d) failed due to a hardware error.
Error	9/6/2016 9:36:56 AM	disk	154	None	The IO operation at logical block address 0x0 for Disk 3 (PDO name: \Device\0000006d) failed due to a hardware error.
Error	9/6/2016 9:36:55 AM	disk	154	None	The IO operation at logical block address 0x0 for Disk 3 (PDO name: \Device\0000006d) failed due to a hardware error.
Error	9/6/2016 9:36:55 AM	disk	154	None	The IO operation at logical block address 0x0 for Disk 3 (PDO name: \Device\0000006d) failed due to a hardware error.
Error	9/6/2016 9:36:54 AM	disk	154	None	The IO operation at logical block address 0x0 for Disk 3 (PDO name: \Device\0000006d) failed due to a hardware error.
Error	9/6/2016 9:36:54 AM	disk	154	None	The IO operation at logical block address 0x0 for Disk 3 (PDO name: \Device\0000006d) failed due to a hardware error.
Error	9/6/2016 9:36:53 AM	disk	154	None	The IO operation at logical block address 0x0 for Disk 3 (PDO name: \Device\0000006d) failed due to a hardware error.
Error	9/6/2016 9:36:53 AM	disk	154	None	The IO operation at logical block address 0x0 for Disk 3 (PDO name: \Device\0000006d) failed due to a hardware error.
Error	9/6/2016 9:36:53 AM	disk	154	None	The IO operation at logical block address 0x0 for Disk 3 (PDO name: \Device\0000006d) failed due to a hardware error.
Error	9/6/2016 9:36:52 AM	disk	154	None	The IO operation at logical block address 0x0 for Disk 3 (PDO name: \Device\0000006d) failed due to a hardware error.
Error	9/6/2016 9:36:52 AM	disk	154	None	The IO operation at logical block address 0x0 for Disk 3 (PDO name: \Device\0000006d) failed due to a hardware error.
Error	9/6/2016 9:36:51 AM	disk	154	None	The IO operation at logical block address 0x0 for Disk 3 (PDO name: \Device\0000006d) failed due to a hardware error.
Error	9/6/2016 9:36:51 AM	disk	154	None	The IO operation at logical block address 0x0 for Disk 3 (PDO name: \Device\0000006d) failed due to a hardware error.
Error	9/6/2016 9:36:50 AM	disk	154	None	The IO operation at logical block address 0x0 for Disk 3 (PDO name: \Device\0000006d) failed due to a hardware error.
Error	9/6/2016 9:36:50 AM	disk	154	None	The IO operation at logical block address 0x0 for Disk 3 (PDO name: \Device\0000006d) failed due to a hardware error.
Error	9/6/2016 9:36:49 AM	disk	154	None	The IO operation at logical block address 0x0 for Disk 3 (PDO name: \Device\0000006d) failed due to a hardware error.
Error	9/6/2016 9:36:49 AM	disk	154	None	The IO operation at logical block address 0x0 for Disk 3 (PDO name: \Device\0000006d) failed due to a hardware error.
Error	9/6/2016 9:36:48 AM	disk	154	None	The IO operation at logical block address 0x0 for Disk 3 (PDO name: \Device\0000006d) failed due to a hardware error.
Error	9/6/2016 9:36:48 AM	disk	154	None	The IO operation at logical block address 0x0 for Disk 3 (PDO name: \Device\0000006d) failed due to a hardware error.
Error	9/6/2016 9:36:47 AM	disk	154	None	The IO operation at logical block address 0x0 for Disk 3 (PDO name: \Device\0000006d) failed due to a hardware error.
Error	9/6/2016 9:36:47 AM	disk	154	None	The IO operation at logical block address 0x0 for Disk 3 (PDO name: \Device\0000006d) failed due to a hardware error.
Error	9/6/2016 9:36:46 AM	disk	154	None	The IO operation at logical block address 0x0 for Disk 3 (PDO name: \Device\0000006d) failed due to a hardware error.
Error	9/6/2016 9:36:46 AM	disk	154	None	The IO operation at logical block address 0x0 for Disk 3 (PDO name: \Device\0000006d) failed due to a hardware error.
Error	9/6/2016 9:36:45 AM	disk	154	None	The IO operation at logical block address 0x0 for Disk 3 (PDO name: \Device\0000006d) failed due to a hardware error.
Error	9/6/2016 9:36:45 AM	disk	154	None	The IO operation at logical block address 0x0 for Disk 3 (PDO name: \Device\0000006d) failed due to a hardware error.
Error	9/6/2016 9:36:40 AM	disk	154	None	The IO operation at logical block address 0x0 for Disk 3 (PDO name: \Device\0000006d) failed due to a hardware error.
Error	9/6/2016 9:36:39 AM	disk	154	None	The IO operation at logical block address 0x0 for Disk 3 (PDO name: \Device\0000006d) failed due to a hardware error.
Error	9/6/2016 9:36:39 AM	disk	154	None	The IO operation at logical block address 0x0 for Disk 3 (PDO name: \Device\0000006d) failed due to a hardware error.
Error	9/6/2016 9:36:38 AM	disk	154	None	The IO operation at logical block address 0x0 for Disk 3 (PDO name: \Device\0000006d) failed due to a hardware error.
Error	9/6/2016 9:36:38 AM	disk	154	None	The IO operation at logical block address 0x0 for Disk 3 (PDO name: \Device\0000006d) failed due to a hardware error.
Error	9/6/2016 9:36:37 AM	disk	154	None	The IO operation at logical block address 0x0 for Disk 3 (PDO name: \Device\0000006d) failed due to a hardware error.
Error	9/6/2016 9:36:37 AM	disk	154	None	The IO operation at logical block address 0x0 for Disk 3 (PDO name: \Device\0000006d) failed due to a hardware error.
Error	9/6/2016 9:36:36 AM	disk	154	None	The IO operation at logical block address 0x0 for Disk 3 (PDO name: \Device\0000006d) failed due to a hardware error.
Error	9/6/2016 9:36:36 AM	disk	154	None	The IO operation at logical block address 0x0 for Disk 3 (PDO name: \Device\0000006d) failed due to a hardware error.
Error	9/6/2016 9:36:35 AM	disk	154	None	The IO operation at logical block address 0x0 for Disk 3 (PDO name: \Device\0000006d) failed due to a hardware error.
Error	9/6/2016 9:36:35 AM	disk	154	None	The IO operation at logical block address 0x0 for Disk 3 (PDO name: \Device\0000006d) failed due to a hardware error.
Error	9/6/2016 9:36:34 AM	disk	154	None	The IO operation at logical block address 0x0 for Disk 3 (PDO name: \Device\0000006d) failed due to a hardware error.
Error	9/6/2016 9:36:34 AM	disk	154	None	The IO operation at logical block address 0x0 for Disk 3 (PDO name: \Device\0000006d) failed due to a hardware error.
Error	9/6/2016 9:36:33 AM	disk	154	None	The IO operation at logical block address 0x0 for Disk 3 (PDO name: \Device\0000006d) failed due to a hardware error.
Error	9/6/2016 9:36:33 AM	disk	154	None	The IO operation at logical block address 0x0 for Disk 3 (PDO name: \Device\0000006d) failed due to a hardware error.
Error	9/6/2016 9:36:32 AM	disk	154	None	The IO operation at logical block address 0x0 for Disk 3 (PDO name: \Device\0000006d) failed due to a hardware error.
Error	9/6/2016 9:36:32 AM	disk	154	None	The IO operation at logical block address 0x0 for Disk 3 (PDO name: \Device\0000006d) failed due to a hardware error.
Error	9/6/2016 9:36:31 AM	disk	154	None	The IO operation at logical block address 0x0 for Disk 3 (PDO name: \Device\0000006d) failed due to a hardware error.
Error	9/6/2016 9:36:31 AM	disk	154	None	The IO operation at logical block address 0x0 for Disk 3 (PDO name: \Device\0000006d) failed due to a hardware error.
Error	9/6/2016 9:36:30 AM	disk	154	None	The IO operation at logical block address 0x0 for Disk 3 (PDO name: \Device\0000006d) failed due to a hardware error.
Error	9/6/2016 9:36:30 AM	disk	154	None	The IO operation at logical block address 0x0 for Disk 3 (PDO name: \Device\0000006d) failed due to a hardware error.
Error	9/6/2016 9:36:29 AM	disk	154	None	The IO operation at logical block address 0x0 for Disk 3 (PDO name: \Device\0000006d) failed due to a hardware error.
Error	9/6/2016 9:36:29 AM	disk	154	None	The IO operation at logical block address 0x0 for Disk 3 (PDO name: \Device\0000006d) failed due to a hardware error.
Error	9/6/2016 9:36:28 AM	disk	154	None	The IO operation at logical block address 0x0 for Disk 3 (PDO name: \Device\0000006d) failed due to a hardware error.
Error	9/6/2016 9:36:28 AM	disk	154	None	The IO operation at logical block address 0x0 for Disk 3 (PDO name: \Device\0000006d) failed due to a hardware error.
Error	9/6/2016 9:36:27 AM	disk	154	None	The IO operation at logical block address 0x0 for Disk 3 (PDO name: \Device\0000006d) failed due to a hardware error.
Error	9/6/2016 9:36:27 AM	disk	154	None	The IO operation at logical block address 0x0 for Disk 3 (PDO name: \Device\0000006d) failed due to a hardware error.
Error	9/6/2016 9:36:26 AM	disk	154	None	The IO operation at logical block address 0x0 for Disk 3 (PDO name: \Device\0000006d) failed due to a hardware error.
Error	9/6/2016 9:36:26 AM	disk	154	None	The IO operation at logical block address 0x0 for Disk 3 (PDO name: \Device\0000006d) failed due to a hardware error.
Error	9/6/2016 9:36:25 AM	disk	154	None	The IO operation at logical block address 0x0 for Disk 3 (PDO name: \Device\0000006d) failed due to a hardware error.
Error	9/6/2016 9:36:25 AM	disk	154	None	The IO operation at logical block address 0x0 for Disk 3 (PDO name: \Device\0000006d) failed due to a hardware error.
Error	9/6/2016 9:35:40 AM	disk	154	None	The IO operation at logical block address 0x0 for Disk 3 (PDO name: \Device\0000006d) failed due to a hardware error.
Error	9/6/2016 9:35:38 AM	disk	154	None	The IO operation at logical block address 0x0 for Disk 3 (PDO name: \Device\0000006d) failed due to a hardware error.
Error	9/6/2016 9:35:38 AM	disk	154	None	The IO operation at logical block address 0x0 for Disk 3 (PDO name: \Device\0000006d) failed due to a hardware error.
Error	9/6/2016 9:35:37 AM	disk	154	None	The IO operation at logical block address 0x0 for Disk 3 (PDO name: \Device\0000006d) failed due to a hardware error.
Error	9/6/2016 9:35:37 AM	disk	154	None	The IO operation at logical block address 0x0 for Disk 3 (PDO name: \Device\0000006d) failed due to a hardware error.
Error	9/6/2016 9:35:36 AM	disk	154	None	The IO operation at logical block address 0x0 for Disk 3 (PDO name: \Device\0000006d) failed due to a hardware error.
Error	9/6/2016 9:35:36 AM	disk	154	None	The IO operation at logical block address 0x0 for Disk 3 (PDO name: \Device\0000006d) failed due to a hardware error.
Error	9/6/2016 9:35:34 AM	disk	154	None	The IO operation at logical block address 0x0 for Disk 3 (PDO name: \Device\0000006d) failed due to a hardware error.
Error	9/6/2016 9:35:33 AM	disk	154	None	The IO operation at logical block address 0x0 for Disk 3 (PDO name: \Device\0000006d) failed due to a hardware error.
Error	9/6/2016 9:35:33 AM	disk	154	None	The IO operation at logical block address 0x0 for Disk 3 (PDO name: \Device\0000006d) failed due to a hardware error.
Error	9/6/2016 9:35:32 AM	disk	154	None	The IO operation at logical block address 0x0 for Disk 3 (PDO name: \Device\0000006d) failed due to a hardware error.
Error	9/6/2016 9:35:31 AM	disk	154	None	The IO operation at logical block address 0x0 for Disk 3 (PDO name: \Device\0000006d) failed due to a hardware error.
Error	9/6/2016 9:35:31 AM	disk	154	None	The IO operation at logical block address 0x0 for Disk 3 (PDO name: \Device\0000006d) failed due to a hardware error.
Error	9/6/2016 9:35:30 AM	disk	154	None	The IO operation at logical block address 0x0 for Disk 3 (PDO name: \Device\0000006d) failed due to a hardware error.
Error	9/6/2016 9:35:28 AM	disk	154	None	The IO operation at logical block address 0x0 for Disk 3 (PDO name: \Device\0000006d) failed due to a hardware error.
Information	9/6/2016 9:35:27 AM	Microsoft-Windows-TPM-WMI	1026	None	"The Trusted Platform Module (TPM) hardware on this computer cannot be provisioned for use automatically.  To set up the TPM interactively use the TPM management console (Start->tpm.msc) and use the action to make the TPM ready.

Error: The TPM provisioning action is not allowed by the specified flags.  For provisioning to be successful, one of several actions may be required.  The TPM management console (tpm.msc) action to make the TPM Ready may help.  For further information, see the documentation for the Win32_Tpm WMI method 'Provision'.  (The actions that may be required include importing the TPM Owner Authorization value into the system, calling the Win32_Tpm WMI method for provisioning the TPM and specifying TRUE for either 'ForceClear_Allowed' or 'PhysicalPresencePrompts_Allowed' (as indicated by the value returned in the Additional Information), or enabling the TPM in the system BIOS.)
Additional Information: 0x80011c"
Error	9/6/2016 9:35:27 AM	disk	154	None	The IO operation at logical block address 0x0 for Disk 3 (PDO name: \Device\0000006d) failed due to a hardware error.
Error	9/6/2016 9:35:27 AM	disk	154	None	The IO operation at logical block address 0x0 for Disk 3 (PDO name: \Device\0000006d) failed due to a hardware error.
Error	9/6/2016 9:35:26 AM	disk	154	None	The IO operation at logical block address 0x0 for Disk 3 (PDO name: \Device\0000006d) failed due to a hardware error.
Error	9/6/2016 9:35:26 AM	disk	154	None	The IO operation at logical block address 0x0 for Disk 3 (PDO name: \Device\0000006d) failed due to a hardware error.
Information	9/6/2016 9:35:26 AM	Service Control Manager	7040	None	The start type of the Background Intelligent Transfer Service service was changed from demand start to auto start.
Error	9/6/2016 9:35:25 AM	disk	154	None	The IO operation at logical block address 0x0 for Disk 3 (PDO name: \Device\0000006d) failed due to a hardware error.
Error	9/6/2016 9:35:25 AM	disk	154	None	The IO operation at logical block address 0x0 for Disk 3 (PDO name: \Device\0000006d) failed due to a hardware error.
Error	9/6/2016 9:35:24 AM	disk	154	None	The IO operation at logical block address 0x0 for Disk 3 (PDO name: \Device\0000006d) failed due to a hardware error.
Error	9/6/2016 9:35:24 AM	disk	154	None	The IO operation at logical block address 0x0 for Disk 3 (PDO name: \Device\0000006d) failed due to a hardware error.
Error	9/6/2016 9:35:23 AM	disk	154	None	The IO operation at logical block address 0x0 for Disk 3 (PDO name: \Device\0000006d) failed due to a hardware error.
Error	9/6/2016 9:35:23 AM	disk	154	None	The IO operation at logical block address 0x0 for Disk 3 (PDO name: \Device\0000006d) failed due to a hardware error.
Error	9/6/2016 9:35:22 AM	disk	154	None	The IO operation at logical block address 0x0 for Disk 3 (PDO name: \Device\0000006d) failed due to a hardware error.
Error	9/6/2016 9:35:22 AM	disk	154	None	The IO operation at logical block address 0x0 for Disk 3 (PDO name: \Device\0000006d) failed due to a hardware error.
Error	9/6/2016 9:35:21 AM	disk	154	None	The IO operation at logical block address 0x0 for Disk 3 (PDO name: \Device\0000006d) failed due to a hardware error.
Error	9/6/2016 9:35:21 AM	disk	154	None	The IO operation at logical block address 0x0 for Disk 3 (PDO name: \Device\0000006d) failed due to a hardware error.
Error	9/6/2016 9:35:20 AM	disk	154	None	The IO operation at logical block address 0x0 for Disk 3 (PDO name: \Device\0000006d) failed due to a hardware error.
Error	9/6/2016 9:35:20 AM	disk	154	None	The IO operation at logical block address 0x0 for Disk 3 (PDO name: \Device\0000006d) failed due to a hardware error.
Error	9/6/2016 9:35:19 AM	disk	154	None	The IO operation at logical block address 0x0 for Disk 3 (PDO name: \Device\0000006d) failed due to a hardware error.
Error	9/6/2016 9:35:19 AM	disk	154	None	The IO operation at logical block address 0x0 for Disk 3 (PDO name: \Device\0000006d) failed due to a hardware error.
Error	9/6/2016 9:35:18 AM	disk	154	None	The IO operation at logical block address 0x0 for Disk 3 (PDO name: \Device\0000006d) failed due to a hardware error.
Error	9/6/2016 9:35:17 AM	disk	154	None	The IO operation at logical block address 0x0 for Disk 3 (PDO name: \Device\0000006d) failed due to a hardware error.
Information	9/6/2016 9:35:17 AM	Microsoft-Windows-TPM-WMI	1026	None	"The Trusted Platform Module (TPM) hardware on this computer cannot be provisioned for use automatically.  To set up the TPM interactively use the TPM management console (Start->tpm.msc) and use the action to make the TPM ready.

Error: The TPM provisioning action is not allowed by the specified flags.  For provisioning to be successful, one of several actions may be required.  The TPM management console (tpm.msc) action to make the TPM Ready may help.  For further information, see the documentation for the Win32_Tpm WMI method 'Provision'.  (The actions that may be required include importing the TPM Owner Authorization value into the system, calling the Win32_Tpm WMI method for provisioning the TPM and specifying TRUE for either 'ForceClear_Allowed' or 'PhysicalPresencePrompts_Allowed' (as indicated by the value returned in the Additional Information), or enabling the TPM in the system BIOS.)
Additional Information: 0x80011c"
Error	9/6/2016 9:35:16 AM	disk	154	None	The IO operation at logical block address 0x0 for Disk 3 (PDO name: \Device\0000006d) failed due to a hardware error.
Error	9/6/2016 9:35:14 AM	disk	154	None	The IO operation at logical block address 0x0 for Disk 3 (PDO name: \Device\0000006d) failed due to a hardware error.
Error	9/6/2016 9:35:14 AM	Microsoft-Windows-DistributedCOM	10016	None	"The application-specific permission settings do not grant Local Activation permission for the COM Server application with CLSID 
{6B3B8D23-FA8D-40B9-8DBD-B950333E2C52}
 and APPID 
{4839DDB7-58C2-48F5-8283-E1D1807D0D7D}
 to the user NT AUTHORITY\LOCAL SERVICE SID (S-1-5-19) from address LocalHost (Using LRPC) running in the application container Unavailable SID (Unavailable). This security permission can be modified using the Component Services administrative tool."
Error	9/6/2016 9:35:14 AM	Microsoft-Windows-DistributedCOM	10016	None	"The application-specific permission settings do not grant Local Activation permission for the COM Server application with CLSID 
{6B3B8D23-FA8D-40B9-8DBD-B950333E2C52}
 and APPID 
{4839DDB7-58C2-48F5-8283-E1D1807D0D7D}
 to the user NT AUTHORITY\LOCAL SERVICE SID (S-1-5-19) from address LocalHost (Using LRPC) running in the application container Unavailable SID (Unavailable). This security permission can be modified using the Component Services administrative tool."
Error	9/6/2016 9:35:14 AM	disk	154	None	The IO operation at logical block address 0x0 for Disk 3 (PDO name: \Device\0000006d) failed due to a hardware error.
Information	9/6/2016 9:35:13 AM	Microsoft-Windows-Winlogon	7001	(1101)	User Logon Notification for Customer Experience Improvement Program
Error	9/6/2016 9:35:13 AM	disk	154	None	The IO operation at logical block address 0x0 for Disk 3 (PDO name: \Device\0000006d) failed due to a hardware error.
Error	9/6/2016 9:35:13 AM	disk	154	None	The IO operation at logical block address 0x0 for Disk 3 (PDO name: \Device\0000006d) failed due to a hardware error.
Error	9/6/2016 9:35:12 AM	disk	154	None	The IO operation at logical block address 0x0 for Disk 3 (PDO name: \Device\0000006d) failed due to a hardware error.
Error	9/6/2016 9:35:12 AM	disk	154	None	The IO operation at logical block address 0x0 for Disk 3 (PDO name: \Device\0000006d) failed due to a hardware error.
Error	9/6/2016 9:35:11 AM	disk	154	None	The IO operation at logical block address 0x0 for Disk 3 (PDO name: \Device\0000006d) failed due to a hardware error.
Error	9/6/2016 9:35:11 AM	disk	154	None	The IO operation at logical block address 0x0 for Disk 3 (PDO name: \Device\0000006d) failed due to a hardware error.
Error	9/6/2016 9:35:10 AM	disk	154	None	The IO operation at logical block address 0x0 for Disk 3 (PDO name: \Device\0000006d) failed due to a hardware error.
Error	9/6/2016 9:35:10 AM	disk	154	None	The IO operation at logical block address 0x0 for Disk 3 (PDO name: \Device\0000006d) failed due to a hardware error.
Error	9/6/2016 9:35:09 AM	disk	154	None	The IO operation at logical block address 0x0 for Disk 3 (PDO name: \Device\0000006d) failed due to a hardware error.
Error	9/6/2016 9:35:09 AM	disk	154	None	The IO operation at logical block address 0x0 for Disk 3 (PDO name: \Device\0000006d) failed due to a hardware error.
Error	9/6/2016 9:35:08 AM	disk	154	None	The IO operation at logical block address 0x0 for Disk 3 (PDO name: \Device\0000006d) failed due to a hardware error.
Information	9/6/2016 9:35:08 AM	TPM	18	None	This event triggers the Trusted Platform Module (TPM) provisioning/status check to run.
Information	9/6/2016 9:35:08 AM	Service Control Manager	7026	None	"The following boot-start or system-start driver(s) did not load: 
cdrom
dam"
Error	9/6/2016 9:35:08 AM	disk	154	None	The IO operation at logical block address 0x0 for Disk 3 (PDO name: \Device\0000006d) failed due to a hardware error.
Information	9/6/2016 9:35:06 AM	VMnetuserif	1	None	() Starting up the User Interface Driver for VMware Virtual Networks.
Information	9/6/2016 9:35:06 AM	vmx86	34	None	"The description for Event ID 34 from source vmx86 cannot be found. Either the component that raises this event is not installed on your local computer or the installation is corrupted. You can install or repair the component on the local computer.

If the event originated on another computer, the display information had to be saved with the event.

The following information was included with the event: 

VMX86.SYS: begin DriverEntry built @ 17:11:03
"
Information	9/6/2016 9:35:05 AM	Microsoft-Windows-Ntfs	98	None	Volume F: (\Device\HarddiskVolume6) is healthy.  No action is needed.
Error	9/6/2016 9:35:04 AM	disk	154	None	The IO operation at logical block address 0x0 for Disk 3 (PDO name: \Device\0000006d) failed due to a hardware error.
Information	9/6/2016 9:35:03 AM	Microsoft-Windows-WLAN-AutoConfig	10001	None	"WLAN Extensibility Module has successfully started.

Module Path: C:\Windows\System32\IWMSSvc.dll
"
Error	9/6/2016 9:35:03 AM	disk	154	None	The IO operation at logical block address 0x0 for Disk 3 (PDO name: \Device\0000006d) failed due to a hardware error.
Error	9/6/2016 9:35:03 AM	disk	154	None	The IO operation at logical block address 0x0 for Disk 3 (PDO name: \Device\0000006d) failed due to a hardware error.
Information	9/6/2016 9:35:02 AM	Win32k	267	None	"The description for Event ID 267 from source Win32k cannot be found. Either the component that raises this event is not installed on your local computer or the installation is corrupted. You can install or repair the component on the local computer.

If the event originated on another computer, the display information had to be saved with the event.

The following information was included with the event: 


The specified resource type cannot be found in the image file
"
Information	9/6/2016 9:35:03 AM	Lfsvc	1	None	Geolocation positioning is enabled.
Error	9/6/2016 9:35:02 AM	disk	154	None	The IO operation at logical block address 0x0 for Disk 3 (PDO name: \Device\0000006d) failed due to a hardware error.
Information	9/6/2016 9:35:02 AM	Microsoft-Windows-WLAN-AutoConfig	4000	None	"WLAN AutoConfig service has successfully started.
"
Information	9/6/2016 9:35:02 AM	VMnetBridge	10	None	() Starting up the Bridge Driver for VMware Virtual Networks.
Warning	9/6/2016 9:35:02 AM	Microsoft-Windows-TaskScheduler	414	Task Misconfiguration	Task Scheduler service found a misconfiguration in the NT TASK\DolbySelectorTask definition. Additional Data: Error Value: %ProgramFiles%\Dolby Digital Plus\ddp.exe.
Error	9/6/2016 9:35:02 AM	disk	154	None	The IO operation at logical block address 0x0 for Disk 3 (PDO name: \Device\0000006d) failed due to a hardware error.
Information	9/6/2016 9:35:02 AM	Microsoft-Windows-FilterManager	6	None	File System Filter 'wcnfs' (10.0, ‎2016‎-‎07‎-‎15T20:28:27.000000000Z) has successfully loaded and registered with Filter Manager.
Information	9/6/2016 9:35:02 AM	Microsoft-Windows-FilterManager	6	None	File System Filter 'storqosflt' (10.0, ‎2016‎-‎07‎-‎15T20:26:43.000000000Z) has successfully loaded and registered with Filter Manager.
Information	9/6/2016 9:35:02 AM	Microsoft-Windows-FilterManager	6	None	File System Filter 'wcifs' (10.0, ‎2016‎-‎07‎-‎15T20:27:16.000000000Z) has successfully loaded and registered with Filter Manager.
Information	9/6/2016 9:35:02 AM	Microsoft-Windows-FilterManager	6	None	File System Filter 'luafv' (10.0, ‎2016‎-‎07‎-‎15T20:21:48.000000000Z) has successfully loaded and registered with Filter Manager.
Information	9/6/2016 9:35:02 AM	Microsoft-Windows-DHCPv6-Client	51046	Service State Event	DHCPv6 client service is started
Information	9/6/2016 9:35:02 AM	Microsoft-Windows-Dhcp-Client	50036	Service State Event	DHCPv4 client service is started
Information	9/6/2016 9:35:02 AM	BTHUSB	35	None	Bluetooth radio enablement has been accepted due to policy Connectivity\AllowBluetooth.
Information	9/6/2016 9:35:02 AM	BTHUSB	36	None	Bluetooth radio has accepted advertising due to policy Bluetooth\AllowAdvertising.
Information	9/6/2016 9:35:02 AM	BTHUSB	37	None	Bluetooth radio has accepted discoverability due to policy Bluetooth\AllowDiscoverableMode.
Information	9/6/2016 9:35:02 AM	BTHUSB	34	None	A Bluetooth policy has changed.  Policy Bluetooth\ServicesAllowedList has value of: *
Information	9/6/2016 9:35:02 AM	BTHUSB	34	None	A Bluetooth policy has changed.  Policy Bluetooth\AllowAdvertising has value of: 1
Information	9/6/2016 9:35:02 AM	BTHUSB	34	None	A Bluetooth policy has changed.  Policy Bluetooth\AllowDiscoverableMode has value of: 1
Information	9/6/2016 9:35:02 AM	BTHUSB	34	None	A Bluetooth policy has changed.  Policy Connectivity\AllowBluetooth has value of: 2
Information	9/6/2016 9:35:01 AM	Win32k	267	None	"The description for Event ID 267 from source Win32k cannot be found. Either the component that raises this event is not installed on your local computer or the installation is corrupted. You can install or repair the component on the local computer.

If the event originated on another computer, the display information had to be saved with the event.

The following information was included with the event: 


The specified resource type cannot be found in the image file
"
Error	9/6/2016 9:35:01 AM	disk	154	None	The IO operation at logical block address 0x0 for Disk 3 (PDO name: \Device\0000006d) failed due to a hardware error.
Information	9/6/2016 9:35:01 AM	Microsoft-Windows-Directory-Services-SAM	16962	None	"Remote calls to the SAM database are being restricted using the default security descriptor: O:SYG:SYD:(A;;RC;;;BA).
For more information please see http://go.microsoft.com/fwlink/?LinkId=787651."
Error	9/6/2016 9:35:01 AM	disk	154	None	The IO operation at logical block address 0x0 for Disk 3 (PDO name: \Device\0000006d) failed due to a hardware error.
Information	9/6/2016 9:35:00 AM	Microsoft-Windows-Wininit	14	None	Credential Guard (LsaIso.exe) configuration: 0x0, 0
Error	9/6/2016 9:35:00 AM	disk	154	None	The IO operation at logical block address 0x0 for Disk 3 (PDO name: \Device\0000006d) failed due to a hardware error.
Information	9/6/2016 9:35:00 AM	e1dexpress	32	None	"Intel(R) Ethernet Connection (3) I218-LM
 Network link has been established at 1Gbps full duplex.
"
Error	9/6/2016 9:35:00 AM	disk	154	None	The IO operation at logical block address 0x0 for Disk 3 (PDO name: \Device\0000006d) failed due to a hardware error.
Warning	9/6/2016 9:34:59 AM	Microsoft-Windows-Kernel-PnP	219	(212)	The driver \Driver\WUDFRd failed to load for the device USB\VID_17E9&PID_4307&MI_01\7&8d2da4c&0&0001.
Information	9/6/2016 9:34:59 AM	Microsoft-Windows-DriverFrameworks-UserMode	10114	Startup of the UMDF reflector	WUDFPf (part of UMDF) did not load yet. After it does, Windows will start the device again.
Warning	9/6/2016 9:34:59 AM	Microsoft-Windows-Kernel-PnP	219	(212)	The driver \Driver\WUDFRd failed to load for the device USB\VID_17E9&PID_4307&MI_00\7&8d2da4c&0&0000.
Information	9/6/2016 9:34:59 AM	Microsoft-Windows-DriverFrameworks-UserMode	10114	Startup of the UMDF reflector	WUDFPf (part of UMDF) did not load yet. After it does, Windows will start the device again.
Warning	9/6/2016 9:34:59 AM	Microsoft-Windows-Kernel-PnP	219	(212)	The driver \Driver\WUDFRd failed to load for the device USB\VID_138A&PID_0017\ed7a1ef73db9.
Information	9/6/2016 9:34:59 AM	Microsoft-Windows-DriverFrameworks-UserMode	10114	Startup of the UMDF reflector	WUDFPf (part of UMDF) did not load yet. After it does, Windows will start the device again.
Information	9/6/2016 9:34:59 AM	BTHUSB	18	None	Windows cannot store Bluetooth authentication codes (link keys) on the local adapter. Bluetooth keyboards might not work in the system BIOS during startup.
Information	9/6/2016 9:34:56 AM	Netwtw04	7002	None	"The description for Event ID 7002 from source Netwtw04 cannot be found. Either the component that raises this event is not installed on your local computer or the installation is corrupted. You can install or repair the component on the local computer.

If the event originated on another computer, the display information had to be saved with the event.

The following information was included with the event: 

\Device\NDMP5
Intel(R) Dual Band Wireless-AC 7265

The specified resource type cannot be found in the image file
"
Information	9/6/2016 9:34:56 AM	Netwtw04	7002	None	"The description for Event ID 7002 from source Netwtw04 cannot be found. Either the component that raises this event is not installed on your local computer or the installation is corrupted. You can install or repair the component on the local computer.

If the event originated on another computer, the display information had to be saved with the event.

The following information was included with the event: 

\Device\NDMP5
Intel(R) Dual Band Wireless-AC 7265

The specified resource type cannot be found in the image file
"
Information	9/6/2016 9:34:56 AM	Netwtw04	7001	None	"The description for Event ID 7001 from source Netwtw04 cannot be found. Either the component that raises this event is not installed on your local computer or the installation is corrupted. You can install or repair the component on the local computer.

If the event originated on another computer, the display information had to be saved with the event.

The following information was included with the event: 

\Device\NDMP5
Intel(R) Dual Band Wireless-AC 7265

The specified resource type cannot be found in the image file
"
Information	9/6/2016 9:34:56 AM	Netwtw04	7001	None	"The description for Event ID 7001 from source Netwtw04 cannot be found. Either the component that raises this event is not installed on your local computer or the installation is corrupted. You can install or repair the component on the local computer.

If the event originated on another computer, the display information had to be saved with the event.

The following information was included with the event: 

\Device\NDMP5
Intel(R) Dual Band Wireless-AC 7265

The specified resource type cannot be found in the image file
"
