Information	9/21/2016 10:08:20 AM	Microsoft-Windows-WindowsUpdateClient	44	Windows Update Agent	Windows Update started downloading an update.
Information	9/21/2016 10:08:20 AM	Microsoft-Windows-WindowsUpdateClient	19	Windows Update Agent	Installation Successful: Windows successfully installed the following update: Definition Update for Windows Defender - KB2267602 (Definition 1.227.2846.0)
Information	9/21/2016 10:08:10 AM	Microsoft-Windows-WindowsUpdateClient	43	Windows Update Agent	Installation Started: Windows has started installing the following update: Definition Update for Windows Defender - KB2267602 (Definition 1.227.2846.0)
Information	9/21/2016 10:08:05 AM	Microsoft-Windows-WindowsUpdateClient	44	Windows Update Agent	Windows Update started downloading an update.
Information	9/21/2016 9:23:02 AM	Microsoft-Windows-HttpEvent	15007	None	Reservation for namespace identified by URL prefix http://+:15099/ was successfully added.
Information	9/21/2016 9:15:21 AM	Service Control Manager	7045	None	"A service was installed in the system.

Service Name:  Visual Studio Standard Collector Service
Service File Name:  ""C:\Program Files (x86)\Microsoft Visual Studio 14.0\Team Tools\DiagnosticsHub\Collector\StandardCollector.Service.exe""
Service Type:  user mode service
Service Start Type:  demand start
Service Account:  LocalSystem"
Information	9/21/2016 9:12:43 AM	Microsoft-Windows-UserPnp	20001	(7005)	Driver Management concluded the process to install driver sensorssimulatordriver.inf_amd64_6d5e6cd20d5b7cdd\sensorssimulatordriver.inf for Device Instance ID ROOT\WPD\0000 with the following status: 0x0.
Information	9/21/2016 9:12:41 AM	Microsoft-Windows-UserPnp	20001	(7005)	Driver Management concluded the process to install driver sensorssimulatordriver.inf_amd64_6d5e6cd20d5b7cdd\sensorssimulatordriver.inf for Device Instance ID ROOT\WPD\0000 with the following status: 0x0.
Information	9/21/2016 9:10:01 AM	Service Control Manager	7040	None	The start type of the Windows Modules Installer service was changed from auto start to demand start.
Information	9/21/2016 9:09:56 AM	Microsoft-Windows-WindowsUpdateClient	44	Windows Update Agent	Windows Update started downloading an update.
Information	9/21/2016 9:09:52 AM	Service Control Manager	7040	None	The start type of the Windows Modules Installer service was changed from demand start to auto start.
Information	9/21/2016 9:07:59 AM	Service Control Manager	7045	None	"A service was installed in the system.

Service Name:  Visual Studio Standard Collector Service
Service File Name:  ""C:\Program Files (x86)\Microsoft Visual Studio 14.0\Team Tools\DiagnosticsHub\Collector\StandardCollector.Service.exe""
Service Type:  user mode service
Service Start Type:  demand start
Service Account:  LocalSystem"
Information	9/21/2016 9:04:01 AM	Service Control Manager	7040	None	The start type of the Windows Modules Installer service was changed from auto start to demand start.
Information	9/21/2016 9:03:59 AM	Service Control Manager	7045	None	"A service was installed in the system.

Service Name:  ASP.NET State Service
Service File Name:  %systemroot%\Microsoft.NET\Framework64\v4.0.30319\aspnet_state.exe
Service Type:  user mode service
Service Start Type:  demand start
Service Account:  NT AUTHORITY\NetworkService"
Information	9/21/2016 9:03:57 AM	Service Control Manager	7040	None	The start type of the Windows Modules Installer service was changed from demand start to auto start.
Information	9/21/2016 9:00:44 AM	Microsoft-Windows-HttpEvent	15007	None	Reservation for namespace identified by URL prefix http://+:8733/Design_Time_Addresses/ was successfully added.
Information	9/21/2016 8:58:15 AM	Microsoft-Windows-UserPnp	20001	(7005)	Driver Management concluded the process to install driver sensorssimulatordriver.inf_amd64_6d5e6cd20d5b7cdd\sensorssimulatordriver.inf for Device Instance ID ROOT\WPD\0000 with the following status: 0x0.
Information	9/21/2016 8:58:14 AM	Microsoft-Windows-UserPnp	20001	(7005)	Driver Management concluded the process to install driver sensorssimulatordriver.inf_amd64_6d5e6cd20d5b7cdd\sensorssimulatordriver.inf for Device Instance ID ROOT\WPD\0000 with the following status: 0x0.
Information	9/21/2016 8:58:14 AM	Service Control Manager	7045	None	"A service was installed in the system.

Service Name:  UMDF Reflector service for SensorsSimulatorDriver
Service File Name:  \SystemRoot\System32\drivers\WUDFRd.sys
Service Type:  kernel mode driver
Service Start Type:  demand start
Service Account:  "
Information	9/21/2016 8:58:14 AM	Microsoft-Windows-TerminalServices-RemoteConnectionManager	1056	None	A new self signed certificate to be used for RD Session Host Server authentication on SSL connections was generated. The name on this certificate is DESKTOP-EEMI531. The SHA1 hash of the certificate is in the event data.
Information	9/21/2016 8:48:51 AM	Microsoft-Windows-Kernel-General	16	None	The access history in hive \??\C:\Users\AndyL\AppData\Local\Microsoft\VisualStudio\15.0_7e621252\privateregistry.bin was cleared updating 6121 keys and creating 763 modified pages.
Information	9/21/2016 8:07:54 AM	Microsoft-Windows-TPM-WMI	1026	None	"The Trusted Platform Module (TPM) hardware on this computer cannot be provisioned for use automatically.  To set up the TPM interactively use the TPM management console (Start->tpm.msc) and use the action to make the TPM ready.

Error: The TPM provisioning action is not allowed by the specified flags.  For provisioning to be successful, one of several actions may be required.  The TPM management console (tpm.msc) action to make the TPM Ready may help.  For further information, see the documentation for the Win32_Tpm WMI method 'Provision'.  (The actions that may be required include importing the TPM Owner Authorization value into the system, calling the Win32_Tpm WMI method for provisioning the TPM and specifying TRUE for either 'ForceClear_Allowed' or 'PhysicalPresencePrompts_Allowed' (as indicated by the value returned in the Additional Information), or enabling the TPM in the system BIOS.)
Additional Information: 0x80011c"
Information	9/21/2016 8:07:46 AM	Microsoft-Windows-TPM-WMI	1026	None	"The Trusted Platform Module (TPM) hardware on this computer cannot be provisioned for use automatically.  To set up the TPM interactively use the TPM management console (Start->tpm.msc) and use the action to make the TPM ready.

Error: The TPM provisioning action is not allowed by the specified flags.  For provisioning to be successful, one of several actions may be required.  The TPM management console (tpm.msc) action to make the TPM Ready may help.  For further information, see the documentation for the Win32_Tpm WMI method 'Provision'.  (The actions that may be required include importing the TPM Owner Authorization value into the system, calling the Win32_Tpm WMI method for provisioning the TPM and specifying TRUE for either 'ForceClear_Allowed' or 'PhysicalPresencePrompts_Allowed' (as indicated by the value returned in the Additional Information), or enabling the TPM in the system BIOS.)
Additional Information: 0x80011c"
Error	9/21/2016 8:07:32 AM	Microsoft-Windows-DistributedCOM	10016	None	"The application-specific permission settings do not grant Local Activation permission for the COM Server application with CLSID 
{6B3B8D23-FA8D-40B9-8DBD-B950333E2C52}
 and APPID 
{4839DDB7-58C2-48F5-8283-E1D1807D0D7D}
 to the user NT AUTHORITY\LOCAL SERVICE SID (S-1-5-19) from address LocalHost (Using LRPC) running in the application container Unavailable SID (Unavailable). This security permission can be modified using the Component Services administrative tool."
Error	9/21/2016 8:07:32 AM	Microsoft-Windows-DistributedCOM	10016	None	"The application-specific permission settings do not grant Local Activation permission for the COM Server application with CLSID 
{6B3B8D23-FA8D-40B9-8DBD-B950333E2C52}
 and APPID 
{4839DDB7-58C2-48F5-8283-E1D1807D0D7D}
 to the user NT AUTHORITY\LOCAL SERVICE SID (S-1-5-19) from address LocalHost (Using LRPC) running in the application container Unavailable SID (Unavailable). This security permission can be modified using the Component Services administrative tool."
Error	9/21/2016 8:07:32 AM	Microsoft-Windows-DistributedCOM	10016	None	"The application-specific permission settings do not grant Local Activation permission for the COM Server application with CLSID 
{8D8F4F83-3594-4F07-8369-FC3C3CAE4919}
 and APPID 
{F72671A9-012C-4725-9D2F-2A4D32D65169}
 to the user NT AUTHORITY\SYSTEM SID (S-1-5-18) from address LocalHost (Using LRPC) running in the application container Unavailable SID (Unavailable). This security permission can be modified using the Component Services administrative tool."
Error	9/21/2016 8:07:32 AM	Microsoft-Windows-Kernel-General	5	None	{Registry Hive Recovered} Registry hive (file): '\??\C:\Users\AndyL\AppData\Local\Microsoft\Windows\UsrClass.dat' was corrupted and it has been recovered. Some data might have been lost.
Information	9/21/2016 8:07:31 AM	Microsoft-Windows-Winlogon	7001	(1101)	User Logon Notification for Customer Experience Improvement Program
Information	9/21/2016 8:07:30 AM	TPM	18	None	This event triggers the Trusted Platform Module (TPM) provisioning/status check to run.
Information	9/21/2016 8:07:30 AM	Service Control Manager	7026	None	"The following boot-start or system-start driver(s) did not load: 
cdrom
dam"
Information	9/21/2016 8:07:29 AM	Lfsvc	1	None	Geolocation positioning is enabled.
Information	9/21/2016 8:07:28 AM	Microsoft-Windows-WLAN-AutoConfig	10001	None	"WLAN Extensibility Module has successfully started.

Module Path: C:\Windows\System32\IWMSSvc.dll
"
Information	9/21/2016 8:07:27 AM	VMnetuserif	1	None	() Starting up the User Interface Driver for VMware Virtual Networks.
Information	9/21/2016 8:07:27 AM	vmx86	34	None	"The description for Event ID 34 from source vmx86 cannot be found. Either the component that raises this event is not installed on your local computer or the installation is corrupted. You can install or repair the component on the local computer.

If the event originated on another computer, the display information had to be saved with the event.

The following information was included with the event: 

VMX86.SYS: begin DriverEntry built @ 17:11:03
"
Information	9/21/2016 8:07:27 AM	Win32k	267	None	"The description for Event ID 267 from source Win32k cannot be found. Either the component that raises this event is not installed on your local computer or the installation is corrupted. You can install or repair the component on the local computer.

If the event originated on another computer, the display information had to be saved with the event.

The following information was included with the event: 


The specified resource type cannot be found in the image file
"
Information	9/21/2016 8:07:27 AM	Microsoft-Windows-WLAN-AutoConfig	4000	None	"WLAN AutoConfig service has successfully started.
"
Information	9/21/2016 8:07:26 AM	VMnetBridge	10	None	() Starting up the Bridge Driver for VMware Virtual Networks.
Information	9/21/2016 8:07:26 AM	RFCOMM	1	None	Bluetooth has accepted service {00000000-0000-0000-0000-000000000000} on remote device (00:21:3c:a6:b0:f3) due to policy Bluetooth\ServicesAllowedList.
Information	9/21/2016 8:07:26 AM	RFCOMM	1	None	Bluetooth has accepted service {00000000-0000-0000-0000-000000000000} on remote device (00:00:00:00:00:00) due to policy Bluetooth\ServicesAllowedList.
Warning	9/21/2016 8:07:26 AM	Microsoft-Windows-TaskScheduler	414	Task Misconfiguration	Task Scheduler service found a misconfiguration in the NT TASK\DolbySelectorTask definition. Additional Data: Error Value: %ProgramFiles%\Dolby Digital Plus\ddp.exe.
Information	9/21/2016 8:07:26 AM	RFCOMM	1	None	Bluetooth has accepted service {00000000-0000-0000-0000-000000000000} on remote device (00:00:00:00:00:00) due to policy Bluetooth\ServicesAllowedList.
Information	9/21/2016 8:07:26 AM	BTHUSB	37	None	Bluetooth radio has accepted discoverability due to policy Bluetooth\AllowDiscoverableMode.
Information	9/21/2016 8:07:26 AM	RFCOMM	1	None	Bluetooth has accepted service {00000000-0000-0000-0000-000000000000} on remote device (00:00:00:00:00:00) due to policy Bluetooth\ServicesAllowedList.
Information	9/21/2016 8:07:26 AM	Microsoft-Windows-FilterManager	6	None	File System Filter 'wcnfs' (10.0, ‎2016‎-‎07‎-‎15T20:28:27.000000000Z) has successfully loaded and registered with Filter Manager.
Information	9/21/2016 8:07:26 AM	Microsoft-Windows-FilterManager	6	None	File System Filter 'storqosflt' (10.0, ‎2016‎-‎07‎-‎15T20:26:43.000000000Z) has successfully loaded and registered with Filter Manager.
Information	9/21/2016 8:07:26 AM	Microsoft-Windows-FilterManager	6	None	File System Filter 'wcifs' (10.0, ‎2016‎-‎07‎-‎15T20:27:16.000000000Z) has successfully loaded and registered with Filter Manager.
Information	9/21/2016 8:07:26 AM	Microsoft-Windows-FilterManager	6	None	File System Filter 'luafv' (10.0, ‎2016‎-‎07‎-‎15T20:21:48.000000000Z) has successfully loaded and registered with Filter Manager.
Information	9/21/2016 8:07:26 AM	Microsoft-Windows-DHCPv6-Client	51046	Service State Event	DHCPv6 client service is started
Information	9/21/2016 8:07:26 AM	BTHUSB	35	None	Bluetooth radio enablement has been accepted due to policy Connectivity\AllowBluetooth.
Information	9/21/2016 8:07:26 AM	BTHUSB	36	None	Bluetooth radio has accepted advertising due to policy Bluetooth\AllowAdvertising.
Information	9/21/2016 8:07:26 AM	BTHUSB	37	None	Bluetooth radio has accepted discoverability due to policy Bluetooth\AllowDiscoverableMode.
Information	9/21/2016 8:07:26 AM	BTHUSB	34	None	A Bluetooth policy has changed.  Policy Bluetooth\ServicesAllowedList has value of: *
Information	9/21/2016 8:07:26 AM	BTHUSB	34	None	A Bluetooth policy has changed.  Policy Bluetooth\AllowAdvertising has value of: 1
Information	9/21/2016 8:07:26 AM	BTHUSB	34	None	A Bluetooth policy has changed.  Policy Bluetooth\AllowDiscoverableMode has value of: 1
Information	9/21/2016 8:07:26 AM	BTHUSB	34	None	A Bluetooth policy has changed.  Policy Connectivity\AllowBluetooth has value of: 2
Information	9/21/2016 8:07:26 AM	Microsoft-Windows-Dhcp-Client	50036	Service State Event	DHCPv4 client service is started
Information	9/21/2016 8:07:25 AM	Win32k	267	None	"The description for Event ID 267 from source Win32k cannot be found. Either the component that raises this event is not installed on your local computer or the installation is corrupted. You can install or repair the component on the local computer.

If the event originated on another computer, the display information had to be saved with the event.

The following information was included with the event: 


The specified resource type cannot be found in the image file
"
Information	9/21/2016 8:07:25 AM	Microsoft-Windows-Directory-Services-SAM	16962	None	"Remote calls to the SAM database are being restricted using the default security descriptor: O:SYG:SYD:(A;;RC;;;BA).
For more information please see http://go.microsoft.com/fwlink/?LinkId=787651."
Information	9/21/2016 8:07:24 AM	Microsoft-Windows-Wininit	14	None	Credential Guard (LsaIso.exe) configuration: 0x0, 0
Information	9/21/2016 8:07:22 AM	Microsoft-Windows-Ntfs	98	None	Volume E: (\Device\HarddiskVolume6) is healthy.  No action is needed.
Information	9/21/2016 8:07:22 AM	Microsoft-Windows-Ntfs	98	None	Volume F: (\Device\HarddiskVolume5) is healthy.  No action is needed.
Information	9/21/2016 8:07:21 AM	e1dexpress	32	None	"Intel(R) Ethernet Connection (3) I218-LM
 Network link has been established at 1Gbps full duplex.
"
Information	9/21/2016 8:07:21 AM	BthEnum	1	None	Bluetooth has accepted service {0000111e-0000-1000-8000-00805f9b34fb} on remote device (00:21:3c:a6:b0:f3) due to policy Bluetooth\ServicesAllowedList.
Information	9/21/2016 8:07:21 AM	BthEnum	1	None	Bluetooth has accepted service {0000110e-0000-1000-8000-00805f9b34fb} on remote device (00:21:3c:a6:b0:f3) due to policy Bluetooth\ServicesAllowedList.
Information	9/21/2016 8:07:21 AM	BthEnum	1	None	Bluetooth has accepted service {0000110c-0000-1000-8000-00805f9b34fb} on remote device (00:21:3c:a6:b0:f3) due to policy Bluetooth\ServicesAllowedList.
Information	9/21/2016 8:07:21 AM	BthEnum	1	None	Bluetooth has accepted service {0000110b-0000-1000-8000-00805f9b34fb} on remote device (00:21:3c:a6:b0:f3) due to policy Bluetooth\ServicesAllowedList.
Information	9/21/2016 8:07:21 AM	BthEnum	1	None	Bluetooth has accepted service {00001101-0000-1000-8000-00805f9b34fb} on remote device (00:21:3c:a6:b0:f3) due to policy Bluetooth\ServicesAllowedList.
Information	9/21/2016 8:07:21 AM	BthEnum	1	None	Bluetooth has accepted service {00001101-0000-1000-8000-00805f9b34fb} on remote device (00:00:00:00:00:00) due to policy Bluetooth\ServicesAllowedList.
Warning	9/21/2016 8:07:20 AM	Microsoft-Windows-Kernel-PnP	219	(212)	The driver \Driver\WUDFRd failed to load for the device USB\VID_17E9&PID_4307&MI_01\7&8d2da4c&0&0001.
Information	9/21/2016 8:07:20 AM	Microsoft-Windows-DriverFrameworks-UserMode	10114	Startup of the UMDF reflector	WUDFPf (part of UMDF) did not load yet. After it does, Windows will start the device again.
Warning	9/21/2016 8:07:20 AM	Microsoft-Windows-Kernel-PnP	219	(212)	The driver \Driver\WUDFRd failed to load for the device USB\VID_17E9&PID_4307&MI_00\7&8d2da4c&0&0000.
Information	9/21/2016 8:07:20 AM	Microsoft-Windows-DriverFrameworks-UserMode	10114	Startup of the UMDF reflector	WUDFPf (part of UMDF) did not load yet. After it does, Windows will start the device again.
Information	9/21/2016 8:07:20 AM	BTHUSB	18	None	Windows cannot store Bluetooth authentication codes (link keys) on the local adapter. Bluetooth keyboards might not work in the system BIOS during startup.
Warning	9/21/2016 8:07:20 AM	Microsoft-Windows-Kernel-PnP	219	(212)	The driver \Driver\WUDFRd failed to load for the device USB\VID_138A&PID_0017\ed7a1ef73db9.
Information	9/21/2016 8:07:20 AM	Microsoft-Windows-DriverFrameworks-UserMode	10114	Startup of the UMDF reflector	WUDFPf (part of UMDF) did not load yet. After it does, Windows will start the device again.
Information	9/21/2016 8:07:19 AM	Microsoft-Windows-Ntfs	98	None	Volume \\?\Volume{33e9f129-0000-0000-0000-206f70000000} (\Device\HarddiskVolume3) is healthy.  No action is needed.
Information	9/21/2016 8:07:19 AM	Microsoft-Windows-Ntfs	98	None	Volume D: (\Device\HarddiskVolume4) is healthy.  No action is needed.
Information	9/21/2016 8:07:18 AM	Netwtw04	7002	None	"The description for Event ID 7002 from source Netwtw04 cannot be found. Either the component that raises this event is not installed on your local computer or the installation is corrupted. You can install or repair the component on the local computer.

If the event originated on another computer, the display information had to be saved with the event.

The following information was included with the event: 

\Device\NDMP5
Intel(R) Dual Band Wireless-AC 7265

The specified resource type cannot be found in the image file
"
Information	9/21/2016 8:07:18 AM	Netwtw04	7002	None	"The description for Event ID 7002 from source Netwtw04 cannot be found. Either the component that raises this event is not installed on your local computer or the installation is corrupted. You can install or repair the component on the local computer.

If the event originated on another computer, the display information had to be saved with the event.

The following information was included with the event: 

\Device\NDMP5
Intel(R) Dual Band Wireless-AC 7265

The specified resource type cannot be found in the image file
"
Information	9/21/2016 8:07:18 AM	Netwtw04	7001	None	"The description for Event ID 7001 from source Netwtw04 cannot be found. Either the component that raises this event is not installed on your local computer or the installation is corrupted. You can install or repair the component on the local computer.

If the event originated on another computer, the display information had to be saved with the event.

The following information was included with the event: 

\Device\NDMP5
Intel(R) Dual Band Wireless-AC 7265

The specified resource type cannot be found in the image file
"
Information	9/21/2016 8:07:18 AM	Netwtw04	7001	None	"The description for Event ID 7001 from source Netwtw04 cannot be found. Either the component that raises this event is not installed on your local computer or the installation is corrupted. You can install or repair the component on the local computer.

If the event originated on another computer, the display information had to be saved with the event.

The following information was included with the event: 

\Device\NDMP5
Intel(R) Dual Band Wireless-AC 7265

The specified resource type cannot be found in the image file
"
Information	9/21/2016 8:07:18 AM	Netwtw04	7036	None	The \Device\NDMP5 service entered the Intel(R) Dual Band Wireless-AC 7265 state.
Information	9/21/2016 8:07:17 AM	MEIx64	2	None	Intel(R) Management Engine Interface driver has started successfully.
Information	9/21/2016 8:07:17 AM	Microsoft-Windows-Kernel-Processor-Power	55	(47)	"Processor 3 in group 0 exposes the following power management capabilities:

Idle state type: ACPI Idle (C) States (3 state(s))

Performance state type: ACPI Collaborative Processor Performance Control
Nominal Frequency (MHz): 2594
Maximum performance percentage: 123
Minimum performance percentage: 19
Minimum throttle percentage: 1"
Information	9/21/2016 8:07:17 AM	Microsoft-Windows-Kernel-Processor-Power	55	(47)	"Processor 2 in group 0 exposes the following power management capabilities:

Idle state type: ACPI Idle (C) States (3 state(s))

Performance state type: ACPI Collaborative Processor Performance Control
Nominal Frequency (MHz): 2594
Maximum performance percentage: 123
Minimum performance percentage: 19
Minimum throttle percentage: 1"
Information	9/21/2016 8:07:17 AM	Microsoft-Windows-Kernel-Processor-Power	55	(47)	"Processor 1 in group 0 exposes the following power management capabilities:

Idle state type: ACPI Idle (C) States (3 state(s))

Performance state type: ACPI Collaborative Processor Performance Control
Nominal Frequency (MHz): 2594
Maximum performance percentage: 123
Minimum performance percentage: 19
Minimum throttle percentage: 1"
Information	9/21/2016 8:07:17 AM	Microsoft-Windows-Kernel-Processor-Power	55	(47)	"Processor 0 in group 0 exposes the following power management capabilities:

Idle state type: ACPI Idle (C) States (3 state(s))

Performance state type: ACPI Collaborative Processor Performance Control
Nominal Frequency (MHz): 2594
Maximum performance percentage: 123
Minimum performance percentage: 19
Minimum throttle percentage: 1"
Warning	9/21/2016 8:07:17 AM	Microsoft-Windows-Kernel-PnP	219	(212)	The driver \Driver\WUDFRd failed to load for the device ROOT\SYSTEM\0001.
Information	9/21/2016 8:07:17 AM	Microsoft-Windows-DriverFrameworks-UserMode	10114	Startup of the UMDF reflector	WUDFPf (part of UMDF) did not load yet. After it does, Windows will start the device again.
Information	9/21/2016 8:07:17 AM	VMnetAdapter	36	None	() Starting up the Adapter Driver for VMware Virtual Networks.
Information	9/21/2016 8:07:17 AM	Microsoft-Windows-Kernel-Power	172	(203)	Connectivity state in standby: Disconnected, Reason: NIC compliance
Information	9/21/2016 8:07:17 AM	Microsoft-Windows-FilterManager	6	None	File System Filter 'npsvctrig' (10.0, ‎2016‎-‎07‎-‎15T20:28:33.000000000Z) has successfully loaded and registered with Filter Manager.
Information	9/21/2016 8:07:17 AM	Microsoft-Windows-FilterManager	6	None	File System Filter 'FileCrypt' (10.0, ‎2016‎-‎07‎-‎15T20:22:39.000000000Z) has successfully loaded and registered with Filter Manager.
Information	9/21/2016 8:07:17 AM	Microsoft-Windows-Ntfs	98	None	Volume C: (\Device\HarddiskVolume2) is healthy.  No action is needed.
Information	9/21/2016 8:07:17 AM	Microsoft-Windows-Ntfs	98	None	Volume \\?\Volume{33e9f129-0000-0000-0000-100000000000} (\Device\HarddiskVolume1) is healthy.  No action is needed.
Information	9/21/2016 8:07:17 AM	TPM	24	None	The Trusted Platform Module (TPM) status: Enabled and Active.
Information	9/21/2016 8:07:17 AM	Microsoft-Windows-FilterManager	6	None	File System Filter 'WdFilter' (10.0, ‎2016‎-‎07‎-‎15T20:25:21.000000000Z) has successfully loaded and registered with Filter Manager.
Information	9/21/2016 8:07:17 AM	Microsoft-Windows-FilterManager	6	None	File System Filter 'file_tracker' (6.3, ‎2016‎-‎02‎-‎08T03:52:31.000000000Z) has successfully loaded and registered with Filter Manager.
Information	9/21/2016 8:07:17 AM	Microsoft-Windows-FilterManager	6	None	File System Filter 'Wof' (10.0, ‎2016‎-‎08‎-‎05T21:45:24.000000000Z) has successfully loaded and registered with Filter Manager.
Information	9/21/2016 8:07:17 AM	Microsoft-Windows-FilterManager	6	None	File System Filter 'FileInfo' (10.0, ‎2016‎-‎07‎-‎15T20:26:05.000000000Z) has successfully loaded and registered with Filter Manager.
Information	9/21/2016 8:07:16 AM	Microsoft-Windows-Kernel-Boot	30	(21)	The firmware reported boot metrics.
Information	9/21/2016 8:07:16 AM	Microsoft-Windows-Kernel-Boot	32	None	The bootmgr spent 0 ms waiting for user input.
Information	9/21/2016 8:07:16 AM	Microsoft-Windows-Kernel-Boot	18	None	There are 0x1 boot options on this system.
Information	9/21/2016 8:07:16 AM	Microsoft-Windows-Kernel-Boot	25	(32)	The boot menu policy was 0x1.
Information	9/21/2016 8:07:16 AM	Microsoft-Windows-Kernel-Boot	27	(33)	The boot type was 0x0.
Information	9/21/2016 8:07:16 AM	Microsoft-Windows-Kernel-Boot	20	(31)	The last shutdown's success status was true. The last boot's success status was true.
Information	9/21/2016 8:07:16 AM	Microsoft-Windows-Kernel-Boot	153	None	The Virtualization Based Security (policies: 0) is disabled with status STATUS_SUCCESS.
Information	9/21/2016 8:07:16 AM	Microsoft-Windows-Kernel-General	12	(1)	The operating system started at system time ‎2016‎-‎09‎-‎21T14:07:16.488156500Z.
Information	9/21/2016 8:07:26 AM	EventLog	6013	None	The system uptime is 9 seconds.
Information	9/21/2016 8:07:26 AM	EventLog	6005	None	The Event log service was started.
Information	9/21/2016 8:07:26 AM	EventLog	6009	None	Microsoft (R) Windows (R) 10.00. 14393  Multiprocessor Free.
Information	9/21/2016 8:06:49 AM	Microsoft-Windows-DHCPv6-Client	51047	Service State Event	DHCPv6 client service is stopped. ShutDown Flag value is 1
Information	9/21/2016 8:06:49 AM	EventLog	6006	None	The Event log service was stopped.
Error	9/21/2016 8:06:36 AM	Service Control Manager	7031	None	The VMware Workstation Server service terminated unexpectedly.  It has done this 1 time(s).  The following corrective action will be taken in 60000 milliseconds: Restart the service.
Information	9/21/2016 8:06:36 AM	Microsoft-Windows-Winlogon	7002	(1102)	User Logoff Notification for Customer Experience Improvement Program
Information	9/21/2016 8:06:36 AM	User32	1074	None	"The process C:\Windows\system32\winlogon.exe (DESKTOP-EEMI531) has initiated the restart of computer DESKTOP-EEMI531 on behalf of user DESKTOP-EEMI531\AndyL for the following reason: No title for this reason could be found
 Reason Code: 0x500ff
 Shutdown Type: restart
 Comment: "
Error	9/21/2016 8:06:24 AM	Microsoft-Windows-DistributedCOM	10010	None	The server CortanaUI.AppX8z5q44mt1b9k6x2nkjj0bkr2e1ac0dxy.mca did not register with DCOM within the required timeout.
Error	9/21/2016 8:06:24 AM	Microsoft-Windows-DistributedCOM	10010	None	The server CortanaUI.AppXh05qhzwyd4yeaq9jgw6n6sezbfeca60d.mca did not register with DCOM within the required timeout.
Warning	9/21/2016 7:54:13 AM	Microsoft-Windows-DNS-Client	1014	(1014)	Name resolution for the name bluegranite1-my.sharepoint.com timed out after none of the configured DNS servers responded.
Warning	9/21/2016 3:45:29 AM	Microsoft-Windows-DNS-Client	1014	(1014)	Name resolution for the name bluegranite1-my.sharepoint.com timed out after none of the configured DNS servers responded.
Warning	9/21/2016 2:20:47 AM	Microsoft-Windows-DNS-Client	1014	(1014)	Name resolution for the name outlook.office365.com timed out after none of the configured DNS servers responded.
Information	9/21/2016 1:53:04 AM	Microsoft-Windows-WindowsUpdateClient	19	Windows Update Agent	Installation Successful: Windows successfully installed the following update: Feedback Hub
Information	9/21/2016 1:53:04 AM	Microsoft-Windows-WindowsUpdateClient	43	Windows Update Agent	Installation Started: Windows has started installing the following update: Feedback Hub
Information	9/21/2016 1:52:59 AM	Microsoft-Windows-Kernel-General	16	None	The access history in hive \??\C:\ProgramData\Microsoft\Windows\AppRepository\Packages\Microsoft.WindowsFeedbackHub_1.6.2221.0_x64__8wekyb3d8bbwe\ActivationStore.dat was cleared updating 0 keys and creating 0 modified pages.
Information	9/21/2016 1:52:53 AM	Microsoft-Windows-WindowsUpdateClient	19	Windows Update Agent	Installation Successful: Windows successfully installed the following update: Twitter
Information	9/21/2016 1:52:53 AM	Microsoft-Windows-WindowsUpdateClient	43	Windows Update Agent	Installation Started: Windows has started installing the following update: Twitter
Information	9/21/2016 1:52:47 AM	Microsoft-Windows-Kernel-General	16	None	The access history in hive \??\C:\ProgramData\Microsoft\Windows\AppRepository\Packages\9E2F88E3.Twitter_5.3.3.0_x86__wgeqdkkx372wm\ActivationStore.dat was cleared updating 0 keys and creating 0 modified pages.
Information	9/21/2016 1:52:45 AM	Microsoft-Windows-WindowsUpdateClient	44	Windows Update Agent	Windows Update started downloading an update.
Information	9/21/2016 1:52:45 AM	Microsoft-Windows-WindowsUpdateClient	44	Windows Update Agent	Windows Update started downloading an update.
Information	9/20/2016 10:58:07 PM	Service Control Manager	7045	None	"A service was installed in the system.

Service Name:  Power Manager DBC Service
Service File Name:  ""C:\Program Files (x86)\ThinkPad\Utilities\PWMDBSVC.EXE""
Service Type:  user mode service
Service Start Type:  demand start
Service Account:  LocalSystem"
Information	9/20/2016 10:58:00 PM	Microsoft-Windows-Ntfs	98	None	Volume Windows7_OS (\Device\HarddiskVolumeShadowCopy18) is healthy.  No action is needed.
Information	9/20/2016 9:02:03 PM	Microsoft-Windows-Ntfs	98	None	Volume Software-Downloads (\Device\HarddiskVolumeShadowCopy17) is healthy.  No action is needed.
Information	9/20/2016 9:01:50 PM	Microsoft-Windows-Ntfs	98	None	Volume ?? (\Device\HarddiskVolumeShadowCopy16) is healthy.  No action is needed.
Information	9/20/2016 9:00:48 PM	Microsoft-Windows-Ntfs	98	None	Volume Windows7_OS (\Device\HarddiskVolumeShadowCopy15) is healthy.  No action is needed.
Information	9/20/2016 9:00:27 PM	Microsoft-Windows-Ntfs	98	None	Volume SYSTEM_DRV (\Device\HarddiskVolumeShadowCopy14) is healthy.  No action is needed.
Information	9/20/2016 5:17:29 PM	Microsoft-Windows-Kernel-General	16	None	The access history in hive \??\C:\Users\AndyL\AppData\Local\Packages\5e8fc25e.xododocs_3v3sf0k6w2rec\Settings\settings.dat was cleared updating 2 keys and creating 1 modified pages.
Information	9/20/2016 5:17:29 PM	Microsoft-Windows-Kernel-General	16	None	The access history in hive \??\C:\Users\AndyL\AppData\Local\Packages\34791e63.canoninkjetprintutility_6e5tt8cgb93ep\Settings\settings.dat was cleared updating 2 keys and creating 1 modified pages.
Warning	9/20/2016 5:15:23 PM	Microsoft-Windows-DNS-Client	1014	(1014)	Name resolution for the name hsd1.co.comcast.net timed out after none of the configured DNS servers responded.
Warning	9/20/2016 5:14:57 PM	Microsoft-Windows-DNS-Client	1014	(1014)	Name resolution for the name jysuvdqekutex timed out after none of the configured DNS servers responded.
Warning	9/20/2016 5:14:52 PM	Microsoft-Windows-DNS-Client	1014	(1014)	Name resolution for the name isatap.hsd1.co.comcast.net timed out after none of the configured DNS servers responded.
Warning	9/20/2016 5:13:57 PM	Microsoft-Windows-DNS-Client	1014	(1014)	Name resolution for the name bluegranite1-my.sharepoint.com timed out after none of the configured DNS servers responded.
Error	9/20/2016 3:29:36 PM	Microsoft-Windows-DistributedCOM	10016	None	"The application-specific permission settings do not grant Local Activation permission for the COM Server application with CLSID 
{D63B10C5-BB46-4990-A94F-E40B9D520160}
 and APPID 
{9CA88EE3-ACB7-47C8-AFC4-AB702511C276}
 to the user NT AUTHORITY\SYSTEM SID (S-1-5-18) from address LocalHost (Using LRPC) running in the application container Unavailable SID (Unavailable). This security permission can be modified using the Component Services administrative tool."
Warning	9/20/2016 2:20:08 PM	Microsoft-Windows-DNS-Client	1014	(1014)	Name resolution for the name hsd1.co.comcast.net timed out after none of the configured DNS servers responded.
Warning	9/20/2016 2:19:43 PM	Microsoft-Windows-DNS-Client	1014	(1014)	Name resolution for the name hsd1.co.comcast.net timed out after none of the configured DNS servers responded.
Warning	9/20/2016 2:18:56 PM	Microsoft-Windows-DNS-Client	1014	(1014)	Name resolution for the name www.googleapis.com timed out after none of the configured DNS servers responded.
Warning	9/20/2016 12:44:19 PM	Microsoft-Windows-DNS-Client	1014	(1014)	Name resolution for the name bluegranite1-my.sharepoint.com timed out after none of the configured DNS servers responded.
Information	9/20/2016 12:03:36 PM	Microsoft-Windows-Kernel-General	1	(5)	"The system time has changed to ‎2016‎-‎09‎-‎20T18:03:36.439000000Z from ‎2016‎-‎09‎-‎20T18:03:36.439498700Z.

Change Reason: An application or system component changed the time."
Information	9/20/2016 12:03:36 PM	Microsoft-Windows-Time-Service	35	None	The time service is now synchronizing the system time with the time source time.windows.com,0x9 (ntp.m|0x9|0.0.0.0:123->40.76.58.209:123).
Information	9/20/2016 12:03:25 PM	Service Control Manager	7040	None	The start type of the Windows Modules Installer service was changed from auto start to demand start.
Information	9/20/2016 12:03:22 PM	Microsoft-Windows-Time-Service	37	None	The time provider NtpClient is currently receiving valid time data from time.windows.com,0x9 (ntp.m|0x9|0.0.0.0:123->40.76.58.209:123).
Information	9/20/2016 12:03:20 PM	Microsoft-Windows-Time-Service	158	None	The time provider 'VMICTimeProvider' has indicated that the current hardware and operating environment is not supported and has stopped. This behavior is expected for VMICTimeProvider on non-HyperV-guest environments. This may be the expected behavior for the current provider in the current operating environment as well.
Information	9/20/2016 12:03:19 PM	Service Control Manager	7040	None	The start type of the Windows Modules Installer service was changed from demand start to auto start.
Information	9/20/2016 12:00:00 PM	EventLog	6013	None	The system uptime is 92447 seconds.
Information	9/20/2016 11:37:46 AM	Microsoft-Windows-WindowsUpdateClient	19	Windows Update Agent	Installation Successful: Windows successfully installed the following update: Definition Update for Windows Defender - KB2267602 (Definition 1.227.2760.0)
Information	9/20/2016 11:37:25 AM	Microsoft-Windows-WindowsUpdateClient	43	Windows Update Agent	Installation Started: Windows has started installing the following update: Definition Update for Windows Defender - KB2267602 (Definition 1.227.2760.0)
Information	9/20/2016 11:37:19 AM	Microsoft-Windows-WindowsUpdateClient	44	Windows Update Agent	Windows Update started downloading an update.
Error	9/20/2016 6:51:34 AM	Microsoft-Windows-DistributedCOM	10016	None	"The application-specific permission settings do not grant Local Activation permission for the COM Server application with CLSID 
{D63B10C5-BB46-4990-A94F-E40B9D520160}
 and APPID 
{9CA88EE3-ACB7-47C8-AFC4-AB702511C276}
 to the user NT AUTHORITY\SYSTEM SID (S-1-5-18) from address LocalHost (Using LRPC) running in the application container Unavailable SID (Unavailable). This security permission can be modified using the Component Services administrative tool."
Information	9/20/2016 3:00:26 AM	Microsoft-Windows-WindowsUpdateClient	19	Windows Update Agent	Installation Successful: Windows successfully installed the following update: Microsoft Solitaire Collection
Information	9/20/2016 3:00:26 AM	Microsoft-Windows-WindowsUpdateClient	43	Windows Update Agent	Installation Started: Windows has started installing the following update: Microsoft Solitaire Collection
Information	9/20/2016 3:00:20 AM	Microsoft-Windows-Kernel-General	16	None	The access history in hive \??\C:\ProgramData\Microsoft\Windows\AppRepository\Packages\Microsoft.MicrosoftSolitaireCollection_3.12.8312.0_x64__8wekyb3d8bbwe\ActivationStore.dat was cleared updating 0 keys and creating 0 modified pages.
Information	9/20/2016 3:00:05 AM	Microsoft-Windows-WindowsUpdateClient	44	Windows Update Agent	Windows Update started downloading an update.
Warning	9/19/2016 9:36:22 PM	Microsoft-Windows-DNS-Client	1014	(1014)	Name resolution for the name hsd1.co.comcast.net timed out after none of the configured DNS servers responded.
Warning	9/19/2016 9:35:18 PM	Microsoft-Windows-DNS-Client	1014	(1014)	Name resolution for the name googleads.g.doubleclick.net timed out after none of the configured DNS servers responded.
Information	9/19/2016 9:02:15 PM	Microsoft-Windows-Ntfs	98	None	Volume Software-Downloads (\Device\HarddiskVolumeShadowCopy13) is healthy.  No action is needed.
Information	9/19/2016 9:02:00 PM	Microsoft-Windows-Ntfs	98	None	Volume ?? (\Device\HarddiskVolumeShadowCopy12) is healthy.  No action is needed.
Information	9/19/2016 9:00:49 PM	Microsoft-Windows-Ntfs	98	None	Volume Windows7_OS (\Device\HarddiskVolumeShadowCopy11) is healthy.  No action is needed.
Information	9/19/2016 9:00:26 PM	Microsoft-Windows-Ntfs	98	None	Volume SYSTEM_DRV (\Device\HarddiskVolumeShadowCopy10) is healthy.  No action is needed.
Warning	9/19/2016 6:58:51 PM	Microsoft-Windows-DNS-Client	1014	(1014)	Name resolution for the name wpad timed out after none of the configured DNS servers responded.
Warning	9/19/2016 6:58:14 PM	Microsoft-Windows-DNS-Client	1014	(1014)	Name resolution for the name www.googleapis.com timed out after none of the configured DNS servers responded.
Warning	9/19/2016 6:09:08 PM	Microsoft-Windows-DNS-Client	1014	(1014)	Name resolution for the name hsd1.co.comcast.net timed out after none of the configured DNS servers responded.
Warning	9/19/2016 6:08:14 PM	Microsoft-Windows-DNS-Client	1014	(1014)	Name resolution for the name bluegranite1-my.sharepoint.com timed out after none of the configured DNS servers responded.
Warning	9/19/2016 3:42:11 PM	Microsoft-Windows-DNS-Client	1014	(1014)	Name resolution for the name outlook.office365.com timed out after none of the configured DNS servers responded.
Warning	9/19/2016 12:24:57 PM	Microsoft-Windows-DNS-Client	1014	(1014)	Name resolution for the name bluegranite1-my.sharepoint.com timed out after none of the configured DNS servers responded.
Information	9/19/2016 12:20:14 PM	Microsoft-Windows-WindowsUpdateClient	19	Windows Update Agent	Installation Successful: Windows successfully installed the following update: Definition Update for Windows Defender - KB2267602 (Definition 1.227.2676.0)
Information	9/19/2016 12:20:01 PM	Microsoft-Windows-WindowsUpdateClient	43	Windows Update Agent	Installation Started: Windows has started installing the following update: Definition Update for Windows Defender - KB2267602 (Definition 1.227.2676.0)
Information	9/19/2016 12:20:01 PM	Microsoft-Windows-WindowsUpdateClient	44	Windows Update Agent	Windows Update started downloading an update.
Information	9/19/2016 12:17:29 PM	Microsoft-Windows-Kernel-General	1	(5)	"The system time has changed to ‎2016‎-‎09‎-‎19T18:17:29.275000000Z from ‎2016‎-‎09‎-‎19T18:17:29.275982800Z.

Change Reason: An application or system component changed the time."
Information	9/19/2016 12:17:29 PM	Microsoft-Windows-Time-Service	35	None	The time service is now synchronizing the system time with the time source time.windows.com,0x9 (ntp.m|0x9|0.0.0.0:123->40.76.58.209:123).
Information	9/19/2016 12:17:14 PM	Microsoft-Windows-Time-Service	37	None	The time provider NtpClient is currently receiving valid time data from time.windows.com,0x9 (ntp.m|0x9|0.0.0.0:123->40.76.58.209:123).
Information	9/19/2016 12:17:13 PM	Microsoft-Windows-Time-Service	158	None	The time provider 'VMICTimeProvider' has indicated that the current hardware and operating environment is not supported and has stopped. This behavior is expected for VMICTimeProvider on non-HyperV-guest environments. This may be the expected behavior for the current provider in the current operating environment as well.
Information	9/19/2016 12:00:00 PM	EventLog	6013	None	The system uptime is 6048 seconds.
Information	9/19/2016 11:31:19 AM	Microsoft-Windows-Kernel-General	16	None	The access history in hive \??\C:\Users\AndyL\AppData\Local\Packages\microsoft.people_8wekyb3d8bbwe\Settings\settings.dat was cleared updating 3 keys and creating 1 modified pages.
Information	9/19/2016 10:47:25 AM	Microsoft-Windows-Ntfs	98	None	Volume Windows7_OS (\Device\HarddiskVolumeShadowCopy9) is healthy.  No action is needed.
Information	9/19/2016 10:21:37 AM	Microsoft-Windows-Kernel-General	16	None	The access history in hive \??\C:\Users\AndyL\AppData\Local\Packages\Microsoft.WindowsStore_8wekyb3d8bbwe\Settings\settings.dat was cleared updating 5 keys and creating 2 modified pages.
Information	9/19/2016 10:19:50 AM	Microsoft-Windows-TPM-WMI	1026	None	"The Trusted Platform Module (TPM) hardware on this computer cannot be provisioned for use automatically.  To set up the TPM interactively use the TPM management console (Start->tpm.msc) and use the action to make the TPM ready.

Error: The TPM provisioning action is not allowed by the specified flags.  For provisioning to be successful, one of several actions may be required.  The TPM management console (tpm.msc) action to make the TPM Ready may help.  For further information, see the documentation for the Win32_Tpm WMI method 'Provision'.  (The actions that may be required include importing the TPM Owner Authorization value into the system, calling the Win32_Tpm WMI method for provisioning the TPM and specifying TRUE for either 'ForceClear_Allowed' or 'PhysicalPresencePrompts_Allowed' (as indicated by the value returned in the Additional Information), or enabling the TPM in the system BIOS.)
Additional Information: 0x80011c"
Information	9/19/2016 10:19:43 AM	Microsoft-Windows-Kernel-General	16	None	The access history in hive \??\C:\Users\AndyL\AppData\Local\Packages\microsoft.windowscommunicationsapps_8wekyb3d8bbwe\Settings\settings.dat was cleared updating 100 keys and creating 8 modified pages.
Information	9/19/2016 10:19:37 AM	Microsoft-Windows-Kernel-General	16	None	The access history in hive \??\C:\Users\AndyL\AppData\Local\Packages\Microsoft.Windows.Cortana_cw5n1h2txyewy\Settings\settings.dat was cleared updating 278 keys and creating 39 modified pages.
Information	9/19/2016 10:19:37 AM	Microsoft-Windows-Kernel-General	16	None	The access history in hive \??\C:\Users\AndyL\AppData\Local\Packages\Microsoft.Windows.ShellExperienceHost_cw5n1h2txyewy\Settings\settings.dat was cleared updating 6 keys and creating 0 modified pages.
Error	9/19/2016 10:19:33 AM	Microsoft-Windows-DistributedCOM	10016	None	"The application-specific permission settings do not grant Local Activation permission for the COM Server application with CLSID 
{6B3B8D23-FA8D-40B9-8DBD-B950333E2C52}
 and APPID 
{4839DDB7-58C2-48F5-8283-E1D1807D0D7D}
 to the user NT AUTHORITY\LOCAL SERVICE SID (S-1-5-19) from address LocalHost (Using LRPC) running in the application container Unavailable SID (Unavailable). This security permission can be modified using the Component Services administrative tool."
Error	9/19/2016 10:19:33 AM	Microsoft-Windows-DistributedCOM	10016	None	"The application-specific permission settings do not grant Local Activation permission for the COM Server application with CLSID 
{6B3B8D23-FA8D-40B9-8DBD-B950333E2C52}
 and APPID 
{4839DDB7-58C2-48F5-8283-E1D1807D0D7D}
 to the user NT AUTHORITY\LOCAL SERVICE SID (S-1-5-19) from address LocalHost (Using LRPC) running in the application container Unavailable SID (Unavailable). This security permission can be modified using the Component Services administrative tool."
Error	9/19/2016 10:19:33 AM	Microsoft-Windows-DistributedCOM	10016	None	"The application-specific permission settings do not grant Local Activation permission for the COM Server application with CLSID 
{8D8F4F83-3594-4F07-8369-FC3C3CAE4919}
 and APPID 
{F72671A9-012C-4725-9D2F-2A4D32D65169}
 to the user NT AUTHORITY\SYSTEM SID (S-1-5-18) from address LocalHost (Using LRPC) running in the application container Unavailable SID (Unavailable). This security permission can be modified using the Component Services administrative tool."
Information	9/19/2016 10:19:33 AM	Microsoft-Windows-Kernel-General	16	None	The access history in hive \??\C:\Users\AndyL\AppData\Local\Microsoft\Windows\UsrClass.dat was cleared updating 4404 keys and creating 628 modified pages.
Information	9/19/2016 10:19:32 AM	Microsoft-Windows-Kernel-General	15	None	Hive \??\C:\Users\AndyL\ntuser.dat was reorganized with a starting size of 7376896 bytes and an ending size of 7278592 bytes.
Information	9/19/2016 10:19:32 AM	Microsoft-Windows-Winlogon	7001	(1101)	User Logon Notification for Customer Experience Improvement Program
Information	9/19/2016 10:19:32 AM	Microsoft-Windows-Kernel-General	16	None	The access history in hive \??\C:\Windows\AppCompat\Programs\Amcache.hve was cleared updating 12112 keys and creating 1980 modified pages.
Information	9/19/2016 10:19:28 AM	TPM	18	None	This event triggers the Trusted Platform Module (TPM) provisioning/status check to run.
Information	9/19/2016 10:19:28 AM	Service Control Manager	7026	None	"The following boot-start or system-start driver(s) did not load: 
cdrom
dam"
Information	9/19/2016 10:19:27 AM	Lfsvc	1	None	Geolocation positioning is enabled.
Information	9/19/2016 10:19:26 AM	Microsoft-Windows-WLAN-AutoConfig	10001	None	"WLAN Extensibility Module has successfully started.

Module Path: C:\Windows\System32\IWMSSvc.dll
"
Information	9/19/2016 10:19:26 AM	VMnetuserif	1	None	() Starting up the User Interface Driver for VMware Virtual Networks.
Information	9/19/2016 10:19:25 AM	vmx86	34	None	"The description for Event ID 34 from source vmx86 cannot be found. Either the component that raises this event is not installed on your local computer or the installation is corrupted. You can install or repair the component on the local computer.

If the event originated on another computer, the display information had to be saved with the event.

The following information was included with the event: 

VMX86.SYS: begin DriverEntry built @ 17:11:03
"
Information	9/19/2016 10:19:25 AM	Win32k	267	None	"The description for Event ID 267 from source Win32k cannot be found. Either the component that raises this event is not installed on your local computer or the installation is corrupted. You can install or repair the component on the local computer.

If the event originated on another computer, the display information had to be saved with the event.

The following information was included with the event: 


The specified resource type cannot be found in the image file
"
Information	9/19/2016 10:19:25 AM	Microsoft-Windows-WLAN-AutoConfig	4000	None	"WLAN AutoConfig service has successfully started.
"
Information	9/19/2016 10:19:25 AM	VMnetBridge	10	None	() Starting up the Bridge Driver for VMware Virtual Networks.
Warning	9/19/2016 10:19:25 AM	Microsoft-Windows-TaskScheduler	414	Task Misconfiguration	Task Scheduler service found a misconfiguration in the NT TASK\DolbySelectorTask definition. Additional Data: Error Value: %ProgramFiles%\Dolby Digital Plus\ddp.exe.
Information	9/19/2016 10:19:24 AM	Microsoft-Windows-FilterManager	6	None	File System Filter 'wcnfs' (10.0, ‎2016‎-‎07‎-‎15T20:28:27.000000000Z) has successfully loaded and registered with Filter Manager.
Information	9/19/2016 10:19:24 AM	Microsoft-Windows-FilterManager	6	None	File System Filter 'storqosflt' (10.0, ‎2016‎-‎07‎-‎15T20:26:43.000000000Z) has successfully loaded and registered with Filter Manager.
Information	9/19/2016 10:19:24 AM	Microsoft-Windows-FilterManager	6	None	File System Filter 'luafv' (10.0, ‎2016‎-‎07‎-‎15T20:21:48.000000000Z) has successfully loaded and registered with Filter Manager.
Information	9/19/2016 10:19:24 AM	Microsoft-Windows-FilterManager	6	None	File System Filter 'wcifs' (10.0, ‎2016‎-‎07‎-‎15T20:27:16.000000000Z) has successfully loaded and registered with Filter Manager.
Information	9/19/2016 10:19:24 AM	Microsoft-Windows-DHCPv6-Client	51046	Service State Event	DHCPv6 client service is started
Information	9/19/2016 10:19:24 AM	RFCOMM	1	None	Bluetooth has accepted service {00000000-0000-0000-0000-000000000000} on remote device (00:00:00:00:00:00) due to policy Bluetooth\ServicesAllowedList.
Information	9/19/2016 10:19:24 AM	BTHUSB	37	None	Bluetooth radio has accepted discoverability due to policy Bluetooth\AllowDiscoverableMode.
Information	9/19/2016 10:19:24 AM	RFCOMM	1	None	Bluetooth has accepted service {00000000-0000-0000-0000-000000000000} on remote device (00:00:00:00:00:00) due to policy Bluetooth\ServicesAllowedList.
Information	9/19/2016 10:19:24 AM	Microsoft-Windows-Dhcp-Client	50036	Service State Event	DHCPv4 client service is started
Information	9/19/2016 10:19:24 AM	BTHUSB	35	None	Bluetooth radio enablement has been accepted due to policy Connectivity\AllowBluetooth.
Information	9/19/2016 10:19:24 AM	BTHUSB	36	None	Bluetooth radio has accepted advertising due to policy Bluetooth\AllowAdvertising.
Information	9/19/2016 10:19:24 AM	BTHUSB	37	None	Bluetooth radio has accepted discoverability due to policy Bluetooth\AllowDiscoverableMode.
