Error	9/6/2016 9:06:35 AM	disk	154	None	The IO operation at logical block address 0x0 for Disk 2 (PDO name: \Device\00000058) failed due to a hardware error.
Error	9/6/2016 9:06:35 AM	disk	154	None	The IO operation at logical block address 0x0 for Disk 2 (PDO name: \Device\00000058) failed due to a hardware error.
Error	9/6/2016 9:06:34 AM	disk	154	None	The IO operation at logical block address 0x0 for Disk 2 (PDO name: \Device\00000058) failed due to a hardware error.
Error	9/6/2016 9:06:34 AM	disk	154	None	The IO operation at logical block address 0x0 for Disk 2 (PDO name: \Device\00000058) failed due to a hardware error.
Error	9/6/2016 9:06:33 AM	disk	154	None	The IO operation at logical block address 0x0 for Disk 2 (PDO name: \Device\00000058) failed due to a hardware error.
Error	9/6/2016 9:06:33 AM	disk	154	None	The IO operation at logical block address 0x0 for Disk 2 (PDO name: \Device\00000058) failed due to a hardware error.
Error	9/6/2016 9:06:32 AM	disk	154	None	The IO operation at logical block address 0x0 for Disk 2 (PDO name: \Device\00000058) failed due to a hardware error.
Error	9/6/2016 9:06:32 AM	disk	154	None	The IO operation at logical block address 0x0 for Disk 2 (PDO name: \Device\00000058) failed due to a hardware error.
Error	9/6/2016 9:06:32 AM	disk	154	None	The IO operation at logical block address 0x0 for Disk 2 (PDO name: \Device\00000058) failed due to a hardware error.
Error	9/6/2016 9:06:31 AM	disk	154	None	The IO operation at logical block address 0x0 for Disk 2 (PDO name: \Device\00000058) failed due to a hardware error.
Error	9/6/2016 9:06:31 AM	disk	154	None	The IO operation at logical block address 0x0 for Disk 2 (PDO name: \Device\00000058) failed due to a hardware error.
Error	9/6/2016 9:06:30 AM	disk	154	None	The IO operation at logical block address 0x0 for Disk 2 (PDO name: \Device\00000058) failed due to a hardware error.
Error	9/6/2016 9:06:30 AM	disk	154	None	The IO operation at logical block address 0x0 for Disk 2 (PDO name: \Device\00000058) failed due to a hardware error.
Error	9/6/2016 9:06:29 AM	disk	154	None	The IO operation at logical block address 0x0 for Disk 2 (PDO name: \Device\00000058) failed due to a hardware error.
Error	9/6/2016 9:06:29 AM	disk	154	None	The IO operation at logical block address 0x0 for Disk 2 (PDO name: \Device\00000058) failed due to a hardware error.
Error	9/6/2016 9:06:28 AM	disk	154	None	The IO operation at logical block address 0x0 for Disk 2 (PDO name: \Device\00000058) failed due to a hardware error.
Error	9/6/2016 9:06:28 AM	disk	154	None	The IO operation at logical block address 0x0 for Disk 2 (PDO name: \Device\00000058) failed due to a hardware error.
Error	9/6/2016 9:06:27 AM	disk	154	None	The IO operation at logical block address 0x0 for Disk 2 (PDO name: \Device\00000058) failed due to a hardware error.
Error	9/6/2016 9:06:27 AM	disk	154	None	The IO operation at logical block address 0x0 for Disk 2 (PDO name: \Device\00000058) failed due to a hardware error.
Error	9/6/2016 9:06:26 AM	disk	154	None	The IO operation at logical block address 0x0 for Disk 2 (PDO name: \Device\00000058) failed due to a hardware error.
Error	9/6/2016 9:06:26 AM	disk	154	None	The IO operation at logical block address 0x0 for Disk 2 (PDO name: \Device\00000058) failed due to a hardware error.
Error	9/6/2016 9:06:25 AM	disk	154	None	The IO operation at logical block address 0x0 for Disk 2 (PDO name: \Device\00000058) failed due to a hardware error.
Error	9/6/2016 9:06:25 AM	disk	154	None	The IO operation at logical block address 0x0 for Disk 2 (PDO name: \Device\00000058) failed due to a hardware error.
Error	9/6/2016 9:06:24 AM	disk	154	None	The IO operation at logical block address 0x0 for Disk 2 (PDO name: \Device\00000058) failed due to a hardware error.
Error	9/6/2016 9:06:24 AM	disk	154	None	The IO operation at logical block address 0x0 for Disk 2 (PDO name: \Device\00000058) failed due to a hardware error.
Error	9/6/2016 9:06:23 AM	disk	154	None	The IO operation at logical block address 0x0 for Disk 2 (PDO name: \Device\00000058) failed due to a hardware error.
Error	9/6/2016 9:06:23 AM	disk	154	None	The IO operation at logical block address 0x0 for Disk 2 (PDO name: \Device\00000058) failed due to a hardware error.
Error	9/6/2016 9:06:22 AM	disk	154	None	The IO operation at logical block address 0x0 for Disk 2 (PDO name: \Device\00000058) failed due to a hardware error.
Error	9/6/2016 9:06:22 AM	disk	154	None	The IO operation at logical block address 0x0 for Disk 2 (PDO name: \Device\00000058) failed due to a hardware error.
Error	9/6/2016 9:06:21 AM	disk	154	None	The IO operation at logical block address 0x0 for Disk 2 (PDO name: \Device\00000058) failed due to a hardware error.
Error	9/6/2016 9:06:21 AM	disk	154	None	The IO operation at logical block address 0x0 for Disk 2 (PDO name: \Device\00000058) failed due to a hardware error.
Error	9/6/2016 9:06:20 AM	disk	154	None	The IO operation at logical block address 0x0 for Disk 2 (PDO name: \Device\00000058) failed due to a hardware error.
Error	9/6/2016 9:06:20 AM	disk	154	None	The IO operation at logical block address 0x0 for Disk 2 (PDO name: \Device\00000058) failed due to a hardware error.
Error	9/6/2016 9:06:19 AM	disk	154	None	The IO operation at logical block address 0x0 for Disk 2 (PDO name: \Device\00000058) failed due to a hardware error.
Error	9/6/2016 9:06:19 AM	disk	154	None	The IO operation at logical block address 0x0 for Disk 2 (PDO name: \Device\00000058) failed due to a hardware error.
Error	9/6/2016 9:06:18 AM	disk	154	None	The IO operation at logical block address 0x0 for Disk 2 (PDO name: \Device\00000058) failed due to a hardware error.
Error	9/6/2016 9:06:18 AM	disk	154	None	The IO operation at logical block address 0x0 for Disk 2 (PDO name: \Device\00000058) failed due to a hardware error.
Error	9/6/2016 9:06:17 AM	disk	154	None	The IO operation at logical block address 0x0 for Disk 2 (PDO name: \Device\00000058) failed due to a hardware error.
Error	9/6/2016 9:06:17 AM	disk	154	None	The IO operation at logical block address 0x0 for Disk 2 (PDO name: \Device\00000058) failed due to a hardware error.
Error	9/6/2016 9:06:16 AM	disk	154	None	The IO operation at logical block address 0x0 for Disk 2 (PDO name: \Device\00000058) failed due to a hardware error.
Error	9/6/2016 9:06:16 AM	disk	154	None	The IO operation at logical block address 0x0 for Disk 2 (PDO name: \Device\00000058) failed due to a hardware error.
Error	9/6/2016 9:06:15 AM	disk	154	None	The IO operation at logical block address 0x0 for Disk 2 (PDO name: \Device\00000058) failed due to a hardware error.
Error	9/6/2016 9:06:15 AM	disk	154	None	The IO operation at logical block address 0x0 for Disk 2 (PDO name: \Device\00000058) failed due to a hardware error.
Error	9/6/2016 9:06:14 AM	disk	154	None	The IO operation at logical block address 0x0 for Disk 2 (PDO name: \Device\00000058) failed due to a hardware error.
Error	9/6/2016 9:06:14 AM	disk	154	None	The IO operation at logical block address 0x0 for Disk 2 (PDO name: \Device\00000058) failed due to a hardware error.
Error	9/6/2016 9:06:13 AM	disk	154	None	The IO operation at logical block address 0x0 for Disk 2 (PDO name: \Device\00000058) failed due to a hardware error.
Error	9/6/2016 9:06:13 AM	disk	154	None	The IO operation at logical block address 0x0 for Disk 2 (PDO name: \Device\00000058) failed due to a hardware error.
Error	9/6/2016 9:06:12 AM	disk	154	None	The IO operation at logical block address 0x0 for Disk 2 (PDO name: \Device\00000058) failed due to a hardware error.
Error	9/6/2016 9:06:12 AM	disk	154	None	The IO operation at logical block address 0x0 for Disk 2 (PDO name: \Device\00000058) failed due to a hardware error.
Error	9/6/2016 9:06:11 AM	disk	154	None	The IO operation at logical block address 0x0 for Disk 2 (PDO name: \Device\00000058) failed due to a hardware error.
Error	9/6/2016 9:06:11 AM	disk	154	None	The IO operation at logical block address 0x0 for Disk 2 (PDO name: \Device\00000058) failed due to a hardware error.
Error	9/6/2016 9:06:10 AM	disk	154	None	The IO operation at logical block address 0x0 for Disk 2 (PDO name: \Device\00000058) failed due to a hardware error.
Error	9/6/2016 9:06:10 AM	disk	154	None	The IO operation at logical block address 0x0 for Disk 2 (PDO name: \Device\00000058) failed due to a hardware error.
Error	9/6/2016 9:06:09 AM	disk	154	None	The IO operation at logical block address 0x0 for Disk 2 (PDO name: \Device\00000058) failed due to a hardware error.
Error	9/6/2016 9:06:09 AM	disk	154	None	The IO operation at logical block address 0x0 for Disk 2 (PDO name: \Device\00000058) failed due to a hardware error.
Error	9/6/2016 9:06:08 AM	disk	154	None	The IO operation at logical block address 0x0 for Disk 2 (PDO name: \Device\00000058) failed due to a hardware error.
Error	9/6/2016 9:06:08 AM	disk	154	None	The IO operation at logical block address 0x0 for Disk 2 (PDO name: \Device\00000058) failed due to a hardware error.
Error	9/6/2016 9:06:07 AM	disk	154	None	The IO operation at logical block address 0x0 for Disk 2 (PDO name: \Device\00000058) failed due to a hardware error.
Error	9/6/2016 9:06:07 AM	disk	154	None	The IO operation at logical block address 0x0 for Disk 2 (PDO name: \Device\00000058) failed due to a hardware error.
Error	9/6/2016 9:06:06 AM	disk	154	None	The IO operation at logical block address 0x0 for Disk 2 (PDO name: \Device\00000058) failed due to a hardware error.
Error	9/6/2016 9:06:06 AM	disk	154	None	The IO operation at logical block address 0x0 for Disk 2 (PDO name: \Device\00000058) failed due to a hardware error.
Error	9/6/2016 9:04:19 AM	disk	154	None	The IO operation at logical block address 0x0 for Disk 2 (PDO name: \Device\00000058) failed due to a hardware error.
Error	9/6/2016 9:04:19 AM	disk	154	None	The IO operation at logical block address 0x0 for Disk 2 (PDO name: \Device\00000058) failed due to a hardware error.
Information	9/6/2016 9:03:04 AM	Microsoft-Windows-Ntfs	98	None	Volume Software-Downloads (\Device\HarddiskVolumeShadowCopy9) is healthy.  No action is needed.
Error	9/6/2016 9:03:03 AM	disk	154	None	The IO operation at logical block address 0x0 for Disk 2 (PDO name: \Device\00000058) failed due to a hardware error.
Error	9/6/2016 9:03:03 AM	disk	154	None	The IO operation at logical block address 0x0 for Disk 2 (PDO name: \Device\00000058) failed due to a hardware error.
Error	9/6/2016 9:03:02 AM	disk	154	None	The IO operation at logical block address 0x0 for Disk 2 (PDO name: \Device\00000058) failed due to a hardware error.
Error	9/6/2016 9:03:02 AM	disk	154	None	The IO operation at logical block address 0x0 for Disk 2 (PDO name: \Device\00000058) failed due to a hardware error.
Error	9/6/2016 9:02:51 AM	disk	154	None	The IO operation at logical block address 0x0 for Disk 2 (PDO name: \Device\00000058) failed due to a hardware error.
Error	9/6/2016 9:02:50 AM	disk	154	None	The IO operation at logical block address 0x0 for Disk 2 (PDO name: \Device\00000058) failed due to a hardware error.
Error	9/6/2016 9:02:49 AM	disk	154	None	The IO operation at logical block address 0x0 for Disk 2 (PDO name: \Device\00000058) failed due to a hardware error.
Error	9/6/2016 9:02:49 AM	disk	154	None	The IO operation at logical block address 0x0 for Disk 2 (PDO name: \Device\00000058) failed due to a hardware error.
Information	9/6/2016 9:02:42 AM	Microsoft-Windows-Ntfs	98	None	Volume ?? (\Device\HarddiskVolumeShadowCopy8) is healthy.  No action is needed.
Error	9/6/2016 9:02:42 AM	disk	154	None	The IO operation at logical block address 0x0 for Disk 2 (PDO name: \Device\00000058) failed due to a hardware error.
Error	9/6/2016 9:02:41 AM	disk	154	None	The IO operation at logical block address 0x0 for Disk 2 (PDO name: \Device\00000058) failed due to a hardware error.
Error	9/6/2016 9:02:41 AM	disk	154	None	The IO operation at logical block address 0x0 for Disk 2 (PDO name: \Device\00000058) failed due to a hardware error.
Error	9/6/2016 9:02:40 AM	disk	154	None	The IO operation at logical block address 0x0 for Disk 2 (PDO name: \Device\00000058) failed due to a hardware error.
Error	9/6/2016 9:02:29 AM	disk	154	None	The IO operation at logical block address 0x0 for Disk 2 (PDO name: \Device\00000058) failed due to a hardware error.
Error	9/6/2016 9:02:29 AM	disk	154	None	The IO operation at logical block address 0x0 for Disk 2 (PDO name: \Device\00000058) failed due to a hardware error.
Error	9/6/2016 9:02:27 AM	disk	154	None	The IO operation at logical block address 0x0 for Disk 2 (PDO name: \Device\00000058) failed due to a hardware error.
Error	9/6/2016 9:02:27 AM	disk	154	None	The IO operation at logical block address 0x0 for Disk 2 (PDO name: \Device\00000058) failed due to a hardware error.
Error	9/6/2016 8:54:15 AM	disk	154	None	The IO operation at logical block address 0x0 for Disk 2 (PDO name: \Device\00000058) failed due to a hardware error.
Error	9/6/2016 8:54:06 AM	disk	154	None	The IO operation at logical block address 0x0 for Disk 2 (PDO name: \Device\00000058) failed due to a hardware error.
Error	9/6/2016 8:53:46 AM	disk	154	None	The IO operation at logical block address 0x0 for Disk 2 (PDO name: \Device\00000058) failed due to a hardware error.
Error	9/6/2016 8:53:25 AM	disk	154	None	The IO operation at logical block address 0x0 for Disk 2 (PDO name: \Device\00000058) failed due to a hardware error.
Information	9/6/2016 8:53:17 AM	Microsoft-Windows-Ntfs	98	None	Volume Windows7_OS (\Device\HarddiskVolumeShadowCopy7) is healthy.  No action is needed.
Information	9/6/2016 8:53:17 AM	Service Control Manager	7045	None	"A service was installed in the system.

Service Name:  Arq Agent
Service File Name:  ""C:\Program Files (x86)\Haystack Software\Arq 5\ArqAgent.exe""
Service Type:  user mode service
Service Start Type:  auto start
Service Account:  LocalSystem"
Error	9/6/2016 8:53:05 AM	disk	154	None	The IO operation at logical block address 0x0 for Disk 2 (PDO name: \Device\00000058) failed due to a hardware error.
Error	9/6/2016 8:53:05 AM	disk	154	None	The IO operation at logical block address 0x0 for Disk 2 (PDO name: \Device\00000058) failed due to a hardware error.
Error	9/6/2016 8:53:04 AM	disk	154	None	The IO operation at logical block address 0x0 for Disk 2 (PDO name: \Device\00000058) failed due to a hardware error.
Error	9/6/2016 8:53:00 AM	disk	154	None	The IO operation at logical block address 0x920 for Disk 2 (PDO name: \Device\00000058) failed due to a hardware error.
Information	9/6/2016 8:52:38 AM	Microsoft-Windows-Ntfs	98	None	Volume Windows7_OS (\Device\HarddiskVolumeShadowCopy6) is healthy.  No action is needed.
Error	9/6/2016 8:52:09 AM	disk	154	None	The IO operation at logical block address 0x0 for Disk 2 (PDO name: \Device\00000058) failed due to a hardware error.
Error	9/6/2016 8:52:08 AM	disk	154	None	The IO operation at logical block address 0x0 for Disk 2 (PDO name: \Device\00000058) failed due to a hardware error.
Error	9/6/2016 8:52:07 AM	disk	154	None	The IO operation at logical block address 0x0 for Disk 2 (PDO name: \Device\00000058) failed due to a hardware error.
Error	9/6/2016 8:52:06 AM	disk	154	None	The IO operation at logical block address 0x0 for Disk 2 (PDO name: \Device\00000058) failed due to a hardware error.
Error	9/6/2016 8:52:05 AM	disk	154	None	The IO operation at logical block address 0x0 for Disk 2 (PDO name: \Device\00000058) failed due to a hardware error.
Information	9/6/2016 8:52:04 AM	Microsoft-Windows-Ntfs	98	None	Volume SYSTEM_DRV (\Device\HarddiskVolumeShadowCopy5) is healthy.  No action is needed.
Error	9/6/2016 8:52:04 AM	disk	154	None	The IO operation at logical block address 0x0 for Disk 2 (PDO name: \Device\00000058) failed due to a hardware error.
Error	9/6/2016 8:52:04 AM	disk	154	None	The IO operation at logical block address 0x0 for Disk 2 (PDO name: \Device\00000058) failed due to a hardware error.
Error	9/6/2016 8:52:03 AM	disk	154	None	The IO operation at logical block address 0x0 for Disk 2 (PDO name: \Device\00000058) failed due to a hardware error.
Error	9/6/2016 8:52:03 AM	disk	154	None	The IO operation at logical block address 0x0 for Disk 2 (PDO name: \Device\00000058) failed due to a hardware error.
Error	9/6/2016 8:52:02 AM	disk	154	None	The IO operation at logical block address 0x0 for Disk 2 (PDO name: \Device\00000058) failed due to a hardware error.
Error	9/6/2016 8:52:01 AM	disk	154	None	The IO operation at logical block address 0x0 for Disk 2 (PDO name: \Device\00000058) failed due to a hardware error.
Error	9/6/2016 8:52:01 AM	disk	154	None	The IO operation at logical block address 0x0 for Disk 2 (PDO name: \Device\00000058) failed due to a hardware error.
Error	9/6/2016 8:51:47 AM	disk	154	None	The IO operation at logical block address 0x0 for Disk 2 (PDO name: \Device\00000058) failed due to a hardware error.
Error	9/6/2016 8:51:46 AM	disk	154	None	The IO operation at logical block address 0x0 for Disk 2 (PDO name: \Device\00000058) failed due to a hardware error.
Error	9/6/2016 8:51:44 AM	disk	154	None	The IO operation at logical block address 0x0 for Disk 2 (PDO name: \Device\00000058) failed due to a hardware error.
Error	9/6/2016 8:51:44 AM	disk	154	None	The IO operation at logical block address 0x0 for Disk 2 (PDO name: \Device\00000058) failed due to a hardware error.
Error	9/6/2016 8:51:43 AM	disk	154	None	The IO operation at logical block address 0x0 for Disk 2 (PDO name: \Device\00000058) failed due to a hardware error.
Error	9/6/2016 8:51:43 AM	disk	154	None	The IO operation at logical block address 0x0 for Disk 2 (PDO name: \Device\00000058) failed due to a hardware error.
Error	9/6/2016 8:51:42 AM	disk	154	None	The IO operation at logical block address 0x0 for Disk 2 (PDO name: \Device\00000058) failed due to a hardware error.
Error	9/6/2016 8:51:42 AM	disk	154	None	The IO operation at logical block address 0x0 for Disk 2 (PDO name: \Device\00000058) failed due to a hardware error.
Error	9/6/2016 8:51:41 AM	disk	154	None	The IO operation at logical block address 0x0 for Disk 2 (PDO name: \Device\00000058) failed due to a hardware error.
Error	9/6/2016 8:51:41 AM	disk	154	None	The IO operation at logical block address 0x0 for Disk 2 (PDO name: \Device\00000058) failed due to a hardware error.
Error	9/6/2016 8:51:40 AM	disk	154	None	The IO operation at logical block address 0x0 for Disk 2 (PDO name: \Device\00000058) failed due to a hardware error.
Error	9/6/2016 8:51:40 AM	disk	154	None	The IO operation at logical block address 0x0 for Disk 2 (PDO name: \Device\00000058) failed due to a hardware error.
Error	9/6/2016 8:51:39 AM	disk	154	None	The IO operation at logical block address 0x0 for Disk 2 (PDO name: \Device\00000058) failed due to a hardware error.
Error	9/6/2016 8:51:39 AM	disk	154	None	The IO operation at logical block address 0x0 for Disk 2 (PDO name: \Device\00000058) failed due to a hardware error.
Error	9/6/2016 8:51:38 AM	disk	154	None	The IO operation at logical block address 0x0 for Disk 2 (PDO name: \Device\00000058) failed due to a hardware error.
Error	9/6/2016 8:51:38 AM	disk	154	None	The IO operation at logical block address 0x0 for Disk 2 (PDO name: \Device\00000058) failed due to a hardware error.
Error	9/6/2016 8:51:37 AM	disk	154	None	The IO operation at logical block address 0x0 for Disk 2 (PDO name: \Device\00000058) failed due to a hardware error.
Error	9/6/2016 8:51:37 AM	disk	154	None	The IO operation at logical block address 0x0 for Disk 2 (PDO name: \Device\00000058) failed due to a hardware error.
Error	9/6/2016 8:51:36 AM	disk	154	None	The IO operation at logical block address 0x0 for Disk 2 (PDO name: \Device\00000058) failed due to a hardware error.
Error	9/6/2016 8:51:36 AM	disk	154	None	The IO operation at logical block address 0x0 for Disk 2 (PDO name: \Device\00000058) failed due to a hardware error.
Error	9/6/2016 8:51:35 AM	disk	154	None	The IO operation at logical block address 0x0 for Disk 2 (PDO name: \Device\00000058) failed due to a hardware error.
Error	9/6/2016 8:51:35 AM	disk	154	None	The IO operation at logical block address 0x0 for Disk 2 (PDO name: \Device\00000058) failed due to a hardware error.
Error	9/6/2016 8:44:00 AM	disk	154	None	The IO operation at logical block address 0x0 for Disk 2 (PDO name: \Device\00000058) failed due to a hardware error.
Error	9/6/2016 8:43:59 AM	disk	154	None	The IO operation at logical block address 0x0 for Disk 2 (PDO name: \Device\00000058) failed due to a hardware error.
Error	9/6/2016 8:43:59 AM	disk	154	None	The IO operation at logical block address 0x0 for Disk 2 (PDO name: \Device\00000058) failed due to a hardware error.
Error	9/6/2016 8:43:58 AM	disk	154	None	The IO operation at logical block address 0x0 for Disk 2 (PDO name: \Device\00000058) failed due to a hardware error.
Error	9/6/2016 8:43:58 AM	disk	154	None	The IO operation at logical block address 0x0 for Disk 2 (PDO name: \Device\00000058) failed due to a hardware error.
Error	9/6/2016 8:43:57 AM	disk	154	None	The IO operation at logical block address 0x0 for Disk 2 (PDO name: \Device\00000058) failed due to a hardware error.
Error	9/6/2016 8:43:57 AM	disk	154	None	The IO operation at logical block address 0x0 for Disk 2 (PDO name: \Device\00000058) failed due to a hardware error.
Error	9/6/2016 8:43:56 AM	disk	154	None	The IO operation at logical block address 0x0 for Disk 2 (PDO name: \Device\00000058) failed due to a hardware error.
Error	9/6/2016 8:43:56 AM	disk	154	None	The IO operation at logical block address 0x0 for Disk 2 (PDO name: \Device\00000058) failed due to a hardware error.
Error	9/6/2016 8:43:55 AM	disk	154	None	The IO operation at logical block address 0x0 for Disk 2 (PDO name: \Device\00000058) failed due to a hardware error.
Error	9/6/2016 8:43:55 AM	disk	154	None	The IO operation at logical block address 0x0 for Disk 2 (PDO name: \Device\00000058) failed due to a hardware error.
Information	9/6/2016 8:43:54 AM	Service Control Manager	7040	None	The start type of the Acronis Managed Machine Service Mini service was changed from disabled to auto start.
Error	9/6/2016 8:43:08 AM	disk	154	None	The IO operation at logical block address 0x0 for Disk 2 (PDO name: \Device\00000058) failed due to a hardware error.
Error	9/6/2016 8:43:07 AM	disk	154	None	The IO operation at logical block address 0x0 for Disk 2 (PDO name: \Device\00000058) failed due to a hardware error.
Error	9/6/2016 8:43:07 AM	disk	154	None	The IO operation at logical block address 0x0 for Disk 2 (PDO name: \Device\00000058) failed due to a hardware error.
Error	9/6/2016 8:43:06 AM	disk	154	None	The IO operation at logical block address 0x0 for Disk 2 (PDO name: \Device\00000058) failed due to a hardware error.
Error	9/6/2016 8:43:06 AM	disk	154	None	The IO operation at logical block address 0x0 for Disk 2 (PDO name: \Device\00000058) failed due to a hardware error.
Error	9/6/2016 8:43:05 AM	disk	154	None	The IO operation at logical block address 0x0 for Disk 2 (PDO name: \Device\00000058) failed due to a hardware error.
Error	9/6/2016 8:43:05 AM	disk	154	None	The IO operation at logical block address 0x0 for Disk 2 (PDO name: \Device\00000058) failed due to a hardware error.
Error	9/6/2016 8:43:04 AM	disk	154	None	The IO operation at logical block address 0x0 for Disk 2 (PDO name: \Device\00000058) failed due to a hardware error.
Error	9/6/2016 8:43:04 AM	disk	154	None	The IO operation at logical block address 0x0 for Disk 2 (PDO name: \Device\00000058) failed due to a hardware error.
Error	9/6/2016 8:43:03 AM	disk	154	None	The IO operation at logical block address 0x0 for Disk 2 (PDO name: \Device\00000058) failed due to a hardware error.
Error	9/6/2016 8:43:03 AM	disk	154	None	The IO operation at logical block address 0x0 for Disk 2 (PDO name: \Device\00000058) failed due to a hardware error.
Error	9/6/2016 8:43:02 AM	disk	154	None	The IO operation at logical block address 0x0 for Disk 2 (PDO name: \Device\00000058) failed due to a hardware error.
Error	9/6/2016 8:43:02 AM	disk	154	None	The IO operation at logical block address 0x0 for Disk 2 (PDO name: \Device\00000058) failed due to a hardware error.
Error	9/6/2016 8:43:01 AM	disk	154	None	The IO operation at logical block address 0x0 for Disk 2 (PDO name: \Device\00000058) failed due to a hardware error.
Error	9/6/2016 8:43:01 AM	disk	154	None	The IO operation at logical block address 0x0 for Disk 2 (PDO name: \Device\00000058) failed due to a hardware error.
Error	9/6/2016 8:43:00 AM	disk	154	None	The IO operation at logical block address 0x0 for Disk 2 (PDO name: \Device\00000058) failed due to a hardware error.
Error	9/6/2016 8:43:00 AM	disk	154	None	The IO operation at logical block address 0x0 for Disk 2 (PDO name: \Device\00000058) failed due to a hardware error.
Error	9/6/2016 8:42:59 AM	disk	154	None	The IO operation at logical block address 0x0 for Disk 2 (PDO name: \Device\00000058) failed due to a hardware error.
Error	9/6/2016 8:42:59 AM	disk	154	None	The IO operation at logical block address 0x0 for Disk 2 (PDO name: \Device\00000058) failed due to a hardware error.
Error	9/6/2016 8:42:12 AM	disk	154	None	The IO operation at logical block address 0x918 for Disk 2 (PDO name: \Device\00000058) failed due to a hardware error.
Error	9/6/2016 8:42:11 AM	disk	154	None	The IO operation at logical block address 0x918 for Disk 2 (PDO name: \Device\00000058) failed due to a hardware error.
Error	9/6/2016 8:42:11 AM	disk	154	None	The IO operation at logical block address 0x918 for Disk 2 (PDO name: \Device\00000058) failed due to a hardware error.
Error	9/6/2016 8:42:10 AM	disk	154	None	The IO operation at logical block address 0x918 for Disk 2 (PDO name: \Device\00000058) failed due to a hardware error.
Error	9/6/2016 8:42:10 AM	disk	154	None	The IO operation at logical block address 0x918 for Disk 2 (PDO name: \Device\00000058) failed due to a hardware error.
Error	9/6/2016 8:42:09 AM	disk	154	None	The IO operation at logical block address 0x918 for Disk 2 (PDO name: \Device\00000058) failed due to a hardware error.
Error	9/6/2016 8:42:09 AM	disk	154	None	The IO operation at logical block address 0x918 for Disk 2 (PDO name: \Device\00000058) failed due to a hardware error.
Error	9/6/2016 8:42:08 AM	disk	154	None	The IO operation at logical block address 0x600858 for Disk 2 (PDO name: \Device\00000058) failed due to a hardware error.
Error	9/6/2016 8:42:08 AM	disk	154	None	The IO operation at logical block address 0x600858 for Disk 2 (PDO name: \Device\00000058) failed due to a hardware error.
Error	9/6/2016 8:42:07 AM	disk	154	None	The IO operation at logical block address 0x600858 for Disk 2 (PDO name: \Device\00000058) failed due to a hardware error.
Error	9/6/2016 8:42:07 AM	disk	154	None	The IO operation at logical block address 0x600858 for Disk 2 (PDO name: \Device\00000058) failed due to a hardware error.
Error	9/6/2016 8:42:06 AM	disk	154	None	The IO operation at logical block address 0x600858 for Disk 2 (PDO name: \Device\00000058) failed due to a hardware error.
Error	9/6/2016 8:42:06 AM	disk	154	None	The IO operation at logical block address 0x600858 for Disk 2 (PDO name: \Device\00000058) failed due to a hardware error.
Error	9/6/2016 8:42:05 AM	disk	154	None	The IO operation at logical block address 0x600858 for Disk 2 (PDO name: \Device\00000058) failed due to a hardware error.
Error	9/6/2016 8:42:05 AM	disk	154	None	The IO operation at logical block address 0x600858 for Disk 2 (PDO name: \Device\00000058) failed due to a hardware error.
Error	9/6/2016 8:42:04 AM	disk	154	None	The IO operation at logical block address 0x600858 for Disk 2 (PDO name: \Device\00000058) failed due to a hardware error.
Error	9/6/2016 8:42:04 AM	disk	154	None	The IO operation at logical block address 0x600858 for Disk 2 (PDO name: \Device\00000058) failed due to a hardware error.
Error	9/6/2016 8:42:03 AM	disk	154	None	The IO operation at logical block address 0x600858 for Disk 2 (PDO name: \Device\00000058) failed due to a hardware error.
Error	9/6/2016 8:42:03 AM	disk	154	None	The IO operation at logical block address 0x600858 for Disk 2 (PDO name: \Device\00000058) failed due to a hardware error.
Error	9/6/2016 8:42:02 AM	disk	154	None	The IO operation at logical block address 0x600858 for Disk 2 (PDO name: \Device\00000058) failed due to a hardware error.
Error	9/6/2016 8:42:02 AM	disk	154	None	The IO operation at logical block address 0x600858 for Disk 2 (PDO name: \Device\00000058) failed due to a hardware error.
Error	9/6/2016 8:42:02 AM	disk	154	None	The IO operation at logical block address 0x918 for Disk 2 (PDO name: \Device\00000058) failed due to a hardware error.
Error	9/6/2016 8:42:01 AM	disk	154	None	The IO operation at logical block address 0x918 for Disk 2 (PDO name: \Device\00000058) failed due to a hardware error.
Error	9/6/2016 8:42:01 AM	disk	154	None	The IO operation at logical block address 0x918 for Disk 2 (PDO name: \Device\00000058) failed due to a hardware error.
Error	9/6/2016 8:42:00 AM	disk	154	None	The IO operation at logical block address 0x918 for Disk 2 (PDO name: \Device\00000058) failed due to a hardware error.
Error	9/6/2016 8:42:00 AM	disk	154	None	The IO operation at logical block address 0x918 for Disk 2 (PDO name: \Device\00000058) failed due to a hardware error.
Error	9/6/2016 8:41:59 AM	disk	154	None	The IO operation at logical block address 0x918 for Disk 2 (PDO name: \Device\00000058) failed due to a hardware error.
Error	9/6/2016 8:41:59 AM	disk	154	None	The IO operation at logical block address 0x918 for Disk 2 (PDO name: \Device\00000058) failed due to a hardware error.
Error	9/6/2016 8:41:58 AM	disk	154	None	The IO operation at logical block address 0x918 for Disk 2 (PDO name: \Device\00000058) failed due to a hardware error.
Error	9/6/2016 8:41:58 AM	disk	154	None	The IO operation at logical block address 0x918 for Disk 2 (PDO name: \Device\00000058) failed due to a hardware error.
Error	9/6/2016 8:41:57 AM	disk	154	None	The IO operation at logical block address 0x918 for Disk 2 (PDO name: \Device\00000058) failed due to a hardware error.
Error	9/6/2016 8:41:57 AM	disk	154	None	The IO operation at logical block address 0x918 for Disk 2 (PDO name: \Device\00000058) failed due to a hardware error.
Error	9/6/2016 8:41:56 AM	disk	154	None	The IO operation at logical block address 0x918 for Disk 2 (PDO name: \Device\00000058) failed due to a hardware error.
Error	9/6/2016 8:41:56 AM	disk	154	None	The IO operation at logical block address 0x918 for Disk 2 (PDO name: \Device\00000058) failed due to a hardware error.
Error	9/6/2016 8:41:55 AM	disk	154	None	The IO operation at logical block address 0x918 for Disk 2 (PDO name: \Device\00000058) failed due to a hardware error.
Error	9/6/2016 8:41:55 AM	disk	154	None	The IO operation at logical block address 0x600858 for Disk 2 (PDO name: \Device\00000058) failed due to a hardware error.
Error	9/6/2016 8:41:54 AM	disk	154	None	The IO operation at logical block address 0x600858 for Disk 2 (PDO name: \Device\00000058) failed due to a hardware error.
Error	9/6/2016 8:41:54 AM	disk	154	None	The IO operation at logical block address 0x600858 for Disk 2 (PDO name: \Device\00000058) failed due to a hardware error.
Error	9/6/2016 8:41:53 AM	disk	154	None	The IO operation at logical block address 0x600858 for Disk 2 (PDO name: \Device\00000058) failed due to a hardware error.
Error	9/6/2016 8:41:53 AM	disk	154	None	The IO operation at logical block address 0x600858 for Disk 2 (PDO name: \Device\00000058) failed due to a hardware error.
Error	9/6/2016 8:41:52 AM	disk	154	None	The IO operation at logical block address 0x600858 for Disk 2 (PDO name: \Device\00000058) failed due to a hardware error.
Error	9/6/2016 8:41:52 AM	disk	154	None	The IO operation at logical block address 0x600858 for Disk 2 (PDO name: \Device\00000058) failed due to a hardware error.
Error	9/6/2016 8:41:51 AM	disk	154	None	The IO operation at logical block address 0x600858 for Disk 2 (PDO name: \Device\00000058) failed due to a hardware error.
Error	9/6/2016 8:41:50 AM	disk	154	None	The IO operation at logical block address 0x600858 for Disk 2 (PDO name: \Device\00000058) failed due to a hardware error.
Error	9/6/2016 8:41:50 AM	disk	154	None	The IO operation at logical block address 0x600858 for Disk 2 (PDO name: \Device\00000058) failed due to a hardware error.
Error	9/6/2016 8:41:49 AM	disk	154	None	The IO operation at logical block address 0x600858 for Disk 2 (PDO name: \Device\00000058) failed due to a hardware error.
Error	9/6/2016 8:41:48 AM	disk	154	None	The IO operation at logical block address 0x600858 for Disk 2 (PDO name: \Device\00000058) failed due to a hardware error.
Error	9/6/2016 8:41:47 AM	disk	154	None	The IO operation at logical block address 0x600858 for Disk 2 (PDO name: \Device\00000058) failed due to a hardware error.
Error	9/6/2016 8:41:46 AM	disk	154	None	The IO operation at logical block address 0x600858 for Disk 2 (PDO name: \Device\00000058) failed due to a hardware error.
Error	9/6/2016 8:41:46 AM	disk	154	None	The IO operation at logical block address 0x918 for Disk 2 (PDO name: \Device\00000058) failed due to a hardware error.
Error	9/6/2016 8:41:45 AM	disk	154	None	The IO operation at logical block address 0x918 for Disk 2 (PDO name: \Device\00000058) failed due to a hardware error.
Error	9/6/2016 8:41:45 AM	disk	154	None	The IO operation at logical block address 0x918 for Disk 2 (PDO name: \Device\00000058) failed due to a hardware error.
Error	9/6/2016 8:41:44 AM	disk	154	None	The IO operation at logical block address 0x918 for Disk 2 (PDO name: \Device\00000058) failed due to a hardware error.
Error	9/6/2016 8:41:44 AM	disk	154	None	The IO operation at logical block address 0x918 for Disk 2 (PDO name: \Device\00000058) failed due to a hardware error.
Error	9/6/2016 8:41:43 AM	disk	154	None	The IO operation at logical block address 0x918 for Disk 2 (PDO name: \Device\00000058) failed due to a hardware error.
Error	9/6/2016 8:41:43 AM	disk	154	None	The IO operation at logical block address 0x918 for Disk 2 (PDO name: \Device\00000058) failed due to a hardware error.
Error	9/6/2016 8:41:03 AM	disk	154	None	The IO operation at logical block address 0x0 for Disk 2 (PDO name: \Device\00000058) failed due to a hardware error.
Error	9/6/2016 8:41:03 AM	disk	154	None	The IO operation at logical block address 0x0 for Disk 2 (PDO name: \Device\00000058) failed due to a hardware error.
Error	9/6/2016 8:41:02 AM	disk	154	None	The IO operation at logical block address 0x0 for Disk 2 (PDO name: \Device\00000058) failed due to a hardware error.
Error	9/6/2016 8:41:02 AM	disk	154	None	The IO operation at logical block address 0x0 for Disk 2 (PDO name: \Device\00000058) failed due to a hardware error.
Error	9/6/2016 8:41:01 AM	disk	154	None	The IO operation at logical block address 0x0 for Disk 2 (PDO name: \Device\00000058) failed due to a hardware error.
Error	9/6/2016 8:41:00 AM	disk	154	None	The IO operation at logical block address 0x0 for Disk 2 (PDO name: \Device\00000058) failed due to a hardware error.
Error	9/6/2016 8:40:56 AM	disk	154	None	The IO operation at logical block address 0x0 for Disk 2 (PDO name: \Device\00000058) failed due to a hardware error.
Error	9/6/2016 8:40:56 AM	disk	154	None	The IO operation at logical block address 0x0 for Disk 2 (PDO name: \Device\00000058) failed due to a hardware error.
Error	9/6/2016 8:40:55 AM	disk	154	None	The IO operation at logical block address 0x0 for Disk 2 (PDO name: \Device\00000058) failed due to a hardware error.
Error	9/6/2016 8:40:55 AM	disk	154	None	The IO operation at logical block address 0x0 for Disk 2 (PDO name: \Device\00000058) failed due to a hardware error.
Error	9/6/2016 8:40:54 AM	disk	154	None	The IO operation at logical block address 0x0 for Disk 2 (PDO name: \Device\00000058) failed due to a hardware error.
Error	9/6/2016 8:40:54 AM	disk	154	None	The IO operation at logical block address 0x0 for Disk 2 (PDO name: \Device\00000058) failed due to a hardware error.
Error	9/6/2016 8:40:53 AM	disk	154	None	The IO operation at logical block address 0x0 for Disk 2 (PDO name: \Device\00000058) failed due to a hardware error.
Error	9/6/2016 8:40:53 AM	disk	154	None	The IO operation at logical block address 0x0 for Disk 2 (PDO name: \Device\00000058) failed due to a hardware error.
Error	9/6/2016 8:40:52 AM	disk	154	None	The IO operation at logical block address 0x0 for Disk 2 (PDO name: \Device\00000058) failed due to a hardware error.
Error	9/6/2016 8:40:52 AM	disk	154	None	The IO operation at logical block address 0x0 for Disk 2 (PDO name: \Device\00000058) failed due to a hardware error.
Error	9/6/2016 8:40:51 AM	disk	154	None	The IO operation at logical block address 0x0 for Disk 2 (PDO name: \Device\00000058) failed due to a hardware error.
Error	9/6/2016 8:40:51 AM	disk	154	None	The IO operation at logical block address 0x0 for Disk 2 (PDO name: \Device\00000058) failed due to a hardware error.
Information	9/6/2016 8:40:50 AM	Service Control Manager	7040	None	The start type of the Acronis Nonstop Backup Service service was changed from disabled to auto start.
Error	9/6/2016 8:40:50 AM	Service Control Manager	7034	None	The Acronis Nonstop Backup Service service terminated unexpectedly.  It has done this 1 time(s).
Information	9/6/2016 8:40:49 AM	Service Control Manager	7040	None	The start type of the Acronis Nonstop Backup Service service was changed from auto start to disabled.
Error	9/6/2016 8:40:37 AM	disk	154	None	The IO operation at logical block address 0x0 for Disk 2 (PDO name: \Device\00000058) failed due to a hardware error.
Error	9/6/2016 8:40:36 AM	disk	154	None	The IO operation at logical block address 0x0 for Disk 2 (PDO name: \Device\00000058) failed due to a hardware error.
Error	9/6/2016 8:40:35 AM	disk	154	None	The IO operation at logical block address 0x0 for Disk 2 (PDO name: \Device\00000058) failed due to a hardware error.
Error	9/6/2016 8:40:34 AM	disk	154	None	The IO operation at logical block address 0x0 for Disk 2 (PDO name: \Device\00000058) failed due to a hardware error.
Error	9/6/2016 8:40:34 AM	disk	154	None	The IO operation at logical block address 0x0 for Disk 2 (PDO name: \Device\00000058) failed due to a hardware error.
Error	9/6/2016 8:40:33 AM	disk	154	None	The IO operation at logical block address 0x0 for Disk 2 (PDO name: \Device\00000058) failed due to a hardware error.
Error	9/6/2016 8:40:29 AM	disk	154	None	The IO operation at logical block address 0x0 for Disk 2 (PDO name: \Device\00000058) failed due to a hardware error.
Error	9/6/2016 8:40:14 AM	disk	154	None	The IO operation at logical block address 0x0 for Disk 2 (PDO name: \Device\00000058) failed due to a hardware error.
Error	9/6/2016 8:40:14 AM	disk	154	None	The IO operation at logical block address 0x0 for Disk 2 (PDO name: \Device\00000058) failed due to a hardware error.
Error	9/6/2016 8:40:13 AM	disk	154	None	The IO operation at logical block address 0x0 for Disk 2 (PDO name: \Device\00000058) failed due to a hardware error.
Error	9/6/2016 8:40:13 AM	disk	154	None	The IO operation at logical block address 0x0 for Disk 2 (PDO name: \Device\00000058) failed due to a hardware error.
Error	9/6/2016 8:40:12 AM	disk	154	None	The IO operation at logical block address 0x0 for Disk 2 (PDO name: \Device\00000058) failed due to a hardware error.
Error	9/6/2016 8:40:12 AM	disk	154	None	The IO operation at logical block address 0x0 for Disk 2 (PDO name: \Device\00000058) failed due to a hardware error.
Error	9/6/2016 8:40:11 AM	disk	154	None	The IO operation at logical block address 0x0 for Disk 2 (PDO name: \Device\00000058) failed due to a hardware error.
Information	9/6/2016 8:40:08 AM	Microsoft-Windows-FilterManager	6	None	File System Filter 'file_tracker' (6.3, ‎2016‎-‎02‎-‎08T03:52:31.000000000Z) has successfully loaded and registered with Filter Manager.
Information	9/6/2016 8:40:08 AM	Service Control Manager	7045	None	"A service was installed in the system.

Service Name:  Acronis File Tracker Driver
Service File Name:  system32\DRIVERS\file_tracker.sys
Service Type:  kernel mode driver
Service Start Type:  boot start
Service Account:  "
Information	9/6/2016 8:40:08 AM	Service Control Manager	7045	None	"A service was installed in the system.

Service Name:  Acronis Nonstop Backup Service
Service File Name:  C:\Program Files (x86)\Common Files\Acronis\CDP\afcdpsrv.exe
Service Type:  user mode service
Service Start Type:  auto start
Service Account:  LocalSystem"
Information	9/6/2016 8:40:05 AM	Service Control Manager	7040	None	The start type of the Acronis Managed Machine Service Mini service was changed from auto start to disabled.
Information	9/6/2016 8:40:05 AM	Service Control Manager	7045	None	"A service was installed in the system.

Service Name:  Acronis Managed Machine Service Mini
Service File Name:  ""C:\Program Files (x86)\Common Files\Acronis\Infrastructure\mms_mini.exe""
Service Type:  user mode service
Service Start Type:  auto start
Service Account:  LocalSystem"
Error	9/6/2016 8:40:05 AM	disk	154	None	The IO operation at logical block address 0x918 for Disk 2 (PDO name: \Device\00000058) failed due to a hardware error.
Information	9/6/2016 8:40:05 AM	Service Control Manager	7045	None	"A service was installed in the system.

Service Name:  Acronis Virtual File Driver
Service File Name:  system32\DRIVERS\virtual_file.sys
Service Type:  kernel mode driver
Service Start Type:  auto start
Service Account:  "
Information	9/6/2016 8:40:04 AM	Service Control Manager	7045	None	"A service was installed in the system.

Service Name:  Acronis Try&Decide filter
Service File Name:  \SystemRoot\system32\DRIVERS\tnd.sys
Service Type:  kernel mode driver
Service Start Type:  demand start
Service Account:  "
Error	9/6/2016 8:40:04 AM	disk	154	None	The IO operation at logical block address 0x918 for Disk 2 (PDO name: \Device\00000058) failed due to a hardware error.
Information	9/6/2016 8:40:04 AM	Service Control Manager	7045	None	"A service was installed in the system.

Service Name:  Acronis TIB Mounter
Service File Name:  \SystemRoot\system32\DRIVERS\tib_mounter.sys
Service Type:  kernel mode driver
Service Start Type:  auto start
Service Account:  "
Error	9/6/2016 8:40:04 AM	disk	154	None	The IO operation at logical block address 0x918 for Disk 2 (PDO name: \Device\00000058) failed due to a hardware error.
Information	9/6/2016 8:40:04 AM	Service Control Manager	7045	None	"A service was installed in the system.

Service Name:  Acronis TIB Manager
Service File Name:  system32\DRIVERS\tib.sys
Service Type:  kernel mode driver
Service Start Type:  boot start
Service Account:  "
Information	9/6/2016 8:40:04 AM	Service Control Manager	7045	None	"A service was installed in the system.

Service Name:  Acronis Sync Agent Service
Service File Name:  ""C:\Program Files (x86)\Common Files\Acronis\SyncAgent\syncagentsrv.exe""
Service Type:  user mode service
Service Start Type:  auto start
Service Account:  LocalSystem"
Information	9/6/2016 8:40:03 AM	Service Control Manager	7045	None	"A service was installed in the system.

Service Name:  Acronis Scheduler2 Service
Service File Name:  ""C:\Program Files (x86)\Common Files\Acronis\Schedule2\schedul2.exe""
Service Type:  user mode service
Service Start Type:  auto start
Service Account:  LocalSystem"
Error	9/6/2016 8:40:03 AM	disk	154	None	The IO operation at logical block address 0x918 for Disk 2 (PDO name: \Device\00000058) failed due to a hardware error.
Error	9/6/2016 8:40:03 AM	disk	154	None	The IO operation at logical block address 0x918 for Disk 2 (PDO name: \Device\00000058) failed due to a hardware error.
Information	9/6/2016 8:40:02 AM	Service Control Manager	7045	None	"A service was installed in the system.

Service Name:  Acronis Snapshots Manager
Service File Name:  system32\DRIVERS\snapman.sys
Service Type:  kernel mode driver
Service Start Type:  boot start
Service Account:  "
Error	9/6/2016 8:40:02 AM	disk	154	None	The IO operation at logical block address 0x918 for Disk 2 (PDO name: \Device\00000058) failed due to a hardware error.
Information	9/6/2016 8:40:02 AM	Service Control Manager	7045	None	"A service was installed in the system.

Service Name:  Acronis Storage Filter Management
Service File Name:  system32\DRIVERS\fltsrv.sys
Service Type:  kernel mode driver
Service Start Type:  boot start
Service Account:  "
Error	9/6/2016 8:40:01 AM	disk	154	None	The IO operation at logical block address 0x918 for Disk 2 (PDO name: \Device\00000058) failed due to a hardware error.
Error	9/6/2016 8:40:01 AM	disk	154	None	The IO operation at logical block address 0x600858 for Disk 2 (PDO name: \Device\00000058) failed due to a hardware error.
Error	9/6/2016 8:40:00 AM	disk	154	None	The IO operation at logical block address 0x600858 for Disk 2 (PDO name: \Device\00000058) failed due to a hardware error.
Error	9/6/2016 8:40:00 AM	disk	154	None	The IO operation at logical block address 0x600858 for Disk 2 (PDO name: \Device\00000058) failed due to a hardware error.
Error	9/6/2016 8:39:59 AM	disk	154	None	The IO operation at logical block address 0x600858 for Disk 2 (PDO name: \Device\00000058) failed due to a hardware error.
Error	9/6/2016 8:39:59 AM	disk	154	None	The IO operation at logical block address 0x600858 for Disk 2 (PDO name: \Device\00000058) failed due to a hardware error.
Error	9/6/2016 8:39:58 AM	disk	154	None	The IO operation at logical block address 0x600858 for Disk 2 (PDO name: \Device\00000058) failed due to a hardware error.
Error	9/6/2016 8:39:58 AM	disk	154	None	The IO operation at logical block address 0x600858 for Disk 2 (PDO name: \Device\00000058) failed due to a hardware error.
Error	9/6/2016 8:39:57 AM	disk	154	None	The IO operation at logical block address 0x600858 for Disk 2 (PDO name: \Device\00000058) failed due to a hardware error.
Error	9/6/2016 8:39:57 AM	disk	154	None	The IO operation at logical block address 0x600858 for Disk 2 (PDO name: \Device\00000058) failed due to a hardware error.
Error	9/6/2016 8:39:56 AM	disk	154	None	The IO operation at logical block address 0x600858 for Disk 2 (PDO name: \Device\00000058) failed due to a hardware error.
Error	9/6/2016 8:39:55 AM	disk	154	None	The IO operation at logical block address 0x600858 for Disk 2 (PDO name: \Device\00000058) failed due to a hardware error.
Error	9/6/2016 8:39:55 AM	disk	154	None	The IO operation at logical block address 0x600858 for Disk 2 (PDO name: \Device\00000058) failed due to a hardware error.
Error	9/6/2016 8:39:54 AM	disk	154	None	The IO operation at logical block address 0x600858 for Disk 2 (PDO name: \Device\00000058) failed due to a hardware error.
Error	9/6/2016 8:39:54 AM	disk	154	None	The IO operation at logical block address 0x600858 for Disk 2 (PDO name: \Device\00000058) failed due to a hardware error.
Error	9/6/2016 8:39:53 AM	disk	154	None	The IO operation at logical block address 0x918 for Disk 2 (PDO name: \Device\00000058) failed due to a hardware error.
Error	9/6/2016 8:39:53 AM	disk	154	None	The IO operation at logical block address 0x918 for Disk 2 (PDO name: \Device\00000058) failed due to a hardware error.
Error	9/6/2016 8:39:52 AM	disk	154	None	The IO operation at logical block address 0x918 for Disk 2 (PDO name: \Device\00000058) failed due to a hardware error.
Error	9/6/2016 8:39:52 AM	disk	154	None	The IO operation at logical block address 0x918 for Disk 2 (PDO name: \Device\00000058) failed due to a hardware error.
Error	9/6/2016 8:39:51 AM	disk	154	None	The IO operation at logical block address 0x918 for Disk 2 (PDO name: \Device\00000058) failed due to a hardware error.
Error	9/6/2016 8:39:51 AM	disk	154	None	The IO operation at logical block address 0x918 for Disk 2 (PDO name: \Device\00000058) failed due to a hardware error.
Error	9/6/2016 8:39:50 AM	disk	154	None	The IO operation at logical block address 0x918 for Disk 2 (PDO name: \Device\00000058) failed due to a hardware error.
Error	9/6/2016 8:39:50 AM	disk	154	None	The IO operation at logical block address 0x918 for Disk 2 (PDO name: \Device\00000058) failed due to a hardware error.
Error	9/6/2016 8:39:49 AM	disk	154	None	The IO operation at logical block address 0x918 for Disk 2 (PDO name: \Device\00000058) failed due to a hardware error.
Error	9/6/2016 8:39:49 AM	disk	154	None	The IO operation at logical block address 0x918 for Disk 2 (PDO name: \Device\00000058) failed due to a hardware error.
Error	9/6/2016 8:39:48 AM	disk	154	None	The IO operation at logical block address 0x918 for Disk 2 (PDO name: \Device\00000058) failed due to a hardware error.
Error	9/6/2016 8:39:48 AM	disk	154	None	The IO operation at logical block address 0x918 for Disk 2 (PDO name: \Device\00000058) failed due to a hardware error.
Error	9/6/2016 8:39:47 AM	disk	154	None	The IO operation at logical block address 0x918 for Disk 2 (PDO name: \Device\00000058) failed due to a hardware error.
Error	9/6/2016 8:39:47 AM	disk	154	None	The IO operation at logical block address 0x918 for Disk 2 (PDO name: \Device\00000058) failed due to a hardware error.
Error	9/6/2016 8:39:46 AM	disk	154	None	The IO operation at logical block address 0x600858 for Disk 2 (PDO name: \Device\00000058) failed due to a hardware error.
Error	9/6/2016 8:39:44 AM	disk	154	None	The IO operation at logical block address 0x600858 for Disk 2 (PDO name: \Device\00000058) failed due to a hardware error.
Error	9/6/2016 8:39:43 AM	disk	154	None	The IO operation at logical block address 0x600858 for Disk 2 (PDO name: \Device\00000058) failed due to a hardware error.
Error	9/6/2016 8:39:43 AM	disk	154	None	The IO operation at logical block address 0x600858 for Disk 2 (PDO name: \Device\00000058) failed due to a hardware error.
Error	9/6/2016 8:39:42 AM	disk	154	None	The IO operation at logical block address 0x600858 for Disk 2 (PDO name: \Device\00000058) failed due to a hardware error.
