Information	8/31/2016 10:35:12 AM	Microsoft-Windows-Kernel-General	16	None	The access history in hive \??\C:\Users\AndyL\AppData\Local\Packages\Microsoft.DesktopAppInstaller_8wekyb3d8bbwe\Settings\settings.dat was cleared updating 3 keys and creating 1 modified pages.
Information	8/31/2016 10:35:12 AM	Microsoft-Windows-Kernel-General	16	None	The access history in hive \??\C:\Users\AndyL\AppData\Local\Packages\Microsoft.BioEnrollment_cw5n1h2txyewy\Settings\settings.dat was cleared updating 3 keys and creating 1 modified pages.
Information	8/31/2016 10:35:12 AM	Microsoft-Windows-Kernel-General	16	None	The access history in hive \??\C:\Users\AndyL\AppData\Local\Packages\Microsoft.BingWeather_8wekyb3d8bbwe\Settings\settings.dat was cleared updating 3 keys and creating 1 modified pages.
Information	8/31/2016 10:35:12 AM	Microsoft-Windows-Kernel-General	16	None	The access history in hive \??\C:\Users\AndyL\AppData\Local\Packages\Microsoft.AccountsControl_cw5n1h2txyewy\Settings\settings.dat was cleared updating 3 keys and creating 1 modified pages.
Information	8/31/2016 10:35:12 AM	Microsoft-Windows-Kernel-General	16	None	The access history in hive \??\C:\Users\AndyL\AppData\Local\Packages\Microsoft.AAD.BrokerPlugin_cw5n1h2txyewy\Settings\settings.dat was cleared updating 3 keys and creating 1 modified pages.
Information	8/31/2016 10:34:20 AM	Microsoft-Windows-UserPnp	20001	(7005)	Driver Management concluded the process to install driver rtsperx.inf_amd64_67488ae6c4996530\rtsperx.inf for Device Instance ID PCI\VEN_10EC&DEV_5227&SUBSYS_222317AA&REV_01\4&1D28DC39&0&00E0 with the following status: 0x0.
Information	8/31/2016 10:34:20 AM	Microsoft-Windows-UserPnp	20003	(7005)	Driver Management has concluded the process to add Service RTSPER for Device Instance ID PCI\VEN_10EC&DEV_5227&SUBSYS_222317AA&REV_01\4&1D28DC39&0&00E0 with the following status: 0.
Information	8/31/2016 10:34:20 AM	Service Control Manager	7045	None	"A service was installed in the system.

Service Name:  Realtek PCIE Card Reader - PER
Service File Name:  \SystemRoot\system32\DRIVERS\RtsPer.sys
Service Type:  kernel mode driver
Service Start Type:  demand start
Service Account:  "
Information	8/31/2016 10:34:19 AM	Microsoft-Windows-UserPnp	20001	(7005)	Driver Management concluded the process to install driver hpq_la2205.inf_amd64_abcb5f327be0672c\hpq_la2205.inf for Device Instance ID DISPLAY\HWP2847\8&20C3A861&0&UID256 with the following status: 0x0.
Information	8/31/2016 10:34:18 AM	Microsoft-Windows-WindowsUpdateClient	44	Windows Update Agent	Windows Update started downloading an update.
Information	8/31/2016 10:34:16 AM	Microsoft-Windows-UserPnp	20001	(7005)	Driver Management concluded the process to install driver dlidusb.inf_amd64_5505a59545ffb5da\dlidusb.inf for Device Instance ID USB\VID_17E9&PID_4307&MI_00\7&8D2DA4C&0&0000 with the following status: 0x0.
Information	8/31/2016 10:34:16 AM	Microsoft-Windows-UserPnp	20003	(7005)	Driver Management has concluded the process to add Service WUDFRd for Device Instance ID USB\VID_17E9&PID_4307&MI_00\7&8D2DA4C&0&0000 with the following status: 0.
Information	8/31/2016 10:34:16 AM	Microsoft-Windows-DriverFrameworks-UserMode	10100	Installation or update of device drivers.	The driver package installation has succeeded.
Information	8/31/2016 10:34:16 AM	Microsoft-Windows-DriverFrameworks-UserMode	10002	Installation or update of device drivers.	The UMDF service dlidusb (CLSID {00000000-0000-0000-0000-000000000000}) was upgraded.  It requires framework version 2.19.0 or higher.
Information	8/31/2016 10:34:16 AM	Microsoft-Windows-DriverFrameworks-UserMode	10000	Installation or update of device drivers.	A driver package which uses user-mode driver framework version 2.19.0 is being installed on device USB\VID_17E9&PID_4307&MI_00\7&8D2DA4C&0&0000.
Information	8/31/2016 10:34:09 AM	Microsoft-Windows-UserPnp	20001	(7005)	Driver Management concluded the process to install driver dlusbaudio.inf_amd64_ed86e46bfb032327\dlusbaudio.inf for Device Instance ID USB\VID_17E9&PID_4307&MI_02\7&8D2DA4C&0&0002 with the following status: 0x0.
Error	8/31/2016 10:34:08 AM	Microsoft-Windows-DistributedCOM	10016	None	"The application-specific permission settings do not grant Local Activation permission for the COM Server application with CLSID 
{260EB9DE-5CBE-4BFF-A99A-3710AF55BF1E}
 and APPID 
{260EB9DE-5CBE-4BFF-A99A-3710AF55BF1E}
 to the user DESKTOP-EEMI531\AndyL SID (S-1-5-21-1575717692-3803065512-522513972-1001) from address LocalHost (Using LRPC) running in the application container Microsoft.Windows.ShellExperienceHost_10.0.14393.0_neutral_neutral_cw5n1h2txyewy SID (S-1-15-2-155514346-2573954481-755741238-1654018636-1233331829-3075935687-2861478708). This security permission can be modified using the Component Services administrative tool."
Information	8/31/2016 10:34:07 AM	Microsoft-Windows-Kernel-General	16	None	The access history in hive \??\C:\Users\AndyL\AppData\Local\Packages\Microsoft.Windows.ShellExperienceHost_cw5n1h2txyewy\Settings\settings.dat was cleared updating 3 keys and creating 1 modified pages.
Information	8/31/2016 10:34:07 AM	Microsoft-Windows-UserPnp	20003	(7005)	Driver Management has concluded the process to add Service dlusbaudio for Device Instance ID USB\VID_17E9&PID_4307&MI_02\7&8D2DA4C&0&0002 with the following status: 0.
Information	8/31/2016 10:34:07 AM	Microsoft-Windows-Kernel-General	16	None	The access history in hive \??\C:\Users\AndyL\AppData\Local\Packages\Microsoft.Windows.Cortana_cw5n1h2txyewy\Settings\settings.dat was cleared updating 3 keys and creating 1 modified pages.
Information	8/31/2016 10:34:06 AM	Microsoft-Windows-UserPnp	20001	(7005)	Driver Management concluded the process to install driver dlcdcncm.inf_amd64_40ab716821202f5c\dlcdcncm.inf for Device Instance ID USB\VID_17E9&PID_4307&MI_05\7&8D2DA4C&0&0005 with the following status: 0x0.
Information	8/31/2016 10:34:05 AM	Microsoft-Windows-UserPnp	20001	(7005)	Driver Management concluded the process to install driver dlidusb.inf_amd64_5505a59545ffb5da\dlidusb.inf for Device Instance ID USB\VID_17E9&PID_4307&MI_01\7&8D2DA4C&0&0001 with the following status: 0x0.
Information	8/31/2016 10:34:05 AM	Microsoft-Windows-UserPnp	20003	(7005)	Driver Management has concluded the process to add Service WUDFRd for Device Instance ID USB\VID_17E9&PID_4307&MI_01\7&8D2DA4C&0&0001 with the following status: 0.
Information	8/31/2016 10:34:04 AM	Microsoft-Windows-Kernel-General	16	None	The access history in hive \??\C:\Users\AndyL\AppData\Local\Packages\Microsoft.Windows.ContentDeliveryManager_cw5n1h2txyewy\Settings\settings.dat was cleared updating 3 keys and creating 1 modified pages.
Information	8/31/2016 10:34:04 AM	Microsoft-Windows-WindowsUpdateClient	44	Windows Update Agent	Windows Update started downloading an update.
Information	8/31/2016 10:34:04 AM	Microsoft-Windows-DriverFrameworks-UserMode	10100	Installation or update of device drivers.	The driver package installation has succeeded.
Information	8/31/2016 10:34:04 AM	Microsoft-Windows-DriverFrameworks-UserMode	10001	Installation or update of device drivers.	The UMDF service dlidusb (CLSID {00000000-0000-0000-0000-000000000000}) was installed.  It requires framework version 2.19.0 or higher.
Information	8/31/2016 10:34:04 AM	Microsoft-Windows-DriverFrameworks-UserMode	10000	Installation or update of device drivers.	A driver package which uses user-mode driver framework version 2.19.0 is being installed on device USB\VID_17E9&PID_4307&MI_01\7&8D2DA4C&0&0001.
Information	8/31/2016 10:34:01 AM	Win32k	267	None	"The description for Event ID 267 from source Win32k cannot be found. Either the component that raises this event is not installed on your local computer or the installation is corrupted. You can install or repair the component on the local computer.

If the event originated on another computer, the display information had to be saved with the event.

The following information was included with the event: 


The specified resource type cannot be found in the image file
"
Error	8/31/2016 10:34:01 AM	Microsoft-Windows-DistributedCOM	10016	None	"The application-specific permission settings do not grant Local Activation permission for the COM Server application with CLSID 
{6B3B8D23-FA8D-40B9-8DBD-B950333E2C52}
 and APPID 
{4839DDB7-58C2-48F5-8283-E1D1807D0D7D}
 to the user NT AUTHORITY\LOCAL SERVICE SID (S-1-5-19) from address LocalHost (Using LRPC) running in the application container Unavailable SID (Unavailable). This security permission can be modified using the Component Services administrative tool."
Error	8/31/2016 10:34:01 AM	Microsoft-Windows-DistributedCOM	10016	None	"The application-specific permission settings do not grant Local Activation permission for the COM Server application with CLSID 
{6B3B8D23-FA8D-40B9-8DBD-B950333E2C52}
 and APPID 
{4839DDB7-58C2-48F5-8283-E1D1807D0D7D}
 to the user NT AUTHORITY\LOCAL SERVICE SID (S-1-5-19) from address LocalHost (Using LRPC) running in the application container Unavailable SID (Unavailable). This security permission can be modified using the Component Services administrative tool."
Information	8/31/2016 10:34:01 AM	Microsoft-Windows-GroupPolicy	1501	None	The Group Policy settings for the user were processed successfully. There were no changes detected since the last successful processing of Group Policy.
Information	8/31/2016 10:34:00 AM	Microsoft-Windows-Winlogon	7001	(1101)	User Logon Notification for Customer Experience Improvement Program
Information	8/31/2016 10:34:00 AM	Win32k	267	None	"The description for Event ID 267 from source Win32k cannot be found. Either the component that raises this event is not installed on your local computer or the installation is corrupted. You can install or repair the component on the local computer.

If the event originated on another computer, the display information had to be saved with the event.

The following information was included with the event: 


The specified resource type cannot be found in the image file
"
Information	8/31/2016 10:34:00 AM	Microsoft-Windows-Winlogon	7002	(1102)	User Logoff Notification for Customer Experience Improvement Program
Error	8/31/2016 10:33:59 AM	Microsoft-Windows-DistributedCOM	10010	None	The server {AA65DD7C-83AC-48C0-A6FD-9B61FEBF8800} did not register with DCOM within the required timeout.
Error	8/31/2016 10:33:59 AM	Microsoft-Windows-DistributedCOM	10010	None	The server {AA65DD7C-83AC-48C0-A6FD-9B61FEBF8800} did not register with DCOM within the required timeout.
Error	8/31/2016 10:33:59 AM	Microsoft-Windows-DistributedCOM	10010	None	The server {AA65DD7C-83AC-48C0-A6FD-9B61FEBF8800} did not register with DCOM within the required timeout.
Error	8/31/2016 10:33:59 AM	Microsoft-Windows-DistributedCOM	10010	None	The server {AA65DD7C-83AC-48C0-A6FD-9B61FEBF8800} did not register with DCOM within the required timeout.
Error	8/31/2016 10:33:59 AM	Microsoft-Windows-DistributedCOM	10010	None	The server {AA65DD7C-83AC-48C0-A6FD-9B61FEBF8800} did not register with DCOM within the required timeout.
Error	8/31/2016 10:33:58 AM	Microsoft-Windows-DistributedCOM	10010	None	The server {AA65DD7C-83AC-48C0-A6FD-9B61FEBF8800} did not register with DCOM within the required timeout.
Information	8/31/2016 10:33:25 AM	Microsoft-Windows-TPM-WMI	1026	None	"The Trusted Platform Module (TPM) hardware on this computer cannot be provisioned for use automatically.  To set up the TPM interactively use the TPM management console (Start->tpm.msc) and use the action to make the TPM ready.

Error: The TPM provisioning action is not allowed by the specified flags.  For provisioning to be successful, one of several actions may be required.  The TPM management console (tpm.msc) action to make the TPM Ready may help.  For further information, see the documentation for the Win32_Tpm WMI method 'Provision'.  (The actions that may be required include importing the TPM Owner Authorization value into the system, calling the Win32_Tpm WMI method for provisioning the TPM and specifying TRUE for either 'ForceClear_Allowed' or 'PhysicalPresencePrompts_Allowed' (as indicated by the value returned in the Additional Information), or enabling the TPM in the system BIOS.)
Additional Information: 0x80011c"
Information	8/31/2016 10:33:18 AM	Microsoft-Windows-Kernel-General	16	None	The access history in hive \??\C:\Users\defaultuser0\AppData\Local\Packages\Microsoft.Windows.CloudExperienceHost_cw5n1h2txyewy\Settings\settings.dat was cleared updating 3 keys and creating 1 modified pages.
Information	8/31/2016 10:33:17 AM	Microsoft-Windows-TPM-WMI	1026	None	"The Trusted Platform Module (TPM) hardware on this computer cannot be provisioned for use automatically.  To set up the TPM interactively use the TPM management console (Start->tpm.msc) and use the action to make the TPM ready.

Error: The TPM provisioning action is not allowed by the specified flags.  For provisioning to be successful, one of several actions may be required.  The TPM management console (tpm.msc) action to make the TPM Ready may help.  For further information, see the documentation for the Win32_Tpm WMI method 'Provision'.  (The actions that may be required include importing the TPM Owner Authorization value into the system, calling the Win32_Tpm WMI method for provisioning the TPM and specifying TRUE for either 'ForceClear_Allowed' or 'PhysicalPresencePrompts_Allowed' (as indicated by the value returned in the Additional Information), or enabling the TPM in the system BIOS.)
Additional Information: 0x80011c"
Information	8/31/2016 10:33:14 AM	Service Control Manager	7040	None	The start type of the Background Intelligent Transfer Service service was changed from demand start to auto start.
Information	8/31/2016 10:33:08 AM	Microsoft-Windows-TPM-WMI	1026	None	"The Trusted Platform Module (TPM) hardware on this computer cannot be provisioned for use automatically.  To set up the TPM interactively use the TPM management console (Start->tpm.msc) and use the action to make the TPM ready.

Error: The TPM provisioning action is not allowed by the specified flags.  For provisioning to be successful, one of several actions may be required.  The TPM management console (tpm.msc) action to make the TPM Ready may help.  For further information, see the documentation for the Win32_Tpm WMI method 'Provision'.  (The actions that may be required include importing the TPM Owner Authorization value into the system, calling the Win32_Tpm WMI method for provisioning the TPM and specifying TRUE for either 'ForceClear_Allowed' or 'PhysicalPresencePrompts_Allowed' (as indicated by the value returned in the Additional Information), or enabling the TPM in the system BIOS.)
Additional Information: 0x80011c"
Information	8/31/2016 10:33:01 AM	Microsoft-Windows-TPM-WMI	1026	None	"The Trusted Platform Module (TPM) hardware on this computer cannot be provisioned for use automatically.  To set up the TPM interactively use the TPM management console (Start->tpm.msc) and use the action to make the TPM ready.

Error: The TPM provisioning action is not allowed by the specified flags.  For provisioning to be successful, one of several actions may be required.  The TPM management console (tpm.msc) action to make the TPM Ready may help.  For further information, see the documentation for the Win32_Tpm WMI method 'Provision'.  (The actions that may be required include importing the TPM Owner Authorization value into the system, calling the Win32_Tpm WMI method for provisioning the TPM and specifying TRUE for either 'ForceClear_Allowed' or 'PhysicalPresencePrompts_Allowed' (as indicated by the value returned in the Additional Information), or enabling the TPM in the system BIOS.)
Additional Information: 0x11c"
Information	8/31/2016 10:33:01 AM	Microsoft-Windows-TPM-WMI	1282	None	The TBS device identifier has been generated.
Information	8/31/2016 10:32:53 AM	Service Control Manager	7040	None	The start type of the Windows Biometric Service service was changed from demand start to auto start.
Error	8/31/2016 10:32:52 AM	Microsoft-Windows-DistributedCOM	10016	None	"The application-specific permission settings do not grant Local Activation permission for the COM Server application with CLSID 
{6B3B8D23-FA8D-40B9-8DBD-B950333E2C52}
 and APPID 
{4839DDB7-58C2-48F5-8283-E1D1807D0D7D}
 to the user NT AUTHORITY\LOCAL SERVICE SID (S-1-5-19) from address LocalHost (Using LRPC) running in the application container Unavailable SID (Unavailable). This security permission can be modified using the Component Services administrative tool."
Error	8/31/2016 10:32:52 AM	Microsoft-Windows-DistributedCOM	10016	None	"The application-specific permission settings do not grant Local Activation permission for the COM Server application with CLSID 
{6B3B8D23-FA8D-40B9-8DBD-B950333E2C52}
 and APPID 
{4839DDB7-58C2-48F5-8283-E1D1807D0D7D}
 to the user NT AUTHORITY\LOCAL SERVICE SID (S-1-5-19) from address LocalHost (Using LRPC) running in the application container Unavailable SID (Unavailable). This security permission can be modified using the Component Services administrative tool."
Information	8/31/2016 10:32:51 AM	Microsoft-Windows-GroupPolicy	1501	None	The Group Policy settings for the user were processed successfully. There were no changes detected since the last successful processing of Group Policy.
Information	8/31/2016 10:32:51 AM	Microsoft-Windows-Winlogon	7001	(1101)	User Logon Notification for Customer Experience Improvement Program
Information	8/31/2016 10:32:51 AM	Microsoft-Windows-GroupPolicy	1500	None	The Group Policy settings for the computer were processed successfully. There were no changes detected since the last successful processing of Group Policy.
Information	8/31/2016 10:32:51 AM	Lfsvc	1	None	Geolocation positioning is enabled.
Information	8/31/2016 10:32:50 AM	Microsoft-Windows-Kernel-General	1	(5)	"The system time has changed to ‎2016‎-‎08‎-‎31T16:32:50.430000000Z from ‎2016‎-‎08‎-‎31T16:32:50.442506700Z.

Change Reason: An application or system component changed the time."
Error	8/31/2016 10:32:04 AM	Microsoft-Windows-DistributedCOM	10016	None	"The application-specific permission settings do not grant Local Activation permission for the COM Server application with CLSID 
{D63B10C5-BB46-4990-A94F-E40B9D520160}
 and APPID 
{9CA88EE3-ACB7-47C8-AFC4-AB702511C276}
 to the user NT AUTHORITY\LOCAL SERVICE SID (S-1-5-19) from address LocalHost (Using LRPC) running in the application container Unavailable SID (Unavailable). This security permission can be modified using the Component Services administrative tool."
Error	8/31/2016 10:32:04 AM	Microsoft-Windows-DistributedCOM	10016	None	"The application-specific permission settings do not grant Local Activation permission for the COM Server application with CLSID 
{D63B10C5-BB46-4990-A94F-E40B9D520160}
 and APPID 
{9CA88EE3-ACB7-47C8-AFC4-AB702511C276}
 to the user NT AUTHORITY\LOCAL SERVICE SID (S-1-5-19) from address LocalHost (Using LRPC) running in the application container Unavailable SID (Unavailable). This security permission can be modified using the Component Services administrative tool."
Error	8/31/2016 10:32:04 AM	Microsoft-Windows-DistributedCOM	10016	None	"The application-specific permission settings do not grant Local Activation permission for the COM Server application with CLSID 
{D63B10C5-BB46-4990-A94F-E40B9D520160}
 and APPID 
{9CA88EE3-ACB7-47C8-AFC4-AB702511C276}
 to the user NT AUTHORITY\LOCAL SERVICE SID (S-1-5-19) from address LocalHost (Using LRPC) running in the application container Unavailable SID (Unavailable). This security permission can be modified using the Component Services administrative tool."
Error	8/31/2016 10:32:04 AM	Microsoft-Windows-DistributedCOM	10016	None	"The application-specific permission settings do not grant Local Activation permission for the COM Server application with CLSID 
{D63B10C5-BB46-4990-A94F-E40B9D520160}
 and APPID 
{9CA88EE3-ACB7-47C8-AFC4-AB702511C276}
 to the user NT AUTHORITY\LOCAL SERVICE SID (S-1-5-19) from address LocalHost (Using LRPC) running in the application container Unavailable SID (Unavailable). This security permission can be modified using the Component Services administrative tool."
Error	8/31/2016 10:32:04 AM	Microsoft-Windows-DistributedCOM	10016	None	"The application-specific permission settings do not grant Local Activation permission for the COM Server application with CLSID 
{D63B10C5-BB46-4990-A94F-E40B9D520160}
 and APPID 
{9CA88EE3-ACB7-47C8-AFC4-AB702511C276}
 to the user NT AUTHORITY\LOCAL SERVICE SID (S-1-5-19) from address LocalHost (Using LRPC) running in the application container Unavailable SID (Unavailable). This security permission can be modified using the Component Services administrative tool."
Error	8/31/2016 10:32:03 AM	Microsoft-Windows-DistributedCOM	10016	None	"The application-specific permission settings do not grant Local Activation permission for the COM Server application with CLSID 
{D63B10C5-BB46-4990-A94F-E40B9D520160}
 and APPID 
{9CA88EE3-ACB7-47C8-AFC4-AB702511C276}
 to the user NT AUTHORITY\LOCAL SERVICE SID (S-1-5-19) from address LocalHost (Using LRPC) running in the application container Unavailable SID (Unavailable). This security permission can be modified using the Component Services administrative tool."
Error	8/31/2016 10:32:03 AM	Microsoft-Windows-DistributedCOM	10016	None	"The application-specific permission settings do not grant Local Activation permission for the COM Server application with CLSID 
{D63B10C5-BB46-4990-A94F-E40B9D520160}
 and APPID 
{9CA88EE3-ACB7-47C8-AFC4-AB702511C276}
 to the user NT AUTHORITY\LOCAL SERVICE SID (S-1-5-19) from address LocalHost (Using LRPC) running in the application container Unavailable SID (Unavailable). This security permission can be modified using the Component Services administrative tool."
Error	8/31/2016 10:32:03 AM	Microsoft-Windows-DistributedCOM	10016	None	"The application-specific permission settings do not grant Local Activation permission for the COM Server application with CLSID 
{D63B10C5-BB46-4990-A94F-E40B9D520160}
 and APPID 
{9CA88EE3-ACB7-47C8-AFC4-AB702511C276}
 to the user NT AUTHORITY\LOCAL SERVICE SID (S-1-5-19) from address LocalHost (Using LRPC) running in the application container Unavailable SID (Unavailable). This security permission can be modified using the Component Services administrative tool."
Error	8/31/2016 10:32:03 AM	Microsoft-Windows-DistributedCOM	10016	None	"The application-specific permission settings do not grant Local Activation permission for the COM Server application with CLSID 
{D63B10C5-BB46-4990-A94F-E40B9D520160}
 and APPID 
{9CA88EE3-ACB7-47C8-AFC4-AB702511C276}
 to the user NT AUTHORITY\LOCAL SERVICE SID (S-1-5-19) from address LocalHost (Using LRPC) running in the application container Unavailable SID (Unavailable). This security permission can be modified using the Component Services administrative tool."
Error	8/31/2016 10:32:03 AM	Microsoft-Windows-DistributedCOM	10016	None	"The application-specific permission settings do not grant Local Activation permission for the COM Server application with CLSID 
{D63B10C5-BB46-4990-A94F-E40B9D520160}
 and APPID 
{9CA88EE3-ACB7-47C8-AFC4-AB702511C276}
 to the user NT AUTHORITY\LOCAL SERVICE SID (S-1-5-19) from address LocalHost (Using LRPC) running in the application container Unavailable SID (Unavailable). This security permission can be modified using the Component Services administrative tool."
Error	8/31/2016 10:32:03 AM	Microsoft-Windows-DistributedCOM	10016	None	"The application-specific permission settings do not grant Local Activation permission for the COM Server application with CLSID 
{D63B10C5-BB46-4990-A94F-E40B9D520160}
 and APPID 
{9CA88EE3-ACB7-47C8-AFC4-AB702511C276}
 to the user NT AUTHORITY\LOCAL SERVICE SID (S-1-5-19) from address LocalHost (Using LRPC) running in the application container Unavailable SID (Unavailable). This security permission can be modified using the Component Services administrative tool."
Error	8/31/2016 10:32:03 AM	Microsoft-Windows-DistributedCOM	10016	None	"The application-specific permission settings do not grant Local Activation permission for the COM Server application with CLSID 
{D63B10C5-BB46-4990-A94F-E40B9D520160}
 and APPID 
{9CA88EE3-ACB7-47C8-AFC4-AB702511C276}
 to the user NT AUTHORITY\LOCAL SERVICE SID (S-1-5-19) from address LocalHost (Using LRPC) running in the application container Unavailable SID (Unavailable). This security permission can be modified using the Component Services administrative tool."
Error	8/31/2016 10:32:03 AM	Microsoft-Windows-DistributedCOM	10016	None	"The application-specific permission settings do not grant Local Activation permission for the COM Server application with CLSID 
{D63B10C5-BB46-4990-A94F-E40B9D520160}
 and APPID 
{9CA88EE3-ACB7-47C8-AFC4-AB702511C276}
 to the user NT AUTHORITY\LOCAL SERVICE SID (S-1-5-19) from address LocalHost (Using LRPC) running in the application container Unavailable SID (Unavailable). This security permission can be modified using the Component Services administrative tool."
Error	8/31/2016 10:32:02 AM	Microsoft-Windows-DistributedCOM	10016	None	"The application-specific permission settings do not grant Local Activation permission for the COM Server application with CLSID 
{D63B10C5-BB46-4990-A94F-E40B9D520160}
 and APPID 
{9CA88EE3-ACB7-47C8-AFC4-AB702511C276}
 to the user NT AUTHORITY\LOCAL SERVICE SID (S-1-5-19) from address LocalHost (Using LRPC) running in the application container Unavailable SID (Unavailable). This security permission can be modified using the Component Services administrative tool."
Error	8/31/2016 10:32:02 AM	Microsoft-Windows-DistributedCOM	10016	None	"The application-specific permission settings do not grant Local Activation permission for the COM Server application with CLSID 
{D63B10C5-BB46-4990-A94F-E40B9D520160}
 and APPID 
{9CA88EE3-ACB7-47C8-AFC4-AB702511C276}
 to the user NT AUTHORITY\LOCAL SERVICE SID (S-1-5-19) from address LocalHost (Using LRPC) running in the application container Unavailable SID (Unavailable). This security permission can be modified using the Component Services administrative tool."
Error	8/31/2016 10:32:02 AM	Microsoft-Windows-DistributedCOM	10016	None	"The application-specific permission settings do not grant Local Activation permission for the COM Server application with CLSID 
{D63B10C5-BB46-4990-A94F-E40B9D520160}
 and APPID 
{9CA88EE3-ACB7-47C8-AFC4-AB702511C276}
 to the user NT AUTHORITY\LOCAL SERVICE SID (S-1-5-19) from address LocalHost (Using LRPC) running in the application container Unavailable SID (Unavailable). This security permission can be modified using the Component Services administrative tool."
Error	8/31/2016 10:32:02 AM	Microsoft-Windows-DistributedCOM	10016	None	"The application-specific permission settings do not grant Local Activation permission for the COM Server application with CLSID 
{D63B10C5-BB46-4990-A94F-E40B9D520160}
 and APPID 
{9CA88EE3-ACB7-47C8-AFC4-AB702511C276}
 to the user NT AUTHORITY\LOCAL SERVICE SID (S-1-5-19) from address LocalHost (Using LRPC) running in the application container Unavailable SID (Unavailable). This security permission can be modified using the Component Services administrative tool."
Error	8/31/2016 10:32:01 AM	Microsoft-Windows-DistributedCOM	10016	None	"The application-specific permission settings do not grant Local Activation permission for the COM Server application with CLSID 
{D63B10C5-BB46-4990-A94F-E40B9D520160}
 and APPID 
{9CA88EE3-ACB7-47C8-AFC4-AB702511C276}
 to the user NT AUTHORITY\LOCAL SERVICE SID (S-1-5-19) from address LocalHost (Using LRPC) running in the application container Unavailable SID (Unavailable). This security permission can be modified using the Component Services administrative tool."
Error	8/31/2016 10:32:01 AM	Microsoft-Windows-DistributedCOM	10016	None	"The application-specific permission settings do not grant Local Activation permission for the COM Server application with CLSID 
{D63B10C5-BB46-4990-A94F-E40B9D520160}
 and APPID 
{9CA88EE3-ACB7-47C8-AFC4-AB702511C276}
 to the user NT AUTHORITY\LOCAL SERVICE SID (S-1-5-19) from address LocalHost (Using LRPC) running in the application container Unavailable SID (Unavailable). This security permission can be modified using the Component Services administrative tool."
Error	8/31/2016 10:32:01 AM	Microsoft-Windows-DistributedCOM	10016	None	"The application-specific permission settings do not grant Local Activation permission for the COM Server application with CLSID 
{D63B10C5-BB46-4990-A94F-E40B9D520160}
 and APPID 
{9CA88EE3-ACB7-47C8-AFC4-AB702511C276}
 to the user NT AUTHORITY\LOCAL SERVICE SID (S-1-5-19) from address LocalHost (Using LRPC) running in the application container Unavailable SID (Unavailable). This security permission can be modified using the Component Services administrative tool."
Error	8/31/2016 10:32:01 AM	Microsoft-Windows-DistributedCOM	10016	None	"The application-specific permission settings do not grant Local Activation permission for the COM Server application with CLSID 
{D63B10C5-BB46-4990-A94F-E40B9D520160}
 and APPID 
{9CA88EE3-ACB7-47C8-AFC4-AB702511C276}
 to the user NT AUTHORITY\LOCAL SERVICE SID (S-1-5-19) from address LocalHost (Using LRPC) running in the application container Unavailable SID (Unavailable). This security permission can be modified using the Component Services administrative tool."
Error	8/31/2016 10:32:01 AM	Microsoft-Windows-DistributedCOM	10016	None	"The application-specific permission settings do not grant Local Activation permission for the COM Server application with CLSID 
{D63B10C5-BB46-4990-A94F-E40B9D520160}
 and APPID 
{9CA88EE3-ACB7-47C8-AFC4-AB702511C276}
 to the user NT AUTHORITY\LOCAL SERVICE SID (S-1-5-19) from address LocalHost (Using LRPC) running in the application container Unavailable SID (Unavailable). This security permission can be modified using the Component Services administrative tool."
Error	8/31/2016 10:32:01 AM	Microsoft-Windows-DistributedCOM	10016	None	"The application-specific permission settings do not grant Local Activation permission for the COM Server application with CLSID 
{D63B10C5-BB46-4990-A94F-E40B9D520160}
 and APPID 
{9CA88EE3-ACB7-47C8-AFC4-AB702511C276}
 to the user NT AUTHORITY\LOCAL SERVICE SID (S-1-5-19) from address LocalHost (Using LRPC) running in the application container Unavailable SID (Unavailable). This security permission can be modified using the Component Services administrative tool."
Error	8/31/2016 10:32:00 AM	Microsoft-Windows-DistributedCOM	10016	None	"The application-specific permission settings do not grant Local Activation permission for the COM Server application with CLSID 
{D63B10C5-BB46-4990-A94F-E40B9D520160}
 and APPID 
{9CA88EE3-ACB7-47C8-AFC4-AB702511C276}
 to the user NT AUTHORITY\LOCAL SERVICE SID (S-1-5-19) from address LocalHost (Using LRPC) running in the application container Unavailable SID (Unavailable). This security permission can be modified using the Component Services administrative tool."
Error	8/31/2016 10:32:00 AM	Microsoft-Windows-DistributedCOM	10016	None	"The application-specific permission settings do not grant Local Activation permission for the COM Server application with CLSID 
{D63B10C5-BB46-4990-A94F-E40B9D520160}
 and APPID 
{9CA88EE3-ACB7-47C8-AFC4-AB702511C276}
 to the user NT AUTHORITY\LOCAL SERVICE SID (S-1-5-19) from address LocalHost (Using LRPC) running in the application container Unavailable SID (Unavailable). This security permission can be modified using the Component Services administrative tool."
Error	8/31/2016 10:32:00 AM	Microsoft-Windows-DistributedCOM	10016	None	"The application-specific permission settings do not grant Local Activation permission for the COM Server application with CLSID 
{D63B10C5-BB46-4990-A94F-E40B9D520160}
 and APPID 
{9CA88EE3-ACB7-47C8-AFC4-AB702511C276}
 to the user NT AUTHORITY\LOCAL SERVICE SID (S-1-5-19) from address LocalHost (Using LRPC) running in the application container Unavailable SID (Unavailable). This security permission can be modified using the Component Services administrative tool."
Error	8/31/2016 10:32:00 AM	Microsoft-Windows-DistributedCOM	10016	None	"The application-specific permission settings do not grant Local Activation permission for the COM Server application with CLSID 
{D63B10C5-BB46-4990-A94F-E40B9D520160}
 and APPID 
{9CA88EE3-ACB7-47C8-AFC4-AB702511C276}
 to the user NT AUTHORITY\LOCAL SERVICE SID (S-1-5-19) from address LocalHost (Using LRPC) running in the application container Unavailable SID (Unavailable). This security permission can be modified using the Component Services administrative tool."
Error	8/31/2016 10:32:00 AM	Microsoft-Windows-DistributedCOM	10016	None	"The application-specific permission settings do not grant Local Activation permission for the COM Server application with CLSID 
{D63B10C5-BB46-4990-A94F-E40B9D520160}
 and APPID 
{9CA88EE3-ACB7-47C8-AFC4-AB702511C276}
 to the user NT AUTHORITY\LOCAL SERVICE SID (S-1-5-19) from address LocalHost (Using LRPC) running in the application container Unavailable SID (Unavailable). This security permission can be modified using the Component Services administrative tool."
Error	8/31/2016 10:32:00 AM	Microsoft-Windows-DistributedCOM	10016	None	"The application-specific permission settings do not grant Local Activation permission for the COM Server application with CLSID 
{D63B10C5-BB46-4990-A94F-E40B9D520160}
 and APPID 
{9CA88EE3-ACB7-47C8-AFC4-AB702511C276}
 to the user NT AUTHORITY\LOCAL SERVICE SID (S-1-5-19) from address LocalHost (Using LRPC) running in the application container Unavailable SID (Unavailable). This security permission can be modified using the Component Services administrative tool."
Information	8/31/2016 10:31:57 AM	Microsoft-Windows-TPM-WMI	1281	None	This event triggers the TBS device identifier generation.
Error	8/31/2016 10:31:57 AM	Service Control Manager	7030	None	The Printer Extensions and Notifications service is marked as an interactive service.  However, the system is configured to not allow interactive services.  This service may not function properly.
Information	8/31/2016 10:31:57 AM	Service Control Manager	7045	None	"A service was installed in the system.

Service Name:  Printer Extensions and Notifications
Service File Name:  %SystemRoot%\system32\svchost.exe -k print
Service Type:  user mode service
Service Start Type:  demand start
Service Account:  LocalSystem"
Information	8/31/2016 10:31:56 AM	Microsoft-Windows-UserPnp	20001	(7005)	Driver Management concluded the process to install driver printqueue.inf_amd64_293dcb0d10d72f40\printqueue.inf for Device Instance ID SWD\PRINTENUM\PRINTQUEUES with the following status: 0x0.
Information	8/31/2016 10:31:53 AM	Microsoft-Windows-Kernel-General	1	(5)	"The system time has changed to ‎2016‎-‎08‎-‎31T16:31:53.968200900Z from ‎2016‎-‎08‎-‎31T16:31:53.968200900Z.

Change Reason: System time adjusted to the new time zone."
Information	8/31/2016 10:31:53 AM	Microsoft-Windows-Kernel-General	16	None	The access history in hive \??\C:\Users\Default\NTUSER.DAT was cleared updating 592 keys and creating 36 modified pages.
Information	8/31/2016 10:31:40 AM	Microsoft-Windows-Kernel-General	15	None	Hive \??\C:\Windows\System32\config\COMPONENTS was reorganized with a starting size of 37085184 bytes and an ending size of 37040128 bytes.
Information	8/31/2016 10:31:37 AM	Microsoft-Windows-UserPnp	20001	(7005)	Driver Management concluded the process to install driver nettun.inf_amd64_e492882a4d9613a4\nettun.inf for Device Instance ID SWD\IP_TUNNEL_VBUS\TEREDO_TUNNEL_DEVICE with the following status: 0x0.
Information	8/31/2016 10:31:36 AM	Microsoft-Windows-Kernel-General	1	(5)	"The system time has changed to ‎2016‎-‎08‎-‎31T16:31:36.334000000Z from ‎2016‎-‎08‎-‎31T16:31:36.335020200Z.

Change Reason: An application or system component changed the time."
Information	8/31/2016 10:31:36 AM	Microsoft-Windows-Time-Service	35	None	The time service is now synchronizing the system time with the time source time.windows.com,0x9 (ntp.m|0x9|0.0.0.0:123->40.76.58.209:123).
Information	8/31/2016 10:31:36 AM	Microsoft-Windows-Kernel-General	1	(5)	"The system time has changed to ‎2016‎-‎08‎-‎31T16:31:36.334695000Z from ‎2016‎-‎08‎-‎31T17:31:36.308179700Z.

Change Reason: An application or system component changed the time."
Information	8/31/2016 11:31:35 AM	Microsoft-Windows-UserPnp	20001	(7005)	Driver Management concluded the process to install driver nettun.inf_amd64_e492882a4d9613a4\nettun.inf for Device Instance ID SWD\IP_TUNNEL_VBUS\ISATAP_0 with the following status: 0x0.
Information	8/31/2016 11:31:35 AM	TPM	18	None	This event triggers the Trusted Platform Module (TPM) provisioning/status check to run.
Error	8/31/2016 11:31:35 AM	Service Control Manager	7023	None	"The Intel(R) Content Protection HECI Service service terminated with the following error: 
The data area passed to a system call is too small."
Information	8/31/2016 11:31:35 AM	Service Control Manager	7026	None	"The following boot-start or system-start driver(s) did not load: 
cdrom
dam"
Information	8/31/2016 11:31:35 AM	Service Control Manager	7045	None	"A service was installed in the system.

Service Name:  Microsoft Tunnel Miniport Adapter Driver
Service File Name:  \SystemRoot\System32\drivers\tunnel.sys
Service Type:  kernel mode driver
Service Start Type:  demand start
Service Account:  "
Information	8/31/2016 11:31:34 AM	Microsoft-Windows-Time-Service	37	None	The time provider NtpClient is currently receiving valid time data from time.windows.com,0x9 (ntp.m|0x9|0.0.0.0:123->40.76.58.209:123).
Information	8/31/2016 11:31:33 AM	Microsoft-Windows-FilterManager	6	None	File System Filter 'wcnfs' (10.0, ‎2016‎-‎07‎-‎15T19:28:27.000000000Z) has successfully loaded and registered with Filter Manager.
Information	8/31/2016 11:31:33 AM	Microsoft-Windows-FilterManager	6	None	File System Filter 'storqosflt' (10.0, ‎2016‎-‎07‎-‎15T19:26:43.000000000Z) has successfully loaded and registered with Filter Manager.
Information	8/31/2016 11:31:33 AM	Microsoft-Windows-FilterManager	6	None	File System Filter 'wcifs' (10.0, ‎2016‎-‎07‎-‎15T19:27:16.000000000Z) has successfully loaded and registered with Filter Manager.
Information	8/31/2016 11:31:33 AM	Microsoft-Windows-FilterManager	6	None	File System Filter 'luafv' (10.0, ‎2016‎-‎07‎-‎15T19:21:48.000000000Z) has successfully loaded and registered with Filter Manager.
Information	8/31/2016 11:31:33 AM	BTHUSB	35	None	Bluetooth radio enablement has been accepted due to policy Connectivity\AllowBluetooth.
Information	8/31/2016 11:31:33 AM	BTHUSB	36	None	Bluetooth radio has accepted advertising due to policy Bluetooth\AllowAdvertising.
Information	8/31/2016 11:31:33 AM	BTHUSB	37	None	Bluetooth radio has accepted discoverability due to policy Bluetooth\AllowDiscoverableMode.
Information	8/31/2016 11:31:33 AM	BTHUSB	34	None	A Bluetooth policy has changed.  Policy Bluetooth\ServicesAllowedList has value of: *
Information	8/31/2016 11:31:33 AM	BTHUSB	34	None	A Bluetooth policy has changed.  Policy Bluetooth\AllowAdvertising has value of: 1
Information	8/31/2016 11:31:33 AM	BTHUSB	34	None	A Bluetooth policy has changed.  Policy Bluetooth\AllowDiscoverableMode has value of: 1
Information	8/31/2016 11:31:33 AM	BTHUSB	34	None	A Bluetooth policy has changed.  Policy Connectivity\AllowBluetooth has value of: 2
Information	8/31/2016 11:31:32 AM	Microsoft-Windows-DHCPv6-Client	51046	Service State Event	DHCPv6 client service is started
Information	8/31/2016 11:31:32 AM	Microsoft-Windows-Dhcp-Client	50036	Service State Event	DHCPv4 client service is started
Information	8/31/2016 11:31:32 AM	Microsoft-Windows-Time-Service	158	None	The time provider 'VMICTimeProvider' has indicated that the current hardware and operating environment is not supported and has stopped. This behavior is expected for VMICTimeProvider on non-HyperV-guest environments. This may be the expected behavior for the current provider in the current operating environment as well.
Information	8/31/2016 11:31:32 AM	Microsoft-Windows-WLAN-AutoConfig	4000	None	"WLAN AutoConfig service has successfully started.
"
Information	8/31/2016 11:31:31 AM	Microsoft-Windows-UserPnp	20001	(7005)	Driver Management concluded the process to install driver displaylinkusb.inf_amd64_2384b06b551adc56\displaylinkusb.inf for Device Instance ID USB\VID_17E9&PID_4307&MI_00\7&8D2DA4C&0&0000 with the following status: 0x0.
Error	8/31/2016 11:31:25 AM	Service Control Manager	7030	None	The DisplayLinkManager service is marked as an interactive service.  However, the system is configured to not allow interactive services.  This service may not function properly.
Information	8/31/2016 11:31:25 AM	Service Control Manager	7045	None	"A service was installed in the system.

Service Name:  DisplayLinkManager
Service File Name:  ""C:\Program Files\DisplayLink Core Software\DisplayLinkManager.exe""
Service Type:  user mode service
Service Start Type:  auto start
Service Account:  LocalSystem"
Information	8/31/2016 11:31:23 AM	Win32k	267	None	"The description for Event ID 267 from source Win32k cannot be found. Either the component that raises this event is not installed on your local computer or the installation is corrupted. You can install or repair the component on the local computer.

If the event originated on another computer, the display information had to be saved with the event.

The following information was included with the event: 


The specified resource type cannot be found in the image file
"
Information	8/31/2016 11:31:23 AM	Microsoft-Windows-UserPnp	20003	(7005)	Driver Management has concluded the process to add Service DisplayLinkUsbIo_x64 for Device Instance ID USB\VID_17E9&PID_4307&MI_00\7&8D2DA4C&0&0000 with the following status: 0.
Information	8/31/2016 11:31:22 AM	Win32k	267	None	"The description for Event ID 267 from source Win32k cannot be found. Either the component that raises this event is not installed on your local computer or the installation is corrupted. You can install or repair the component on the local computer.

If the event originated on another computer, the display information had to be saved with the event.

The following information was included with the event: 


The specified resource type cannot be found in the image file
"
Information	8/31/2016 11:31:22 AM	Microsoft-Windows-Directory-Services-SAM	16962	None	"Remote calls to the SAM database are being restricted using the default security descriptor: O:SYG:SYD:(A;;RC;;;BA).
For more information please see http://go.microsoft.com/fwlink/?LinkId=787651."
Information	8/31/2016 11:31:21 AM	Microsoft-Windows-Wininit	14	None	Credential Guard (LsaIso.exe) configuration: 0x0, 0
Information	8/31/2016 11:31:20 AM	e1dexpress	32	None	"Intel(R) Ethernet Connection (3) I218-LM
 Network link has been established at 1Gbps full duplex.
"
Information	8/31/2016 11:31:20 AM	BTHUSB	18	None	Windows cannot store Bluetooth authentication codes (link keys) on the local adapter. Bluetooth keyboards might not work in the system BIOS during startup.
Warning	8/31/2016 11:31:20 AM	Microsoft-Windows-Kernel-PnP	219	(212)	The driver \Driver\WUDFRd failed to load for the device USB\VID_138A&PID_0017\ed7a1ef73db9.
Information	8/31/2016 11:31:20 AM	Microsoft-Windows-DriverFrameworks-UserMode	10114	Startup of the UMDF reflector	WUDFPf (part of UMDF) did not load yet. After it does, Windows will start the device again.
Information	8/31/2016 11:31:17 AM	Netwtw04	7002	None	"The description for Event ID 7002 from source Netwtw04 cannot be found. Either the component that raises this event is not installed on your local computer or the installation is corrupted. You can install or repair the component on the local computer.

If the event originated on another computer, the display information had to be saved with the event.

The following information was included with the event: 

\Device\NDMP2
Intel(R) Dual Band Wireless-AC 7265

The specified resource type cannot be found in the image file
"
Information	8/31/2016 11:31:17 AM	Netwtw04	7002	None	"The description for Event ID 7002 from source Netwtw04 cannot be found. Either the component that raises this event is not installed on your local computer or the installation is corrupted. You can install or repair the component on the local computer.

If the event originated on another computer, the display information had to be saved with the event.

The following information was included with the event: 

\Device\NDMP2
Intel(R) Dual Band Wireless-AC 7265

The specified resource type cannot be found in the image file
"
Information	8/31/2016 11:31:17 AM	Netwtw04	7001	None	"The description for Event ID 7001 from source Netwtw04 cannot be found. Either the component that raises this event is not installed on your local computer or the installation is corrupted. You can install or repair the component on the local computer.

If the event originated on another computer, the display information had to be saved with the event.

The following information was included with the event: 

\Device\NDMP2
Intel(R) Dual Band Wireless-AC 7265

The specified resource type cannot be found in the image file
"
Information	8/31/2016 11:31:17 AM	Netwtw04	7001	None	"The description for Event ID 7001 from source Netwtw04 cannot be found. Either the component that raises this event is not installed on your local computer or the installation is corrupted. You can install or repair the component on the local computer.

If the event originated on another computer, the display information had to be saved with the event.

The following information was included with the event: 

\Device\NDMP2
Intel(R) Dual Band Wireless-AC 7265

The specified resource type cannot be found in the image file
"
Information	8/31/2016 11:31:17 AM	Netwtw04	7036	None	The \Device\NDMP2 service entered the Intel(R) Dual Band Wireless-AC 7265 state.
Information	8/31/2016 11:31:17 AM	MEIx64	2	None	Intel(R) Management Engine Interface driver has started successfully.
Information	8/31/2016 11:31:17 AM	Microsoft-Windows-Kernel-Processor-Power	55	(47)	"Processor 3 in group 0 exposes the following power management capabilities:

Idle state type: ACPI Idle (C) States (3 state(s))

Performance state type: ACPI Collaborative Processor Performance Control
Nominal Frequency (MHz): 2594
Maximum performance percentage: 123
Minimum performance percentage: 19
Minimum throttle percentage: 1"
Information	8/31/2016 11:31:17 AM	Microsoft-Windows-Kernel-Processor-Power	55	(47)	"Processor 2 in group 0 exposes the following power management capabilities:

Idle state type: ACPI Idle (C) States (3 state(s))

Performance state type: ACPI Collaborative Processor Performance Control
Nominal Frequency (MHz): 2594
Maximum performance percentage: 123
Minimum performance percentage: 19
Minimum throttle percentage: 1"
Information	8/31/2016 11:31:17 AM	Microsoft-Windows-Kernel-Processor-Power	55	(47)	"Processor 1 in group 0 exposes the following power management capabilities:

Idle state type: ACPI Idle (C) States (3 state(s))

Performance state type: ACPI Collaborative Processor Performance Control
Nominal Frequency (MHz): 2594
Maximum performance percentage: 123
Minimum performance percentage: 19
Minimum throttle percentage: 1"
Information	8/31/2016 11:31:17 AM	Microsoft-Windows-Kernel-Processor-Power	55	(47)	"Processor 0 in group 0 exposes the following power management capabilities:

Idle state type: ACPI Idle (C) States (3 state(s))

Performance state type: ACPI Collaborative Processor Performance Control
Nominal Frequency (MHz): 2594
Maximum performance percentage: 123
Minimum performance percentage: 19
Minimum throttle percentage: 1"
Information	8/31/2016 11:31:16 AM	Microsoft-Windows-Ntfs	98	None	Volume \\?\Volume{33e9f129-0000-0000-0000-206f70000000} (\Device\HarddiskVolume3) is healthy.  No action is needed.
Information	8/31/2016 11:31:16 AM	Microsoft-Windows-Ntfs	98	None	Volume \\?\Volume{33e9f129-0000-0000-0000-100000000000} (\Device\HarddiskVolume1) is healthy.  No action is needed.
Information	8/31/2016 11:31:16 AM	Microsoft-Windows-Ntfs	98	None	Volume D: (\Device\HarddiskVolume4) is healthy.  No action is needed.
Information	8/31/2016 11:31:16 AM	Microsoft-Windows-Kernel-Power	172	(203)	Connectivity state in standby: Disconnected, Reason: NIC compliance
Information	8/31/2016 11:31:16 AM	Microsoft-Windows-FilterManager	6	None	File System Filter 'npsvctrig' (10.0, ‎2016‎-‎07‎-‎15T19:28:33.000000000Z) has successfully loaded and registered with Filter Manager.
Information	8/31/2016 11:31:16 AM	Microsoft-Windows-FilterManager	6	None	File System Filter 'FileCrypt' (10.0, ‎2016‎-‎07‎-‎15T19:22:39.000000000Z) has successfully loaded and registered with Filter Manager.
Information	8/31/2016 11:31:16 AM	Microsoft-Windows-Ntfs	98	None	Volume C: (\Device\HarddiskVolume2) is healthy.  No action is needed.
Information	8/31/2016 11:31:16 AM	TPM	24	None	The Trusted Platform Module (TPM) status: Enabled and Active.
Information	8/31/2016 11:31:16 AM	Microsoft-Windows-FilterManager	6	None	File System Filter 'WdFilter' (10.0, ‎2016‎-‎07‎-‎15T19:25:21.000000000Z) has successfully loaded and registered with Filter Manager.
Information	8/31/2016 11:31:16 AM	Microsoft-Windows-FilterManager	6	None	File System Filter 'Wof' (10.0, ‎2016‎-‎07‎-‎15T19:27:07.000000000Z) has successfully loaded and registered with Filter Manager.
Information	8/31/2016 11:31:16 AM	Microsoft-Windows-FilterManager	6	None	File System Filter 'FileInfo' (10.0, ‎2016‎-‎07‎-‎15T19:26:05.000000000Z) has successfully loaded and registered with Filter Manager.
Information	8/31/2016 11:31:15 AM	Microsoft-Windows-Kernel-Boot	30	(21)	The firmware reported boot metrics.
Information	8/31/2016 11:31:15 AM	Microsoft-Windows-Kernel-Boot	32	None	The bootmgr spent 0 ms waiting for user input.
