Information	8/31/2016 11:39:10 AM	Microsoft-Windows-Ntfs	98	None	Volume \\?\Volume{33e9f129-0000-0000-0000-100000000000} (\Device\HarddiskVolume1) is healthy.  No action is needed.
Information	8/31/2016 11:39:10 AM	Microsoft-Windows-Ntfs	98	None	Volume D: (\Device\HarddiskVolume4) is healthy.  No action is needed.
Information	8/31/2016 11:39:10 AM	Microsoft-Windows-Kernel-Power	172	(203)	Connectivity state in standby: Disconnected, Reason: NIC compliance
Information	8/31/2016 11:39:10 AM	Microsoft-Windows-FilterManager	6	None	File System Filter 'npsvctrig' (10.0, ‎2016‎-‎07‎-‎15T20:28:33.000000000Z) has successfully loaded and registered with Filter Manager.
Information	8/31/2016 11:39:10 AM	Microsoft-Windows-FilterManager	6	None	File System Filter 'FileCrypt' (10.0, ‎2016‎-‎07‎-‎15T20:22:39.000000000Z) has successfully loaded and registered with Filter Manager.
Information	8/31/2016 11:39:10 AM	Microsoft-Windows-Ntfs	98	None	Volume C: (\Device\HarddiskVolume2) is healthy.  No action is needed.
Information	8/31/2016 11:39:10 AM	TPM	24	None	The Trusted Platform Module (TPM) status: Enabled and Active.
Information	8/31/2016 11:39:10 AM	Microsoft-Windows-FilterManager	6	None	File System Filter 'WdFilter' (10.0, ‎2016‎-‎07‎-‎15T20:25:21.000000000Z) has successfully loaded and registered with Filter Manager.
Information	8/31/2016 11:39:10 AM	Microsoft-Windows-FilterManager	6	None	File System Filter 'Wof' (10.0, ‎2016‎-‎07‎-‎15T20:27:07.000000000Z) has successfully loaded and registered with Filter Manager.
Information	8/31/2016 11:39:10 AM	Microsoft-Windows-FilterManager	6	None	File System Filter 'FileInfo' (10.0, ‎2016‎-‎07‎-‎15T20:26:05.000000000Z) has successfully loaded and registered with Filter Manager.
Information	8/31/2016 11:39:09 AM	Microsoft-Windows-Kernel-Boot	30	(21)	The firmware reported boot metrics.
Information	8/31/2016 11:39:09 AM	Microsoft-Windows-Kernel-Boot	32	None	The bootmgr spent 0 ms waiting for user input.
Information	8/31/2016 11:39:09 AM	Microsoft-Windows-Kernel-Boot	18	None	There are 0x1 boot options on this system.
Information	8/31/2016 11:39:09 AM	Microsoft-Windows-Kernel-Boot	25	(32)	The boot menu policy was 0x1.
Information	8/31/2016 11:39:09 AM	Microsoft-Windows-Kernel-Boot	27	(33)	The boot type was 0x0.
Information	8/31/2016 11:39:09 AM	Microsoft-Windows-Kernel-Boot	20	(31)	The last shutdown's success status was true. The last boot's success status was true.
Information	8/31/2016 11:39:09 AM	Microsoft-Windows-Kernel-Boot	153	None	The Virtualization Based Security (policies: 0) is disabled with status STATUS_SUCCESS.
Information	8/31/2016 11:39:09 AM	Microsoft-Windows-Kernel-General	12	(1)	The operating system started at system time ‎2016‎-‎08‎-‎31T17:39:09.488115900Z.
Information	8/31/2016 11:39:22 AM	EventLog	6013	None	The system uptime is 12 seconds.
Information	8/31/2016 11:39:22 AM	EventLog	6005	None	The Event log service was started.
Information	8/31/2016 11:39:22 AM	EventLog	6009	None	Microsoft (R) Windows (R) 10.00. 14393  Multiprocessor Free.
Information	8/31/2016 11:38:44 AM	Microsoft-Windows-DHCPv6-Client	51047	Service State Event	DHCPv6 client service is stopped. ShutDown Flag value is 1
Information	8/31/2016 11:38:44 AM	EventLog	6006	None	The Event log service was stopped.
Information	8/31/2016 11:38:38 AM	Microsoft-Windows-Winlogon	7002	(1102)	User Logoff Notification for Customer Experience Improvement Program
Information	8/31/2016 11:38:38 AM	User32	1074	None	"The process C:\Windows\system32\winlogon.exe (DESKTOP-EEMI531) has initiated the restart of computer DESKTOP-EEMI531 on behalf of user DESKTOP-EEMI531\AndyL for the following reason: No title for this reason could be found
 Reason Code: 0x500ff
 Shutdown Type: restart
 Comment: "
Information	8/31/2016 11:38:32 AM	Microsoft-Windows-UserPnp	20001	(7005)	Driver Management concluded the process to install driver imdriver.inf_amd64_6d8852549af950a2\imdriver.inf for Device Instance ID ROOT\SYSTEM\0001 with the following status: 0x0.
Information	8/31/2016 11:38:31 AM	Service Control Manager	7045	None	"A service was installed in the system.

Service Name:  System Interface Foundation Service
Service File Name:  ""C:\Program Files\Lenovo\ImController\Service\Lenovo.Modern.ImController.exe""
Service Type:  user mode service
Service Start Type:  auto start
Service Account:  LocalSystem"
Information	8/31/2016 11:37:44 AM	Microsoft-Windows-UserPnp	20001	(7005)	Driver Management concluded the process to install driver hdxlvj.inf_amd64_72b8871663789759\hdxlvj.inf for Device Instance ID HDAUDIO\FUNC_01&VEN_10EC&DEV_0292&SUBSYS_17AA2223&REV_1000\4&906CEEA&0&0001 with the following status: 0x0.
Warning	8/31/2016 11:37:44 AM	Microsoft-Windows-TaskScheduler	414	Task Misconfiguration	Task Scheduler service found a misconfiguration in the NT TASK\DolbySelectorTask definition. Additional Data: Error Value: %ProgramFiles%\Dolby Digital Plus\ddp.exe.
Information	8/31/2016 11:37:40 AM	Microsoft-Windows-UserPnp	20003	(7005)	Driver Management has concluded the process to add Service IntcAzAudAddService for Device Instance ID HDAUDIO\FUNC_01&VEN_10EC&DEV_0292&SUBSYS_17AA2223&REV_1000\4&906CEEA&0&0001 with the following status: 0.
Information	8/31/2016 11:36:57 AM	Microsoft-Windows-WindowsUpdateClient	19	Windows Update Agent	Installation Successful: Windows successfully installed the following update: FarmVille 2: Country Escape
Information	8/31/2016 11:36:52 AM	Microsoft-Windows-WindowsUpdateClient	43	Windows Update Agent	Installation Started: Windows has started installing the following update: FarmVille 2: Country Escape
Information	8/31/2016 11:36:52 AM	Microsoft-Windows-WindowsUpdateClient	19	Windows Update Agent	Installation Successful: Windows successfully installed the following update: VCLibs 12
Information	8/31/2016 11:36:52 AM	Microsoft-Windows-WindowsUpdateClient	19	Windows Update Agent	Installation Successful: Windows successfully installed the following update: Asphalt 8: Airborne
Information	8/31/2016 11:36:51 AM	Microsoft-Windows-Kernel-General	16	None	The access history in hive \??\C:\ProgramData\Microsoft\Windows\AppRepository\Packages\D52A8D61.FarmVille2CountryEscape_5.6.1036.0_x86__jwbwg6xx0377a\ActivationStore.dat was cleared updating 0 keys and creating 0 modified pages.
Information	8/31/2016 11:36:48 AM	Microsoft-Windows-WindowsUpdateClient	43	Windows Update Agent	Installation Started: Windows has started installing the following update: Asphalt 8: Airborne
Information	8/31/2016 11:36:48 AM	Microsoft-Windows-WindowsUpdateClient	19	Windows Update Agent	Installation Successful: Windows successfully installed the following update: VCLibs 12
Information	8/31/2016 11:36:48 AM	Microsoft-Windows-WindowsUpdateClient	43	Windows Update Agent	Installation Started: Windows has started installing the following update: VCLibs 12
Information	8/31/2016 11:36:43 AM	Microsoft-Windows-Kernel-General	16	None	The access history in hive \??\C:\ProgramData\Microsoft\Windows\AppRepository\Packages\GAMELOFTSA.Asphalt8Airborne_2.6.0.6_x86__0pp20fcewvvtj\ActivationStore.dat was cleared updating 0 keys and creating 0 modified pages.
Information	8/31/2016 11:36:33 AM	Service Control Manager	7040	None	The start type of the Intel(R) PROSet/Wireless Zero Configuration Service service was changed from demand start to auto start.
Information	8/31/2016 11:36:33 AM	Service Control Manager	7045	None	"A service was installed in the system.

Service Name:  ZeroConfigService
Service File Name:  ""C:\Program Files\Intel\WiFi\bin\ZeroConfigService.exe""
Service Type:  user mode service
Service Start Type:  demand start
Service Account:  LocalSystem"
Information	8/31/2016 11:36:23 AM	Service Control Manager	7045	None	"A service was installed in the system.

Service Name:  Intel(R) PROSet/Wireless Event Log
Service File Name:  ""C:\Program Files\Intel\WiFi\bin\EvtEng.exe""
Service Type:  user mode service
Service Start Type:  auto start
Service Account:  LocalSystem"
Information	8/31/2016 11:36:22 AM	Microsoft-Windows-WLAN-AutoConfig	10001	None	"WLAN Extensibility Module has successfully started.

Module Path: C:\Windows\System32\IWMSSvc.dll
"
Information	8/31/2016 11:36:18 AM	Netwtw04	7002	None	"The description for Event ID 7002 from source Netwtw04 cannot be found. Either the component that raises this event is not installed on your local computer or the installation is corrupted. You can install or repair the component on the local computer.

If the event originated on another computer, the display information had to be saved with the event.

The following information was included with the event: 

\Device\NDMP22
Intel(R) Dual Band Wireless-AC 7265

The specified resource type cannot be found in the image file
"
Information	8/31/2016 11:36:18 AM	Netwtw04	7002	None	"The description for Event ID 7002 from source Netwtw04 cannot be found. Either the component that raises this event is not installed on your local computer or the installation is corrupted. You can install or repair the component on the local computer.

If the event originated on another computer, the display information had to be saved with the event.

The following information was included with the event: 

\Device\NDMP22
Intel(R) Dual Band Wireless-AC 7265

The specified resource type cannot be found in the image file
"
Information	8/31/2016 11:36:18 AM	Netwtw04	7001	None	"The description for Event ID 7001 from source Netwtw04 cannot be found. Either the component that raises this event is not installed on your local computer or the installation is corrupted. You can install or repair the component on the local computer.

If the event originated on another computer, the display information had to be saved with the event.

The following information was included with the event: 

\Device\NDMP22
Intel(R) Dual Band Wireless-AC 7265

The specified resource type cannot be found in the image file
"
Information	8/31/2016 11:36:18 AM	Netwtw04	7001	None	"The description for Event ID 7001 from source Netwtw04 cannot be found. Either the component that raises this event is not installed on your local computer or the installation is corrupted. You can install or repair the component on the local computer.

If the event originated on another computer, the display information had to be saved with the event.

The following information was included with the event: 

\Device\NDMP22
Intel(R) Dual Band Wireless-AC 7265

The specified resource type cannot be found in the image file
"
Information	8/31/2016 11:36:18 AM	Netwtw04	7036	None	The \Device\NDMP22 service entered the Intel(R) Dual Band Wireless-AC 7265 state.
Information	8/31/2016 11:36:17 AM	Netwtw04	8000	None	"The description for Event ID 8000 from source Netwtw04 cannot be found. Either the component that raises this event is not installed on your local computer or the installation is corrupted. You can install or repair the component on the local computer.

If the event originated on another computer, the display information had to be saved with the event.

The following information was included with the event: 

\Device\NDMP19
Intel(R) Dual Band Wireless-AC 7265

The specified resource type cannot be found in the image file
"
Information	8/31/2016 11:36:15 AM	Service Control Manager	7045	None	"A service was installed in the system.

Service Name:  Intel(R) PROSet/Wireless Registry Service
Service File Name:  ""C:\Program Files\Common Files\Intel\WirelessCommon\RegSrvc.exe""
Service Type:  user mode service
Service Start Type:  auto start
Service Account:  LocalSystem"
Information	8/31/2016 11:36:11 AM	Microsoft-Windows-WLAN-AutoConfig	4000	None	"WLAN AutoConfig service has successfully started.
"
Information	8/31/2016 11:36:11 AM	Microsoft-Windows-WindowsUpdateClient	44	Windows Update Agent	Windows Update started downloading an update.
Information	8/31/2016 11:36:09 AM	Microsoft-Windows-WLAN-AutoConfig	4001	None	"WLAN AutoConfig service has successfully stopped.
"
Information	8/31/2016 11:36:09 AM	Service Control Manager	7045	None	"A service was installed in the system.

Service Name:  Wireless PAN DHCP Server
Service File Name:  ""C:\Program Files\Intel\WiFi\bin\PanDhcpDns.exe""
Service Type:  user mode service
Service Start Type:  demand start
Service Account:  LocalSystem"
Information	8/31/2016 11:36:05 AM	Microsoft-Windows-WindowsUpdateClient	44	Windows Update Agent	Windows Update started downloading an update.
Information	8/31/2016 11:36:02 AM	Microsoft-Windows-WindowsUpdateClient	44	Windows Update Agent	Windows Update started downloading an update.
Information	8/31/2016 11:36:02 AM	Microsoft-Windows-WindowsUpdateClient	44	Windows Update Agent	Windows Update started downloading an update.
Information	8/31/2016 11:36:00 AM	Microsoft-Windows-UserPnp	20001	(7005)	Driver Management concluded the process to install driver netwtw04.inf_amd64_cfb29f573c4dd9cf\netwtw04.inf for Device Instance ID PCI\VEN_8086&DEV_095B&SUBSYS_52108086&REV_99\4&1C114944&0&00E1 with the following status: 0x0.
Information	8/31/2016 11:35:57 AM	Netwtw04	7002	None	"The description for Event ID 7002 from source Netwtw04 cannot be found. Either the component that raises this event is not installed on your local computer or the installation is corrupted. You can install or repair the component on the local computer.

If the event originated on another computer, the display information had to be saved with the event.

The following information was included with the event: 

\Device\NDMP19
Intel(R) Dual Band Wireless-AC 7265

The specified resource type cannot be found in the image file
"
Information	8/31/2016 11:35:57 AM	Netwtw04	7002	None	"The description for Event ID 7002 from source Netwtw04 cannot be found. Either the component that raises this event is not installed on your local computer or the installation is corrupted. You can install or repair the component on the local computer.

If the event originated on another computer, the display information had to be saved with the event.

The following information was included with the event: 

\Device\NDMP19
Intel(R) Dual Band Wireless-AC 7265

The specified resource type cannot be found in the image file
"
Information	8/31/2016 11:35:57 AM	Netwtw04	7001	None	"The description for Event ID 7001 from source Netwtw04 cannot be found. Either the component that raises this event is not installed on your local computer or the installation is corrupted. You can install or repair the component on the local computer.

If the event originated on another computer, the display information had to be saved with the event.

The following information was included with the event: 

\Device\NDMP19
Intel(R) Dual Band Wireless-AC 7265

The specified resource type cannot be found in the image file
"
Information	8/31/2016 11:35:57 AM	Netwtw04	7001	None	"The description for Event ID 7001 from source Netwtw04 cannot be found. Either the component that raises this event is not installed on your local computer or the installation is corrupted. You can install or repair the component on the local computer.

If the event originated on another computer, the display information had to be saved with the event.

The following information was included with the event: 

\Device\NDMP19
Intel(R) Dual Band Wireless-AC 7265

The specified resource type cannot be found in the image file
"
Information	8/31/2016 11:35:57 AM	Netwtw04	7036	None	The \Device\NDMP19 service entered the Intel(R) Dual Band Wireless-AC 7265 state.
Information	8/31/2016 11:35:56 AM	Netwtw04	8000	None	"The description for Event ID 8000 from source Netwtw04 cannot be found. Either the component that raises this event is not installed on your local computer or the installation is corrupted. You can install or repair the component on the local computer.

If the event originated on another computer, the display information had to be saved with the event.

The following information was included with the event: 

\Device\NDMP2
Intel(R) Dual Band Wireless-AC 7265

The specified resource type cannot be found in the image file
"
Warning	8/31/2016 11:35:31 AM	Microsoft-Windows-TaskScheduler	414	Task Misconfiguration	Task Scheduler service found a misconfiguration in the NT TASK\Intel PTT EK Recertification definition. Additional Data: Error Value: EkProvisioningService.exe.
Information	8/31/2016 11:35:31 AM	Service Control Manager	7045	None	"A service was installed in the system.

Service Name:  Intel(R) Capability Licensing Service TCP IP Interface
Service File Name:  ""C:\Program Files\Intel\iCLS Client\SocketHeciServer.exe""
Service Type:  user mode service
Service Start Type:  demand start
Service Account:  LocalSystem"
Information	8/31/2016 11:35:27 AM	Service Control Manager	7040	None	The start type of the Intel(R) Management and Security Application Local Management Service service was changed from demand start to auto start.
Information	8/31/2016 11:35:27 AM	Service Control Manager	7045	None	"A service was installed in the system.

Service Name:  LMS
Service File Name:  ""C:\Program Files (x86)\Intel\Intel(R) Management Engine Components\LMS\LMS.exe""
Service Type:  user mode service
Service Start Type:  demand start
Service Account:  LocalSystem"
Information	8/31/2016 11:35:27 AM	Service Control Manager	7045	None	"A service was installed in the system.

Service Name:  Intel(R) Dynamic Application Loader Host Interface Service
Service File Name:  ""C:\Program Files (x86)\Intel\Intel(R) Management Engine Components\DAL\jhi_service.exe""
Service Type:  user mode service
Service Start Type:  auto start
Service Account:  LocalSystem"
Information	8/31/2016 11:35:22 AM	Microsoft-Windows-UserPnp	20001	(7005)	Driver Management concluded the process to install driver heci.inf_amd64_140e4bec14dc741d\heci.inf for Device Instance ID PCI\VEN_8086&DEV_9CBA&SUBSYS_222317AA&REV_03\3&B1BFB68&0&B0 with the following status: 0x0.
Information	8/31/2016 11:35:22 AM	MEIx64	2	None	Intel(R) Management Engine Interface driver has started successfully.
Warning	8/31/2016 11:35:22 AM	MEIx64	4	None	The Intel(R) Management Engine Interface is being disabled.
Information	8/31/2016 11:35:14 AM	Microsoft-Windows-UserPnp	20001	(7005)	Driver Management concluded the process to install driver spuvcbv.inf_amd64_42621fadb3577e9b\spuvcbv.inf for Device Instance ID USB\VID_04CA&PID_703C&MI_00\6&24D1A741&0&0000 with the following status: 0x0.
Information	8/31/2016 11:35:14 AM	Microsoft-Windows-UserPnp	20003	(7005)	Driver Management has concluded the process to add Service SPUVCbv for Device Instance ID USB\VID_04CA&PID_703C&MI_00\6&24D1A741&0&0000 with the following status: 0.
Information	8/31/2016 11:34:54 AM	Service Control Manager	7045	None	"A service was installed in the system.

Service Name:  NVIDIA WMI Provider
Service File Name:  ""%SystemRoot%\system32\nvwmi64.exe""
Service Type:  user mode service
Service Start Type:  auto start
Service Account:  LocalSystem"
Information	8/31/2016 11:34:52 AM	Display	4107	None	A caller specified the SDC_FORCE_MODE_ENUMERATION flag in a call to the SetDisplayConfig() API
Information	8/31/2016 11:34:43 AM	Service Control Manager	7045	None	"A service was installed in the system.

Service Name:  NVIDIA Stereoscopic 3D Driver Service
Service File Name:  ""C:\Program Files (x86)\NVIDIA Corporation\3D Vision\nvSCPAPISvr.exe""
Service Type:  user mode service
Service Start Type:  auto start
Service Account:  .\LocalSystem"
Information	8/31/2016 11:33:58 AM	Microsoft-Windows-UserPnp	20001	(7005)	Driver Management concluded the process to install driver nvlt.inf_amd64_c4ada3c1ebf9165a\nvlt.inf for Device Instance ID PCI\VEN_10DE&DEV_137A&SUBSYS_222517AA&REV_A2\4&1830BB21&0&00E4 with the following status: 0x0.
Information	8/31/2016 11:33:55 AM	Microsoft-Windows-UserPnp	20003	(7005)	Driver Management has concluded the process to add Service nvlddmkm for Device Instance ID PCI\VEN_10DE&DEV_137A&SUBSYS_222517AA&REV_A2\4&1830BB21&0&00E4 with the following status: 0.
Information	8/31/2016 11:33:09 AM	Microsoft-Windows-UserPnp	20001	(7005)	Driver Management concluded the process to install driver ki116683.inf_amd64_281e9e550dc50326\ki116683.inf for Device Instance ID PCI\VEN_8086&DEV_1616&SUBSYS_222517AA&REV_09\3&B1BFB68&0&10 with the following status: 0x0.
Critical	8/31/2016 11:32:57 AM	Microsoft-Windows-DriverFrameworks-UserMode	10111	User-mode Driver problems.	The device StarTech.com USB3SDOCKHDV (location 0000.0014.0000.014.002.000.000.000.000) is offline due to a user-mode driver crash.  Windows will attempt to restart the device 5 more times.  Please contact the device manufacturer for more information about this problem.
Critical	8/31/2016 11:32:57 AM	Microsoft-Windows-DriverFrameworks-UserMode	10111	User-mode Driver problems.	The device StarTech.com USB3SDOCKHDV (location 0000.0014.0000.014.002.000.000.000.000) is offline due to a user-mode driver crash.  Windows will attempt to restart the device 5 more times.  Please contact the device manufacturer for more information about this problem.
Critical	8/31/2016 11:32:57 AM	Microsoft-Windows-DriverFrameworks-UserMode	10110	User-mode Driver problems.	A problem has occurred with one or more user-mode drivers and the hosting process has been terminated.  This may temporarily interrupt your ability to access the devices.
Information	8/31/2016 11:32:44 AM	Microsoft-Windows-UserPnp	20003	(7005)	Driver Management has concluded the process to add Service igfxCUIService2.0.0.0 for Device Instance ID PCI\VEN_8086&DEV_1616&SUBSYS_222517AA&REV_09\3&B1BFB68&0&10 with the following status: 0.
Information	8/31/2016 11:32:44 AM	Microsoft-Windows-UserPnp	20003	(7005)	Driver Management has concluded the process to add Service cphs for Device Instance ID PCI\VEN_8086&DEV_1616&SUBSYS_222517AA&REV_09\3&B1BFB68&0&10 with the following status: 0.
Information	8/31/2016 11:32:44 AM	Service Control Manager	7040	None	The start type of the Intel(R) Content Protection HECI Service service was changed from demand start to auto start.
Information	8/31/2016 11:32:44 AM	Microsoft-Windows-UserPnp	20003	(7005)	Driver Management has concluded the process to add Service igfx for Device Instance ID PCI\VEN_8086&DEV_1616&SUBSYS_222517AA&REV_09\3&B1BFB68&0&10 with the following status: 0.
Information	8/31/2016 11:30:45 AM	Service Control Manager	7045	None	"A service was installed in the system.

Service Name:  ShareItSvc
Service File Name:  ""C:\Program Files (x86)\SHAREit\SHAREit\Shareit.Service.exe""
Service Type:  user mode service
Service Start Type:  demand start
Service Account:  LocalSystem"
Information	8/31/2016 11:30:36 AM	Service Control Manager	7045	None	"A service was installed in the system.

Service Name:  Lenovo Microphone Mute
Service File Name:  ""C:\Program Files\LENOVO\HOTKEY\MICMUTE.exe""
Service Type:  user mode service
Service Start Type:  auto start
Service Account:  LocalSystem"
Information	8/31/2016 11:30:36 AM	Service Control Manager	7045	None	"A service was installed in the system.

Service Name:  Lenovo Hotkey Client Loader
Service File Name:  ""C:\Program Files\LENOVO\HOTKEY\TPHKLOAD.exe""
Service Type:  user mode service
Service Start Type:  auto start
Service Account:  LocalSystem"
Information	8/31/2016 11:30:18 AM	Microsoft-Windows-UserPnp	20001	(7005)	Driver Management concluded the process to install driver ibmpmdrv.inf_amd64_85978f0c5bd97058\ibmpmdrv.inf for Device Instance ID ACPI\LEN0068\5&2890D699&0 with the following status: 0x0.
Warning	8/31/2016 11:30:18 AM	Microsoft-Windows-Kernel-PnP	225	(223)	The application \Device\HarddiskVolume2\Windows\System32\ibmpmsvc.exe with process id 1468 stopped the removal or ejection for the device ACPI\LEN0068\5&2890d699&0.
Information	8/31/2016 11:30:13 AM	Microsoft-Windows-UserPnp	20003	(7005)	Driver Management has concluded the process to add Service LPlatSvc for Device Instance ID ACPI\LEN0068\5&2890D699&0 with the following status: 0.
Information	8/31/2016 11:30:13 AM	Service Control Manager	7045	None	"A service was installed in the system.

Service Name:  Lenovo Platform Service
Service File Name:  %SystemRoot%\system32\LPlatSvc.exe
Service Type:  user mode service
Service Start Type:  auto start
Service Account:  LocalSystem"
Information	8/31/2016 11:30:13 AM	Microsoft-Windows-UserPnp	20003	(7005)	Driver Management has concluded the process to add Service IBMPMSVC for Device Instance ID ACPI\LEN0068\5&2890D699&0 with the following status: 0.
Information	8/31/2016 11:30:13 AM	Microsoft-Windows-UserPnp	20003	(7005)	Driver Management has concluded the process to add Service IBMPMDRV for Device Instance ID ACPI\LEN0068\5&2890D699&0 with the following status: 0.
Information	8/31/2016 11:30:06 AM	Microsoft-Windows-UserPnp	20001	(7005)	Driver Management concluded the process to install driver rtsper.inf_amd64_df48e2e9e45f99c3\rtsper.inf for Device Instance ID PCI\VEN_10EC&DEV_5227&SUBSYS_222317AA&REV_01\4&1D28DC39&0&00E0 with the following status: 0x0.
Information	8/31/2016 11:30:06 AM	Microsoft-Windows-UserPnp	20003	(7005)	Driver Management has concluded the process to add Service RTSPER for Device Instance ID PCI\VEN_10EC&DEV_5227&SUBSYS_222317AA&REV_01\4&1D28DC39&0&00E0 with the following status: 0.
Information	8/31/2016 11:29:47 AM	Service Control Manager	7040	None	The start type of the Smart Sense Service service was changed from auto start to demand start.
Information	8/31/2016 11:29:47 AM	Service Control Manager	7045	None	"A service was installed in the system.

Service Name:  Smart Sense Service
Service File Name:  ""C:\Program Files (x86)\SmartSense\SSSvc.exe""
Service Type:  user mode service
Service Start Type:  auto start
Service Account:  LocalSystem"
Information	8/31/2016 11:29:34 AM	Service Control Manager	7045	None	"A service was installed in the system.

Service Name:  InstantOn
Service File Name:  C:\Program Files\Lenovo\InstantOn\InstantOn.sys
Service Type:  kernel mode driver
Service Start Type:  system start
Service Account:  "
Information	8/31/2016 11:29:34 AM	Service Control Manager	7045	None	"A service was installed in the system.

Service Name:  Lenovo Instant On
Service File Name:  ""C:\Program Files\Lenovo\InstantOn\InstantOnSrv.exe""
Service Type:  user mode service
Service Start Type:  auto start
Service Account:  LocalSystem"
Information	8/31/2016 11:29:31 AM	Service Control Manager	7040	None	The start type of the Windows Presentation Foundation Font Cache 3.0.0.0 service was changed from demand start to auto start.
Information	8/31/2016 11:29:31 AM	Service Control Manager	7045	None	"A service was installed in the system.

Service Name:  Power Manager DBC Service
Service File Name:  ""C:\Program Files (x86)\ThinkPad\Utilities\PWMDBSVC.EXE""
Service Type:  user mode service
Service Start Type:  demand start
Service Account:  LocalSystem"
Information	8/31/2016 11:29:26 AM	Service Control Manager	7045	None	"A service was installed in the system.

Service Name:  TPPWRIF
Service File Name:  System32\drivers\Tppwr64v.sys
Service Type:  kernel mode driver
Service Start Type:  system start
Service Account:  "
Information	8/31/2016 11:29:03 AM	Service Control Manager	7045	None	"A service was installed in the system.

Service Name:  Lenovo Solution Center System Service
Service File Name:  ""C:\Program Files\Lenovo\Lenovo Solution Center\App\LSC.Services.SystemService.exe""
Service Type:  user mode service
Service Start Type:  demand start
Service Account:  LocalSystem"
Information	8/31/2016 11:28:28 AM	e1dexpress	32	None	"Intel(R) Ethernet Connection (3) I218-LM
 Network link has been established at 1Gbps full duplex.
"
Information	8/31/2016 11:28:28 AM	Microsoft-Windows-UserPnp	20001	(7005)	Driver Management concluded the process to install driver intelpcc.inf_amd64_76534de8a7cfa941\intelpcc.inf for Device Instance ID ACPI\INT340F\2&DABA3FF&0 with the following status: 0x0.
Information	8/31/2016 11:28:25 AM	Microsoft-Windows-UserPnp	20001	(7005)	Driver Management concluded the process to install driver e1d65x64.inf_amd64_0e93435cef3ce845\e1d65x64.inf for Device Instance ID PCI\VEN_8086&DEV_15A2&SUBSYS_222617AA&REV_03\3&B1BFB68&0&C8 with the following status: 0x0.
Warning	8/31/2016 11:28:25 AM	e1dexpress	27	None	"Intel(R) Ethernet Connection (3) I218-LM
 Network link is disconnected.
"
Information	8/31/2016 11:28:25 AM	Microsoft-Windows-UserPnp	20003	(7005)	Driver Management has concluded the process to add Service e1dexpress for Device Instance ID PCI\VEN_8086&DEV_15A2&SUBSYS_222617AA&REV_03\3&B1BFB68&0&C8 with the following status: 0.
Information	8/31/2016 11:28:00 AM	Microsoft-Windows-Kernel-General	16	None	The access history in hive \??\C:\Users\AndyL\AppData\Local\Packages\Microsoft.SkypeApp_kzf8qxf38zg5c\Settings\settings.dat was cleared updating 3 keys and creating 1 modified pages.
Information	8/31/2016 11:26:13 AM	Virtual Disk Service	4	None	Service stopped.
Information	8/31/2016 11:26:08 AM	Microsoft-Windows-UserPnp	20001	(7005)	Driver Management concluded the process to install driver wpdfs.inf_amd64_4b4cfcfa114bdc22\wpdfs.inf for Device Instance ID SWD\WPDBUSENUM\{6071281A-6F9E-11E6-A651-185E0F79BF66}#0000000000100000 with the following status: 0x0.
Information	8/31/2016 11:26:08 AM	Microsoft-Windows-UserPnp	20003	(7005)	Driver Management has concluded the process to add Service WUDFWpdFs for Device Instance ID SWD\WPDBUSENUM\{6071281A-6F9E-11E6-A651-185E0F79BF66}#0000000000100000 with the following status: 0.
Information	8/31/2016 11:26:08 AM	Microsoft-Windows-DriverFrameworks-UserMode	10100	Installation or update of device drivers.	The driver package installation has succeeded.
Information	8/31/2016 11:26:07 AM	Microsoft-Windows-DriverFrameworks-UserMode	10002	Installation or update of device drivers.	The UMDF service WpdFs (CLSID {112DE495-AC4C-46F8-B663-6A4266C53313}) was upgraded.  It requires framework version 2.19.0 or higher.
Information	8/31/2016 11:26:07 AM	Microsoft-Windows-DriverFrameworks-UserMode	10000	Installation or update of device drivers.	A driver package which uses user-mode driver framework version 2.19.0 is being installed on device SWD\WPDBUSENUM\{6071281A-6F9E-11E6-A651-185E0F79BF66}#0000000000100000.
Information	8/31/2016 11:26:07 AM	Microsoft-Windows-UserPnp	20001	(7005)	Driver Management concluded the process to install driver wpdfs.inf_amd64_4b4cfcfa114bdc22\wpdfs.inf for Device Instance ID SWD\WPDBUSENUM\{6071281D-6F9E-11E6-A651-185E0F79BF66}#0000000000100000 with the following status: 0x0.
Information	8/31/2016 11:26:07 AM	Microsoft-Windows-UserPnp	20003	(7005)	Driver Management has concluded the process to add Service WUDFWpdFs for Device Instance ID SWD\WPDBUSENUM\{6071281D-6F9E-11E6-A651-185E0F79BF66}#0000000000100000 with the following status: 0.
Information	8/31/2016 11:26:07 AM	Service Control Manager	7045	None	"A service was installed in the system.

Service Name:  WUDFWpdFs
Service File Name:  \SystemRoot\system32\DRIVERS\WUDFRd.sys
Service Type:  kernel mode driver
Service Start Type:  demand start
Service Account:  "
Information	8/31/2016 11:26:07 AM	Microsoft-Windows-DriverFrameworks-UserMode	10100	Installation or update of device drivers.	The driver package installation has succeeded.
Information	8/31/2016 11:26:07 AM	Microsoft-Windows-DriverFrameworks-UserMode	10001	Installation or update of device drivers.	The UMDF service WpdFs (CLSID {112DE495-AC4C-46F8-B663-6A4266C53313}) was installed.  It requires framework version 2.19.0 or higher.
Information	8/31/2016 11:26:07 AM	Microsoft-Windows-DriverFrameworks-UserMode	10000	Installation or update of device drivers.	A driver package which uses user-mode driver framework version 2.19.0 is being installed on device SWD\WPDBUSENUM\{6071281D-6F9E-11E6-A651-185E0F79BF66}#0000000000100000.
Information	8/31/2016 11:26:08 AM	Microsoft-Windows-WPDClassInstaller	24579	Driver Post-Install Configuration	Autoplay registration was skipped for device %1.
Information	8/31/2016 11:26:08 AM	Microsoft-Windows-WPDClassInstaller	24577	Driver Post-Install Configuration	Media player and imaging program compatibility layers were successfully registered for device %1. Layer bits %2 were requested, layer bits %3 were registered.
Information	8/31/2016 11:26:08 AM	Microsoft-Windows-WPDClassInstaller	24576	Driver Installation	Drivers were successfully installed for device WPD Device.
Information	8/31/2016 11:26:07 AM	Microsoft-Windows-WPDClassInstaller	24579	Driver Post-Install Configuration	Autoplay registration was skipped for device %1.
Information	8/31/2016 11:26:07 AM	Microsoft-Windows-WPDClassInstaller	24577	Driver Post-Install Configuration	Media player and imaging program compatibility layers were successfully registered for device %1. Layer bits %2 were requested, layer bits %3 were registered.
Information	8/31/2016 11:26:07 AM	Microsoft-Windows-WPDClassInstaller	24576	Driver Installation	Drivers were successfully installed for device WPD Device.
Information	8/31/2016 11:26:05 AM	Microsoft-Windows-Ntfs	98	None	Volume F: (\Device\HarddiskVolume6) is healthy.  No action is needed.
Information	8/31/2016 11:26:05 AM	Microsoft-Windows-UserPnp	20001	(7005)	Driver Management concluded the process to install driver wdcsam.inf_amd64_2efd3a3b82aeb664\wdcsam.inf for Device Instance ID USBSTOR\OTHER&VEN_WD&PROD_SES_DEVICE&REV_1007\575846314536314B53593733&1 with the following status: 0x0.
Information	8/31/2016 11:26:05 AM	Microsoft-Windows-Ntfs	98	None	Volume E: (\Device\HarddiskVolume5) is healthy.  No action is needed.
Information	8/31/2016 11:26:05 AM	Service Control Manager	7045	None	"A service was installed in the system.

Service Name:  WD SCSI Pass Thru driver
Service File Name:  \SystemRoot\System32\drivers\wdcsam64.sys
Service Type:  kernel mode driver
Service Start Type:  demand start
Service Account:  "
Information	8/31/2016 11:24:52 AM	Microsoft-Windows-Kernel-General	16	None	The access history in hive \??\C:\Users\AndyL\AppData\Local\Packages\Microsoft.People_8wekyb3d8bbwe\Settings\settings.dat was cleared updating 3 keys and creating 1 modified pages.
Information	8/31/2016 11:23:08 AM	Service Control Manager	7045	None	"A service was installed in the system.

Service Name:  System Update
Service File Name:  ""C:\Program Files (x86)\Lenovo\System Update\SUService.exe""
Service Type:  user mode service
Service Start Type:  demand start
Service Account:  LocalSystem"
Information	8/31/2016 11:21:17 AM	Microsoft-Windows-UserPnp	20001	(7005)	Driver Management concluded the process to install driver lfhidhid.inf_amd64_d7844699e9bae46e\lfhidhid.inf for Device Instance ID HID\VID_046D&PID_C52B&REV_1203&MI_02&QID_2011&WI_02&CLASS_0000001A&COL02\8&CC7826F&0&0001 with the following status: 0x0.
Information	8/31/2016 11:21:17 AM	Microsoft-Windows-UserPnp	20003	(7005)	Driver Management has concluded the process to add Service LHidFilt for Device Instance ID HID\VID_046D&PID_C52B&REV_1203&MI_02&QID_2011&WI_02&CLASS_0000001A&COL02\8&CC7826F&0&0001 with the following status: 0.
Information	8/31/2016 11:21:17 AM	Microsoft-Windows-UserPnp	20001	(7005)	Driver Management concluded the process to install driver lfkbdhid.inf_amd64_8c0c81ffd4855035\lfkbdhid.inf for Device Instance ID HID\VID_046D&PID_C52B&REV_1203&MI_02&QID_2011&WI_02&CLASS_0000001A&COL01\8&CC7826F&0&0000 with the following status: 0x0.
Information	8/31/2016 11:21:17 AM	Microsoft-Windows-UserPnp	20003	(7005)	Driver Management has concluded the process to add Service kbdclass for Device Instance ID HID\VID_046D&PID_C52B&REV_1203&MI_02&QID_2011&WI_02&CLASS_0000001A&COL01\8&CC7826F&0&0000 with the following status: 0.
Information	8/31/2016 11:21:17 AM	Microsoft-Windows-UserPnp	20003	(7005)	Driver Management has concluded the process to add Service kbdhid for Device Instance ID HID\VID_046D&PID_C52B&REV_1203&MI_02&QID_2011&WI_02&CLASS_0000001A&COL01\8&CC7826F&0&0000 with the following status: 0.
Information	8/31/2016 11:21:17 AM	Microsoft-Windows-UserPnp	20003	(7005)	Driver Management has concluded the process to add Service LHidFilt for Device Instance ID HID\VID_046D&PID_C52B&REV_1203&MI_02&QID_2011&WI_02&CLASS_0000001A&COL01\8&CC7826F&0&0000 with the following status: 0.
Information	8/31/2016 11:21:16 AM	Microsoft-Windows-UserPnp	20001	(7005)	Driver Management concluded the process to install driver lfhidhid.inf_amd64_d7844699e9bae46e\lfhidhid.inf for Device Instance ID HID\VID_046D&PID_C52B&REV_1203&MI_02&QID_2011&WI_02&CLASS_0000001A&COL03\8&CC7826F&0&0002 with the following status: 0x0.
Information	8/31/2016 11:21:16 AM	Microsoft-Windows-UserPnp	20003	(7005)	Driver Management has concluded the process to add Service LHidFilt for Device Instance ID HID\VID_046D&PID_C52B&REV_1203&MI_02&QID_2011&WI_02&CLASS_0000001A&COL03\8&CC7826F&0&0002 with the following status: 0.
Information	8/31/2016 11:21:16 AM	Microsoft-Windows-UserPnp	20001	(7005)	Driver Management concluded the process to install driver lfmouhid.inf_amd64_27e5dbc585b221c3\lfmouhid.inf for Device Instance ID HID\VID_046D&PID_C52B&REV_1203&MI_02&QID_1017&WI_01&CLASS_00000004\8&25D7FC39&0&0000 with the following status: 0x0.
Information	8/31/2016 11:21:16 AM	Microsoft-Windows-UserPnp	20003	(7005)	Driver Management has concluded the process to add Service mouclass for Device Instance ID HID\VID_046D&PID_C52B&REV_1203&MI_02&QID_1017&WI_01&CLASS_00000004\8&25D7FC39&0&0000 with the following status: 0.
Information	8/31/2016 11:21:16 AM	Microsoft-Windows-UserPnp	20003	(7005)	Driver Management has concluded the process to add Service mouhid for Device Instance ID HID\VID_046D&PID_C52B&REV_1203&MI_02&QID_1017&WI_01&CLASS_00000004\8&25D7FC39&0&0000 with the following status: 0.
Information	8/31/2016 11:21:16 AM	Microsoft-Windows-UserPnp	20003	(7005)	Driver Management has concluded the process to add Service LMouFilt for Device Instance ID HID\VID_046D&PID_C52B&REV_1203&MI_02&QID_1017&WI_01&CLASS_00000004\8&25D7FC39&0&0000 with the following status: 0.
Information	8/31/2016 11:21:16 AM	Microsoft-Windows-UserPnp	20003	(7005)	Driver Management has concluded the process to add Service LHidFilt for Device Instance ID HID\VID_046D&PID_C52B&REV_1203&MI_02&QID_1017&WI_01&CLASS_00000004\8&25D7FC39&0&0000 with the following status: 0.
Information	8/31/2016 11:21:16 AM	Microsoft-Windows-UserPnp	20001	(7005)	Driver Management concluded the process to install driver lfhideqd.inf_amd64_0416c38d86dc340d\lfhideqd.inf for Device Instance ID {A3535E08-EB26-49A9-8AE0-786ED1242812}\VID_046D&PID_C52B&REV_1203&MI_02\7&18E10BD4&1&00 with the following status: 0x0.
Information	8/31/2016 11:21:16 AM	Microsoft-Windows-UserPnp	20003	(7005)	Driver Management has concluded the process to add Service LHidEqd for Device Instance ID {A3535E08-EB26-49A9-8AE0-786ED1242812}\VID_046D&PID_C52B&REV_1203&MI_02\7&18E10BD4&1&00 with the following status: 0.
Information	8/31/2016 11:21:16 AM	Microsoft-Windows-UserPnp	20001	(7005)	Driver Management concluded the process to install driver lfhideqd.inf_amd64_0416c38d86dc340d\lfhideqd.inf for Device Instance ID {A3535E08-EB26-49A9-8AE0-786ED1242812}\VID_046D&PID_C52B&REV_1203&MI_02&QID_2011&WI_02&CLASS_0000001A\7&18E10BD4&1&02 with the following status: 0x0.
Information	8/31/2016 11:21:16 AM	Microsoft-Windows-UserPnp	20003	(7005)	Driver Management has concluded the process to add Service LHidEqd for Device Instance ID {A3535E08-EB26-49A9-8AE0-786ED1242812}\VID_046D&PID_C52B&REV_1203&MI_02&QID_2011&WI_02&CLASS_0000001A\7&18E10BD4&1&02 with the following status: 0.
Information	8/31/2016 11:21:15 AM	Microsoft-Windows-UserPnp	20001	(7005)	Driver Management concluded the process to install driver lfhideqd.inf_amd64_0416c38d86dc340d\lfhideqd.inf for Device Instance ID {A3535E08-EB26-49A9-8AE0-786ED1242812}\VID_046D&PID_C52B&REV_1203&MI_02&QID_1017&WI_01&CLASS_00000004\7&18E10BD4&1&01 with the following status: 0x0.
Information	8/31/2016 11:21:15 AM	Microsoft-Windows-UserPnp	20003	(7005)	Driver Management has concluded the process to add Service LHidEqd for Device Instance ID {A3535E08-EB26-49A9-8AE0-786ED1242812}\VID_046D&PID_C52B&REV_1203&MI_02&QID_1017&WI_01&CLASS_00000004\7&18E10BD4&1&01 with the following status: 0.
Information	8/31/2016 11:21:15 AM	Microsoft-Windows-UserPnp	20001	(7005)	Driver Management concluded the process to install driver lfeqdusb.inf_amd64_174f1cc10979ac99\lfeqdusb.inf for Device Instance ID USB\VID_046D&PID_C52B&MI_02\6&27C7E147&0&0002 with the following status: 0x0.
Information	8/31/2016 11:21:15 AM	Microsoft-Windows-UserPnp	20003	(7005)	Driver Management has concluded the process to add Service LEqdUsb for Device Instance ID USB\VID_046D&PID_C52B&MI_02\6&27C7E147&0&0002 with the following status: 0.
Information	8/31/2016 11:21:15 AM	Service Control Manager	7045	None	"A service was installed in the system.

Service Name:  LNonPnP
Service File Name:  C:\Windows\System32\Drivers\LNonPnP.sys
Service Type:  kernel mode driver
Service Start Type:  demand start
Service Account:  "
Information	8/31/2016 11:20:06 AM	Microsoft-Windows-WindowsUpdateClient	19	Windows Update Agent	Installation Successful: Windows successfully installed the following update: Mail and Calendar
Information	8/31/2016 11:20:06 AM	Microsoft-Windows-WindowsUpdateClient	43	Windows Update Agent	Installation Started: Windows has started installing the following update: Mail and Calendar
Information	8/31/2016 11:20:01 AM	Microsoft-Windows-WindowsUpdateClient	44	Windows Update Agent	Windows Update started downloading an update.
Information	8/31/2016 11:18:32 AM	Service Control Manager	7045	None	"A service was installed in the system.

Service Name:  Logitech Bluetooth Service
Service File Name:  C:\Program Files\Common Files\LogiShrd\Bluetooth\lbtserv.exe
Service Type:  user mode service
Service Start Type:  demand start
Service Account:  LocalSystem"
Information	8/31/2016 11:16:42 AM	Microsoft-Windows-Ntfs	98	None	Volume Windows7_OS (\Device\HarddiskVolumeShadowCopy1) is healthy.  No action is needed.
Information	8/31/2016 11:16:13 AM	Virtual Disk Service	3	None	Service started.
Information	8/31/2016 11:15:45 AM	Service Control Manager	7040	None	The start type of the Windows Modules Installer service was changed from auto start to demand start.
Information	8/31/2016 11:15:37 AM	Microsoft-Windows-Kernel-General	16	None	The access history in hive \??\C:\Windows\System32\SMI\Store\Machine\SCHEMA.DAT was cleared updating 16181 keys and creating 2740 modified pages.
Information	8/31/2016 11:15:12 AM	Microsoft-Windows-TPM-WMI	1026	None	"The Trusted Platform Module (TPM) hardware on this computer cannot be provisioned for use automatically.  To set up the TPM interactively use the TPM management console (Start->tpm.msc) and use the action to make the TPM ready.

Error: The TPM provisioning action is not allowed by the specified flags.  For provisioning to be successful, one of several actions may be required.  The TPM management console (tpm.msc) action to make the TPM Ready may help.  For further information, see the documentation for the Win32_Tpm WMI method 'Provision'.  (The actions that may be required include importing the TPM Owner Authorization value into the system, calling the Win32_Tpm WMI method for provisioning the TPM and specifying TRUE for either 'ForceClear_Allowed' or 'PhysicalPresencePrompts_Allowed' (as indicated by the value returned in the Additional Information), or enabling the TPM in the system BIOS.)
Additional Information: 0x80011c"
Information	8/31/2016 11:15:03 AM	Microsoft-Windows-TPM-WMI	1026	None	"The Trusted Platform Module (TPM) hardware on this computer cannot be provisioned for use automatically.  To set up the TPM interactively use the TPM management console (Start->tpm.msc) and use the action to make the TPM ready.

Error: The TPM provisioning action is not allowed by the specified flags.  For provisioning to be successful, one of several actions may be required.  The TPM management console (tpm.msc) action to make the TPM Ready may help.  For further information, see the documentation for the Win32_Tpm WMI method 'Provision'.  (The actions that may be required include importing the TPM Owner Authorization value into the system, calling the Win32_Tpm WMI method for provisioning the TPM and specifying TRUE for either 'ForceClear_Allowed' or 'PhysicalPresencePrompts_Allowed' (as indicated by the value returned in the Additional Information), or enabling the TPM in the system BIOS.)
Additional Information: 0x80011c"
Information	8/31/2016 11:14:59 AM	Service Control Manager	7040	None	The start type of the Windows Modules Installer service was changed from demand start to auto start.
Error	8/31/2016 11:14:56 AM	Microsoft-Windows-DistributedCOM	10016	None	"The application-specific permission settings do not grant Local Activation permission for the COM Server application with CLSID 
{6B3B8D23-FA8D-40B9-8DBD-B950333E2C52}
 and APPID 
{4839DDB7-58C2-48F5-8283-E1D1807D0D7D}
 to the user NT AUTHORITY\LOCAL SERVICE SID (S-1-5-19) from address LocalHost (Using LRPC) running in the application container Unavailable SID (Unavailable). This security permission can be modified using the Component Services administrative tool."
Error	8/31/2016 11:14:56 AM	Microsoft-Windows-DistributedCOM	10016	None	"The application-specific permission settings do not grant Local Activation permission for the COM Server application with CLSID 
{6B3B8D23-FA8D-40B9-8DBD-B950333E2C52}
 and APPID 
{4839DDB7-58C2-48F5-8283-E1D1807D0D7D}
 to the user NT AUTHORITY\LOCAL SERVICE SID (S-1-5-19) from address LocalHost (Using LRPC) running in the application container Unavailable SID (Unavailable). This security permission can be modified using the Component Services administrative tool."
Error	8/31/2016 11:14:55 AM	Microsoft-Windows-DistributedCOM	10016	None	"The application-specific permission settings do not grant Local Activation permission for the COM Server application with CLSID 
{8D8F4F83-3594-4F07-8369-FC3C3CAE4919}
 and APPID 
{F72671A9-012C-4725-9D2F-2A4D32D65169}
 to the user NT AUTHORITY\SYSTEM SID (S-1-5-18) from address LocalHost (Using LRPC) running in the application container Unavailable SID (Unavailable). This security permission can be modified using the Component Services administrative tool."
Error	8/31/2016 11:14:54 AM	Microsoft-Windows-Kernel-General	5	None	{Registry Hive Recovered} Registry hive (file): '\??\C:\Users\AndyL\AppData\Local\Microsoft\Windows\UsrClass.dat' was corrupted and it has been recovered. Some data might have been lost.
Information	8/31/2016 11:14:54 AM	Microsoft-Windows-Winlogon	7001	(1101)	User Logon Notification for Customer Experience Improvement Program
Information	8/31/2016 11:14:50 AM	TPM	18	None	This event triggers the Trusted Platform Module (TPM) provisioning/status check to run.
Information	8/31/2016 11:14:48 AM	Microsoft-Windows-Kernel-General	16	None	The access history in hive \??\C:\Windows\AppCompat\Programs\Amcache.hve was cleared updating 299 keys and creating 95 modified pages.
Information	8/31/2016 11:14:48 AM	Lfsvc	1	None	Geolocation positioning is enabled.
Information	8/31/2016 11:14:47 AM	Service Control Manager	7026	None	"The following boot-start or system-start driver(s) did not load: 
cdrom
dam"
Information	8/31/2016 11:14:47 AM	Service Control Manager	7040	None	The start type of the Intel(R) Content Protection HECI Service service was changed from auto start to demand start.
Information	8/31/2016 11:14:46 AM	Win32k	267	None	"The description for Event ID 267 from source Win32k cannot be found. Either the component that raises this event is not installed on your local computer or the installation is corrupted. You can install or repair the component on the local computer.

If the event originated on another computer, the display information had to be saved with the event.

The following information was included with the event: 


The specified resource type cannot be found in the image file
"
Information	8/31/2016 11:14:46 AM	Microsoft-Windows-WLAN-AutoConfig	4000	None	"WLAN AutoConfig service has successfully started.
"
Information	8/31/2016 11:14:45 AM	Microsoft-Windows-FilterManager	6	None	File System Filter 'wcnfs' (10.0, ‎2016‎-‎07‎-‎15T20:28:27.000000000Z) has successfully loaded and registered with Filter Manager.
Information	8/31/2016 11:14:45 AM	Microsoft-Windows-FilterManager	6	None	File System Filter 'storqosflt' (10.0, ‎2016‎-‎07‎-‎15T20:26:43.000000000Z) has successfully loaded and registered with Filter Manager.
Information	8/31/2016 11:14:45 AM	Microsoft-Windows-FilterManager	6	None	File System Filter 'luafv' (10.0, ‎2016‎-‎07‎-‎15T20:21:48.000000000Z) has successfully loaded and registered with Filter Manager.
Information	8/31/2016 11:14:45 AM	Microsoft-Windows-FilterManager	6	None	File System Filter 'wcifs' (10.0, ‎2016‎-‎07‎-‎15T20:27:16.000000000Z) has successfully loaded and registered with Filter Manager.
Information	8/31/2016 11:14:45 AM	BTHUSB	36	None	Bluetooth radio has accepted advertising due to policy Bluetooth\AllowAdvertising.
Information	8/31/2016 11:14:45 AM	BTHUSB	35	None	Bluetooth radio enablement has been accepted due to policy Connectivity\AllowBluetooth.
Information	8/31/2016 11:14:45 AM	BTHUSB	37	None	Bluetooth radio has accepted discoverability due to policy Bluetooth\AllowDiscoverableMode.
Information	8/31/2016 11:14:45 AM	BTHUSB	34	None	A Bluetooth policy has changed.  Policy Bluetooth\ServicesAllowedList has value of: *
Information	8/31/2016 11:14:45 AM	BTHUSB	34	None	A Bluetooth policy has changed.  Policy Bluetooth\AllowAdvertising has value of: 1
Information	8/31/2016 11:14:45 AM	BTHUSB	34	None	A Bluetooth policy has changed.  Policy Bluetooth\AllowDiscoverableMode has value of: 1
Information	8/31/2016 11:14:45 AM	BTHUSB	34	None	A Bluetooth policy has changed.  Policy Connectivity\AllowBluetooth has value of: 2
Information	8/31/2016 11:14:45 AM	Microsoft-Windows-DHCPv6-Client	51046	Service State Event	DHCPv6 client service is started
Information	8/31/2016 11:14:45 AM	Microsoft-Windows-Dhcp-Client	50036	Service State Event	DHCPv4 client service is started
