Information	8/31/2016 11:29:46 AM	Microsoft-Windows-UserPnp	20003	(7005)	Driver Management has concluded the process to add Service nvlddmkm for Device Instance ID PCI\VEN_10DE&DEV_137A&SUBSYS_222517AA&REV_A2\4&1830BB21&0&00E4 with the following status: 0.
Information	8/31/2016 11:29:46 AM	Service Control Manager	7045	None	"A service was installed in the system.

Service Name:  nvlddmkm
Service File Name:  \SystemRoot\system32\DRIVERS\nvlddmkm.sys
Service Type:  kernel mode driver
Service Start Type:  demand start
Service Account:  "
Information	8/31/2016 11:29:39 AM	Microsoft-Windows-UserPnp	20001	(7005)	Driver Management concluded the process to install driver hdxlvj.inf_amd64_da75d88748579134\hdxlvj.inf for Device Instance ID HDAUDIO\FUNC_01&VEN_10EC&DEV_0292&SUBSYS_17AA2223&REV_1000\4&906CEEA&0&0001 with the following status: 0x0.
Information	8/31/2016 11:29:37 AM	Microsoft-Windows-UserPnp	20003	(7005)	Driver Management has concluded the process to add Service IntcAzAudAddService for Device Instance ID HDAUDIO\FUNC_01&VEN_10EC&DEV_0292&SUBSYS_17AA2223&REV_1000\4&906CEEA&0&0001 with the following status: 0.
Information	8/31/2016 11:29:37 AM	Service Control Manager	7045	None	"A service was installed in the system.

Service Name:  Service for Realtek HD Audio (WDM)
Service File Name:  \SystemRoot\system32\drivers\RTKVHD64.sys
Service Type:  kernel mode driver
Service Start Type:  demand start
Service Account:  "
Information	8/31/2016 11:29:34 AM	Microsoft-Windows-UserPnp	20001	(7005)	Driver Management concluded the process to install driver intcdaud.inf_amd64_b7a1a7493b7eca91\intcdaud.inf for Device Instance ID HDAUDIO\FUNC_01&VEN_8086&DEV_2808&SUBSYS_80860101&REV_1000\4&27EB7427&0&0001 with the following status: 0x0.
Information	8/31/2016 11:29:34 AM	Microsoft-Windows-UserPnp	20003	(7005)	Driver Management has concluded the process to add Service IntcDAud for Device Instance ID HDAUDIO\FUNC_01&VEN_8086&DEV_2808&SUBSYS_80860101&REV_1000\4&27EB7427&0&0001 with the following status: 0.
Information	8/31/2016 11:29:34 AM	Service Control Manager	7045	None	"A service was installed in the system.

Service Name:  Intel(R) Display Audio
Service File Name:  \SystemRoot\system32\DRIVERS\IntcDAud.sys
Service Type:  kernel mode driver
Service Start Type:  demand start
Service Account:  "
Information	8/31/2016 11:29:34 AM	e1dexpress	32	None	"Intel(R) Ethernet Connection (3) I218-LM
 Network link has been established at 1Gbps full duplex.
"
Information	8/31/2016 11:29:33 AM	Microsoft-Windows-UserPnp	20001	(7005)	Driver Management concluded the process to install driver synpd.inf_amd64_46aa95e8fa66444b\synpd.inf for Device Instance ID ACPI\LEN002C\4&3F2F585&0 with the following status: 0x0.
Information	8/31/2016 11:29:33 AM	Service Control Manager	7045	None	"A service was installed in the system.

Service Name:  SynTPEnh Caller Service
Service File Name:  ""C:\Program Files\Synaptics\SynTP\SynTPEnhService.exe""
Service Type:  user mode service
Service Start Type:  auto start
Service Account:  LocalSystem"
Information	8/31/2016 11:29:33 AM	Microsoft-Windows-UserPnp	20003	(7005)	Driver Management has concluded the process to add Service i8042prt for Device Instance ID ACPI\LEN002C\4&3F2F585&0 with the following status: 0.
Information	8/31/2016 11:29:33 AM	Microsoft-Windows-UserPnp	20003	(7005)	Driver Management has concluded the process to add Service mouclass for Device Instance ID ACPI\LEN002C\4&3F2F585&0 with the following status: 0.
Information	8/31/2016 11:29:33 AM	Microsoft-Windows-UserPnp	20003	(7005)	Driver Management has concluded the process to add Service SynTP for Device Instance ID ACPI\LEN002C\4&3F2F585&0 with the following status: 0.
Information	8/31/2016 11:29:31 AM	Microsoft-Windows-UserPnp	20001	(7005)	Driver Management concluded the process to install driver e1d62x64.inf_amd64_9bed4a2e8e7c0a86\e1d62x64.inf for Device Instance ID PCI\VEN_8086&DEV_15A2&SUBSYS_222617AA&REV_03\3&B1BFB68&0&C8 with the following status: 0x0.
Information	8/31/2016 11:29:30 AM	Microsoft-Windows-UserPnp	20003	(7005)	Driver Management has concluded the process to add Service e1dexpress for Device Instance ID PCI\VEN_8086&DEV_15A2&SUBSYS_222617AA&REV_03\3&B1BFB68&0&C8 with the following status: 0.
Information	8/31/2016 11:29:30 AM	Service Control Manager	7045	None	"A service was installed in the system.

Service Name:  Intel(R) PRO/1000 PCI Express Network Connection Driver D
Service File Name:  \SystemRoot\system32\DRIVERS\e1d62x64.sys
Service Type:  kernel mode driver
Service Start Type:  demand start
Service Account:  "
Information	8/31/2016 11:29:30 AM	Microsoft-Windows-UserPnp	20001	(7005)	Driver Management concluded the process to install driver synsmbdrv.inf_amd64_87e8889ecf552f3e\synsmbdrv.inf for Device Instance ID PCI\VEN_8086&DEV_9CA2&SUBSYS_222317AA&REV_03\3&B1BFB68&0&FB with the following status: 0x0.
Information	8/31/2016 11:29:29 AM	Microsoft-Windows-UserPnp	20003	(7005)	Driver Management has concluded the process to add Service SmbDrvI for Device Instance ID PCI\VEN_8086&DEV_9CA2&SUBSYS_222317AA&REV_03\3&B1BFB68&0&FB with the following status: 0.
Information	8/31/2016 11:29:28 AM	Microsoft-Windows-UserPnp	20001	(7005)	Driver Management concluded the process to install driver kdnic.inf_amd64_e1703005cc16edf6\kdnic.inf for Device Instance ID ROOT\KDNIC\0000 with the following status: 0x0.
Information	8/31/2016 11:29:28 AM	Service Control Manager	7045	None	"A service was installed in the system.

Service Name:  Microsoft Kernel Debug Network Miniport (NDIS 6.20)
Service File Name:  \SystemRoot\System32\drivers\kdnic.sys
Service Type:  kernel mode driver
Service Start Type:  demand start
Service Account:  "
Information	8/31/2016 11:29:28 AM	Microsoft-Windows-UserPnp	20001	(7005)	Driver Management concluded the process to install driver lfhidhid.inf_amd64_d7844699e9bae46e\lfhidhid.inf for Device Instance ID HID\VID_046D&PID_C52B&REV_1203&MI_02&QID_2011&WI_02&CLASS_0000001A&COL02\8&274F502&0&0001 with the following status: 0x0.
Information	8/31/2016 11:29:28 AM	Microsoft-Windows-UserPnp	20003	(7005)	Driver Management has concluded the process to add Service LHidFilt for Device Instance ID HID\VID_046D&PID_C52B&REV_1203&MI_02&QID_2011&WI_02&CLASS_0000001A&COL02\8&274F502&0&0001 with the following status: 0.
Information	8/31/2016 11:29:28 AM	Service Control Manager	7045	None	"A service was installed in the system.

Service Name:  LNonPnP
Service File Name:  C:\Windows\System32\Drivers\LNonPnP.sys
Service Type:  kernel mode driver
Service Start Type:  demand start
Service Account:  "
Information	8/31/2016 11:29:27 AM	Microsoft-Windows-UserPnp	20001	(7005)	Driver Management concluded the process to install driver lfhidhid.inf_amd64_d7844699e9bae46e\lfhidhid.inf for Device Instance ID HID\VID_046D&PID_C52B&REV_1203&MI_02&QID_2011&WI_02&CLASS_0000001A&COL03\8&274F502&0&0002 with the following status: 0x0.
Information	8/31/2016 11:29:27 AM	Microsoft-Windows-UserPnp	20003	(7005)	Driver Management has concluded the process to add Service LHidFilt for Device Instance ID HID\VID_046D&PID_C52B&REV_1203&MI_02&QID_2011&WI_02&CLASS_0000001A&COL03\8&274F502&0&0002 with the following status: 0.
Information	8/31/2016 11:29:27 AM	Service Control Manager	7045	None	"A service was installed in the system.

Service Name:  LNonPnP
Service File Name:  C:\Windows\System32\Drivers\LNonPnP.sys
Service Type:  kernel mode driver
Service Start Type:  demand start
Service Account:  "
Information	8/31/2016 11:29:27 AM	Microsoft-Windows-UserPnp	20001	(7005)	Driver Management concluded the process to install driver igdlh64.inf_amd64_326dd044df8d1c76\igdlh64.inf for Device Instance ID PCI\VEN_8086&DEV_1616&SUBSYS_222517AA&REV_09\3&B1BFB68&0&10 with the following status: 0x0.
Information	8/31/2016 11:29:27 AM	Microsoft-Windows-UserPnp	20003	(7005)	Driver Management has concluded the process to add Service igfxCUIService2.0.0.0 for Device Instance ID PCI\VEN_8086&DEV_1616&SUBSYS_222517AA&REV_09\3&B1BFB68&0&10 with the following status: 0.
Information	8/31/2016 11:29:27 AM	Service Control Manager	7045	None	"A service was installed in the system.

Service Name:  Intel(R) HD Graphics Control Panel Service
Service File Name:  %SystemRoot%\system32\igfxCUIService.exe
Service Type:  user mode service
Service Start Type:  auto start
Service Account:  LocalSystem"
Information	8/31/2016 11:29:27 AM	Microsoft-Windows-UserPnp	20003	(7005)	Driver Management has concluded the process to add Service cphs for Device Instance ID PCI\VEN_8086&DEV_1616&SUBSYS_222517AA&REV_09\3&B1BFB68&0&10 with the following status: 0.
Information	8/31/2016 11:29:27 AM	Service Control Manager	7045	None	"A service was installed in the system.

Service Name:  Intel(R) Content Protection HECI Service
Service File Name:  %SystemRoot%\SysWow64\IntelCpHeciSvc.exe
Service Type:  user mode service
Service Start Type:  auto start
Service Account:  LocalSystem"
Information	8/31/2016 11:29:27 AM	Microsoft-Windows-UserPnp	20003	(7005)	Driver Management has concluded the process to add Service igfx for Device Instance ID PCI\VEN_8086&DEV_1616&SUBSYS_222517AA&REV_09\3&B1BFB68&0&10 with the following status: 0.
Information	8/31/2016 11:29:27 AM	Service Control Manager	7045	None	"A service was installed in the system.

Service Name:  igfx
Service File Name:  \SystemRoot\system32\DRIVERS\igdkmd64.sys
Service Type:  kernel mode driver
Service Start Type:  demand start
Service Account:  "
Information	8/31/2016 11:29:11 AM	Netwtw04	7002	None	"The description for Event ID 7002 from source Netwtw04 cannot be found. Either the component that raises this event is not installed on your local computer or the installation is corrupted. You can install or repair the component on the local computer.

If the event originated on another computer, the display information had to be saved with the event.

The following information was included with the event: 

\Device\NDMP1
Intel(R) Dual Band Wireless-AC 7265

The specified resource type cannot be found in the image file
"
Information	8/31/2016 11:29:11 AM	Netwtw04	7002	None	"The description for Event ID 7002 from source Netwtw04 cannot be found. Either the component that raises this event is not installed on your local computer or the installation is corrupted. You can install or repair the component on the local computer.

If the event originated on another computer, the display information had to be saved with the event.

The following information was included with the event: 

\Device\NDMP1
Intel(R) Dual Band Wireless-AC 7265

The specified resource type cannot be found in the image file
"
Information	8/31/2016 11:29:11 AM	Microsoft-Windows-WLAN-AutoConfig	4000	None	"WLAN AutoConfig service has successfully started.
"
Information	8/31/2016 11:29:11 AM	Netwtw04	7001	None	"The description for Event ID 7001 from source Netwtw04 cannot be found. Either the component that raises this event is not installed on your local computer or the installation is corrupted. You can install or repair the component on the local computer.

If the event originated on another computer, the display information had to be saved with the event.

The following information was included with the event: 

\Device\NDMP1
Intel(R) Dual Band Wireless-AC 7265

The specified resource type cannot be found in the image file
"
Information	8/31/2016 11:29:11 AM	Netwtw04	7001	None	"The description for Event ID 7001 from source Netwtw04 cannot be found. Either the component that raises this event is not installed on your local computer or the installation is corrupted. You can install or repair the component on the local computer.

If the event originated on another computer, the display information had to be saved with the event.

The following information was included with the event: 

\Device\NDMP1
Intel(R) Dual Band Wireless-AC 7265

The specified resource type cannot be found in the image file
"
Information	8/31/2016 11:29:11 AM	Netwtw04	7036	None	The \Device\NDMP1 service entered the Intel(R) Dual Band Wireless-AC 7265 state.
Information	8/31/2016 11:29:11 AM	Service Control Manager	7040	None	The start type of the WLAN AutoConfig service was changed from demand start to auto start.
Information	8/31/2016 11:29:11 AM	Microsoft-Windows-UserPnp	20001	(7005)	Driver Management concluded the process to install driver netwtw04.inf_amd64_9c9abc3bff03dd10\netwtw04.inf for Device Instance ID PCI\VEN_8086&DEV_095B&SUBSYS_52108086&REV_99\4&1C114944&0&00E1 with the following status: 0x0.
Information	8/31/2016 11:29:11 AM	Service Control Manager	7045	None	"A service was installed in the system.

Service Name:  ___ Intel(R) Wireless Adapter Driver for Windows 10 - 64 Bit
Service File Name:  \SystemRoot\System32\drivers\Netwtw04.sys
Service Type:  kernel mode driver
Service Start Type:  demand start
Service Account:  "
Information	8/31/2016 11:29:11 AM	Microsoft-Windows-Kernel-General	16	None	The access history in hive \??\C:\Windows\system32\Config\Elam was cleared updating 1 keys and creating 1 modified pages.
Information	8/31/2016 11:29:07 AM	Workstation	3261	None	This computer has been successfully joined to workgroup 'WORKGROUP'.
Error	8/31/2016 11:29:06 AM	Service Control Manager	7023	None	"The IP Helper service terminated with the following error: 
The service cannot be started, either because it is disabled or because it has no enabled devices associated with it."
Information	8/31/2016 11:29:06 AM	TPM	18	None	This event triggers the Trusted Platform Module (TPM) provisioning/status check to run.
Information	8/31/2016 11:29:06 AM	Service Control Manager	7026	None	"The following boot-start or system-start driver(s) did not load: 
cdrom
CSC
dam"
Information	8/31/2016 11:29:06 AM	Service Control Manager	7040	None	The start type of the Touch Keyboard and Handwriting Panel Service service was changed from demand start to auto start.
Information	8/31/2016 11:29:06 AM	Microsoft-Windows-Kernel-General	16	None	The access history in hive \??\C:\Windows\AppCompat\Programs\Amcache.hve was cleared updating 0 keys and creating 0 modified pages.
Error	8/31/2016 11:29:06 AM	Service Control Manager	7023	None	"The Spooler service terminated with the following error: 
Ran out of memory"
Critical	8/31/2016 11:29:06 AM	Microsoft-Windows-TaskScheduler	404	Service RPC error	"Task Scheduler service has encountered RPC initialization error in ""RpcServerUseProtseq:ncacn_ip_tcp"". Additional Data: Error Value: 14."
Error	8/31/2016 11:29:06 AM	Service Control Manager	7023	None	"The netprofm service terminated with the following error: 
The device is not ready."
Information	8/31/2016 11:29:06 AM	Microsoft-Windows-DHCPv6-Client	51046	Service State Event	DHCPv6 client service is started
Information	8/31/2016 11:29:06 AM	Microsoft-Windows-Dhcp-Client	50036	Service State Event	DHCPv4 client service is started
Information	8/31/2016 11:29:06 AM	Microsoft-Windows-FilterManager	6	None	File System Filter 'wcnfs' (10.0, ‎2016‎-‎07‎-‎15T19:28:27.000000000Z) has successfully loaded and registered with Filter Manager.
Information	8/31/2016 11:29:06 AM	Microsoft-Windows-FilterManager	6	None	File System Filter 'storqosflt' (10.0, ‎2016‎-‎07‎-‎15T19:26:43.000000000Z) has successfully loaded and registered with Filter Manager.
Information	8/31/2016 11:29:06 AM	Microsoft-Windows-FilterManager	6	None	File System Filter 'luafv' (10.0, ‎2016‎-‎07‎-‎15T19:21:48.000000000Z) has successfully loaded and registered with Filter Manager.
Information	8/31/2016 11:29:06 AM	Microsoft-Windows-FilterManager	6	None	File System Filter 'wcifs' (10.0, ‎2016‎-‎07‎-‎15T19:27:16.000000000Z) has successfully loaded and registered with Filter Manager.
Information	8/31/2016 11:29:06 AM	Microsoft-Windows-Kernel-General	16	None	The access history in hive \SystemRoot\System32\Config\BBI was cleared updating 1 keys and creating 1 modified pages.
Information	8/31/2016 11:29:04 AM	Microsoft-Windows-SetupPlatform	2005	Install Windows Task	New Setup information
Information	8/31/2016 11:29:00 AM	Win32k	267	None	"The description for Event ID 267 from source Win32k cannot be found. Either the component that raises this event is not installed on your local computer or the installation is corrupted. You can install or repair the component on the local computer.

If the event originated on another computer, the display information had to be saved with the event.

The following information was included with the event: 


The specified resource type cannot be found in the image file
"
Warning	8/31/2016 11:29:00 AM	Win32k	263	None	"The description for Event ID 263 from source Win32k cannot be found. Either the component that raises this event is not installed on your local computer or the installation is corrupted. You can install or repair the component on the local computer.

If the event originated on another computer, the display information had to be saved with the event.

The following information was included with the event: 


The specified resource type cannot be found in the image file
"
Information	8/31/2016 11:29:00 AM	Microsoft-Windows-Kernel-General	16	None	The access history in hive \SystemRoot\System32\Config\SAM was cleared updating 1 keys and creating 1 modified pages.
Information	8/31/2016 11:29:00 AM	Microsoft-Windows-Directory-Services-SAM	16962	None	"Remote calls to the SAM database are being restricted using the default security descriptor: O:SYG:SYD:(A;;RC;;;BA).
For more information please see http://go.microsoft.com/fwlink/?LinkId=787651."
Information	8/31/2016 11:29:00 AM	Win32k	267	None	"The description for Event ID 267 from source Win32k cannot be found. Either the component that raises this event is not installed on your local computer or the installation is corrupted. You can install or repair the component on the local computer.

If the event originated on another computer, the display information had to be saved with the event.

The following information was included with the event: 


The specified resource type cannot be found in the image file
"
Warning	8/31/2016 11:29:00 AM	Win32k	263	None	"The description for Event ID 263 from source Win32k cannot be found. Either the component that raises this event is not installed on your local computer or the installation is corrupted. You can install or repair the component on the local computer.

If the event originated on another computer, the display information had to be saved with the event.

The following information was included with the event: 


The specified resource type cannot be found in the image file
"
Information	8/31/2016 11:28:59 AM	Microsoft-Windows-Kernel-General	16	None	The access history in hive \SystemRoot\System32\Config\SECURITY was cleared updating 1 keys and creating 1 modified pages.
Information	8/31/2016 11:28:59 AM	Microsoft-Windows-Wininit	14	None	Credential Guard (LsaIso.exe) configuration: 0x0, 0
Information	8/31/2016 11:28:54 AM	Microsoft-Windows-Kernel-General	16	None	The access history in hive \??\C:\Users\Default\NTUSER.DAT was cleared updating 584 keys and creating 35 modified pages.
Information	8/31/2016 11:28:48 AM	Microsoft-Windows-Kernel-General	16	None	The access history in hive \SystemRoot\System32\Config\DEFAULT was cleared updating 70 keys and creating 6 modified pages.
Information	8/31/2016 11:28:48 AM	Microsoft-Windows-Kernel-General	16	None	The access history in hive \SystemRoot\System32\Config\SOFTWARE was cleared updating 218500 keys and creating 12778 modified pages.
Information	8/31/2016 11:28:47 AM	Microsoft-Windows-Kernel-General	16	None	The access history in hive \Device\HarddiskVolume1\Boot\BCD was cleared updating 104 keys and creating 5 modified pages.
Information	8/31/2016 11:28:47 AM	Microsoft-Windows-Kernel-General	16	None	The access history in hive \SystemRoot\System32\config\DRIVERS was cleared updating 31078 keys and creating 1306 modified pages.
Information	8/31/2016 11:28:47 AM	Microsoft-Windows-Ntfs	98	None	Volume \\?\Volume{33e9f129-0000-0000-0000-206f70000000} (\Device\HarddiskVolume3) is healthy.  No action is needed.
Information	8/31/2016 11:28:47 AM	Microsoft-Windows-Ntfs	98	None	Volume \\?\Volume{33e9f129-0000-0000-0000-100000000000} (\Device\HarddiskVolume1) is healthy.  No action is needed.
Information	8/31/2016 11:28:47 AM	Microsoft-Windows-Ntfs	98	None	Volume D: (\Device\HarddiskVolume4) is healthy.  No action is needed.
Information	8/31/2016 11:28:47 AM	Microsoft-Windows-Kernel-Power	172	(203)	Connectivity state in standby: Disconnected, Reason: NIC compliance
Information	8/31/2016 11:28:47 AM	Microsoft-Windows-FilterManager	6	None	File System Filter 'npsvctrig' (10.0, ‎2016‎-‎07‎-‎15T19:28:33.000000000Z) has successfully loaded and registered with Filter Manager.
Information	8/31/2016 11:28:46 AM	MEIx64	2	None	Intel(R) Management Engine Interface driver has started successfully.
Information	8/31/2016 11:28:46 AM	Microsoft-Windows-Kernel-Processor-Power	55	(47)	"Processor 3 in group 0 exposes the following power management capabilities:

Idle state type: ACPI Idle (C) States (3 state(s))

Performance state type: ACPI Collaborative Processor Performance Control
Nominal Frequency (MHz): 2594
Maximum performance percentage: 123
Minimum performance percentage: 19
Minimum throttle percentage: 1"
Information	8/31/2016 11:28:46 AM	Microsoft-Windows-Kernel-Processor-Power	55	(47)	"Processor 2 in group 0 exposes the following power management capabilities:

Idle state type: ACPI Idle (C) States (3 state(s))

Performance state type: ACPI Collaborative Processor Performance Control
Nominal Frequency (MHz): 2594
Maximum performance percentage: 123
Minimum performance percentage: 19
Minimum throttle percentage: 1"
Information	8/31/2016 11:28:46 AM	Microsoft-Windows-Kernel-Processor-Power	55	(47)	"Processor 1 in group 0 exposes the following power management capabilities:

Idle state type: ACPI Idle (C) States (3 state(s))

Performance state type: ACPI Collaborative Processor Performance Control
Nominal Frequency (MHz): 2594
Maximum performance percentage: 123
Minimum performance percentage: 19
Minimum throttle percentage: 1"
Information	8/31/2016 11:28:46 AM	Microsoft-Windows-Kernel-Processor-Power	55	(47)	"Processor 0 in group 0 exposes the following power management capabilities:

Idle state type: ACPI Idle (C) States (3 state(s))

Performance state type: ACPI Collaborative Processor Performance Control
Nominal Frequency (MHz): 2594
Maximum performance percentage: 123
Minimum performance percentage: 19
Minimum throttle percentage: 1"
Information	8/31/2016 11:28:44 AM	Microsoft-Windows-FilterManager	6	None	File System Filter 'FileCrypt' (10.0, ‎2016‎-‎07‎-‎15T19:22:39.000000000Z) has successfully loaded and registered with Filter Manager.
Information	8/31/2016 11:28:44 AM	Microsoft-Windows-Ntfs	98	None	Volume C: (\Device\HarddiskVolume2) is healthy.  No action is needed.
Information	8/31/2016 11:28:43 AM	TPM	24	None	The Trusted Platform Module (TPM) status: Enabled and Active.
Information	8/31/2016 11:28:43 AM	Microsoft-Windows-FilterManager	6	None	File System Filter 'WdFilter' (10.0, ‎2016‎-‎07‎-‎15T19:25:21.000000000Z) has successfully loaded and registered with Filter Manager.
Information	8/31/2016 11:28:43 AM	Microsoft-Windows-FilterManager	6	None	File System Filter 'Wof' (10.0, ‎2016‎-‎07‎-‎15T19:27:07.000000000Z) has successfully loaded and registered with Filter Manager.
Information	8/31/2016 11:28:43 AM	Microsoft-Windows-FilterManager	6	None	File System Filter 'FileInfo' (10.0, ‎2016‎-‎07‎-‎15T19:26:05.000000000Z) has successfully loaded and registered with Filter Manager.
Information	8/31/2016 11:28:43 AM	Microsoft-Windows-Kernel-Boot	30	(21)	The firmware reported boot metrics.
Information	8/31/2016 11:28:43 AM	Microsoft-Windows-Kernel-Boot	32	None	The bootmgr spent 0 ms waiting for user input.
Information	8/31/2016 11:28:43 AM	Microsoft-Windows-Kernel-Boot	18	None	There are 0x1 boot options on this system.
Information	8/31/2016 11:28:43 AM	Microsoft-Windows-Kernel-Boot	25	(32)	The boot menu policy was 0x1.
Information	8/31/2016 11:28:43 AM	Microsoft-Windows-Kernel-Boot	27	(33)	The boot type was 0x0.
Information	8/31/2016 11:28:43 AM	Microsoft-Windows-Kernel-Boot	153	None	The Virtualization Based Security (policies: 0) is disabled with status STATUS_SUCCESS.
Information	8/31/2016 11:28:43 AM	Microsoft-Windows-Kernel-General	12	(1)	The operating system started at system time ‎2016‎-‎08‎-‎31T17:28:43.491756700Z.
Information	8/31/2016 11:29:06 AM	EventLog	6005	None	The Event log service was started.
Information	8/31/2016 11:29:06 AM	EventLog	6009	None	Microsoft (R) Windows (R) 10.00. 14393  Multiprocessor Free.
