Information	9/13/2016 8:07:46 AM	Netwtw04	7002	None	"The description for Event ID 7002 from source Netwtw04 cannot be found. Either the component that raises this event is not installed on your local computer or the installation is corrupted. You can install or repair the component on the local computer.

If the event originated on another computer, the display information had to be saved with the event.

The following information was included with the event: 

\Device\NDMP31
Intel(R) Dual Band Wireless-AC 7265

The specified resource type cannot be found in the image file
"
Information	9/13/2016 8:07:46 AM	Netwtw04	7002	None	"The description for Event ID 7002 from source Netwtw04 cannot be found. Either the component that raises this event is not installed on your local computer or the installation is corrupted. You can install or repair the component on the local computer.

If the event originated on another computer, the display information had to be saved with the event.

The following information was included with the event: 

\Device\NDMP31
Intel(R) Dual Band Wireless-AC 7265

The specified resource type cannot be found in the image file
"
Information	9/13/2016 8:07:46 AM	Netwtw04	7001	None	"The description for Event ID 7001 from source Netwtw04 cannot be found. Either the component that raises this event is not installed on your local computer or the installation is corrupted. You can install or repair the component on the local computer.

If the event originated on another computer, the display information had to be saved with the event.

The following information was included with the event: 

\Device\NDMP31
Intel(R) Dual Band Wireless-AC 7265

The specified resource type cannot be found in the image file
"
Information	9/13/2016 8:07:46 AM	Netwtw04	7001	None	"The description for Event ID 7001 from source Netwtw04 cannot be found. Either the component that raises this event is not installed on your local computer or the installation is corrupted. You can install or repair the component on the local computer.

If the event originated on another computer, the display information had to be saved with the event.

The following information was included with the event: 

\Device\NDMP31
Intel(R) Dual Band Wireless-AC 7265

The specified resource type cannot be found in the image file
"
Information	9/13/2016 8:07:46 AM	Netwtw04	7036	None	The \Device\NDMP31 service entered the Intel(R) Dual Band Wireless-AC 7265 state.
Information	9/13/2016 8:07:45 AM	Netwtw04	8000	None	"The description for Event ID 8000 from source Netwtw04 cannot be found. Either the component that raises this event is not installed on your local computer or the installation is corrupted. You can install or repair the component on the local computer.

If the event originated on another computer, the display information had to be saved with the event.

The following information was included with the event: 

\Device\NDMP5
Intel(R) Dual Band Wireless-AC 7265

The specified resource type cannot be found in the image file
"
Error	9/13/2016 8:07:42 AM	Microsoft-Windows-WLAN-AutoConfig	4003	None	"WLAN AutoConfig detected limit connectivity, performing Reset/Recover.adapter.

 Code: 2 0xDEADDEED 0xEEEC
"
Error	9/13/2016 8:07:42 AM	Microsoft-Windows-WLAN-AutoConfig	4003	None	"WLAN AutoConfig detected limit connectivity, performing Reset/Recover.adapter.

 Code: 1 0xC 0x4
"
Warning	9/13/2016 8:06:33 AM	Microsoft-Windows-DNS-Client	1014	(1014)	Name resolution for the name version.hybrid.api.here.com timed out after none of the configured DNS servers responded.
Error	9/13/2016 8:04:05 AM	Schannel	36882	None	The certificate received from the remote server was issued by an untrusted certificate authority. Because of this, none of the data contained in the certificate can be validated. The TLS connection request has failed. The attached data contains the server certificate.
Information	9/13/2016 8:03:25 AM	Microsoft-Windows-Power-Troubleshooter	1	None	"The system has returned from a low power state.

Sleep Time: ‎2016‎-‎09‎-‎12T18:24:43.812935500Z
Wake Time: ‎2016‎-‎09‎-‎13T14:03:24.258199900Z

Wake Source: Unknown"
Information	9/13/2016 8:03:25 AM	BTHUSB	18	None	Windows cannot store Bluetooth authentication codes (link keys) on the local adapter. Bluetooth keyboards might not work in the system BIOS during startup.
Information	9/13/2016 8:03:24 AM	Microsoft-Windows-Kernel-Boot	27	(33)	The boot type was 0x2.
Information	9/13/2016 8:03:24 AM	Microsoft-Windows-Kernel-Boot	25	(32)	The boot menu policy was 0xF00E0.
Information	9/13/2016 8:03:24 AM	Microsoft-Windows-Kernel-Boot	32	None	The bootmgr spent 0 ms waiting for user input.
Information	9/13/2016 8:03:24 AM	Microsoft-Windows-Kernel-Boot	18	None	There are 0x1 boot options on this system.
Information	9/13/2016 8:03:24 AM	Microsoft-Windows-Kernel-Boot	30	(21)	The firmware reported boot metrics.
Information	9/13/2016 8:03:21 AM	Microsoft-Windows-Kernel-General	1	(5)	"The system time has changed to ‎2016‎-‎09‎-‎13T14:03:21.500000000Z from ‎2016‎-‎09‎-‎12T18:24:59.681551500Z.

Change Reason: System time synchronized with the hardware clock."
Information	9/12/2016 12:24:59 PM	Microsoft-Windows-Kernel-Power	107	(102)	The system has resumed from sleep.
Information	9/12/2016 12:24:50 PM	Microsoft-Windows-Kernel-Power	42	(64)	"The system is entering sleep.

Sleep Reason: Hibernate from Sleep - Fixed Timeout"
Information	9/12/2016 12:24:43 PM	Microsoft-Windows-Power-Troubleshooter	1	None	"The system has returned from a low power state.

Sleep Time: ‎2016‎-‎09‎-‎12T18:24:43.812935500Z
Wake Time: ‎2016‎-‎09‎-‎12T18:24:42.581643500Z

Wake Source: S4 Doze to Hibernate"
Information	9/12/2016 12:24:43 PM	BTHUSB	18	None	Windows cannot store Bluetooth authentication codes (link keys) on the local adapter. Bluetooth keyboards might not work in the system BIOS during startup.
Information	9/12/2016 12:24:42 PM	Microsoft-Windows-Kernel-Power	131	(33)	Firmware S3 times. ResumeCount: 2, FullResume: 431, AverageResume: 432
Information	9/12/2016 12:24:41 PM	Microsoft-Windows-Kernel-General	1	(5)	"The system time has changed to ‎2016‎-‎09‎-‎12T18:24:41.500000000Z from ‎2016‎-‎09‎-‎12T15:24:44.207831900Z.

Change Reason: System time synchronized with the hardware clock."
Information	9/12/2016 9:24:44 AM	Microsoft-Windows-Kernel-Power	107	(102)	The system has resumed from sleep.
Information	9/12/2016 12:24:42 PM	EventLog	6013	None	The system uptime is 62439 seconds.
Information	9/12/2016 9:24:40 AM	Microsoft-Windows-Kernel-Power	42	(64)	"The system is entering sleep.

Sleep Reason: Application API"
Error	9/12/2016 9:24:37 AM	Microsoft-Windows-DistributedCOM	10016	None	"The application-specific permission settings do not grant Local Activation permission for the COM Server application with CLSID 
{D63B10C5-BB46-4990-A94F-E40B9D520160}
 and APPID 
{9CA88EE3-ACB7-47C8-AFC4-AB702511C276}
 to the user NT AUTHORITY\SYSTEM SID (S-1-5-18) from address LocalHost (Using LRPC) running in the application container Unavailable SID (Unavailable). This security permission can be modified using the Component Services administrative tool."
Warning	9/12/2016 8:19:12 AM	Microsoft-Windows-DNS-Client	1014	(1014)	Name resolution for the name datadrivensecurity.com timed out after none of the configured DNS servers responded.
Warning	9/12/2016 8:08:24 AM	Microsoft-Windows-DNS-Client	1014	(1014)	Name resolution for the name datadrivensecurity.com timed out after none of the configured DNS servers responded.
Warning	9/12/2016 7:56:49 AM	Microsoft-Windows-DNS-Client	1014	(1014)	Name resolution for the name datadrivensecurity.com timed out after none of the configured DNS servers responded.
Information	9/12/2016 6:03:03 AM	Microsoft-Windows-Power-Troubleshooter	1	None	"The system has returned from a low power state.

Sleep Time: ‎2016‎-‎09‎-‎12T02:47:36.249487600Z
Wake Time: ‎2016‎-‎09‎-‎12T12:03:01.865252800Z

Wake Source: Power Button"
Information	9/12/2016 6:03:02 AM	BTHUSB	18	None	Windows cannot store Bluetooth authentication codes (link keys) on the local adapter. Bluetooth keyboards might not work in the system BIOS during startup.
Information	9/12/2016 6:03:01 AM	Microsoft-Windows-Kernel-Power	131	(33)	Firmware S3 times. ResumeCount: 1, FullResume: 434, AverageResume: 434
Information	9/12/2016 6:03:00 AM	Microsoft-Windows-Kernel-General	1	(5)	"The system time has changed to ‎2016‎-‎09‎-‎12T12:03:00.500000000Z from ‎2016‎-‎09‎-‎12T02:47:42.171112700Z.

Change Reason: System time synchronized with the hardware clock."
Information	9/11/2016 8:47:42 PM	Microsoft-Windows-Kernel-Power	107	(102)	The system has resumed from sleep.
Information	9/11/2016 8:47:38 PM	Microsoft-Windows-Kernel-Power	42	(64)	"The system is entering sleep.

Sleep Reason: Button or Lid"
Error	9/11/2016 8:47:31 PM	Microsoft-Windows-DistributedCOM	10016	None	"The application-specific permission settings do not grant Local Activation permission for the COM Server application with CLSID 
{D63B10C5-BB46-4990-A94F-E40B9D520160}
 and APPID 
{9CA88EE3-ACB7-47C8-AFC4-AB702511C276}
 to the user NT AUTHORITY\SYSTEM SID (S-1-5-18) from address LocalHost (Using LRPC) running in the application container Unavailable SID (Unavailable). This security permission can be modified using the Component Services administrative tool."
Information	9/11/2016 7:30:31 PM	Microsoft-Windows-Kernel-General	16	None	The access history in hive \??\C:\Users\AndyL\AppData\Local\Packages\Microsoft.WindowsMaps_8wekyb3d8bbwe\Settings\settings.dat was cleared updating 13 keys and creating 2 modified pages.
Information	9/11/2016 7:30:00 PM	Microsoft-Windows-Kernel-General	16	None	The access history in hive \??\C:\Users\AndyL\AppData\Local\Packages\Microsoft.People_8wekyb3d8bbwe\Settings\settings.dat was cleared updating 3 keys and creating 1 modified pages.
Information	9/11/2016 7:09:43 PM	Microsoft-Windows-WindowsUpdateClient	19	Windows Update Agent	Installation Successful: Windows successfully installed the following update: Definition Update for Windows Defender - KB2267602 (Definition 1.227.2140.0)
Information	9/11/2016 7:09:31 PM	Microsoft-Windows-WindowsUpdateClient	43	Windows Update Agent	Installation Started: Windows has started installing the following update: Definition Update for Windows Defender - KB2267602 (Definition 1.227.2140.0)
Information	9/11/2016 7:09:26 PM	Microsoft-Windows-WindowsUpdateClient	44	Windows Update Agent	Windows Update started downloading an update.
Information	9/11/2016 7:06:26 PM	Microsoft-Windows-Kernel-General	16	None	The access history in hive \??\C:\Users\AndyL\AppData\Local\Packages\Microsoft.WindowsStore_8wekyb3d8bbwe\Settings\settings.dat was cleared updating 17 keys and creating 2 modified pages.
Information	9/11/2016 7:04:39 PM	Microsoft-Windows-TPM-WMI	1026	None	"The Trusted Platform Module (TPM) hardware on this computer cannot be provisioned for use automatically.  To set up the TPM interactively use the TPM management console (Start->tpm.msc) and use the action to make the TPM ready.

Error: The TPM provisioning action is not allowed by the specified flags.  For provisioning to be successful, one of several actions may be required.  The TPM management console (tpm.msc) action to make the TPM Ready may help.  For further information, see the documentation for the Win32_Tpm WMI method 'Provision'.  (The actions that may be required include importing the TPM Owner Authorization value into the system, calling the Win32_Tpm WMI method for provisioning the TPM and specifying TRUE for either 'ForceClear_Allowed' or 'PhysicalPresencePrompts_Allowed' (as indicated by the value returned in the Additional Information), or enabling the TPM in the system BIOS.)
Additional Information: 0x80011c"
Information	9/11/2016 7:04:35 PM	Microsoft-Windows-Kernel-General	16	None	The access history in hive \??\C:\Users\AndyL\AppData\Local\Packages\microsoft.windowscommunicationsapps_8wekyb3d8bbwe\Settings\settings.dat was cleared updating 116 keys and creating 8 modified pages.
Information	9/11/2016 7:04:31 PM	Lfsvc	1	None	Geolocation positioning is enabled.
Information	9/11/2016 7:04:30 PM	Microsoft-Windows-Kernel-General	16	None	The access history in hive \??\C:\Users\AndyL\AppData\Local\Packages\Microsoft.Windows.Cortana_cw5n1h2txyewy\Settings\settings.dat was cleared updating 296 keys and creating 25 modified pages.
Information	9/11/2016 7:04:30 PM	Microsoft-Windows-Kernel-General	16	None	The access history in hive \??\C:\Users\AndyL\AppData\Local\Packages\Microsoft.Windows.ShellExperienceHost_cw5n1h2txyewy\Settings\settings.dat was cleared updating 5 keys and creating 1 modified pages.
Error	9/11/2016 7:04:28 PM	Microsoft-Windows-DistributedCOM	10016	None	"The application-specific permission settings do not grant Local Activation permission for the COM Server application with CLSID 
{6B3B8D23-FA8D-40B9-8DBD-B950333E2C52}
 and APPID 
{4839DDB7-58C2-48F5-8283-E1D1807D0D7D}
 to the user NT AUTHORITY\LOCAL SERVICE SID (S-1-5-19) from address LocalHost (Using LRPC) running in the application container Unavailable SID (Unavailable). This security permission can be modified using the Component Services administrative tool."
Error	9/11/2016 7:04:28 PM	Microsoft-Windows-DistributedCOM	10016	None	"The application-specific permission settings do not grant Local Activation permission for the COM Server application with CLSID 
{6B3B8D23-FA8D-40B9-8DBD-B950333E2C52}
 and APPID 
{4839DDB7-58C2-48F5-8283-E1D1807D0D7D}
 to the user NT AUTHORITY\LOCAL SERVICE SID (S-1-5-19) from address LocalHost (Using LRPC) running in the application container Unavailable SID (Unavailable). This security permission can be modified using the Component Services administrative tool."
Information	9/11/2016 7:04:27 PM	Microsoft-Windows-TPM-WMI	1026	None	"The Trusted Platform Module (TPM) hardware on this computer cannot be provisioned for use automatically.  To set up the TPM interactively use the TPM management console (Start->tpm.msc) and use the action to make the TPM ready.

Error: The TPM provisioning action is not allowed by the specified flags.  For provisioning to be successful, one of several actions may be required.  The TPM management console (tpm.msc) action to make the TPM Ready may help.  For further information, see the documentation for the Win32_Tpm WMI method 'Provision'.  (The actions that may be required include importing the TPM Owner Authorization value into the system, calling the Win32_Tpm WMI method for provisioning the TPM and specifying TRUE for either 'ForceClear_Allowed' or 'PhysicalPresencePrompts_Allowed' (as indicated by the value returned in the Additional Information), or enabling the TPM in the system BIOS.)
Additional Information: 0x80011c"
Error	9/11/2016 7:04:27 PM	Microsoft-Windows-DistributedCOM	10016	None	"The application-specific permission settings do not grant Local Activation permission for the COM Server application with CLSID 
{8D8F4F83-3594-4F07-8369-FC3C3CAE4919}
 and APPID 
{F72671A9-012C-4725-9D2F-2A4D32D65169}
 to the user NT AUTHORITY\SYSTEM SID (S-1-5-18) from address LocalHost (Using LRPC) running in the application container Unavailable SID (Unavailable). This security permission can be modified using the Component Services administrative tool."
Information	9/11/2016 7:04:26 PM	Microsoft-Windows-Kernel-General	16	None	The access history in hive \??\C:\Users\AndyL\AppData\Local\Microsoft\Windows\UsrClass.dat was cleared updating 6409 keys and creating 626 modified pages.
Information	9/11/2016 7:04:26 PM	Microsoft-Windows-Kernel-General	16	None	The access history in hive \??\C:\Users\AndyL\ntuser.dat was cleared updating 13884 keys and creating 1476 modified pages.
Information	9/11/2016 7:04:26 PM	Microsoft-Windows-Winlogon	7001	(1101)	User Logon Notification for Customer Experience Improvement Program
Information	9/11/2016 7:04:18 PM	TPM	18	None	This event triggers the Trusted Platform Module (TPM) provisioning/status check to run.
Information	9/11/2016 7:04:18 PM	Service Control Manager	7026	None	"The following boot-start or system-start driver(s) did not load: 
cdrom
dam"
Information	9/11/2016 7:04:16 PM	Microsoft-Windows-Kernel-General	16	None	The access history in hive \??\C:\Windows\AppCompat\Programs\Amcache.hve was cleared updating 11633 keys and creating 1921 modified pages.
Information	9/11/2016 7:04:15 PM	Microsoft-Windows-WLAN-AutoConfig	10001	None	"WLAN Extensibility Module has successfully started.

Module Path: C:\Windows\System32\IWMSSvc.dll
"
Information	9/11/2016 7:04:15 PM	VMnetuserif	1	None	() Starting up the User Interface Driver for VMware Virtual Networks.
Information	9/11/2016 7:04:15 PM	vmx86	34	None	"The description for Event ID 34 from source vmx86 cannot be found. Either the component that raises this event is not installed on your local computer or the installation is corrupted. You can install or repair the component on the local computer.

If the event originated on another computer, the display information had to be saved with the event.

The following information was included with the event: 

VMX86.SYS: begin DriverEntry built @ 17:11:03
"
Information	9/11/2016 7:04:15 PM	Win32k	267	None	"The description for Event ID 267 from source Win32k cannot be found. Either the component that raises this event is not installed on your local computer or the installation is corrupted. You can install or repair the component on the local computer.

If the event originated on another computer, the display information had to be saved with the event.

The following information was included with the event: 


The specified resource type cannot be found in the image file
"
Information	9/11/2016 7:04:14 PM	Microsoft-Windows-WLAN-AutoConfig	4000	None	"WLAN AutoConfig service has successfully started.
"
Information	9/11/2016 7:04:14 PM	VMnetBridge	10	None	() Starting up the Bridge Driver for VMware Virtual Networks.
Warning	9/11/2016 7:04:14 PM	Microsoft-Windows-TaskScheduler	414	Task Misconfiguration	Task Scheduler service found a misconfiguration in the NT TASK\DolbySelectorTask definition. Additional Data: Error Value: %ProgramFiles%\Dolby Digital Plus\ddp.exe.
Information	9/11/2016 7:04:14 PM	Microsoft-Windows-FilterManager	6	None	File System Filter 'wcnfs' (10.0, ‎2016‎-‎07‎-‎15T22:28:27.000000000Z) has successfully loaded and registered with Filter Manager.
Information	9/11/2016 7:04:14 PM	Microsoft-Windows-FilterManager	6	None	File System Filter 'storqosflt' (10.0, ‎2016‎-‎07‎-‎15T22:26:43.000000000Z) has successfully loaded and registered with Filter Manager.
Information	9/11/2016 7:04:14 PM	Microsoft-Windows-FilterManager	6	None	File System Filter 'wcifs' (10.0, ‎2016‎-‎07‎-‎15T22:27:16.000000000Z) has successfully loaded and registered with Filter Manager.
Information	9/11/2016 7:04:14 PM	Microsoft-Windows-FilterManager	6	None	File System Filter 'luafv' (10.0, ‎2016‎-‎07‎-‎15T22:21:48.000000000Z) has successfully loaded and registered with Filter Manager.
Information	9/11/2016 7:04:14 PM	Microsoft-Windows-DHCPv6-Client	51046	Service State Event	DHCPv6 client service is started
Information	9/11/2016 7:04:14 PM	RFCOMM	1	None	Bluetooth has accepted service {00000000-0000-0000-0000-000000000000} on remote device (00:00:00:00:00:00) due to policy Bluetooth\ServicesAllowedList.
Information	9/11/2016 7:04:14 PM	BTHUSB	37	None	Bluetooth radio has accepted discoverability due to policy Bluetooth\AllowDiscoverableMode.
Information	9/11/2016 7:04:14 PM	RFCOMM	1	None	Bluetooth has accepted service {00000000-0000-0000-0000-000000000000} on remote device (00:00:00:00:00:00) due to policy Bluetooth\ServicesAllowedList.
Information	9/11/2016 7:04:14 PM	Microsoft-Windows-Dhcp-Client	50036	Service State Event	DHCPv4 client service is started
Information	9/11/2016 7:04:14 PM	BTHUSB	35	None	Bluetooth radio enablement has been accepted due to policy Connectivity\AllowBluetooth.
Information	9/11/2016 7:04:14 PM	BTHUSB	36	None	Bluetooth radio has accepted advertising due to policy Bluetooth\AllowAdvertising.
Information	9/11/2016 7:04:14 PM	BTHUSB	37	None	Bluetooth radio has accepted discoverability due to policy Bluetooth\AllowDiscoverableMode.
Information	9/11/2016 7:04:14 PM	BTHUSB	34	None	A Bluetooth policy has changed.  Policy Bluetooth\ServicesAllowedList has value of: *
Information	9/11/2016 7:04:14 PM	BTHUSB	34	None	A Bluetooth policy has changed.  Policy Bluetooth\AllowAdvertising has value of: 1
Information	9/11/2016 7:04:14 PM	BTHUSB	34	None	A Bluetooth policy has changed.  Policy Bluetooth\AllowDiscoverableMode has value of: 1
Information	9/11/2016 7:04:14 PM	BTHUSB	34	None	A Bluetooth policy has changed.  Policy Connectivity\AllowBluetooth has value of: 2
Information	9/11/2016 7:04:14 PM	Microsoft-Windows-Kernel-General	16	None	The access history in hive \??\C:\Windows\ServiceProfiles\LocalService\NTUSER.DAT was cleared updating 128 keys and creating 20 modified pages.
Information	9/11/2016 7:04:14 PM	Microsoft-Windows-Kernel-General	16	None	The access history in hive \SystemRoot\System32\Config\BBI was cleared updating 648 keys and creating 134 modified pages.
Information	9/11/2016 7:04:13 PM	Microsoft-Windows-Kernel-General	16	None	The access history in hive \??\C:\Windows\ServiceProfiles\NetworkService\NTUSER.DAT was cleared updating 108 keys and creating 20 modified pages.
Information	9/11/2016 7:04:13 PM	Win32k	267	None	"The description for Event ID 267 from source Win32k cannot be found. Either the component that raises this event is not installed on your local computer or the installation is corrupted. You can install or repair the component on the local computer.

If the event originated on another computer, the display information had to be saved with the event.

The following information was included with the event: 


The specified resource type cannot be found in the image file
"
Information	9/11/2016 7:04:13 PM	Microsoft-Windows-Kernel-General	16	None	The access history in hive \SystemRoot\System32\Config\SAM was cleared updating 70 keys and creating 7 modified pages.
Information	9/11/2016 7:04:13 PM	Microsoft-Windows-Directory-Services-SAM	16962	None	"Remote calls to the SAM database are being restricted using the default security descriptor: O:SYG:SYD:(A;;RC;;;BA).
For more information please see http://go.microsoft.com/fwlink/?LinkId=787651."
Information	9/11/2016 7:04:12 PM	Microsoft-Windows-Kernel-General	16	None	The access history in hive \SystemRoot\System32\Config\SECURITY was cleared updating 78 keys and creating 5 modified pages.
Information	9/11/2016 7:04:12 PM	Microsoft-Windows-Wininit	14	None	Credential Guard (LsaIso.exe) configuration: 0x0, 0
Warning	9/11/2016 7:04:10 PM	e1dexpress	27	None	"Intel(R) Ethernet Connection (3) I218-LM
 Network link is disconnected.
"
Information	9/11/2016 7:04:10 PM	Microsoft-Windows-Kernel-General	16	None	The access history in hive \SystemRoot\System32\Config\DEFAULT was cleared updating 385 keys and creating 36 modified pages.
Information	9/11/2016 7:04:10 PM	Microsoft-Windows-Kernel-General	15	None	Hive \SystemRoot\System32\Config\SOFTWARE was reorganized with a starting size of 111910912 bytes and an ending size of 110133248 bytes.
Information	9/11/2016 7:04:07 PM	BthEnum	1	None	Bluetooth has accepted service {0000111e-0000-1000-8000-00805f9b34fb} on remote device (00:21:3c:a6:b0:f3) due to policy Bluetooth\ServicesAllowedList.
Information	9/11/2016 7:04:07 PM	BthEnum	1	None	Bluetooth has accepted service {0000110e-0000-1000-8000-00805f9b34fb} on remote device (00:21:3c:a6:b0:f3) due to policy Bluetooth\ServicesAllowedList.
Information	9/11/2016 7:04:07 PM	BthEnum	1	None	Bluetooth has accepted service {0000110c-0000-1000-8000-00805f9b34fb} on remote device (00:21:3c:a6:b0:f3) due to policy Bluetooth\ServicesAllowedList.
Information	9/11/2016 7:04:07 PM	BthEnum	1	None	Bluetooth has accepted service {0000110b-0000-1000-8000-00805f9b34fb} on remote device (00:21:3c:a6:b0:f3) due to policy Bluetooth\ServicesAllowedList.
Information	9/11/2016 7:04:07 PM	BthEnum	1	None	Bluetooth has accepted service {00001101-0000-1000-8000-00805f9b34fb} on remote device (00:21:3c:a6:b0:f3) due to policy Bluetooth\ServicesAllowedList.
Information	9/11/2016 7:04:07 PM	BthEnum	1	None	Bluetooth has accepted service {00001101-0000-1000-8000-00805f9b34fb} on remote device (00:00:00:00:00:00) due to policy Bluetooth\ServicesAllowedList.
Information	9/11/2016 7:04:07 PM	BTHUSB	18	None	Windows cannot store Bluetooth authentication codes (link keys) on the local adapter. Bluetooth keyboards might not work in the system BIOS during startup.
Warning	9/11/2016 7:04:07 PM	Microsoft-Windows-Kernel-PnP	219	(212)	The driver \Driver\WUDFRd failed to load for the device USB\VID_138A&PID_0017\ed7a1ef73db9.
Information	9/11/2016 7:04:07 PM	Microsoft-Windows-DriverFrameworks-UserMode	10114	Startup of the UMDF reflector	WUDFPf (part of UMDF) did not load yet. After it does, Windows will start the device again.
Information	9/11/2016 7:04:06 PM	Microsoft-Windows-Ntfs	98	None	Volume \\?\Volume{33e9f129-0000-0000-0000-206f70000000} (\Device\HarddiskVolume3) is healthy.  No action is needed.
Information	9/11/2016 7:04:06 PM	Microsoft-Windows-Ntfs	98	None	Volume D: (\Device\HarddiskVolume4) is healthy.  No action is needed.
Information	9/11/2016 7:04:04 PM	Netwtw04	7002	None	"The description for Event ID 7002 from source Netwtw04 cannot be found. Either the component that raises this event is not installed on your local computer or the installation is corrupted. You can install or repair the component on the local computer.

If the event originated on another computer, the display information had to be saved with the event.

The following information was included with the event: 

\Device\NDMP5
Intel(R) Dual Band Wireless-AC 7265

The specified resource type cannot be found in the image file
"
Information	9/11/2016 7:04:04 PM	Netwtw04	7002	None	"The description for Event ID 7002 from source Netwtw04 cannot be found. Either the component that raises this event is not installed on your local computer or the installation is corrupted. You can install or repair the component on the local computer.

If the event originated on another computer, the display information had to be saved with the event.

The following information was included with the event: 

\Device\NDMP5
Intel(R) Dual Band Wireless-AC 7265

The specified resource type cannot be found in the image file
"
Information	9/11/2016 7:04:04 PM	Netwtw04	7001	None	"The description for Event ID 7001 from source Netwtw04 cannot be found. Either the component that raises this event is not installed on your local computer or the installation is corrupted. You can install or repair the component on the local computer.

If the event originated on another computer, the display information had to be saved with the event.

The following information was included with the event: 

\Device\NDMP5
Intel(R) Dual Band Wireless-AC 7265

The specified resource type cannot be found in the image file
"
Information	9/11/2016 7:04:04 PM	Netwtw04	7001	None	"The description for Event ID 7001 from source Netwtw04 cannot be found. Either the component that raises this event is not installed on your local computer or the installation is corrupted. You can install or repair the component on the local computer.

If the event originated on another computer, the display information had to be saved with the event.

The following information was included with the event: 

\Device\NDMP5
Intel(R) Dual Band Wireless-AC 7265

The specified resource type cannot be found in the image file
"
Information	9/11/2016 7:04:04 PM	Netwtw04	7036	None	The \Device\NDMP5 service entered the Intel(R) Dual Band Wireless-AC 7265 state.
Information	9/11/2016 7:04:04 PM	MEIx64	2	None	Intel(R) Management Engine Interface driver has started successfully.
Information	9/11/2016 7:04:04 PM	Microsoft-Windows-Kernel-Processor-Power	55	(47)	"Processor 3 in group 0 exposes the following power management capabilities:

Idle state type: ACPI Idle (C) States (3 state(s))

Performance state type: ACPI Collaborative Processor Performance Control
Nominal Frequency (MHz): 2594
Maximum performance percentage: 123
Minimum performance percentage: 19
Minimum throttle percentage: 1"
Information	9/11/2016 7:04:04 PM	Microsoft-Windows-Kernel-Processor-Power	55	(47)	"Processor 2 in group 0 exposes the following power management capabilities:

Idle state type: ACPI Idle (C) States (3 state(s))

Performance state type: ACPI Collaborative Processor Performance Control
Nominal Frequency (MHz): 2594
Maximum performance percentage: 123
Minimum performance percentage: 19
Minimum throttle percentage: 1"
Information	9/11/2016 7:04:04 PM	Microsoft-Windows-Kernel-Processor-Power	55	(47)	"Processor 1 in group 0 exposes the following power management capabilities:

Idle state type: ACPI Idle (C) States (3 state(s))

Performance state type: ACPI Collaborative Processor Performance Control
Nominal Frequency (MHz): 2594
Maximum performance percentage: 123
Minimum performance percentage: 19
Minimum throttle percentage: 1"
Information	9/11/2016 7:04:04 PM	Microsoft-Windows-Kernel-Processor-Power	55	(47)	"Processor 0 in group 0 exposes the following power management capabilities:

Idle state type: ACPI Idle (C) States (3 state(s))

Performance state type: ACPI Collaborative Processor Performance Control
Nominal Frequency (MHz): 2594
Maximum performance percentage: 123
Minimum performance percentage: 19
Minimum throttle percentage: 1"
Warning	9/11/2016 7:04:04 PM	Microsoft-Windows-Kernel-PnP	219	(212)	The driver \Driver\WUDFRd failed to load for the device ROOT\SYSTEM\0001.
Information	9/11/2016 7:04:04 PM	Microsoft-Windows-DriverFrameworks-UserMode	10114	Startup of the UMDF reflector	WUDFPf (part of UMDF) did not load yet. After it does, Windows will start the device again.
Information	9/11/2016 7:04:04 PM	VMnetAdapter	36	None	() Starting up the Adapter Driver for VMware Virtual Networks.
Information	9/11/2016 7:04:04 PM	Microsoft-Windows-Kernel-Power	172	(203)	Connectivity state in standby: Disconnected, Reason: NIC compliance
Information	9/11/2016 7:04:04 PM	Microsoft-Windows-FilterManager	6	None	File System Filter 'npsvctrig' (10.0, ‎2016‎-‎07‎-‎15T22:28:33.000000000Z) has successfully loaded and registered with Filter Manager.
Information	9/11/2016 7:04:03 PM	Microsoft-Windows-FilterManager	6	None	File System Filter 'FileCrypt' (10.0, ‎2016‎-‎07‎-‎15T22:22:39.000000000Z) has successfully loaded and registered with Filter Manager.
Information	9/11/2016 7:04:03 PM	Microsoft-Windows-Ntfs	98	None	Volume C: (\Device\HarddiskVolume2) is healthy.  No action is needed.
Information	9/11/2016 7:04:03 PM	Microsoft-Windows-Ntfs	98	None	Volume \\?\Volume{33e9f129-0000-0000-0000-100000000000} (\Device\HarddiskVolume1) is healthy.  No action is needed.
Information	9/11/2016 7:04:03 PM	TPM	24	None	The Trusted Platform Module (TPM) status: Enabled and Active.
Information	9/11/2016 7:04:03 PM	Microsoft-Windows-FilterManager	6	None	File System Filter 'WdFilter' (10.0, ‎2016‎-‎07‎-‎15T22:25:21.000000000Z) has successfully loaded and registered with Filter Manager.
Information	9/11/2016 7:04:03 PM	Microsoft-Windows-FilterManager	6	None	File System Filter 'file_tracker' (6.3, ‎2016‎-‎02‎-‎08T05:52:31.000000000Z) has successfully loaded and registered with Filter Manager.
Information	9/11/2016 7:04:03 PM	Microsoft-Windows-FilterManager	6	None	File System Filter 'Wof' (10.0, ‎2016‎-‎08‎-‎05T23:45:24.000000000Z) has successfully loaded and registered with Filter Manager.
Information	9/11/2016 7:04:03 PM	Microsoft-Windows-FilterManager	6	None	File System Filter 'FileInfo' (10.0, ‎2016‎-‎07‎-‎15T22:26:05.000000000Z) has successfully loaded and registered with Filter Manager.
Information	9/11/2016 7:04:03 PM	Microsoft-Windows-Kernel-Boot	30	(21)	The firmware reported boot metrics.
Information	9/11/2016 7:04:03 PM	Microsoft-Windows-Kernel-Boot	32	None	The bootmgr spent 0 ms waiting for user input.
Information	9/11/2016 7:04:03 PM	Microsoft-Windows-Kernel-Boot	18	None	There are 0x1 boot options on this system.
Information	9/11/2016 7:04:03 PM	Microsoft-Windows-Kernel-Boot	25	(32)	The boot menu policy was 0x1.
Information	9/11/2016 7:04:03 PM	Microsoft-Windows-Kernel-Boot	27	(33)	The boot type was 0x0.
Information	9/11/2016 7:04:03 PM	Microsoft-Windows-Kernel-Boot	20	(31)	The last shutdown's success status was true. The last boot's success status was true.
Information	9/11/2016 7:04:03 PM	Microsoft-Windows-Kernel-Boot	153	None	The Virtualization Based Security (policies: 0) is disabled with status STATUS_SUCCESS.
Information	9/11/2016 7:04:14 PM	EventLog	6013	None	The system uptime is 11 seconds.
Information	9/11/2016 7:04:14 PM	EventLog	6005	None	The Event log service was started.
Information	9/11/2016 7:04:14 PM	EventLog	6009	None	Microsoft (R) Windows (R) 10.00. 14393  Multiprocessor Free.
Information	9/11/2016 7:04:03 PM	Microsoft-Windows-Kernel-General	12	(1)	The operating system started at system time ‎2016‎-‎09‎-‎12T01:04:02.486909900Z.
Information	9/11/2016 7:03:45 PM	Microsoft-Windows-DHCPv6-Client	51047	Service State Event	DHCPv6 client service is stopped. ShutDown Flag value is 1
Information	9/11/2016 7:03:45 PM	BTHUSB	37	None	Bluetooth radio has accepted discoverability due to policy Bluetooth\AllowDiscoverableMode.
Information	9/11/2016 7:03:45 PM	EventLog	6006	None	The Event log service was stopped.
Error	9/11/2016 7:03:16 PM	Service Control Manager	7031	None	The VMware Workstation Server service terminated unexpectedly.  It has done this 1 time(s).  The following corrective action will be taken in 60000 milliseconds: Restart the service.
Information	9/11/2016 7:03:16 PM	Microsoft-Windows-Winlogon	7002	(1102)	User Logoff Notification for Customer Experience Improvement Program
Information	9/11/2016 7:03:10 PM	User32	1074	None	"The process C:\Windows\Explorer.EXE (DESKTOP-EEMI531) has initiated the restart of computer DESKTOP-EEMI531 on behalf of user DESKTOP-EEMI531\AndyL for the following reason: Other (Unplanned)
 Reason Code: 0x0
 Shutdown Type: restart
 Comment: "
Error	9/11/2016 6:46:57 PM	Microsoft-Windows-DistributedCOM	10016	None	"The machine-default permission settings do not grant Local Activation permission for the COM Server application with CLSID 
{C2F03A33-21F5-47FA-B4BB-156362A2F239}
 and APPID 
{316CDED5-E4AE-4B15-9113-7055D84DCC97}
 to the user DESKTOP-EEMI531\AndyL SID (S-1-5-21-1575717692-3803065512-522513972-1001) from address LocalHost (Using LRPC) running in the application container Microsoft.Windows.Cortana_1.7.0.14393_neutral_neutral_cw5n1h2txyewy SID (S-1-15-2-1861897761-1695161497-2927542615-642690995-327840285-2659745135-2630312742). This security permission can be modified using the Component Services administrative tool."
Error	9/11/2016 6:46:57 PM	Microsoft-Windows-DistributedCOM	10016	None	"The machine-default permission settings do not grant Local Activation permission for the COM Server application with CLSID 
{C2F03A33-21F5-47FA-B4BB-156362A2F239}
 and APPID 
{316CDED5-E4AE-4B15-9113-7055D84DCC97}
 to the user DESKTOP-EEMI531\AndyL SID (S-1-5-21-1575717692-3803065512-522513972-1001) from address LocalHost (Using LRPC) running in the application container Microsoft.Windows.Cortana_1.7.0.14393_neutral_neutral_cw5n1h2txyewy SID (S-1-15-2-1861897761-1695161497-2927542615-642690995-327840285-2659745135-2630312742). This security permission can be modified using the Component Services administrative tool."
Error	9/11/2016 6:46:56 PM	Microsoft-Windows-DistributedCOM	10016	None	"The machine-default permission settings do not grant Local Activation permission for the COM Server application with CLSID 
{C2F03A33-21F5-47FA-B4BB-156362A2F239}
 and APPID 
{316CDED5-E4AE-4B15-9113-7055D84DCC97}
 to the user DESKTOP-EEMI531\AndyL SID (S-1-5-21-1575717692-3803065512-522513972-1001) from address LocalHost (Using LRPC) running in the application container Microsoft.Windows.Cortana_1.7.0.14393_neutral_neutral_cw5n1h2txyewy SID (S-1-15-2-1861897761-1695161497-2927542615-642690995-327840285-2659745135-2630312742). This security permission can be modified using the Component Services administrative tool."
Error	9/11/2016 6:46:56 PM	Microsoft-Windows-DistributedCOM	10016	None	"The machine-default permission settings do not grant Local Activation permission for the COM Server application with CLSID 
{C2F03A33-21F5-47FA-B4BB-156362A2F239}
 and APPID 
{316CDED5-E4AE-4B15-9113-7055D84DCC97}
 to the user DESKTOP-EEMI531\AndyL SID (S-1-5-21-1575717692-3803065512-522513972-1001) from address LocalHost (Using LRPC) running in the application container Microsoft.Windows.Cortana_1.7.0.14393_neutral_neutral_cw5n1h2txyewy SID (S-1-15-2-1861897761-1695161497-2927542615-642690995-327840285-2659745135-2630312742). This security permission can be modified using the Component Services administrative tool."
Error	9/11/2016 6:46:56 PM	Microsoft-Windows-DistributedCOM	10016	None	"The machine-default permission settings do not grant Local Activation permission for the COM Server application with CLSID 
{C2F03A33-21F5-47FA-B4BB-156362A2F239}
 and APPID 
{316CDED5-E4AE-4B15-9113-7055D84DCC97}
 to the user DESKTOP-EEMI531\AndyL SID (S-1-5-21-1575717692-3803065512-522513972-1001) from address LocalHost (Using LRPC) running in the application container Microsoft.Windows.Cortana_1.7.0.14393_neutral_neutral_cw5n1h2txyewy SID (S-1-15-2-1861897761-1695161497-2927542615-642690995-327840285-2659745135-2630312742). This security permission can be modified using the Component Services administrative tool."
Error	9/11/2016 6:46:56 PM	Microsoft-Windows-DistributedCOM	10016	None	"The machine-default permission settings do not grant Local Activation permission for the COM Server application with CLSID 
{C2F03A33-21F5-47FA-B4BB-156362A2F239}
 and APPID 
{316CDED5-E4AE-4B15-9113-7055D84DCC97}
 to the user DESKTOP-EEMI531\AndyL SID (S-1-5-21-1575717692-3803065512-522513972-1001) from address LocalHost (Using LRPC) running in the application container Microsoft.Windows.Cortana_1.7.0.14393_neutral_neutral_cw5n1h2txyewy SID (S-1-15-2-1861897761-1695161497-2927542615-642690995-327840285-2659745135-2630312742). This security permission can be modified using the Component Services administrative tool."
Error	9/11/2016 6:46:56 PM	Microsoft-Windows-DistributedCOM	10016	None	"The machine-default permission settings do not grant Local Activation permission for the COM Server application with CLSID 
{C2F03A33-21F5-47FA-B4BB-156362A2F239}
 and APPID 
{316CDED5-E4AE-4B15-9113-7055D84DCC97}
 to the user DESKTOP-EEMI531\AndyL SID (S-1-5-21-1575717692-3803065512-522513972-1001) from address LocalHost (Using LRPC) running in the application container Microsoft.Windows.Cortana_1.7.0.14393_neutral_neutral_cw5n1h2txyewy SID (S-1-15-2-1861897761-1695161497-2927542615-642690995-327840285-2659745135-2630312742). This security permission can be modified using the Component Services administrative tool."
Information	9/11/2016 6:21:20 PM	Microsoft-Windows-Kernel-General	1	(5)	"The system time has changed to ‎2016‎-‎09‎-‎12T00:21:20.285000000Z from ‎2016‎-‎09‎-‎12T00:21:20.285666600Z.

Change Reason: An application or system component changed the time."
Information	9/11/2016 6:21:20 PM	Microsoft-Windows-Time-Service	35	None	The time service is now synchronizing the system time with the time source time.windows.com,0x9 (ntp.m|0x9|0.0.0.0:123->40.76.58.209:123).
Information	9/11/2016 6:21:08 PM	Microsoft-Windows-Kernel-General	16	None	The access history in hive \SystemRoot\System32\Config\RegBack\SAM was cleared updating 70 keys and creating 7 modified pages.
Information	9/11/2016 6:21:08 PM	Microsoft-Windows-Kernel-General	16	None	The access history in hive \SystemRoot\System32\Config\RegBack\DEFAULT was cleared updating 383 keys and creating 36 modified pages.
Information	9/11/2016 6:21:08 PM	Microsoft-Windows-Kernel-General	16	None	The access history in hive \SystemRoot\System32\Config\RegBack\SYSTEM was cleared updating 25813 keys and creating 2194 modified pages.
Information	9/11/2016 6:21:07 PM	Microsoft-Windows-Kernel-General	16	None	The access history in hive \SystemRoot\System32\Config\RegBack\SOFTWARE was cleared updating 267410 keys and creating 21158 modified pages.
Information	9/11/2016 6:21:05 PM	Microsoft-Windows-Time-Service	37	None	The time provider NtpClient is currently receiving valid time data from time.windows.com,0x9 (ntp.m|0x9|0.0.0.0:123->40.76.58.209:123).
Information	9/11/2016 6:21:04 PM	Microsoft-Windows-Time-Service	158	None	The time provider 'VMICTimeProvider' has indicated that the current hardware and operating environment is not supported and has stopped. This behavior is expected for VMICTimeProvider on non-HyperV-guest environments. This may be the expected behavior for the current provider in the current operating environment as well.
Information	9/11/2016 6:21:03 PM	Microsoft-Windows-Kernel-General	16	None	The access history in hive \SystemRoot\System32\Config\RegBack\SECURITY was cleared updating 78 keys and creating 5 modified pages.
Information	9/11/2016 6:11:42 PM	Microsoft-Windows-WindowsUpdateClient	19	Windows Update Agent	Installation Successful: Windows successfully installed the following update: Definition Update for Windows Defender - KB2267602 (Definition 1.227.2129.0)
Information	9/11/2016 6:11:19 PM	Microsoft-Windows-WindowsUpdateClient	43	Windows Update Agent	Installation Started: Windows has started installing the following update: Definition Update for Windows Defender - KB2267602 (Definition 1.227.2129.0)
Information	9/11/2016 6:11:01 PM	Microsoft-Windows-WindowsUpdateClient	44	Windows Update Agent	Windows Update started downloading an update.
Information	9/11/2016 6:10:14 PM	Microsoft-Windows-Kernel-General	1	(5)	"The system time has changed to ‎2016‎-‎09‎-‎12T00:10:14.589941300Z from ‎2016‎-‎09‎-‎12T00:10:14.589941300Z.

Change Reason: System time adjusted to the new time zone."
Information	9/11/2016 6:07:52 PM	Microsoft-Windows-Power-Troubleshooter	1	None	"The system has returned from a low power state.

Sleep Time: ‎2016‎-‎09‎-‎11T15:56:58.517272300Z
Wake Time: ‎2016‎-‎09‎-‎12T00:07:50.503104400Z

Wake Source: Unknown"
Information	9/11/2016 6:07:51 PM	BTHUSB	18	None	Windows cannot store Bluetooth authentication codes (link keys) on the local adapter. Bluetooth keyboards might not work in the system BIOS during startup.
Information	9/11/2016 6:07:50 PM	Microsoft-Windows-Kernel-Boot	27	(33)	The boot type was 0x2.
Information	9/11/2016 6:07:50 PM	Microsoft-Windows-Kernel-Boot	25	(32)	The boot menu policy was 0xF00E0.
Information	9/11/2016 6:07:50 PM	Microsoft-Windows-Kernel-Boot	32	None	The bootmgr spent 0 ms waiting for user input.
Information	9/11/2016 6:07:50 PM	Microsoft-Windows-Kernel-Boot	18	None	There are 0x1 boot options on this system.
Information	9/11/2016 6:07:50 PM	Microsoft-Windows-Kernel-Boot	30	(21)	The firmware reported boot metrics.
Information	9/11/2016 6:07:49 PM	EventLog	6013	None	The system uptime is 462769 seconds.
Information	9/11/2016 6:07:46 PM	Microsoft-Windows-Kernel-General	1	(5)	"The system time has changed to ‎2016‎-‎09‎-‎12T00:07:46.500000000Z from ‎2016‎-‎09‎-‎11T15:57:06.125427900Z.

Change Reason: System time synchronized with the hardware clock."
Information	9/11/2016 9:57:06 AM	Microsoft-Windows-Kernel-Power	107	(102)	The system has resumed from sleep.
Warning	9/11/2016 9:57:03 AM	Server	2504	None	The server could not bind to the transport \Device\NetBT_Tcpip_{79E6DCB2-9B74-464E-88BF-66189B3892C6}.
Information	9/11/2016 9:57:00 AM	Microsoft-Windows-Kernel-Power	42	(64)	"The system is entering sleep.

Sleep Reason: Hibernate from Sleep - Fixed Timeout"
Information	9/11/2016 9:56:58 AM	Microsoft-Windows-Power-Troubleshooter	1	None	"The system has returned from a low power state.

Sleep Time: ‎2016‎-‎09‎-‎11T15:56:58.517272300Z
Wake Time: ‎2016‎-‎09‎-‎11T15:56:57.728500500Z

Wake Source: S4 Doze to Hibernate"
Information	9/11/2016 9:56:58 AM	BTHUSB	18	None	Windows cannot store Bluetooth authentication codes (link keys) on the local adapter. Bluetooth keyboards might not work in the system BIOS during startup.
Information	9/11/2016 9:56:57 AM	Microsoft-Windows-Kernel-Power	131	(33)	Firmware S3 times. ResumeCount: 1, FullResume: 431, AverageResume: 431
Information	9/11/2016 9:56:56 AM	Microsoft-Windows-Kernel-General	1	(5)	"The system time has changed to ‎2016‎-‎09‎-‎11T15:56:56.500000000Z from ‎2016‎-‎09‎-‎11T12:57:02.680387700Z.

Change Reason: System time synchronized with the hardware clock."
Information	9/11/2016 6:57:02 AM	Microsoft-Windows-Kernel-Power	107	(102)	The system has resumed from sleep.
Information	9/11/2016 6:56:59 AM	Microsoft-Windows-Kernel-General	1	(5)	"The system time has changed to ‎2016‎-‎09‎-‎11T12:56:59.500000000Z from ‎2016‎-‎09‎-‎11T12:56:57.492692100Z.

Change Reason: System time synchronized with the hardware clock."
Information	9/11/2016 6:56:57 AM	Microsoft-Windows-Kernel-Power	42	(64)	"The system is entering sleep.

Sleep Reason: Application API"
Warning	9/11/2016 6:56:45 AM	e1dexpress	27	None	"Intel(R) Ethernet Connection (3) I218-LM
 Network link is disconnected.
"
Error	9/11/2016 6:56:44 AM	Microsoft-Windows-DistributedCOM	10016	None	"The application-specific permission settings do not grant Local Activation permission for the COM Server application with CLSID 
{D63B10C5-BB46-4990-A94F-E40B9D520160}
 and APPID 
{9CA88EE3-ACB7-47C8-AFC4-AB702511C276}
 to the user NT AUTHORITY\SYSTEM SID (S-1-5-18) from address LocalHost (Using LRPC) running in the application container Unavailable SID (Unavailable). This security permission can be modified using the Component Services administrative tool."
Warning	9/11/2016 5:20:26 AM	Microsoft-Windows-DNS-Client	1014	(1014)	Name resolution for the name dc.services.visualstudio.com timed out after none of the configured DNS servers responded.
Warning	9/11/2016 3:26:28 AM	Microsoft-Windows-DNS-Client	1014	(1014)	Name resolution for the name isatap timed out after none of the configured DNS servers responded.
Warning	9/11/2016 3:26:26 AM	Microsoft-Windows-DNS-Client	1014	(1014)	Name resolution for the name isatap timed out after none of the configured DNS servers responded.
Warning	9/11/2016 3:26:24 AM	Microsoft-Windows-DNS-Client	1014	(1014)	Name resolution for the name isatap.hsd1.co.comcast.net timed out after none of the configured DNS servers responded.
Warning	9/11/2016 3:24:31 AM	Microsoft-Windows-DNS-Client	1014	(1014)	Name resolution for the name www.yammer.com timed out after none of the configured DNS servers responded.
Warning	9/11/2016 12:30:22 AM	Microsoft-Windows-DNS-Client	1014	(1014)	Name resolution for the name hsd1.co.comcast.net timed out after none of the configured DNS servers responded.
Warning	9/11/2016 12:29:15 AM	Microsoft-Windows-DNS-Client	1014	(1014)	Name resolution for the name bluegranite1-my.sharepoint.com timed out after none of the configured DNS servers responded.
Warning	9/11/2016 12:23:33 AM	Microsoft-Windows-DNS-Client	1014	(1014)	Name resolution for the name www.yammer.com timed out after none of the configured DNS servers responded.
Warning	9/10/2016 10:31:31 PM	Microsoft-Windows-DNS-Client	1014	(1014)	Name resolution for the name 5-204.rt.yammer.com timed out after none of the configured DNS servers responded.
Warning	9/10/2016 10:24:09 PM	Microsoft-Windows-DNS-Client	1014	(1014)	Name resolution for the name v10.vortex-win.data.microsoft.com timed out after none of the configured DNS servers responded.
Warning	9/10/2016 9:50:39 PM	Microsoft-Windows-DNS-Client	1014	(1014)	Name resolution for the name bluegranite1-my.sharepoint.com timed out after none of the configured DNS servers responded.
Error	9/10/2016 9:41:10 PM	disk	154	None	The IO operation at logical block address 0x0 for Disk 3 (PDO name: \Device\0000006d) failed due to a hardware error.
Error	9/10/2016 9:02:52 PM	disk	154	None	The IO operation at logical block address 0x0 for Disk 3 (PDO name: \Device\0000006d) failed due to a hardware error.
Error	9/10/2016 9:02:52 PM	disk	154	None	The IO operation at logical block address 0x0 for Disk 3 (PDO name: \Device\0000006d) failed due to a hardware error.
Information	9/10/2016 9:02:49 PM	Microsoft-Windows-Ntfs	98	None	Volume Software-Downloads (\Device\HarddiskVolumeShadowCopy27) is healthy.  No action is needed.
Error	9/10/2016 9:02:32 PM	disk	154	None	The IO operation at logical block address 0x0 for Disk 3 (PDO name: \Device\0000006d) failed due to a hardware error.
Error	9/10/2016 9:02:31 PM	disk	154	None	The IO operation at logical block address 0x0 for Disk 3 (PDO name: \Device\0000006d) failed due to a hardware error.
Error	9/10/2016 9:02:30 PM	disk	154	None	The IO operation at logical block address 0x0 for Disk 3 (PDO name: \Device\0000006d) failed due to a hardware error.
Error	9/10/2016 9:02:30 PM	disk	154	None	The IO operation at logical block address 0x0 for Disk 3 (PDO name: \Device\0000006d) failed due to a hardware error.
Information	9/10/2016 9:02:27 PM	Microsoft-Windows-Ntfs	98	None	Volume ?? (\Device\HarddiskVolumeShadowCopy26) is healthy.  No action is needed.
Error	9/10/2016 9:02:11 PM	disk	154	None	The IO operation at logical block address 0x0 for Disk 3 (PDO name: \Device\0000006d) failed due to a hardware error.
Error	9/10/2016 9:02:10 PM	disk	154	None	The IO operation at logical block address 0x0 for Disk 3 (PDO name: \Device\0000006d) failed due to a hardware error.
Error	9/10/2016 9:02:09 PM	disk	154	None	The IO operation at logical block address 0x0 for Disk 3 (PDO name: \Device\0000006d) failed due to a hardware error.
Error	9/10/2016 9:02:08 PM	disk	154	None	The IO operation at logical block address 0x0 for Disk 3 (PDO name: \Device\0000006d) failed due to a hardware error.
Information	9/10/2016 9:01:21 PM	Microsoft-Windows-Ntfs	98	None	Volume Windows7_OS (\Device\HarddiskVolumeShadowCopy25) is healthy.  No action is needed.
