Information	8/31/2016 1:45:03 PM	Microsoft-Windows-Ntfs	98	None	Volume C: (\Device\HarddiskVolume2) is healthy.  No action is needed.
Information	8/31/2016 1:45:03 PM	TPM	24	None	The Trusted Platform Module (TPM) status: Enabled and Active.
Information	8/31/2016 1:45:02 PM	Microsoft-Windows-FilterManager	6	None	File System Filter 'WdFilter' (10.0, ‎2016‎-‎07‎-‎15T20:25:21.000000000Z) has successfully loaded and registered with Filter Manager.
Information	8/31/2016 1:45:02 PM	Microsoft-Windows-FilterManager	6	None	File System Filter 'Wof' (10.0, ‎2016‎-‎08‎-‎05T21:45:24.000000000Z) has successfully loaded and registered with Filter Manager.
Information	8/31/2016 1:45:02 PM	Microsoft-Windows-FilterManager	6	None	File System Filter 'FileInfo' (10.0, ‎2016‎-‎07‎-‎15T20:26:05.000000000Z) has successfully loaded and registered with Filter Manager.
Information	8/31/2016 1:45:02 PM	Microsoft-Windows-Kernel-Boot	30	(21)	The firmware reported boot metrics.
Information	8/31/2016 1:45:02 PM	Microsoft-Windows-Kernel-Boot	32	None	The bootmgr spent 0 ms waiting for user input.
Information	8/31/2016 1:45:02 PM	Microsoft-Windows-Kernel-Boot	18	None	There are 0x1 boot options on this system.
Information	8/31/2016 1:45:02 PM	Microsoft-Windows-Kernel-Boot	25	(32)	The boot menu policy was 0x1.
Information	8/31/2016 1:45:02 PM	Microsoft-Windows-Kernel-Boot	27	(33)	The boot type was 0x0.
Information	8/31/2016 1:45:02 PM	Microsoft-Windows-Kernel-Boot	20	(31)	The last shutdown's success status was true. The last boot's success status was true.
Information	8/31/2016 1:45:02 PM	Microsoft-Windows-Kernel-Boot	153	None	The Virtualization Based Security (policies: 0) is disabled with status STATUS_SUCCESS.
Information	8/31/2016 1:45:02 PM	Microsoft-Windows-Kernel-General	12	(1)	The operating system started at system time ‎2016‎-‎08‎-‎31T19:45:02.487042900Z.
Information	8/31/2016 1:45:11 PM	EventLog	6013	None	The system uptime is 9 seconds.
Information	8/31/2016 1:45:11 PM	EventLog	6005	None	The Event log service was started.
Information	8/31/2016 1:45:11 PM	EventLog	6009	None	Microsoft (R) Windows (R) 10.00. 14393  Multiprocessor Free.
Information	8/31/2016 1:44:43 PM	Microsoft-Windows-Dhcp-Client	50037	Service State Event	DHCPv4 client service is stopped. ShutDown Flag value is 1
Information	8/31/2016 1:44:43 PM	Microsoft-Windows-DHCPv6-Client	51047	Service State Event	DHCPv6 client service is stopped. ShutDown Flag value is 1
Information	8/31/2016 1:44:43 PM	EventLog	6006	None	The Event log service was stopped.
Error	8/31/2016 1:44:37 PM	Service Control Manager	7031	None	The VMware Workstation Server service terminated unexpectedly.  It has done this 1 time(s).  The following corrective action will be taken in 60000 milliseconds: Restart the service.
Information	8/31/2016 1:44:37 PM	Microsoft-Windows-Winlogon	7002	(1102)	User Logoff Notification for Customer Experience Improvement Program
Information	8/31/2016 1:44:37 PM	User32	1074	None	"The process C:\Windows\system32\winlogon.exe (DESKTOP-EEMI531) has initiated the restart of computer DESKTOP-EEMI531 on behalf of user DESKTOP-EEMI531\AndyL for the following reason: No title for this reason could be found
 Reason Code: 0x500ff
 Shutdown Type: restart
 Comment: "
Error	8/31/2016 1:44:37 PM	Microsoft-Windows-DistributedCOM	10010	None	The server {D63B10C5-BB46-4990-A94F-E40B9D520160} did not register with DCOM within the required timeout.
Information	8/31/2016 1:44:13 PM	Service Control Manager	7045	None	"A service was installed in the system.

Service Name:  SetupARService
Service File Name:  ""C:\Program Files (x86)\Realtek\Audio\SetupAfterRebootService.exe""
Service Type:  user mode service
Service Start Type:  auto start
Service Account:  LocalSystem"
Information	8/31/2016 1:39:37 PM	Microsoft-Windows-TPM-WMI	1026	None	"The Trusted Platform Module (TPM) hardware on this computer cannot be provisioned for use automatically.  To set up the TPM interactively use the TPM management console (Start->tpm.msc) and use the action to make the TPM ready.

Error: The TPM provisioning action is not allowed by the specified flags.  For provisioning to be successful, one of several actions may be required.  The TPM management console (tpm.msc) action to make the TPM Ready may help.  For further information, see the documentation for the Win32_Tpm WMI method 'Provision'.  (The actions that may be required include importing the TPM Owner Authorization value into the system, calling the Win32_Tpm WMI method for provisioning the TPM and specifying TRUE for either 'ForceClear_Allowed' or 'PhysicalPresencePrompts_Allowed' (as indicated by the value returned in the Additional Information), or enabling the TPM in the system BIOS.)
Additional Information: 0x80011c"
Information	8/31/2016 1:39:27 PM	Microsoft-Windows-TPM-WMI	1026	None	"The Trusted Platform Module (TPM) hardware on this computer cannot be provisioned for use automatically.  To set up the TPM interactively use the TPM management console (Start->tpm.msc) and use the action to make the TPM ready.

Error: The TPM provisioning action is not allowed by the specified flags.  For provisioning to be successful, one of several actions may be required.  The TPM management console (tpm.msc) action to make the TPM Ready may help.  For further information, see the documentation for the Win32_Tpm WMI method 'Provision'.  (The actions that may be required include importing the TPM Owner Authorization value into the system, calling the Win32_Tpm WMI method for provisioning the TPM and specifying TRUE for either 'ForceClear_Allowed' or 'PhysicalPresencePrompts_Allowed' (as indicated by the value returned in the Additional Information), or enabling the TPM in the system BIOS.)
Additional Information: 0x80011c"
Error	8/31/2016 1:39:15 PM	Microsoft-Windows-DistributedCOM	10016	None	"The application-specific permission settings do not grant Local Activation permission for the COM Server application with CLSID 
{6B3B8D23-FA8D-40B9-8DBD-B950333E2C52}
 and APPID 
{4839DDB7-58C2-48F5-8283-E1D1807D0D7D}
 to the user NT AUTHORITY\LOCAL SERVICE SID (S-1-5-19) from address LocalHost (Using LRPC) running in the application container Unavailable SID (Unavailable). This security permission can be modified using the Component Services administrative tool."
Error	8/31/2016 1:39:15 PM	Microsoft-Windows-DistributedCOM	10016	None	"The application-specific permission settings do not grant Local Activation permission for the COM Server application with CLSID 
{6B3B8D23-FA8D-40B9-8DBD-B950333E2C52}
 and APPID 
{4839DDB7-58C2-48F5-8283-E1D1807D0D7D}
 to the user NT AUTHORITY\LOCAL SERVICE SID (S-1-5-19) from address LocalHost (Using LRPC) running in the application container Unavailable SID (Unavailable). This security permission can be modified using the Component Services administrative tool."
Error	8/31/2016 1:39:15 PM	Microsoft-Windows-DistributedCOM	10016	None	"The application-specific permission settings do not grant Local Activation permission for the COM Server application with CLSID 
{8D8F4F83-3594-4F07-8369-FC3C3CAE4919}
 and APPID 
{F72671A9-012C-4725-9D2F-2A4D32D65169}
 to the user NT AUTHORITY\SYSTEM SID (S-1-5-18) from address LocalHost (Using LRPC) running in the application container Unavailable SID (Unavailable). This security permission can be modified using the Component Services administrative tool."
Information	8/31/2016 1:39:15 PM	Microsoft-Windows-Winlogon	7001	(1101)	User Logon Notification for Customer Experience Improvement Program
Information	8/31/2016 1:39:13 PM	Lfsvc	1	None	Geolocation positioning is enabled.
Information	8/31/2016 1:39:12 PM	TPM	18	None	This event triggers the Trusted Platform Module (TPM) provisioning/status check to run.
Information	8/31/2016 1:39:12 PM	Service Control Manager	7026	None	"The following boot-start or system-start driver(s) did not load: 
cdrom
dam"
Information	8/31/2016 1:39:11 PM	Microsoft-Windows-WLAN-AutoConfig	10001	None	"WLAN Extensibility Module has successfully started.

Module Path: C:\Windows\System32\IWMSSvc.dll
"
Information	8/31/2016 1:39:11 PM	VMnetuserif	1	None	() Starting up the User Interface Driver for VMware Virtual Networks.
Information	8/31/2016 1:39:10 PM	vmx86	34	None	"The description for Event ID 34 from source vmx86 cannot be found. Either the component that raises this event is not installed on your local computer or the installation is corrupted. You can install or repair the component on the local computer.

If the event originated on another computer, the display information had to be saved with the event.

The following information was included with the event: 

VMX86.SYS: begin DriverEntry built @ 17:11:03
"
Information	8/31/2016 1:39:10 PM	Win32k	267	None	"The description for Event ID 267 from source Win32k cannot be found. Either the component that raises this event is not installed on your local computer or the installation is corrupted. You can install or repair the component on the local computer.

If the event originated on another computer, the display information had to be saved with the event.

The following information was included with the event: 


The specified resource type cannot be found in the image file
"
Information	8/31/2016 1:39:10 PM	Microsoft-Windows-WLAN-AutoConfig	4000	None	"WLAN AutoConfig service has successfully started.
"
Information	8/31/2016 1:39:09 PM	VMnetBridge	10	None	() Starting up the Bridge Driver for VMware Virtual Networks.
Warning	8/31/2016 1:39:09 PM	Microsoft-Windows-TaskScheduler	414	Task Misconfiguration	Task Scheduler service found a misconfiguration in the NT TASK\DolbySelectorTask definition. Additional Data: Error Value: %ProgramFiles%\Dolby Digital Plus\ddp.exe.
Information	8/31/2016 1:39:09 PM	Microsoft-Windows-FilterManager	6	None	File System Filter 'wcnfs' (10.0, ‎2016‎-‎07‎-‎15T20:28:27.000000000Z) has successfully loaded and registered with Filter Manager.
Information	8/31/2016 1:39:09 PM	Microsoft-Windows-FilterManager	6	None	File System Filter 'storqosflt' (10.0, ‎2016‎-‎07‎-‎15T20:26:43.000000000Z) has successfully loaded and registered with Filter Manager.
Information	8/31/2016 1:39:09 PM	Microsoft-Windows-FilterManager	6	None	File System Filter 'wcifs' (10.0, ‎2016‎-‎07‎-‎15T20:27:16.000000000Z) has successfully loaded and registered with Filter Manager.
Information	8/31/2016 1:39:09 PM	Microsoft-Windows-FilterManager	6	None	File System Filter 'luafv' (10.0, ‎2016‎-‎07‎-‎15T20:21:48.000000000Z) has successfully loaded and registered with Filter Manager.
Information	8/31/2016 1:39:09 PM	Microsoft-Windows-DHCPv6-Client	51046	Service State Event	DHCPv6 client service is started
Information	8/31/2016 1:39:09 PM	Microsoft-Windows-Dhcp-Client	50036	Service State Event	DHCPv4 client service is started
Information	8/31/2016 1:39:09 PM	BTHUSB	35	None	Bluetooth radio enablement has been accepted due to policy Connectivity\AllowBluetooth.
Information	8/31/2016 1:39:09 PM	BTHUSB	36	None	Bluetooth radio has accepted advertising due to policy Bluetooth\AllowAdvertising.
Information	8/31/2016 1:39:09 PM	BTHUSB	37	None	Bluetooth radio has accepted discoverability due to policy Bluetooth\AllowDiscoverableMode.
Information	8/31/2016 1:39:09 PM	BTHUSB	34	None	A Bluetooth policy has changed.  Policy Bluetooth\ServicesAllowedList has value of: *
Information	8/31/2016 1:39:09 PM	BTHUSB	34	None	A Bluetooth policy has changed.  Policy Bluetooth\AllowAdvertising has value of: 1
Information	8/31/2016 1:39:09 PM	BTHUSB	34	None	A Bluetooth policy has changed.  Policy Bluetooth\AllowDiscoverableMode has value of: 1
Information	8/31/2016 1:39:09 PM	BTHUSB	34	None	A Bluetooth policy has changed.  Policy Connectivity\AllowBluetooth has value of: 2
Information	8/31/2016 1:39:09 PM	Microsoft-Windows-Ntfs	98	None	Volume E: (\Device\HarddiskVolume6) is healthy.  No action is needed.
Information	8/31/2016 1:39:09 PM	Win32k	267	None	"The description for Event ID 267 from source Win32k cannot be found. Either the component that raises this event is not installed on your local computer or the installation is corrupted. You can install or repair the component on the local computer.

If the event originated on another computer, the display information had to be saved with the event.

The following information was included with the event: 


The specified resource type cannot be found in the image file
"
Information	8/31/2016 1:39:08 PM	Microsoft-Windows-Directory-Services-SAM	16962	None	"Remote calls to the SAM database are being restricted using the default security descriptor: O:SYG:SYD:(A;;RC;;;BA).
For more information please see http://go.microsoft.com/fwlink/?LinkId=787651."
Information	8/31/2016 1:39:08 PM	Microsoft-Windows-Ntfs	98	None	Volume F: (\Device\HarddiskVolume5) is healthy.  No action is needed.
Information	8/31/2016 1:39:08 PM	Microsoft-Windows-Wininit	14	None	Credential Guard (LsaIso.exe) configuration: 0x0, 0
Warning	8/31/2016 1:39:07 PM	Microsoft-Windows-Kernel-PnP	219	(212)	The driver \Driver\WUDFRd failed to load for the device USB\VID_17E9&PID_4307&MI_01\7&8d2da4c&0&0001.
Information	8/31/2016 1:39:07 PM	Microsoft-Windows-DriverFrameworks-UserMode	10114	Startup of the UMDF reflector	WUDFPf (part of UMDF) did not load yet. After it does, Windows will start the device again.
Warning	8/31/2016 1:39:07 PM	Microsoft-Windows-Kernel-PnP	219	(212)	The driver \Driver\WUDFRd failed to load for the device USB\VID_17E9&PID_4307&MI_00\7&8d2da4c&0&0000.
Information	8/31/2016 1:39:07 PM	Microsoft-Windows-DriverFrameworks-UserMode	10114	Startup of the UMDF reflector	WUDFPf (part of UMDF) did not load yet. After it does, Windows will start the device again.
Information	8/31/2016 1:39:07 PM	BTHUSB	18	None	Windows cannot store Bluetooth authentication codes (link keys) on the local adapter. Bluetooth keyboards might not work in the system BIOS during startup.
Warning	8/31/2016 1:39:07 PM	Microsoft-Windows-Kernel-PnP	219	(212)	The driver \Driver\WUDFRd failed to load for the device USB\VID_138A&PID_0017\ed7a1ef73db9.
Information	8/31/2016 1:39:07 PM	Microsoft-Windows-DriverFrameworks-UserMode	10114	Startup of the UMDF reflector	WUDFPf (part of UMDF) did not load yet. After it does, Windows will start the device again.
Information	8/31/2016 1:39:05 PM	e1dexpress	32	None	"Intel(R) Ethernet Connection (3) I218-LM
 Network link has been established at 1Gbps full duplex.
"
Information	8/31/2016 1:39:01 PM	Netwtw04	7002	None	"The description for Event ID 7002 from source Netwtw04 cannot be found. Either the component that raises this event is not installed on your local computer or the installation is corrupted. You can install or repair the component on the local computer.

If the event originated on another computer, the display information had to be saved with the event.

The following information was included with the event: 

\Device\NDMP4
Intel(R) Dual Band Wireless-AC 7265

The specified resource type cannot be found in the image file
"
Information	8/31/2016 1:39:01 PM	Netwtw04	7002	None	"The description for Event ID 7002 from source Netwtw04 cannot be found. Either the component that raises this event is not installed on your local computer or the installation is corrupted. You can install or repair the component on the local computer.

If the event originated on another computer, the display information had to be saved with the event.

The following information was included with the event: 

\Device\NDMP4
Intel(R) Dual Band Wireless-AC 7265

The specified resource type cannot be found in the image file
"
Information	8/31/2016 1:39:01 PM	Netwtw04	7001	None	"The description for Event ID 7001 from source Netwtw04 cannot be found. Either the component that raises this event is not installed on your local computer or the installation is corrupted. You can install or repair the component on the local computer.

If the event originated on another computer, the display information had to be saved with the event.

The following information was included with the event: 

\Device\NDMP4
Intel(R) Dual Band Wireless-AC 7265

The specified resource type cannot be found in the image file
"
Information	8/31/2016 1:39:01 PM	Netwtw04	7001	None	"The description for Event ID 7001 from source Netwtw04 cannot be found. Either the component that raises this event is not installed on your local computer or the installation is corrupted. You can install or repair the component on the local computer.

If the event originated on another computer, the display information had to be saved with the event.

The following information was included with the event: 

\Device\NDMP4
Intel(R) Dual Band Wireless-AC 7265

The specified resource type cannot be found in the image file
"
Information	8/31/2016 1:39:01 PM	Netwtw04	7036	None	The \Device\NDMP4 service entered the Intel(R) Dual Band Wireless-AC 7265 state.
Information	8/31/2016 1:39:01 PM	MEIx64	2	None	Intel(R) Management Engine Interface driver has started successfully.
Information	8/31/2016 1:39:01 PM	Microsoft-Windows-Kernel-Processor-Power	55	(47)	"Processor 3 in group 0 exposes the following power management capabilities:

Idle state type: ACPI Idle (C) States (3 state(s))

Performance state type: ACPI Collaborative Processor Performance Control
Nominal Frequency (MHz): 2594
Maximum performance percentage: 123
Minimum performance percentage: 19
Minimum throttle percentage: 1"
Information	8/31/2016 1:39:01 PM	Microsoft-Windows-Kernel-Processor-Power	55	(47)	"Processor 2 in group 0 exposes the following power management capabilities:

Idle state type: ACPI Idle (C) States (3 state(s))

Performance state type: ACPI Collaborative Processor Performance Control
Nominal Frequency (MHz): 2594
Maximum performance percentage: 123
Minimum performance percentage: 19
Minimum throttle percentage: 1"
Information	8/31/2016 1:39:01 PM	Microsoft-Windows-Kernel-Processor-Power	55	(47)	"Processor 1 in group 0 exposes the following power management capabilities:

Idle state type: ACPI Idle (C) States (3 state(s))

Performance state type: ACPI Collaborative Processor Performance Control
Nominal Frequency (MHz): 2594
Maximum performance percentage: 123
Minimum performance percentage: 19
Minimum throttle percentage: 1"
Information	8/31/2016 1:39:01 PM	Microsoft-Windows-Kernel-Processor-Power	55	(47)	"Processor 0 in group 0 exposes the following power management capabilities:

Idle state type: ACPI Idle (C) States (3 state(s))

Performance state type: ACPI Collaborative Processor Performance Control
Nominal Frequency (MHz): 2594
Maximum performance percentage: 123
Minimum performance percentage: 19
Minimum throttle percentage: 1"
Warning	8/31/2016 1:39:01 PM	Microsoft-Windows-Kernel-PnP	219	(212)	The driver \Driver\WUDFRd failed to load for the device ROOT\SYSTEM\0001.
Information	8/31/2016 1:39:01 PM	Microsoft-Windows-DriverFrameworks-UserMode	10114	Startup of the UMDF reflector	WUDFPf (part of UMDF) did not load yet. After it does, Windows will start the device again.
Information	8/31/2016 1:39:00 PM	Microsoft-Windows-Ntfs	98	None	Volume \\?\Volume{33e9f129-0000-0000-0000-206f70000000} (\Device\HarddiskVolume3) is healthy.  No action is needed.
Information	8/31/2016 1:39:00 PM	Microsoft-Windows-Ntfs	98	None	Volume \\?\Volume{33e9f129-0000-0000-0000-100000000000} (\Device\HarddiskVolume1) is healthy.  No action is needed.
Information	8/31/2016 1:39:00 PM	Microsoft-Windows-Ntfs	98	None	Volume D: (\Device\HarddiskVolume4) is healthy.  No action is needed.
Information	8/31/2016 1:39:00 PM	VMnetAdapter	36	None	() Starting up the Adapter Driver for VMware Virtual Networks.
Information	8/31/2016 1:39:00 PM	Microsoft-Windows-Kernel-Power	172	(203)	Connectivity state in standby: Disconnected, Reason: NIC compliance
Information	8/31/2016 1:39:00 PM	Microsoft-Windows-FilterManager	6	None	File System Filter 'npsvctrig' (10.0, ‎2016‎-‎07‎-‎15T20:28:33.000000000Z) has successfully loaded and registered with Filter Manager.
Information	8/31/2016 1:39:00 PM	Microsoft-Windows-FilterManager	6	None	File System Filter 'FileCrypt' (10.0, ‎2016‎-‎07‎-‎15T20:22:39.000000000Z) has successfully loaded and registered with Filter Manager.
Information	8/31/2016 1:39:00 PM	Microsoft-Windows-Ntfs	98	None	Volume C: (\Device\HarddiskVolume2) is healthy.  No action is needed.
Information	8/31/2016 1:39:00 PM	TPM	24	None	The Trusted Platform Module (TPM) status: Enabled and Active.
Information	8/31/2016 1:39:00 PM	Microsoft-Windows-FilterManager	6	None	File System Filter 'WdFilter' (10.0, ‎2016‎-‎07‎-‎15T20:25:21.000000000Z) has successfully loaded and registered with Filter Manager.
Information	8/31/2016 1:39:00 PM	Microsoft-Windows-FilterManager	6	None	File System Filter 'Wof' (10.0, ‎2016‎-‎08‎-‎05T21:45:24.000000000Z) has successfully loaded and registered with Filter Manager.
Information	8/31/2016 1:39:00 PM	Microsoft-Windows-FilterManager	6	None	File System Filter 'FileInfo' (10.0, ‎2016‎-‎07‎-‎15T20:26:05.000000000Z) has successfully loaded and registered with Filter Manager.
Information	8/31/2016 1:38:59 PM	Microsoft-Windows-Kernel-Boot	30	(21)	The firmware reported boot metrics.
Information	8/31/2016 1:38:59 PM	Microsoft-Windows-Kernel-Boot	32	None	The bootmgr spent 0 ms waiting for user input.
Information	8/31/2016 1:38:59 PM	Microsoft-Windows-Kernel-Boot	18	None	There are 0x1 boot options on this system.
Information	8/31/2016 1:38:59 PM	Microsoft-Windows-Kernel-Boot	25	(32)	The boot menu policy was 0x1.
Information	8/31/2016 1:38:59 PM	Microsoft-Windows-Kernel-Boot	27	(33)	The boot type was 0x0.
Information	8/31/2016 1:38:59 PM	Microsoft-Windows-Kernel-Boot	20	(31)	The last shutdown's success status was true. The last boot's success status was true.
Information	8/31/2016 1:38:59 PM	Microsoft-Windows-Kernel-Boot	153	None	The Virtualization Based Security (policies: 0) is disabled with status STATUS_SUCCESS.
Information	8/31/2016 1:38:59 PM	Microsoft-Windows-Kernel-General	12	(1)	The operating system started at system time ‎2016‎-‎08‎-‎31T19:38:59.487046100Z.
Information	8/31/2016 1:39:09 PM	EventLog	6013	None	The system uptime is 9 seconds.
Information	8/31/2016 1:39:09 PM	EventLog	6005	None	The Event log service was started.
Information	8/31/2016 1:39:09 PM	EventLog	6009	None	Microsoft (R) Windows (R) 10.00. 14393  Multiprocessor Free.
Information	8/31/2016 1:38:31 PM	Microsoft-Windows-DHCPv6-Client	51047	Service State Event	DHCPv6 client service is stopped. ShutDown Flag value is 1
Information	8/31/2016 1:38:31 PM	EventLog	6006	None	The Event log service was stopped.
Error	8/31/2016 1:38:26 PM	Service Control Manager	7031	None	The VMware Workstation Server service terminated unexpectedly.  It has done this 1 time(s).  The following corrective action will be taken in 60000 milliseconds: Restart the service.
Information	8/31/2016 1:38:25 PM	Microsoft-Windows-Winlogon	7002	(1102)	User Logoff Notification for Customer Experience Improvement Program
Information	8/31/2016 1:38:23 PM	User32	1074	None	"The process C:\Windows\Explorer.EXE (DESKTOP-EEMI531) has initiated the restart of computer DESKTOP-EEMI531 on behalf of user DESKTOP-EEMI531\AndyL for the following reason: Other (Unplanned)
 Reason Code: 0x0
 Shutdown Type: restart
 Comment: "
Warning	8/31/2016 1:36:41 PM	Microsoft-Windows-DNS-Client	1014	(1014)	Name resolution for the name newmops.tse.com.tw timed out after none of the configured DNS servers responded.
Warning	8/31/2016 1:36:22 PM	Microsoft-Windows-DNS-Client	1014	(1014)	Name resolution for the name newmops.tse.com.tw timed out after none of the configured DNS servers responded.
Information	8/31/2016 1:28:12 PM	Microsoft-Windows-HttpEvent	15007	None	Reservation for namespace identified by URL prefix http://127.0.0.1:10002:127.0.0.1/ was successfully added.
Information	8/31/2016 1:28:12 PM	Microsoft-Windows-HttpEvent	15007	None	Reservation for namespace identified by URL prefix http://127.0.0.1:10001:127.0.0.1/ was successfully added.
Information	8/31/2016 1:28:12 PM	Microsoft-Windows-HttpEvent	15007	None	Reservation for namespace identified by URL prefix http://127.0.0.1:10000:127.0.0.1/ was successfully added.
Error	8/31/2016 1:15:52 PM	Microsoft-Windows-DistributedCOM	10016	None	"The application-specific permission settings do not grant Local Activation permission for the COM Server application with CLSID 
{D63B10C5-BB46-4990-A94F-E40B9D520160}
 and APPID 
{9CA88EE3-ACB7-47C8-AFC4-AB702511C276}
 to the user NT AUTHORITY\SYSTEM SID (S-1-5-18) from address LocalHost (Using LRPC) running in the application container Unavailable SID (Unavailable). This security permission can be modified using the Component Services administrative tool."
Information	8/31/2016 1:14:10 PM	Microsoft-Windows-UserPnp	20001	(7005)	Driver Management concluded the process to install driver lfhidhid.inf_amd64_d7844699e9bae46e\lfhidhid.inf for Device Instance ID HID\VID_046D&PID_C52B&REV_1203&MI_02&QID_2011&WI_02&CLASS_0000001A&COL03\8&D12119F&0&0002 with the following status: 0x0.
Information	8/31/2016 1:14:10 PM	Microsoft-Windows-UserPnp	20003	(7005)	Driver Management has concluded the process to add Service LHidFilt for Device Instance ID HID\VID_046D&PID_C52B&REV_1203&MI_02&QID_2011&WI_02&CLASS_0000001A&COL03\8&D12119F&0&0002 with the following status: 0.
Information	8/31/2016 1:14:09 PM	Microsoft-Windows-UserPnp	20001	(7005)	Driver Management concluded the process to install driver lfmouhid.inf_amd64_27e5dbc585b221c3\lfmouhid.inf for Device Instance ID HID\VID_046D&PID_C52B&REV_1203&MI_02&QID_1017&WI_01&CLASS_00000004\8&26228B69&0&0000 with the following status: 0x0.
Information	8/31/2016 1:14:09 PM	Microsoft-Windows-UserPnp	20003	(7005)	Driver Management has concluded the process to add Service mouclass for Device Instance ID HID\VID_046D&PID_C52B&REV_1203&MI_02&QID_1017&WI_01&CLASS_00000004\8&26228B69&0&0000 with the following status: 0.
Information	8/31/2016 1:14:09 PM	Microsoft-Windows-UserPnp	20003	(7005)	Driver Management has concluded the process to add Service mouhid for Device Instance ID HID\VID_046D&PID_C52B&REV_1203&MI_02&QID_1017&WI_01&CLASS_00000004\8&26228B69&0&0000 with the following status: 0.
Information	8/31/2016 1:14:09 PM	Microsoft-Windows-UserPnp	20003	(7005)	Driver Management has concluded the process to add Service LMouFilt for Device Instance ID HID\VID_046D&PID_C52B&REV_1203&MI_02&QID_1017&WI_01&CLASS_00000004\8&26228B69&0&0000 with the following status: 0.
Information	8/31/2016 1:14:09 PM	Microsoft-Windows-UserPnp	20003	(7005)	Driver Management has concluded the process to add Service LHidFilt for Device Instance ID HID\VID_046D&PID_C52B&REV_1203&MI_02&QID_1017&WI_01&CLASS_00000004\8&26228B69&0&0000 with the following status: 0.
Information	8/31/2016 1:14:09 PM	Microsoft-Windows-UserPnp	20001	(7005)	Driver Management concluded the process to install driver lfkbdhid.inf_amd64_8c0c81ffd4855035\lfkbdhid.inf for Device Instance ID HID\VID_046D&PID_C52B&REV_1203&MI_02&QID_2011&WI_02&CLASS_0000001A&COL01\8&D12119F&0&0000 with the following status: 0x0.
Information	8/31/2016 1:14:09 PM	Microsoft-Windows-UserPnp	20003	(7005)	Driver Management has concluded the process to add Service kbdclass for Device Instance ID HID\VID_046D&PID_C52B&REV_1203&MI_02&QID_2011&WI_02&CLASS_0000001A&COL01\8&D12119F&0&0000 with the following status: 0.
Information	8/31/2016 1:14:09 PM	Microsoft-Windows-UserPnp	20003	(7005)	Driver Management has concluded the process to add Service kbdhid for Device Instance ID HID\VID_046D&PID_C52B&REV_1203&MI_02&QID_2011&WI_02&CLASS_0000001A&COL01\8&D12119F&0&0000 with the following status: 0.
Information	8/31/2016 1:14:09 PM	Microsoft-Windows-UserPnp	20003	(7005)	Driver Management has concluded the process to add Service LHidFilt for Device Instance ID HID\VID_046D&PID_C52B&REV_1203&MI_02&QID_2011&WI_02&CLASS_0000001A&COL01\8&D12119F&0&0000 with the following status: 0.
Information	8/31/2016 1:14:09 PM	Microsoft-Windows-UserPnp	20001	(7005)	Driver Management concluded the process to install driver lfhidhid.inf_amd64_d7844699e9bae46e\lfhidhid.inf for Device Instance ID HID\VID_046D&PID_C52B&REV_1203&MI_02&QID_2011&WI_02&CLASS_0000001A&COL02\8&D12119F&0&0001 with the following status: 0x0.
Information	8/31/2016 1:14:09 PM	Microsoft-Windows-UserPnp	20003	(7005)	Driver Management has concluded the process to add Service LHidFilt for Device Instance ID HID\VID_046D&PID_C52B&REV_1203&MI_02&QID_2011&WI_02&CLASS_0000001A&COL02\8&D12119F&0&0001 with the following status: 0.
Information	8/31/2016 1:14:08 PM	Microsoft-Windows-UserPnp	20001	(7005)	Driver Management concluded the process to install driver lfmouhid.inf_amd64_27e5dbc585b221c3\lfmouhid.inf for Device Instance ID HID\VID_046D&PID_C52B&REV_1203&MI_02&QID_1017&WI_03&CLASS_00000004\8&38BAB3D&0&0000 with the following status: 0x0.
Information	8/31/2016 1:14:08 PM	Microsoft-Windows-UserPnp	20003	(7005)	Driver Management has concluded the process to add Service mouclass for Device Instance ID HID\VID_046D&PID_C52B&REV_1203&MI_02&QID_1017&WI_03&CLASS_00000004\8&38BAB3D&0&0000 with the following status: 0.
Information	8/31/2016 1:14:08 PM	Microsoft-Windows-UserPnp	20003	(7005)	Driver Management has concluded the process to add Service mouhid for Device Instance ID HID\VID_046D&PID_C52B&REV_1203&MI_02&QID_1017&WI_03&CLASS_00000004\8&38BAB3D&0&0000 with the following status: 0.
Information	8/31/2016 1:14:08 PM	Microsoft-Windows-UserPnp	20003	(7005)	Driver Management has concluded the process to add Service LMouFilt for Device Instance ID HID\VID_046D&PID_C52B&REV_1203&MI_02&QID_1017&WI_03&CLASS_00000004\8&38BAB3D&0&0000 with the following status: 0.
Information	8/31/2016 1:14:08 PM	Microsoft-Windows-UserPnp	20003	(7005)	Driver Management has concluded the process to add Service LHidFilt for Device Instance ID HID\VID_046D&PID_C52B&REV_1203&MI_02&QID_1017&WI_03&CLASS_00000004\8&38BAB3D&0&0000 with the following status: 0.
Information	8/31/2016 1:14:08 PM	Microsoft-Windows-UserPnp	20001	(7005)	Driver Management concluded the process to install driver lfhideqd.inf_amd64_0416c38d86dc340d\lfhideqd.inf for Device Instance ID {A3535E08-EB26-49A9-8AE0-786ED1242812}\VID_046D&PID_C52B&REV_1203&MI_02&QID_2011&WI_02&CLASS_0000001A\7&184A900C&0&02 with the following status: 0x0.
Information	8/31/2016 1:14:08 PM	Microsoft-Windows-UserPnp	20003	(7005)	Driver Management has concluded the process to add Service LHidEqd for Device Instance ID {A3535E08-EB26-49A9-8AE0-786ED1242812}\VID_046D&PID_C52B&REV_1203&MI_02&QID_2011&WI_02&CLASS_0000001A\7&184A900C&0&02 with the following status: 0.
Information	8/31/2016 1:14:08 PM	Microsoft-Windows-UserPnp	20001	(7005)	Driver Management concluded the process to install driver lfhideqd.inf_amd64_0416c38d86dc340d\lfhideqd.inf for Device Instance ID {A3535E08-EB26-49A9-8AE0-786ED1242812}\VID_046D&PID_C52B&REV_1203&MI_02&QID_1017&WI_01&CLASS_00000004\7&184A900C&0&01 with the following status: 0x0.
Information	8/31/2016 1:14:08 PM	Microsoft-Windows-UserPnp	20003	(7005)	Driver Management has concluded the process to add Service LHidEqd for Device Instance ID {A3535E08-EB26-49A9-8AE0-786ED1242812}\VID_046D&PID_C52B&REV_1203&MI_02&QID_1017&WI_01&CLASS_00000004\7&184A900C&0&01 with the following status: 0.
Information	8/31/2016 1:14:07 PM	Microsoft-Windows-UserPnp	20001	(7005)	Driver Management concluded the process to install driver lfhideqd.inf_amd64_0416c38d86dc340d\lfhideqd.inf for Device Instance ID {A3535E08-EB26-49A9-8AE0-786ED1242812}\VID_046D&PID_C52B&REV_1203&MI_02&QID_1017&WI_03&CLASS_00000004\7&184A900C&0&03 with the following status: 0x0.
Information	8/31/2016 1:14:07 PM	Microsoft-Windows-UserPnp	20003	(7005)	Driver Management has concluded the process to add Service LHidEqd for Device Instance ID {A3535E08-EB26-49A9-8AE0-786ED1242812}\VID_046D&PID_C52B&REV_1203&MI_02&QID_1017&WI_03&CLASS_00000004\7&184A900C&0&03 with the following status: 0.
Information	8/31/2016 1:14:07 PM	Microsoft-Windows-UserPnp	20001	(7005)	Driver Management concluded the process to install driver lfhideqd.inf_amd64_0416c38d86dc340d\lfhideqd.inf for Device Instance ID {A3535E08-EB26-49A9-8AE0-786ED1242812}\VID_046D&PID_C52B&REV_1203&MI_02\7&184A900C&0&00 with the following status: 0x0.
Information	8/31/2016 1:14:07 PM	Microsoft-Windows-UserPnp	20003	(7005)	Driver Management has concluded the process to add Service LHidEqd for Device Instance ID {A3535E08-EB26-49A9-8AE0-786ED1242812}\VID_046D&PID_C52B&REV_1203&MI_02\7&184A900C&0&00 with the following status: 0.
Information	8/31/2016 1:14:07 PM	Microsoft-Windows-UserPnp	20001	(7005)	Driver Management concluded the process to install driver lfeqdusb.inf_amd64_174f1cc10979ac99\lfeqdusb.inf for Device Instance ID USB\VID_046D&PID_C52B&MI_02\6&150E30A2&0&0002 with the following status: 0x0.
Information	8/31/2016 1:14:07 PM	Microsoft-Windows-UserPnp	20003	(7005)	Driver Management has concluded the process to add Service LEqdUsb for Device Instance ID USB\VID_046D&PID_C52B&MI_02\6&150E30A2&0&0002 with the following status: 0.
Information	8/31/2016 1:14:06 PM	Microsoft-Windows-UserPnp	20001	(7005)	Driver Management concluded the process to install driver unifhid.inf_amd64_03cbb0739029076a\unifhid.inf for Device Instance ID USB\VID_046D&PID_C52B&MI_00\6&150E30A2&0&0000 with the following status: 0x0.
Information	8/31/2016 1:14:06 PM	Microsoft-Windows-UserPnp	20003	(7005)	Driver Management has concluded the process to add Service HidUsb for Device Instance ID USB\VID_046D&PID_C52B&MI_00\6&150E30A2&0&0000 with the following status: 0.
Information	8/31/2016 1:12:28 PM	Service Control Manager	7040	None	The start type of the Background Intelligent Transfer Service service was changed from demand start to auto start.
Information	8/31/2016 1:12:21 PM	Service Control Manager	7040	None	The start type of the Background Intelligent Transfer Service service was changed from auto start to demand start.
Information	8/31/2016 1:10:19 PM	Service Control Manager	7040	None	The start type of the Background Intelligent Transfer Service service was changed from demand start to auto start.
Information	8/31/2016 1:10:03 PM	Microsoft-Windows-UserPnp	20001	(7005)	Driver Management concluded the process to install driver lfmouhid.inf_amd64_27e5dbc585b221c3\lfmouhid.inf for Device Instance ID HID\VID_046D&PID_C526&MI_00\7&1CD1BFC6&0&0000 with the following status: 0x0.
Information	8/31/2016 1:10:03 PM	Microsoft-Windows-UserPnp	20003	(7005)	Driver Management has concluded the process to add Service mouclass for Device Instance ID HID\VID_046D&PID_C526&MI_00\7&1CD1BFC6&0&0000 with the following status: 0.
Information	8/31/2016 1:10:03 PM	Microsoft-Windows-UserPnp	20003	(7005)	Driver Management has concluded the process to add Service mouhid for Device Instance ID HID\VID_046D&PID_C526&MI_00\7&1CD1BFC6&0&0000 with the following status: 0.
Information	8/31/2016 1:10:03 PM	Microsoft-Windows-UserPnp	20003	(7005)	Driver Management has concluded the process to add Service LMouFilt for Device Instance ID HID\VID_046D&PID_C526&MI_00\7&1CD1BFC6&0&0000 with the following status: 0.
Information	8/31/2016 1:10:03 PM	Microsoft-Windows-UserPnp	20003	(7005)	Driver Management has concluded the process to add Service LHidFilt for Device Instance ID HID\VID_046D&PID_C526&MI_00\7&1CD1BFC6&0&0000 with the following status: 0.
Information	8/31/2016 1:07:57 PM	Microsoft-Windows-UserPnp	20001	(7005)	Driver Management concluded the process to install driver lfmouhid.inf_amd64_27e5dbc585b221c3\lfmouhid.inf for Device Instance ID HID\VID_046D&PID_C52B&REV_1203&MI_02&QID_1017&WI_03&CLASS_00000004\8&3D63A6D&0&0000 with the following status: 0x0.
Information	8/31/2016 1:07:57 PM	Microsoft-Windows-UserPnp	20003	(7005)	Driver Management has concluded the process to add Service mouclass for Device Instance ID HID\VID_046D&PID_C52B&REV_1203&MI_02&QID_1017&WI_03&CLASS_00000004\8&3D63A6D&0&0000 with the following status: 0.
Information	8/31/2016 1:07:57 PM	Microsoft-Windows-UserPnp	20003	(7005)	Driver Management has concluded the process to add Service mouhid for Device Instance ID HID\VID_046D&PID_C52B&REV_1203&MI_02&QID_1017&WI_03&CLASS_00000004\8&3D63A6D&0&0000 with the following status: 0.
Information	8/31/2016 1:07:57 PM	Microsoft-Windows-UserPnp	20003	(7005)	Driver Management has concluded the process to add Service LMouFilt for Device Instance ID HID\VID_046D&PID_C52B&REV_1203&MI_02&QID_1017&WI_03&CLASS_00000004\8&3D63A6D&0&0000 with the following status: 0.
Information	8/31/2016 1:07:57 PM	Microsoft-Windows-UserPnp	20003	(7005)	Driver Management has concluded the process to add Service LHidFilt for Device Instance ID HID\VID_046D&PID_C52B&REV_1203&MI_02&QID_1017&WI_03&CLASS_00000004\8&3D63A6D&0&0000 with the following status: 0.
Information	8/31/2016 1:07:56 PM	Microsoft-Windows-UserPnp	20001	(7005)	Driver Management concluded the process to install driver lfhideqd.inf_amd64_0416c38d86dc340d\lfhideqd.inf for Device Instance ID {A3535E08-EB26-49A9-8AE0-786ED1242812}\VID_046D&PID_C52B&REV_1203&MI_02&QID_1017&WI_03&CLASS_00000004\7&18E10BD4&1&03 with the following status: 0x0.
Information	8/31/2016 1:07:56 PM	Microsoft-Windows-UserPnp	20003	(7005)	Driver Management has concluded the process to add Service LHidEqd for Device Instance ID {A3535E08-EB26-49A9-8AE0-786ED1242812}\VID_046D&PID_C52B&REV_1203&MI_02&QID_1017&WI_03&CLASS_00000004\7&18E10BD4&1&03 with the following status: 0.
Information	8/31/2016 1:07:56 PM	Service Control Manager	7045	None	"A service was installed in the system.

Service Name:  LNonPnP
Service File Name:  C:\Windows\System32\Drivers\LNonPnP.sys
Service Type:  kernel mode driver
Service Start Type:  demand start
Service Account:  "
Information	8/31/2016 1:03:49 PM	Service Control Manager	7040	None	The start type of the Background Intelligent Transfer Service service was changed from auto start to demand start.
Information	8/31/2016 1:03:25 PM	Microsoft-Windows-WindowsUpdateClient	19	Windows Update Agent	Installation Successful: Windows successfully installed the following update: Definition Update for Windows Defender - KB2267602 (Definition 1.227.1236.0)
Information	8/31/2016 1:01:57 PM	Microsoft-Windows-WindowsUpdateClient	43	Windows Update Agent	Installation Started: Windows has started installing the following update: Definition Update for Windows Defender - KB2267602 (Definition 1.227.1236.0)
Information	8/31/2016 1:01:51 PM	Microsoft-Windows-WindowsUpdateClient	44	Windows Update Agent	Windows Update started downloading an update.
Information	8/31/2016 1:01:27 PM	Service Control Manager	7040	None	The start type of the Background Intelligent Transfer Service service was changed from demand start to auto start.
Information	8/31/2016 12:58:09 PM	Service Control Manager	7040	None	The start type of the Background Intelligent Transfer Service service was changed from auto start to demand start.
Information	8/31/2016 12:55:38 PM	Service Control Manager	7040	None	The start type of the Background Intelligent Transfer Service service was changed from demand start to auto start.
Information	8/31/2016 12:55:25 PM	Service Control Manager	7040	None	The start type of the Background Intelligent Transfer Service service was changed from auto start to demand start.
Information	8/31/2016 12:54:37 PM	Microsoft-Windows-Ntfs	98	None	Volume Windows7_OS (\Device\HarddiskVolumeShadowCopy3) is healthy.  No action is needed.
Information	8/31/2016 12:51:46 PM	Microsoft-Windows-TPM-WMI	1026	None	"The Trusted Platform Module (TPM) hardware on this computer cannot be provisioned for use automatically.  To set up the TPM interactively use the TPM management console (Start->tpm.msc) and use the action to make the TPM ready.

Error: The TPM provisioning action is not allowed by the specified flags.  For provisioning to be successful, one of several actions may be required.  The TPM management console (tpm.msc) action to make the TPM Ready may help.  For further information, see the documentation for the Win32_Tpm WMI method 'Provision'.  (The actions that may be required include importing the TPM Owner Authorization value into the system, calling the Win32_Tpm WMI method for provisioning the TPM and specifying TRUE for either 'ForceClear_Allowed' or 'PhysicalPresencePrompts_Allowed' (as indicated by the value returned in the Additional Information), or enabling the TPM in the system BIOS.)
Additional Information: 0x80011c"
Information	8/31/2016 12:51:37 PM	Microsoft-Windows-TPM-WMI	1026	None	"The Trusted Platform Module (TPM) hardware on this computer cannot be provisioned for use automatically.  To set up the TPM interactively use the TPM management console (Start->tpm.msc) and use the action to make the TPM ready.

Error: The TPM provisioning action is not allowed by the specified flags.  For provisioning to be successful, one of several actions may be required.  The TPM management console (tpm.msc) action to make the TPM Ready may help.  For further information, see the documentation for the Win32_Tpm WMI method 'Provision'.  (The actions that may be required include importing the TPM Owner Authorization value into the system, calling the Win32_Tpm WMI method for provisioning the TPM and specifying TRUE for either 'ForceClear_Allowed' or 'PhysicalPresencePrompts_Allowed' (as indicated by the value returned in the Additional Information), or enabling the TPM in the system BIOS.)
Additional Information: 0x80011c"
Error	8/31/2016 12:51:28 PM	Microsoft-Windows-DistributedCOM	10016	None	"The application-specific permission settings do not grant Local Activation permission for the COM Server application with CLSID 
{6B3B8D23-FA8D-40B9-8DBD-B950333E2C52}
 and APPID 
{4839DDB7-58C2-48F5-8283-E1D1807D0D7D}
 to the user NT AUTHORITY\LOCAL SERVICE SID (S-1-5-19) from address LocalHost (Using LRPC) running in the application container Unavailable SID (Unavailable). This security permission can be modified using the Component Services administrative tool."
Error	8/31/2016 12:51:28 PM	Microsoft-Windows-DistributedCOM	10016	None	"The application-specific permission settings do not grant Local Activation permission for the COM Server application with CLSID 
{6B3B8D23-FA8D-40B9-8DBD-B950333E2C52}
 and APPID 
{4839DDB7-58C2-48F5-8283-E1D1807D0D7D}
 to the user NT AUTHORITY\LOCAL SERVICE SID (S-1-5-19) from address LocalHost (Using LRPC) running in the application container Unavailable SID (Unavailable). This security permission can be modified using the Component Services administrative tool."
Error	8/31/2016 12:51:28 PM	Microsoft-Windows-DistributedCOM	10016	None	"The application-specific permission settings do not grant Local Activation permission for the COM Server application with CLSID 
{8D8F4F83-3594-4F07-8369-FC3C3CAE4919}
 and APPID 
{F72671A9-012C-4725-9D2F-2A4D32D65169}
 to the user NT AUTHORITY\SYSTEM SID (S-1-5-18) from address LocalHost (Using LRPC) running in the application container Unavailable SID (Unavailable). This security permission can be modified using the Component Services administrative tool."
Information	8/31/2016 12:51:27 PM	TPM	18	None	This event triggers the Trusted Platform Module (TPM) provisioning/status check to run.
Information	8/31/2016 12:51:27 PM	Microsoft-Windows-Winlogon	7001	(1101)	User Logon Notification for Customer Experience Improvement Program
Information	8/31/2016 12:51:23 PM	Service Control Manager	7026	None	"The following boot-start or system-start driver(s) did not load: 
cdrom
dam"
Information	8/31/2016 12:51:23 PM	Lfsvc	1	None	Geolocation positioning is enabled.
Information	8/31/2016 12:51:22 PM	Microsoft-Windows-WLAN-AutoConfig	10001	None	"WLAN Extensibility Module has successfully started.

Module Path: C:\Windows\System32\IWMSSvc.dll
"
Information	8/31/2016 12:51:21 PM	VMnetuserif	1	None	() Starting up the User Interface Driver for VMware Virtual Networks.
Information	8/31/2016 12:51:21 PM	vmx86	34	None	"The description for Event ID 34 from source vmx86 cannot be found. Either the component that raises this event is not installed on your local computer or the installation is corrupted. You can install or repair the component on the local computer.

If the event originated on another computer, the display information had to be saved with the event.

The following information was included with the event: 

VMX86.SYS: begin DriverEntry built @ 17:11:03
"
Information	8/31/2016 12:51:21 PM	Win32k	267	None	"The description for Event ID 267 from source Win32k cannot be found. Either the component that raises this event is not installed on your local computer or the installation is corrupted. You can install or repair the component on the local computer.

If the event originated on another computer, the display information had to be saved with the event.

The following information was included with the event: 


The specified resource type cannot be found in the image file
"
Information	8/31/2016 12:51:21 PM	BTHUSB	36	None	Bluetooth radio has accepted advertising due to policy Bluetooth\AllowAdvertising.
Information	8/31/2016 12:51:21 PM	BTHUSB	35	None	Bluetooth radio enablement has been accepted due to policy Connectivity\AllowBluetooth.
Information	8/31/2016 12:51:21 PM	BTHUSB	37	None	Bluetooth radio has accepted discoverability due to policy Bluetooth\AllowDiscoverableMode.
Information	8/31/2016 12:51:21 PM	BTHUSB	34	None	A Bluetooth policy has changed.  Policy Bluetooth\ServicesAllowedList has value of: *
Information	8/31/2016 12:51:21 PM	BTHUSB	34	None	A Bluetooth policy has changed.  Policy Bluetooth\AllowAdvertising has value of: 1
Information	8/31/2016 12:51:21 PM	BTHUSB	34	None	A Bluetooth policy has changed.  Policy Bluetooth\AllowDiscoverableMode has value of: 1
Information	8/31/2016 12:51:21 PM	BTHUSB	34	None	A Bluetooth policy has changed.  Policy Connectivity\AllowBluetooth has value of: 2
Information	8/31/2016 12:51:21 PM	Microsoft-Windows-WLAN-AutoConfig	4000	None	"WLAN AutoConfig service has successfully started.
"
Information	8/31/2016 12:51:20 PM	VMnetBridge	10	None	() Starting up the Bridge Driver for VMware Virtual Networks.
Warning	8/31/2016 12:51:20 PM	Microsoft-Windows-TaskScheduler	414	Task Misconfiguration	Task Scheduler service found a misconfiguration in the NT TASK\DolbySelectorTask definition. Additional Data: Error Value: %ProgramFiles%\Dolby Digital Plus\ddp.exe.
Information	8/31/2016 12:51:20 PM	Microsoft-Windows-FilterManager	6	None	File System Filter 'wcnfs' (10.0, ‎2016‎-‎07‎-‎15T20:28:27.000000000Z) has successfully loaded and registered with Filter Manager.
Information	8/31/2016 12:51:20 PM	Microsoft-Windows-FilterManager	6	None	File System Filter 'storqosflt' (10.0, ‎2016‎-‎07‎-‎15T20:26:43.000000000Z) has successfully loaded and registered with Filter Manager.
Information	8/31/2016 12:51:20 PM	Microsoft-Windows-FilterManager	6	None	File System Filter 'luafv' (10.0, ‎2016‎-‎07‎-‎15T20:21:48.000000000Z) has successfully loaded and registered with Filter Manager.
Information	8/31/2016 12:51:20 PM	Microsoft-Windows-FilterManager	6	None	File System Filter 'wcifs' (10.0, ‎2016‎-‎07‎-‎15T20:27:16.000000000Z) has successfully loaded and registered with Filter Manager.
Information	8/31/2016 12:51:20 PM	Microsoft-Windows-DHCPv6-Client	51046	Service State Event	DHCPv6 client service is started
Information	8/31/2016 12:51:20 PM	Microsoft-Windows-Dhcp-Client	50036	Service State Event	DHCPv4 client service is started
Information	8/31/2016 12:51:20 PM	Win32k	267	None	"The description for Event ID 267 from source Win32k cannot be found. Either the component that raises this event is not installed on your local computer or the installation is corrupted. You can install or repair the component on the local computer.

If the event originated on another computer, the display information had to be saved with the event.

The following information was included with the event: 


The specified resource type cannot be found in the image file
"
Information	8/31/2016 12:51:19 PM	Microsoft-Windows-Directory-Services-SAM	16962	None	"Remote calls to the SAM database are being restricted using the default security descriptor: O:SYG:SYD:(A;;RC;;;BA).
For more information please see http://go.microsoft.com/fwlink/?LinkId=787651."
Information	8/31/2016 12:51:19 PM	Microsoft-Windows-Wininit	14	None	Credential Guard (LsaIso.exe) configuration: 0x0, 0
Information	8/31/2016 12:51:17 PM	Microsoft-Windows-Ntfs	98	None	Volume F: (\Device\HarddiskVolume5) is healthy.  No action is needed.
Information	8/31/2016 12:51:17 PM	Microsoft-Windows-Ntfs	98	None	Volume E: (\Device\HarddiskVolume6) is healthy.  No action is needed.
Information	8/31/2016 12:51:16 PM	BTHUSB	18	None	Windows cannot store Bluetooth authentication codes (link keys) on the local adapter. Bluetooth keyboards might not work in the system BIOS during startup.
Warning	8/31/2016 12:51:16 PM	Microsoft-Windows-Kernel-PnP	219	(212)	The driver \Driver\WUDFRd failed to load for the device USB\VID_17E9&PID_4307&MI_01\7&8d2da4c&0&0001.
Information	8/31/2016 12:51:16 PM	Microsoft-Windows-DriverFrameworks-UserMode	10114	Startup of the UMDF reflector	WUDFPf (part of UMDF) did not load yet. After it does, Windows will start the device again.
Warning	8/31/2016 12:51:16 PM	Microsoft-Windows-Kernel-PnP	219	(212)	The driver \Driver\WUDFRd failed to load for the device USB\VID_17E9&PID_4307&MI_00\7&8d2da4c&0&0000.
Information	8/31/2016 12:51:16 PM	Microsoft-Windows-DriverFrameworks-UserMode	10114	Startup of the UMDF reflector	WUDFPf (part of UMDF) did not load yet. After it does, Windows will start the device again.
Warning	8/31/2016 12:51:16 PM	Microsoft-Windows-Kernel-PnP	219	(212)	The driver \Driver\WUDFRd failed to load for the device USB\VID_138A&PID_0017\ed7a1ef73db9.
Information	8/31/2016 12:51:16 PM	Microsoft-Windows-DriverFrameworks-UserMode	10114	Startup of the UMDF reflector	WUDFPf (part of UMDF) did not load yet. After it does, Windows will start the device again.
