Information	9/16/2016 9:48:55 AM	Microsoft-Windows-Kernel-General	1	(5)	"The system time has changed to ‎2016‎-‎09‎-‎16T15:48:55.520833000Z from ‎2016‎-‎09‎-‎16T15:48:55.520833000Z.

Change Reason: System time adjusted to the new time zone."
Information	9/16/2016 9:48:55 AM	Microsoft-Windows-HttpEvent	15008	None	Reservation for namespace identified by URL prefix http://+:10246/MDEServer/ was successfully deleted.
Information	9/16/2016 9:48:54 AM	Microsoft-Windows-HttpEvent	15008	None	Reservation for namespace identified by URL prefix http://+:10243/WMPNSSv4/ was successfully deleted.
Information	9/16/2016 9:48:54 AM	Microsoft-Windows-HttpEvent	15008	None	Reservation for namespace identified by URL prefix https://+:10245/WMPNSSv4/ was successfully deleted.
Information	9/16/2016 9:48:52 AM	TPM	18	None	This event triggers the Trusted Platform Module (TPM) provisioning/status check to run.
Information	9/16/2016 9:48:52 AM	Service Control Manager	7026	None	"The following boot-start or system-start driver(s) did not load: 
cdrom
dam"
Information	9/16/2016 9:48:53 AM	Lfsvc	1	None	Geolocation positioning is enabled.
Information	9/16/2016 9:48:50 AM	Microsoft-Windows-WLAN-AutoConfig	10001	None	"WLAN Extensibility Module has successfully started.

Module Path: C:\Windows\System32\IWMSSvc.dll
"
Information	9/16/2016 9:48:49 AM	VMnetuserif	1	None	() Starting up the User Interface Driver for VMware Virtual Networks.
Information	9/16/2016 9:48:49 AM	vmx86	34	None	"The description for Event ID 34 from source vmx86 cannot be found. Either the component that raises this event is not installed on your local computer or the installation is corrupted. You can install or repair the component on the local computer.

If the event originated on another computer, the display information had to be saved with the event.

The following information was included with the event: 

VMX86.SYS: begin DriverEntry built @ 17:11:03
"
Information	9/16/2016 9:48:48 AM	Win32k	267	None	"The description for Event ID 267 from source Win32k cannot be found. Either the component that raises this event is not installed on your local computer or the installation is corrupted. You can install or repair the component on the local computer.

If the event originated on another computer, the display information had to be saved with the event.

The following information was included with the event: 


The specified resource type cannot be found in the image file
"
Information	9/16/2016 9:48:48 AM	Microsoft-Windows-WLAN-AutoConfig	4000	None	"WLAN AutoConfig service has successfully started.
"
Warning	9/16/2016 9:48:48 AM	Microsoft-Windows-TaskScheduler	414	Task Misconfiguration	Task Scheduler service found a misconfiguration in the NT TASK\DolbySelectorTask definition. Additional Data: Error Value: %ProgramFiles%\Dolby Digital Plus\ddp.exe.
Information	9/16/2016 9:48:48 AM	VMnetBridge	10	None	() Starting up the Bridge Driver for VMware Virtual Networks.
Information	9/16/2016 9:48:48 AM	Microsoft-Windows-FilterManager	6	None	File System Filter 'wcnfs' (10.0, ‎2016‎-‎07‎-‎15T22:28:27.000000000Z) has successfully loaded and registered with Filter Manager.
Information	9/16/2016 9:48:48 AM	Microsoft-Windows-FilterManager	6	None	File System Filter 'storqosflt' (10.0, ‎2016‎-‎07‎-‎15T22:26:43.000000000Z) has successfully loaded and registered with Filter Manager.
Information	9/16/2016 9:48:48 AM	Microsoft-Windows-FilterManager	6	None	File System Filter 'wcifs' (10.0, ‎2016‎-‎07‎-‎15T22:27:16.000000000Z) has successfully loaded and registered with Filter Manager.
Information	9/16/2016 9:48:48 AM	Microsoft-Windows-FilterManager	6	None	File System Filter 'luafv' (10.0, ‎2016‎-‎07‎-‎15T22:21:48.000000000Z) has successfully loaded and registered with Filter Manager.
Information	9/16/2016 9:48:47 AM	RFCOMM	1	None	Bluetooth has accepted service {00000000-0000-0000-0000-000000000000} on remote device (00:00:00:00:00:00) due to policy Bluetooth\ServicesAllowedList.
Information	9/16/2016 9:48:47 AM	BTHUSB	37	None	Bluetooth radio has accepted discoverability due to policy Bluetooth\AllowDiscoverableMode.
Information	9/16/2016 9:48:47 AM	RFCOMM	1	None	Bluetooth has accepted service {00000000-0000-0000-0000-000000000000} on remote device (00:00:00:00:00:00) due to policy Bluetooth\ServicesAllowedList.
Information	9/16/2016 9:48:47 AM	Microsoft-Windows-DHCPv6-Client	51046	Service State Event	DHCPv6 client service is started
Information	9/16/2016 9:48:47 AM	BTHUSB	36	None	Bluetooth radio has accepted advertising due to policy Bluetooth\AllowAdvertising.
Information	9/16/2016 9:48:47 AM	BTHUSB	35	None	Bluetooth radio enablement has been accepted due to policy Connectivity\AllowBluetooth.
Information	9/16/2016 9:48:47 AM	BTHUSB	37	None	Bluetooth radio has accepted discoverability due to policy Bluetooth\AllowDiscoverableMode.
Information	9/16/2016 9:48:47 AM	BTHUSB	34	None	A Bluetooth policy has changed.  Policy Bluetooth\ServicesAllowedList has value of: *
Information	9/16/2016 9:48:47 AM	BTHUSB	34	None	A Bluetooth policy has changed.  Policy Bluetooth\AllowAdvertising has value of: 1
Information	9/16/2016 9:48:47 AM	BTHUSB	34	None	A Bluetooth policy has changed.  Policy Bluetooth\AllowDiscoverableMode has value of: 1
Information	9/16/2016 9:48:47 AM	BTHUSB	34	None	A Bluetooth policy has changed.  Policy Connectivity\AllowBluetooth has value of: 2
Information	9/16/2016 9:48:47 AM	Microsoft-Windows-Dhcp-Client	50036	Service State Event	DHCPv4 client service is started
Information	9/16/2016 9:48:47 AM	Microsoft-Windows-Ntfs	98	None	Volume F: (\Device\HarddiskVolume6) is healthy.  No action is needed.
Information	9/16/2016 9:48:47 AM	Microsoft-Windows-Directory-Services-SAM	16962	None	"Remote calls to the SAM database are being restricted using the default security descriptor: O:SYG:SYD:(A;;RC;;;BA).
For more information please see http://go.microsoft.com/fwlink/?LinkId=787651."
Information	9/16/2016 9:48:46 AM	Win32k	267	None	"The description for Event ID 267 from source Win32k cannot be found. Either the component that raises this event is not installed on your local computer or the installation is corrupted. You can install or repair the component on the local computer.

If the event originated on another computer, the display information had to be saved with the event.

The following information was included with the event: 


The specified resource type cannot be found in the image file
"
Information	9/16/2016 9:48:46 AM	Microsoft-Windows-Ntfs	98	None	Volume E: (\Device\HarddiskVolume5) is healthy.  No action is needed.
Information	9/16/2016 9:48:46 AM	Microsoft-Windows-Wininit	14	None	Credential Guard (LsaIso.exe) configuration: 0x0, 0
Information	9/16/2016 9:48:46 AM	BthEnum	1	None	Bluetooth has accepted service {0000111e-0000-1000-8000-00805f9b34fb} on remote device (00:21:3c:a6:b0:f3) due to policy Bluetooth\ServicesAllowedList.
Information	9/16/2016 9:48:46 AM	BthEnum	1	None	Bluetooth has accepted service {0000110e-0000-1000-8000-00805f9b34fb} on remote device (00:21:3c:a6:b0:f3) due to policy Bluetooth\ServicesAllowedList.
Information	9/16/2016 9:48:46 AM	BthEnum	1	None	Bluetooth has accepted service {0000110c-0000-1000-8000-00805f9b34fb} on remote device (00:21:3c:a6:b0:f3) due to policy Bluetooth\ServicesAllowedList.
Information	9/16/2016 9:48:46 AM	BthEnum	1	None	Bluetooth has accepted service {0000110b-0000-1000-8000-00805f9b34fb} on remote device (00:21:3c:a6:b0:f3) due to policy Bluetooth\ServicesAllowedList.
Information	9/16/2016 9:48:46 AM	BthEnum	1	None	Bluetooth has accepted service {00001101-0000-1000-8000-00805f9b34fb} on remote device (00:21:3c:a6:b0:f3) due to policy Bluetooth\ServicesAllowedList.
Information	9/16/2016 9:48:46 AM	BthEnum	1	None	Bluetooth has accepted service {00001101-0000-1000-8000-00805f9b34fb} on remote device (00:00:00:00:00:00) due to policy Bluetooth\ServicesAllowedList.
Warning	9/16/2016 9:48:44 AM	Microsoft-Windows-Kernel-PnP	219	(212)	The driver \Driver\WUDFRd failed to load for the device USB\VID_17E9&PID_4307&MI_01\7&8d2da4c&0&0001.
Information	9/16/2016 9:48:44 AM	Microsoft-Windows-DriverFrameworks-UserMode	10114	Startup of the UMDF reflector	WUDFPf (part of UMDF) did not load yet. After it does, Windows will start the device again.
Warning	9/16/2016 9:48:44 AM	Microsoft-Windows-Kernel-PnP	219	(212)	The driver \Driver\WUDFRd failed to load for the device USB\VID_17E9&PID_4307&MI_00\7&8d2da4c&0&0000.
Information	9/16/2016 9:48:44 AM	Microsoft-Windows-DriverFrameworks-UserMode	10114	Startup of the UMDF reflector	WUDFPf (part of UMDF) did not load yet. After it does, Windows will start the device again.
Information	9/16/2016 9:48:41 AM	e1dexpress	32	None	"Intel(R) Ethernet Connection (3) I218-LM
 Network link has been established at 1Gbps full duplex.
"
Information	9/16/2016 9:48:40 AM	BTHUSB	18	None	Windows cannot store Bluetooth authentication codes (link keys) on the local adapter. Bluetooth keyboards might not work in the system BIOS during startup.
Warning	9/16/2016 9:48:40 AM	Microsoft-Windows-Kernel-PnP	219	(212)	The driver \Driver\WUDFRd failed to load for the device USB\VID_138A&PID_0017\ed7a1ef73db9.
Information	9/16/2016 9:48:40 AM	Microsoft-Windows-DriverFrameworks-UserMode	10114	Startup of the UMDF reflector	WUDFPf (part of UMDF) did not load yet. After it does, Windows will start the device again.
Information	9/16/2016 9:48:39 AM	Microsoft-Windows-Ntfs	98	None	Volume \\?\Volume{33e9f129-0000-0000-0000-206f70000000} (\Device\HarddiskVolume3) is healthy.  No action is needed.
Information	9/16/2016 9:48:39 AM	Microsoft-Windows-Ntfs	98	None	Volume D: (\Device\HarddiskVolume4) is healthy.  No action is needed.
Information	9/16/2016 9:48:38 AM	Netwtw04	7002	None	"The description for Event ID 7002 from source Netwtw04 cannot be found. Either the component that raises this event is not installed on your local computer or the installation is corrupted. You can install or repair the component on the local computer.

If the event originated on another computer, the display information had to be saved with the event.

The following information was included with the event: 

\Device\NDMP5
Intel(R) Dual Band Wireless-AC 7265

The specified resource type cannot be found in the image file
"
Information	9/16/2016 9:48:38 AM	Netwtw04	7002	None	"The description for Event ID 7002 from source Netwtw04 cannot be found. Either the component that raises this event is not installed on your local computer or the installation is corrupted. You can install or repair the component on the local computer.

If the event originated on another computer, the display information had to be saved with the event.

The following information was included with the event: 

\Device\NDMP5
Intel(R) Dual Band Wireless-AC 7265

The specified resource type cannot be found in the image file
"
Information	9/16/2016 9:48:38 AM	Netwtw04	7001	None	"The description for Event ID 7001 from source Netwtw04 cannot be found. Either the component that raises this event is not installed on your local computer or the installation is corrupted. You can install or repair the component on the local computer.

If the event originated on another computer, the display information had to be saved with the event.

The following information was included with the event: 

\Device\NDMP5
Intel(R) Dual Band Wireless-AC 7265

The specified resource type cannot be found in the image file
"
Information	9/16/2016 9:48:38 AM	Netwtw04	7001	None	"The description for Event ID 7001 from source Netwtw04 cannot be found. Either the component that raises this event is not installed on your local computer or the installation is corrupted. You can install or repair the component on the local computer.

If the event originated on another computer, the display information had to be saved with the event.

The following information was included with the event: 

\Device\NDMP5
Intel(R) Dual Band Wireless-AC 7265

The specified resource type cannot be found in the image file
"
Information	9/16/2016 9:48:38 AM	Netwtw04	7036	None	The \Device\NDMP5 service entered the Intel(R) Dual Band Wireless-AC 7265 state.
Information	9/16/2016 9:48:37 AM	MEIx64	2	None	Intel(R) Management Engine Interface driver has started successfully.
Information	9/16/2016 9:48:37 AM	Microsoft-Windows-Kernel-Processor-Power	55	(47)	"Processor 3 in group 0 exposes the following power management capabilities:

Idle state type: ACPI Idle (C) States (3 state(s))

Performance state type: ACPI Collaborative Processor Performance Control
Nominal Frequency (MHz): 2594
Maximum performance percentage: 123
Minimum performance percentage: 19
Minimum throttle percentage: 1"
Information	9/16/2016 9:48:37 AM	Microsoft-Windows-Kernel-Processor-Power	55	(47)	"Processor 2 in group 0 exposes the following power management capabilities:

Idle state type: ACPI Idle (C) States (3 state(s))

Performance state type: ACPI Collaborative Processor Performance Control
Nominal Frequency (MHz): 2594
Maximum performance percentage: 123
Minimum performance percentage: 19
Minimum throttle percentage: 1"
Information	9/16/2016 9:48:37 AM	Microsoft-Windows-Kernel-Processor-Power	55	(47)	"Processor 1 in group 0 exposes the following power management capabilities:

Idle state type: ACPI Idle (C) States (3 state(s))

Performance state type: ACPI Collaborative Processor Performance Control
Nominal Frequency (MHz): 2594
Maximum performance percentage: 123
Minimum performance percentage: 19
Minimum throttle percentage: 1"
Information	9/16/2016 9:48:37 AM	Microsoft-Windows-Kernel-Processor-Power	55	(47)	"Processor 0 in group 0 exposes the following power management capabilities:

Idle state type: ACPI Idle (C) States (3 state(s))

Performance state type: ACPI Collaborative Processor Performance Control
Nominal Frequency (MHz): 2594
Maximum performance percentage: 123
Minimum performance percentage: 19
Minimum throttle percentage: 1"
Warning	9/16/2016 9:48:37 AM	Microsoft-Windows-Kernel-PnP	219	(212)	The driver \Driver\WUDFRd failed to load for the device ROOT\SYSTEM\0001.
Information	9/16/2016 9:48:37 AM	Microsoft-Windows-DriverFrameworks-UserMode	10114	Startup of the UMDF reflector	WUDFPf (part of UMDF) did not load yet. After it does, Windows will start the device again.
Information	9/16/2016 9:48:37 AM	VMnetAdapter	36	None	() Starting up the Adapter Driver for VMware Virtual Networks.
Information	9/16/2016 9:48:37 AM	Microsoft-Windows-Kernel-Power	172	(203)	Connectivity state in standby: Disconnected, Reason: NIC compliance
Information	9/16/2016 9:48:37 AM	Microsoft-Windows-FilterManager	6	None	File System Filter 'npsvctrig' (10.0, ‎2016‎-‎07‎-‎15T22:28:33.000000000Z) has successfully loaded and registered with Filter Manager.
Information	9/16/2016 9:48:37 AM	Microsoft-Windows-FilterManager	6	None	File System Filter 'FileCrypt' (10.0, ‎2016‎-‎07‎-‎15T22:22:39.000000000Z) has successfully loaded and registered with Filter Manager.
Information	9/16/2016 9:48:37 AM	Microsoft-Windows-Ntfs	98	None	Volume C: (\Device\HarddiskVolume2) is healthy.  No action is needed.
Information	9/16/2016 9:48:37 AM	Microsoft-Windows-Ntfs	98	None	Volume \\?\Volume{33e9f129-0000-0000-0000-100000000000} (\Device\HarddiskVolume1) is healthy.  No action is needed.
Information	9/16/2016 9:48:37 AM	TPM	24	None	The Trusted Platform Module (TPM) status: Enabled and Active.
Information	9/16/2016 9:48:37 AM	Microsoft-Windows-FilterManager	6	None	File System Filter 'WdFilter' (10.0, ‎2016‎-‎07‎-‎15T22:25:21.000000000Z) has successfully loaded and registered with Filter Manager.
Information	9/16/2016 9:48:37 AM	Microsoft-Windows-FilterManager	6	None	File System Filter 'file_tracker' (6.3, ‎2016‎-‎02‎-‎08T05:52:31.000000000Z) has successfully loaded and registered with Filter Manager.
Information	9/16/2016 9:48:37 AM	Microsoft-Windows-FilterManager	6	None	File System Filter 'Wof' (10.0, ‎2016‎-‎08‎-‎05T23:45:24.000000000Z) has successfully loaded and registered with Filter Manager.
Information	9/16/2016 9:48:37 AM	Microsoft-Windows-FilterManager	6	None	File System Filter 'FileInfo' (10.0, ‎2016‎-‎07‎-‎15T22:26:05.000000000Z) has successfully loaded and registered with Filter Manager.
Information	9/16/2016 9:48:36 AM	Microsoft-Windows-Kernel-Boot	30	(21)	The firmware reported boot metrics.
Information	9/16/2016 9:48:36 AM	Microsoft-Windows-Kernel-Boot	32	None	The bootmgr spent 0 ms waiting for user input.
Information	9/16/2016 9:48:36 AM	Microsoft-Windows-Kernel-Boot	18	None	There are 0x1 boot options on this system.
Information	9/16/2016 9:48:36 AM	Microsoft-Windows-Kernel-Boot	25	(32)	The boot menu policy was 0x1.
Information	9/16/2016 9:48:36 AM	Microsoft-Windows-Kernel-Boot	27	(33)	The boot type was 0x0.
Information	9/16/2016 9:48:36 AM	Microsoft-Windows-Kernel-Boot	20	(31)	The last shutdown's success status was true. The last boot's success status was true.
Information	9/16/2016 9:48:36 AM	Microsoft-Windows-Kernel-Boot	153	None	The Virtualization Based Security (policies: 0) is disabled with status STATUS_SUCCESS.
Information	9/16/2016 9:48:47 AM	EventLog	6013	None	The system uptime is 11 seconds.
Information	9/16/2016 9:48:47 AM	EventLog	6005	None	The Event log service was started.
Information	9/16/2016 9:48:47 AM	EventLog	6009	None	Microsoft (R) Windows (R) 10.00. 14393  Multiprocessor Free.
Information	9/16/2016 9:48:36 AM	Microsoft-Windows-Kernel-General	12	(1)	The operating system started at system time ‎2016‎-‎09‎-‎16T15:48:36.488256000Z.
Information	9/16/2016 9:48:11 AM	Microsoft-Windows-DHCPv6-Client	51047	Service State Event	DHCPv6 client service is stopped. ShutDown Flag value is 1
Information	9/16/2016 9:48:11 AM	EventLog	6006	None	The Event log service was stopped.
Error	9/16/2016 9:48:05 AM	Service Control Manager	7031	None	The VMware Workstation Server service terminated unexpectedly.  It has done this 1 time(s).  The following corrective action will be taken in 60000 milliseconds: Restart the service.
Information	9/16/2016 9:46:40 AM	Microsoft-Windows-Winlogon	7002	(1102)	User Logoff Notification for Customer Experience Improvement Program
Information	9/16/2016 9:46:29 AM	User32	1074	None	"The process C:\Windows\Explorer.EXE (DESKTOP-EEMI531) has initiated the restart of computer DESKTOP-EEMI531 on behalf of user DESKTOP-EEMI531\AndyL for the following reason: Other (Unplanned)
 Reason Code: 0x0
 Shutdown Type: restart
 Comment: "
Information	9/16/2016 9:39:11 AM	Microsoft-Windows-Ntfs	98	None	Volume Software-Downloads (\Device\HarddiskVolumeShadowCopy8) is healthy.  No action is needed.
Information	9/16/2016 9:38:38 AM	Microsoft-Windows-Ntfs	98	None	Volume ?? (\Device\HarddiskVolumeShadowCopy7) is healthy.  No action is needed.
Information	9/16/2016 9:35:19 AM	Microsoft-Windows-WindowsUpdateClient	19	Windows Update Agent	Installation Successful: Windows successfully installed the following update: Paid Wi-Fi & Cellular
Information	9/16/2016 9:35:03 AM	Microsoft-Windows-WindowsUpdateClient	19	Windows Update Agent	Installation Successful: Windows successfully installed the following update: Definition Update for Windows Defender - KB2267602 (Definition 1.227.2472.0)
Information	9/16/2016 9:34:34 AM	Microsoft-Windows-WindowsUpdateClient	43	Windows Update Agent	Installation Started: Windows has started installing the following update: Paid Wi-Fi & Cellular
Information	9/16/2016 9:34:19 AM	Microsoft-Windows-WindowsUpdateClient	19	Windows Update Agent	Installation Successful: Windows successfully installed the following update: Netflix
Information	9/16/2016 9:32:36 AM	Microsoft-Windows-WindowsUpdateClient	43	Windows Update Agent	Installation Started: Windows has started installing the following update: Netflix
Information	9/16/2016 9:32:24 AM	Microsoft-Windows-WindowsUpdateClient	43	Windows Update Agent	Installation Started: Windows has started installing the following update: Definition Update for Windows Defender - KB2267602 (Definition 1.227.2472.0)
Information	9/16/2016 9:32:02 AM	Microsoft-Windows-WindowsUpdateClient	19	Windows Update Agent	Installation Successful: Windows successfully installed the following update: Twitter
Information	9/16/2016 9:30:43 AM	Microsoft-Windows-Kernel-General	16	None	The access history in hive \??\C:\Users\AndyL\AppData\Local\Packages\9E2F88E3.Twitter_wgeqdkkx372wm\Settings\settings.dat was cleared updating 4 keys and creating 1 modified pages.
Information	9/16/2016 9:30:19 AM	Microsoft-Windows-WindowsUpdateClient	44	Windows Update Agent	Windows Update started downloading an update.
Information	9/16/2016 9:30:16 AM	Microsoft-Windows-Kernel-General	16	None	The access history in hive \??\C:\ProgramData\Microsoft\Windows\AppRepository\Packages\Microsoft.OneConnect_1.1607.6.0_x64__8wekyb3d8bbwe\ActivationStore.dat was cleared updating 0 keys and creating 0 modified pages.
Information	9/16/2016 9:30:13 AM	Microsoft-Windows-WindowsUpdateClient	43	Windows Update Agent	Installation Started: Windows has started installing the following update: Twitter
Information	9/16/2016 9:30:00 AM	Microsoft-Windows-Kernel-General	16	None	The access history in hive \??\C:\ProgramData\Microsoft\Windows\AppRepository\Packages\9E2F88E3.Twitter_5.3.2.0_x86__wgeqdkkx372wm\ActivationStore.dat was cleared updating 0 keys and creating 0 modified pages.
Information	9/16/2016 9:30:00 AM	Microsoft-Windows-Kernel-General	16	None	The access history in hive \??\C:\ProgramData\Microsoft\Windows\AppRepository\Packages\4DF9E0F8.Netflix_6.12.43.0_x64__mcm4njqhnhss8\ActivationStore.dat was cleared updating 0 keys and creating 0 modified pages.
Information	9/16/2016 9:27:55 AM	Microsoft-Windows-WindowsUpdateClient	44	Windows Update Agent	Windows Update started downloading an update.
Information	9/16/2016 9:27:55 AM	Microsoft-Windows-WindowsUpdateClient	44	Windows Update Agent	Windows Update started downloading an update.
Information	9/16/2016 9:27:54 AM	Microsoft-Windows-WindowsUpdateClient	44	Windows Update Agent	Windows Update started downloading an update.
Information	9/16/2016 9:23:53 AM	Microsoft-Windows-Ntfs	98	None	Volume Windows7_OS (\Device\HarddiskVolumeShadowCopy6) is healthy.  No action is needed.
Information	9/16/2016 9:23:29 AM	Microsoft-Windows-Ntfs	98	None	Volume SYSTEM_DRV (\Device\HarddiskVolumeShadowCopy5) is healthy.  No action is needed.
Warning	9/16/2016 9:23:08 AM	Microsoft-Windows-DNS-Client	1014	(1014)	Name resolution for the name www.googleapis.com timed out after none of the configured DNS servers responded.
Information	9/16/2016 9:22:59 AM	Microsoft-Windows-Ntfs	98	None	Volume F: (\Device\HarddiskVolume7) is healthy.  No action is needed.
Warning	9/16/2016 9:22:57 AM	Microsoft-Windows-DNS-Client	1014	(1014)	Name resolution for the name win10.ipv6.microsoft.com. timed out after none of the configured DNS servers responded.
Information	9/16/2016 9:22:53 AM	Microsoft-Windows-Ntfs	98	None	Volume E: (\Device\HarddiskVolume6) is healthy.  No action is needed.
Information	9/16/2016 9:22:50 AM	e1dexpress	32	None	"Intel(R) Ethernet Connection (3) I218-LM
 Network link has been established at 1Gbps full duplex.
"
Information	9/16/2016 9:22:49 AM	Microsoft-Windows-Power-Troubleshooter	1	None	"The system has returned from a low power state.

Sleep Time: ‎2016‎-‎09‎-‎15T21:24:56.790495100Z
Wake Time: ‎2016‎-‎09‎-‎16T15:22:47.758413000Z

Wake Source: Unknown"
Information	9/16/2016 9:22:48 AM	BTHUSB	18	None	Windows cannot store Bluetooth authentication codes (link keys) on the local adapter. Bluetooth keyboards might not work in the system BIOS during startup.
Information	9/16/2016 9:22:47 AM	Microsoft-Windows-Kernel-Boot	27	(33)	The boot type was 0x2.
Information	9/16/2016 9:22:47 AM	Microsoft-Windows-Kernel-Boot	25	(32)	The boot menu policy was 0xF00E0.
Information	9/16/2016 9:22:47 AM	Microsoft-Windows-Kernel-Boot	32	None	The bootmgr spent 0 ms waiting for user input.
Information	9/16/2016 9:22:47 AM	Microsoft-Windows-Kernel-Boot	18	None	There are 0x1 boot options on this system.
Information	9/16/2016 9:22:47 AM	Microsoft-Windows-Kernel-Boot	30	(21)	The firmware reported boot metrics.
Information	9/16/2016 9:22:45 AM	Microsoft-Windows-Kernel-General	1	(5)	"The system time has changed to ‎2016‎-‎09‎-‎16T15:22:45.500000000Z from ‎2016‎-‎09‎-‎15T21:25:16.453813600Z.

Change Reason: System time synchronized with the hardware clock."
Information	9/15/2016 3:25:16 PM	Microsoft-Windows-Kernel-Power	107	(102)	The system has resumed from sleep.
Information	9/15/2016 3:25:08 PM	Microsoft-Windows-Kernel-Power	42	(64)	"The system is entering sleep.

Sleep Reason: Hibernate from Sleep - Fixed Timeout"
Warning	9/15/2016 3:25:06 PM	Microsoft-Windows-DNS-Client	1014	(1014)	Name resolution for the name win10.ipv6.microsoft.com. timed out after none of the configured DNS servers responded.
Information	9/15/2016 3:24:57 PM	BTHUSB	18	None	Windows cannot store Bluetooth authentication codes (link keys) on the local adapter. Bluetooth keyboards might not work in the system BIOS during startup.
Information	9/15/2016 3:24:57 PM	Microsoft-Windows-Power-Troubleshooter	1	None	"The system has returned from a low power state.

Sleep Time: ‎2016‎-‎09‎-‎15T21:24:56.790495100Z
Wake Time: ‎2016‎-‎09‎-‎15T21:24:56.774874100Z

Wake Source: Unknown, but possibily due to timer - Windows will execute 'NT TASK\Microsoft\Windows\UpdateOrchestrator\Reboot' scheduled task that requested waking the computer."
Information	9/15/2016 3:24:56 PM	Microsoft-Windows-Kernel-Boot	27	(33)	The boot type was 0x2.
Information	9/15/2016 3:24:56 PM	Microsoft-Windows-Kernel-Boot	25	(32)	The boot menu policy was 0xF00E0.
Information	9/15/2016 3:24:56 PM	Microsoft-Windows-Kernel-Boot	32	None	The bootmgr spent 0 ms waiting for user input.
Information	9/15/2016 3:24:56 PM	Microsoft-Windows-Kernel-Boot	18	None	There are 0x1 boot options on this system.
Information	9/15/2016 3:24:56 PM	Microsoft-Windows-Kernel-Boot	30	(21)	The firmware reported boot metrics.
Information	9/15/2016 3:24:54 PM	Microsoft-Windows-Kernel-General	1	(5)	"The system time has changed to ‎2016‎-‎09‎-‎15T21:24:54.500000000Z from ‎2016‎-‎09‎-‎15T21:08:20.181280000Z.

Change Reason: System time synchronized with the hardware clock."
Information	9/15/2016 3:08:20 PM	Microsoft-Windows-Kernel-Power	107	(102)	The system has resumed from sleep.
Information	9/15/2016 3:08:06 PM	Microsoft-Windows-Kernel-Power	42	(64)	"The system is entering sleep.

Sleep Reason: Hibernate from Sleep - Fixed Timeout"
Information	9/15/2016 3:08:02 PM	Microsoft-Windows-Power-Troubleshooter	1	None	"The system has returned from a low power state.

Sleep Time: ‎2016‎-‎09‎-‎15T21:08:02.230978900Z
Wake Time: ‎2016‎-‎09‎-‎15T21:08:01.590437100Z

Wake Source: S4 Doze to Hibernate"
Information	9/15/2016 3:08:02 PM	BTHUSB	18	None	Windows cannot store Bluetooth authentication codes (link keys) on the local adapter. Bluetooth keyboards might not work in the system BIOS during startup.
Information	9/15/2016 3:08:01 PM	Microsoft-Windows-Kernel-Power	131	(33)	Firmware S3 times. ResumeCount: 4, FullResume: 432, AverageResume: 433
Information	9/15/2016 3:08:00 PM	Microsoft-Windows-Kernel-General	1	(5)	"The system time has changed to ‎2016‎-‎09‎-‎15T21:08:00.500000000Z from ‎2016‎-‎09‎-‎15T18:08:03.174168500Z.

Change Reason: System time synchronized with the hardware clock."
Information	9/15/2016 12:08:03 PM	Microsoft-Windows-Kernel-Power	107	(102)	The system has resumed from sleep.
Information	9/15/2016 12:07:59 PM	Microsoft-Windows-Kernel-Power	42	(64)	"The system is entering sleep.

Sleep Reason: Application API"
Error	9/15/2016 12:07:55 PM	Microsoft-Windows-DistributedCOM	10016	None	"The application-specific permission settings do not grant Local Activation permission for the COM Server application with CLSID 
{D63B10C5-BB46-4990-A94F-E40B9D520160}
 and APPID 
{9CA88EE3-ACB7-47C8-AFC4-AB702511C276}
 to the user NT AUTHORITY\SYSTEM SID (S-1-5-18) from address LocalHost (Using LRPC) running in the application container Unavailable SID (Unavailable). This security permission can be modified using the Component Services administrative tool."
Information	9/15/2016 11:58:45 AM	Microsoft-Windows-Power-Troubleshooter	1	None	"The system has returned from a low power state.

Sleep Time: ‎2016‎-‎09‎-‎15T17:54:01.592531300Z
Wake Time: ‎2016‎-‎09‎-‎15T17:58:44.709343900Z

Wake Source: Power Button"
Information	9/15/2016 11:58:45 AM	BTHUSB	18	None	Windows cannot store Bluetooth authentication codes (link keys) on the local adapter. Bluetooth keyboards might not work in the system BIOS during startup.
Information	9/15/2016 11:58:44 AM	Microsoft-Windows-Kernel-Power	131	(33)	Firmware S3 times. ResumeCount: 3, FullResume: 433, AverageResume: 434
Information	9/15/2016 11:58:43 AM	Microsoft-Windows-Kernel-General	1	(5)	"The system time has changed to ‎2016‎-‎09‎-‎15T17:58:43.500000000Z from ‎2016‎-‎09‎-‎15T17:54:06.542153400Z.

Change Reason: System time synchronized with the hardware clock."
Information	9/15/2016 11:54:06 AM	Microsoft-Windows-Kernel-Power	107	(102)	The system has resumed from sleep.
Information	9/15/2016 11:54:03 AM	Microsoft-Windows-Kernel-Power	42	(64)	"The system is entering sleep.

Sleep Reason: System Idle"
Information	9/15/2016 11:48:22 AM	Microsoft-Windows-Power-Troubleshooter	1	None	"The system has returned from a low power state.

Sleep Time: ‎2016‎-‎09‎-‎15T17:46:28.638092000Z
Wake Time: ‎2016‎-‎09‎-‎15T17:48:20.571867300Z

Wake Source: Device -Intel(R) USB 3.0 eXtensible Host Controller - 1.0 (Microsoft)"
Information	9/15/2016 11:48:21 AM	BTHUSB	18	None	Windows cannot store Bluetooth authentication codes (link keys) on the local adapter. Bluetooth keyboards might not work in the system BIOS during startup.
Information	9/15/2016 11:48:20 AM	Microsoft-Windows-Kernel-Power	131	(33)	Firmware S3 times. ResumeCount: 2, FullResume: 433, AverageResume: 434
Information	9/15/2016 11:48:19 AM	Microsoft-Windows-Kernel-General	1	(5)	"The system time has changed to ‎2016‎-‎09‎-‎15T17:48:19.500000000Z from ‎2016‎-‎09‎-‎15T17:46:36.870011700Z.

Change Reason: System time synchronized with the hardware clock."
Information	9/15/2016 11:46:36 AM	Microsoft-Windows-Kernel-Power	107	(102)	The system has resumed from sleep.
Information	9/15/2016 11:46:33 AM	Microsoft-Windows-Kernel-Power	42	(64)	"The system is entering sleep.

Sleep Reason: Button or Lid"
Information	9/15/2016 11:46:31 AM	Microsoft-Windows-Kernel-General	16	None	The access history in hive \??\C:\Users\AndyL\AppData\Local\Packages\microsoft.microsoftedge_8wekyb3d8bbwe\Settings\settings.dat was cleared updating 4 keys and creating 1 modified pages.
Information	9/15/2016 11:46:31 AM	Microsoft-Windows-Kernel-General	16	None	The access history in hive \??\C:\Users\AndyL\AppData\Local\Packages\d50536cd.gotomeeting_hmf6bx7z76t54\Settings\settings.dat was cleared updating 2 keys and creating 1 modified pages.
Error	9/15/2016 11:46:29 AM	Microsoft-Windows-DistributedCOM	10016	None	"The application-specific permission settings do not grant Local Activation permission for the COM Server application with CLSID 
{D63B10C5-BB46-4990-A94F-E40B9D520160}
 and APPID 
{9CA88EE3-ACB7-47C8-AFC4-AB702511C276}
 to the user NT AUTHORITY\SYSTEM SID (S-1-5-18) from address LocalHost (Using LRPC) running in the application container Unavailable SID (Unavailable). This security permission can be modified using the Component Services administrative tool."
Information	9/15/2016 11:30:32 AM	Microsoft-Windows-Kernel-General	16	None	The access history in hive \??\c:\users\defaultuser0\AppData\Local\Microsoft\Windows\usrclass.dat was cleared updating 1 keys and creating 1 modified pages.
Information	9/15/2016 11:30:32 AM	Microsoft-Windows-Kernel-General	16	None	The access history in hive \??\c:\users\defaultuser0\ntuser.dat was cleared updating 12 keys and creating 6 modified pages.
Error	9/15/2016 11:28:49 AM	Schannel	36882	None	The certificate received from the remote server was issued by an untrusted certificate authority. Because of this, none of the data contained in the certificate can be validated. The TLS connection request has failed. The attached data contains the server certificate.
Error	9/15/2016 11:28:43 AM	Schannel	36882	None	The certificate received from the remote server was issued by an untrusted certificate authority. Because of this, none of the data contained in the certificate can be validated. The TLS connection request has failed. The attached data contains the server certificate.
Error	9/15/2016 11:28:38 AM	Schannel	36882	None	The certificate received from the remote server was issued by an untrusted certificate authority. Because of this, none of the data contained in the certificate can be validated. The TLS connection request has failed. The attached data contains the server certificate.
Information	9/15/2016 11:28:27 AM	Microsoft-Windows-Power-Troubleshooter	1	None	"The system has returned from a low power state.

Sleep Time: ‎2016‎-‎09‎-‎15T16:02:10.505191500Z
Wake Time: ‎2016‎-‎09‎-‎15T17:28:25.847845200Z

Wake Source: Power Button"
Information	9/15/2016 11:28:26 AM	BTHUSB	18	None	Windows cannot store Bluetooth authentication codes (link keys) on the local adapter. Bluetooth keyboards might not work in the system BIOS during startup.
Information	9/15/2016 11:28:25 AM	Microsoft-Windows-Kernel-Power	131	(33)	Firmware S3 times. ResumeCount: 1, FullResume: 436, AverageResume: 436
Information	9/15/2016 11:28:24 AM	Microsoft-Windows-Kernel-General	1	(5)	"The system time has changed to ‎2016‎-‎09‎-‎15T17:28:24.500000000Z from ‎2016‎-‎09‎-‎15T16:02:15.038640800Z.

Change Reason: System time synchronized with the hardware clock."
Information	9/15/2016 10:02:15 AM	Microsoft-Windows-Kernel-Power	107	(102)	The system has resumed from sleep.
Information	9/15/2016 10:02:11 AM	Microsoft-Windows-Kernel-Power	42	(64)	"The system is entering sleep.

Sleep Reason: Button or Lid"
Error	9/15/2016 10:02:07 AM	Microsoft-Windows-DistributedCOM	10016	None	"The application-specific permission settings do not grant Local Activation permission for the COM Server application with CLSID 
{D63B10C5-BB46-4990-A94F-E40B9D520160}
 and APPID 
{9CA88EE3-ACB7-47C8-AFC4-AB702511C276}
 to the user NT AUTHORITY\SYSTEM SID (S-1-5-18) from address LocalHost (Using LRPC) running in the application container Unavailable SID (Unavailable). This security permission can be modified using the Component Services administrative tool."
Information	9/15/2016 10:00:00 AM	EventLog	6013	None	The system uptime is 312960 seconds.
Error	9/15/2016 9:35:03 AM	Microsoft-Windows-DistributedCOM	10016	None	"The application-specific permission settings do not grant Local Activation permission for the COM Server application with CLSID 
{D63B10C5-BB46-4990-A94F-E40B9D520160}
 and APPID 
{9CA88EE3-ACB7-47C8-AFC4-AB702511C276}
 to the user NT AUTHORITY\SYSTEM SID (S-1-5-18) from address LocalHost (Using LRPC) running in the application container Unavailable SID (Unavailable). This security permission can be modified using the Component Services administrative tool."
Information	9/15/2016 8:30:01 AM	Microsoft-Windows-WindowsUpdateClient	19	Windows Update Agent	Installation Successful: Windows successfully installed the following update: Security Update for Adobe Flash Player for Windows 10 Version 1607 for x64-based Systems (KB3188128)
Information	9/15/2016 8:29:59 AM	Microsoft-Windows-WindowsUpdateClient	43	Windows Update Agent	Installation Started: Windows has started installing the following update: Security Update for Adobe Flash Player for Windows 10 Version 1607 for x64-based Systems (KB3188128)
Information	9/15/2016 8:29:59 AM	Microsoft-Windows-WindowsUpdateClient	19	Windows Update Agent	Installation Successful: Windows successfully installed the following update: Windows Malicious Software Removal Tool for Windows 8, 8.1, 10 and Windows Server 2012, 2012 R2 x64 Edition - September 2016 (KB890830)
Information	9/15/2016 8:26:53 AM	Microsoft-Windows-WindowsUpdateClient	43	Windows Update Agent	Installation Started: Windows has started installing the following update: Windows Malicious Software Removal Tool for Windows 8, 8.1, 10 and Windows Server 2012, 2012 R2 x64 Edition - September 2016 (KB890830)
Information	9/15/2016 8:26:15 AM	Microsoft-Windows-WindowsUpdateClient	43	Windows Update Agent	Installation Started: Windows has started installing the following update: Cumulative Update for Windows 10 Version 1607 for x64-based Systems (KB3189866)
Information	9/15/2016 8:26:11 AM	Microsoft-Windows-Ntfs	98	None	Volume Windows7_OS (\Device\HarddiskVolumeShadowCopy4) is healthy.  No action is needed.
Information	9/15/2016 8:26:10 AM	Service Control Manager	7040	None	The start type of the Windows Modules Installer service was changed from demand start to auto start.
Warning	9/15/2016 8:15:10 AM	Microsoft-Windows-DNS-Client	1014	(1014)	Name resolution for the name dns.msftncsi.com timed out after none of the configured DNS servers responded.
Warning	9/15/2016 8:14:58 AM	Microsoft-Windows-DNS-Client	1014	(1014)	Name resolution for the name au.ds.download.windowsupdate.com timed out after none of the configured DNS servers responded.
Warning	9/15/2016 8:13:06 AM	Microsoft-Windows-DNS-Client	1014	(1014)	Name resolution for the name win10.ipv6.microsoft.com. timed out after none of the configured DNS servers responded.
Information	9/15/2016 8:13:01 AM	Microsoft-Windows-Kernel-General	16	None	The access history in hive \Device\HarddiskVolume1\Boot\BCD was cleared updating 67 keys and creating 5 modified pages.
Information	9/15/2016 8:12:58 AM	Microsoft-Windows-Power-Troubleshooter	1	None	"The system has returned from a low power state.

Sleep Time: ‎2016‎-‎09‎-‎15T13:37:46.844865500Z
Wake Time: ‎2016‎-‎09‎-‎15T14:12:56.295962100Z

Wake Source: Unknown"
Information	9/15/2016 8:12:57 AM	BTHUSB	18	None	Windows cannot store Bluetooth authentication codes (link keys) on the local adapter. Bluetooth keyboards might not work in the system BIOS during startup.
Information	9/15/2016 8:12:56 AM	Microsoft-Windows-Kernel-Boot	27	(33)	The boot type was 0x2.
Information	9/15/2016 8:12:56 AM	Microsoft-Windows-Kernel-Boot	25	(32)	The boot menu policy was 0xF00E0.
Information	9/15/2016 8:12:56 AM	Microsoft-Windows-Kernel-Boot	32	None	The bootmgr spent 0 ms waiting for user input.
Information	9/15/2016 8:12:56 AM	Microsoft-Windows-Kernel-Boot	18	None	There are 0x1 boot options on this system.
Information	9/15/2016 8:12:56 AM	Microsoft-Windows-Kernel-Boot	30	(21)	The firmware reported boot metrics.
Information	9/15/2016 8:12:54 AM	Microsoft-Windows-Kernel-General	1	(5)	"The system time has changed to ‎2016‎-‎09‎-‎15T14:12:54.500000000Z from ‎2016‎-‎09‎-‎15T13:38:00.640305600Z.

Change Reason: System time synchronized with the hardware clock."
Information	9/15/2016 7:38:00 AM	Microsoft-Windows-Kernel-Power	107	(102)	The system has resumed from sleep.
Information	9/15/2016 7:37:53 AM	Microsoft-Windows-Kernel-Power	42	(64)	"The system is entering sleep.

Sleep Reason: Hibernate from Sleep - Fixed Timeout"
Information	9/15/2016 7:37:46 AM	Microsoft-Windows-Power-Troubleshooter	1	None	"The system has returned from a low power state.

Sleep Time: ‎2016‎-‎09‎-‎15T13:37:46.844865500Z
Wake Time: ‎2016‎-‎09‎-‎15T13:37:45.617193400Z

Wake Source: S4 Doze to Hibernate"
Information	9/15/2016 7:37:46 AM	BTHUSB	18	None	Windows cannot store Bluetooth authentication codes (link keys) on the local adapter. Bluetooth keyboards might not work in the system BIOS during startup.
Information	9/15/2016 7:37:45 AM	Microsoft-Windows-Kernel-Power	131	(33)	Firmware S3 times. ResumeCount: 2, FullResume: 431, AverageResume: 431
Information	9/15/2016 7:37:44 AM	Microsoft-Windows-Kernel-General	1	(5)	"The system time has changed to ‎2016‎-‎09‎-‎15T13:37:44.500000000Z from ‎2016‎-‎09‎-‎15T10:37:46.971408800Z.

Change Reason: System time synchronized with the hardware clock."
Information	9/15/2016 4:37:46 AM	Microsoft-Windows-Kernel-Power	107	(102)	The system has resumed from sleep.
Information	9/15/2016 4:37:43 AM	Microsoft-Windows-Kernel-Power	42	(64)	"The system is entering sleep.

Sleep Reason: Button or Lid"
Information	9/15/2016 4:37:43 AM	Microsoft-Windows-Kernel-Power	40	(36)	The driver \Driver\WSDScan for device SWD\DAFWSDProvider\urn:uuid:00000000-0000-1000-8000-2c9efc144a5d/http://schemas.canon.com/Scanner stopped the power transition.
Error	9/15/2016 3:57:22 AM	Microsoft-Windows-DistributedCOM	10016	None	"The application-specific permission settings do not grant Local Activation permission for the COM Server application with CLSID 
{D63B10C5-BB46-4990-A94F-E40B9D520160}
 and APPID 
{9CA88EE3-ACB7-47C8-AFC4-AB702511C276}
 to the user NT AUTHORITY\SYSTEM SID (S-1-5-18) from address LocalHost (Using LRPC) running in the application container Unavailable SID (Unavailable). This security permission can be modified using the Component Services administrative tool."
Information	9/15/2016 3:54:30 AM	Microsoft-Windows-Power-Troubleshooter	1	None	"The system has returned from a low power state.

Sleep Time: ‎2016‎-‎09‎-‎15T04:04:13.903552000Z
Wake Time: ‎2016‎-‎09‎-‎15T09:54:29.829749800Z

Wake Source: Power Button"
Information	9/15/2016 3:54:30 AM	BTHUSB	18	None	Windows cannot store Bluetooth authentication codes (link keys) on the local adapter. Bluetooth keyboards might not work in the system BIOS during startup.
Information	9/15/2016 3:54:29 AM	Microsoft-Windows-Kernel-Power	131	(33)	Firmware S3 times. ResumeCount: 1, FullResume: 432, AverageResume: 432
Information	9/15/2016 3:54:28 AM	Microsoft-Windows-Kernel-General	1	(5)	"The system time has changed to ‎2016‎-‎09‎-‎15T09:54:28.500000000Z from ‎2016‎-‎09‎-‎15T04:04:23.504041200Z.

Change Reason: System time synchronized with the hardware clock."
Information	9/14/2016 10:04:23 PM	Microsoft-Windows-Kernel-Power	107	(102)	The system has resumed from sleep.
Information	9/14/2016 10:04:19 PM	Microsoft-Windows-Kernel-Power	42	(64)	"The system is entering sleep.

Sleep Reason: Button or Lid"
Information	9/14/2016 10:04:19 PM	Microsoft-Windows-Kernel-Power	40	(36)	The driver \Driver\WSDScan for device SWD\DAFWSDProvider\urn:uuid:00000000-0000-1000-8000-2c9efc144a5d/http://schemas.canon.com/Scanner stopped the power transition.
Error	9/14/2016 10:04:14 PM	Microsoft-Windows-DistributedCOM	10016	None	"The application-specific permission settings do not grant Local Activation permission for the COM Server application with CLSID 
{D63B10C5-BB46-4990-A94F-E40B9D520160}
 and APPID 
{9CA88EE3-ACB7-47C8-AFC4-AB702511C276}
 to the user NT AUTHORITY\SYSTEM SID (S-1-5-18) from address LocalHost (Using LRPC) running in the application container Unavailable SID (Unavailable). This security permission can be modified using the Component Services administrative tool."
Warning	9/14/2016 8:13:30 PM	Microsoft-Windows-DNS-Client	1014	(1014)	Name resolution for the name bluegranite1-my.sharepoint.com timed out after none of the configured DNS servers responded.
Warning	9/14/2016 7:44:16 PM	Microsoft-Windows-DNS-Client	1014	(1014)	Name resolution for the name bluegranite1-my.sharepoint.com timed out after none of the configured DNS servers responded.
Information	9/14/2016 7:41:32 PM	Microsoft-Windows-Kernel-General	16	None	The access history in hive \??\C:\Users\AndyL\AppData\Local\Packages\pandoramediainc.29680b314efc2_n619g4d5j0fnw\Settings\settings.dat was cleared updating 2 keys and creating 1 modified pages.
Information	9/14/2016 7:41:32 PM	Microsoft-Windows-Kernel-General	16	None	The access history in hive \??\C:\Users\AndyL\AppData\Local\Packages\microsoft.zunevideo_8wekyb3d8bbwe\Settings\settings.dat was cleared updating 2 keys and creating 1 modified pages.
Information	9/14/2016 7:41:32 PM	Microsoft-Windows-Kernel-General	16	None	The access history in hive \??\C:\Users\AndyL\AppData\Local\Packages\microsoft.xboxdevices_8wekyb3d8bbwe\Settings\settings.dat was cleared updating 2 keys and creating 1 modified pages.
Information	9/14/2016 7:41:32 PM	Microsoft-Windows-Kernel-General	16	None	The access history in hive \??\C:\Users\AndyL\AppData\Local\Packages\microsoft.windowssoundrecorder_8wekyb3d8bbwe\Settings\settings.dat was cleared updating 2 keys and creating 1 modified pages.
Information	9/14/2016 7:41:32 PM	Microsoft-Windows-Kernel-General	16	None	The access history in hive \??\C:\Users\AndyL\AppData\Local\Packages\microsoft.windowscalculator_8wekyb3d8bbwe\Settings\settings.dat was cleared updating 2 keys and creating 1 modified pages.
Information	9/14/2016 7:41:31 PM	Microsoft-Windows-Kernel-General	16	None	The access history in hive \??\C:\Users\AndyL\AppData\Local\Packages\microsoft.storepurchaseapp_8wekyb3d8bbwe\Settings\settings.dat was cleared updating 2 keys and creating 1 modified pages.
Information	9/14/2016 7:41:31 PM	Microsoft-Windows-Kernel-General	16	None	The access history in hive \??\C:\Users\AndyL\AppData\Local\Packages\microsoft.oneconnect_8wekyb3d8bbwe\Settings\settings.dat was cleared updating 2 keys and creating 1 modified pages.
Information	9/14/2016 7:41:31 PM	Microsoft-Windows-Kernel-General	16	None	The access history in hive \??\C:\Users\AndyL\AppData\Local\Packages\microsoft.office.onenote_8wekyb3d8bbwe\Settings\settings.dat was cleared updating 2 keys and creating 1 modified pages.
Information	9/14/2016 7:41:31 PM	Microsoft-Windows-Kernel-General	16	None	The access history in hive \??\C:\Users\AndyL\AppData\Local\Packages\microsoft.microsoftstickynotes_8wekyb3d8bbwe\Settings\settings.dat was cleared updating 2 keys and creating 1 modified pages.
Information	9/14/2016 7:41:31 PM	Microsoft-Windows-Kernel-General	16	None	The access history in hive \??\C:\Users\AndyL\AppData\Local\Packages\microsoft.microsoftsolitairecollection_8wekyb3d8bbwe\Settings\settings.dat was cleared updating 2 keys and creating 1 modified pages.
Information	9/14/2016 7:41:31 PM	Microsoft-Windows-Kernel-General	16	None	The access history in hive \??\C:\Users\AndyL\AppData\Local\Packages\microsoft.bingnews_8wekyb3d8bbwe\Settings\settings.dat was cleared updating 2 keys and creating 1 modified pages.
Information	9/14/2016 7:41:31 PM	Microsoft-Windows-Kernel-General	16	None	The access history in hive \??\C:\Users\AndyL\AppData\Local\Packages\microsoft.3dbuilder_8wekyb3d8bbwe\Settings\settings.dat was cleared updating 2 keys and creating 1 modified pages.
Information	9/14/2016 7:41:31 PM	Microsoft-Windows-Kernel-General	16	None	The access history in hive \??\C:\Users\AndyL\AppData\Local\Packages\lastpass.lastpassfreepasswordmanager_qq0fmhteeht3j\Settings\settings.dat was cleared updating 2 keys and creating 1 modified pages.
Information	9/14/2016 7:41:31 PM	Microsoft-Windows-Kernel-General	16	None	The access history in hive \??\C:\Users\AndyL\AppData\Local\Packages\king.com.candycrushsodasaga_kgqvnymyfvs32\Settings\settings.dat was cleared updating 2 keys and creating 1 modified pages.
Information	9/14/2016 7:41:31 PM	Microsoft-Windows-Kernel-General	16	None	The access history in hive \??\C:\Users\AndyL\AppData\Local\Packages\gameloftsa.asphalt8airborne_0pp20fcewvvtj\Settings\settings.dat was cleared updating 2 keys and creating 1 modified pages.
Information	9/14/2016 7:41:31 PM	Microsoft-Windows-Kernel-General	16	None	The access history in hive \??\C:\Users\AndyL\AppData\Local\Packages\d52a8d61.farmville2countryescape_jwbwg6xx0377a\Settings\settings.dat was cleared updating 2 keys and creating 1 modified pages.
Information	9/14/2016 7:41:31 PM	Microsoft-Windows-Kernel-General	16	None	The access history in hive \??\C:\Users\AndyL\AppData\Local\Packages\4df9e0f8.netflix_mcm4njqhnhss8\Settings\settings.dat was cleared updating 2 keys and creating 1 modified pages.
Information	9/14/2016 7:22:45 PM	Microsoft-Windows-WindowsUpdateClient	19	Windows Update Agent	Installation Successful: Windows successfully installed the following update: Store
Information	9/14/2016 7:22:45 PM	Microsoft-Windows-WindowsUpdateClient	43	Windows Update Agent	Installation Started: Windows has started installing the following update: Store
Information	9/14/2016 7:22:39 PM	Microsoft-Windows-Kernel-General	16	None	The access history in hive \??\C:\ProgramData\Microsoft\Windows\AppRepository\Packages\Microsoft.WindowsStore_11608.1001.41.0_x64__8wekyb3d8bbwe\ActivationStore.dat was cleared updating 0 keys and creating 0 modified pages.
Information	9/14/2016 7:21:49 PM	Microsoft-Windows-WindowsUpdateClient	44	Windows Update Agent	Windows Update started downloading an update.
Warning	9/14/2016 5:59:13 PM	Microsoft-Windows-DNS-Client	1014	(1014)	Name resolution for the name bluegranite1-my.sharepoint.com timed out after none of the configured DNS servers responded.
Information	9/14/2016 5:44:35 PM	Service Control Manager	7045	None	"A service was installed in the system.

Service Name:  iPod Service
Service File Name:  ""C:\Program Files\iPod\bin\iPodService.exe""
Service Type:  user mode service
Service Start Type:  demand start
Service Account:  LocalSystem"
Information	9/14/2016 5:43:15 PM	Microsoft-Windows-UserPnp	20001	(7005)	Driver Management concluded the process to install driver wpdmtp.inf_amd64_be327e778ffbc860\wpdmtp.inf for Device Instance ID USB\VID_05AC&PID_12A8&MI_00\0 with the following status: 0x0.
Information	9/14/2016 5:43:15 PM	Microsoft-Windows-WPDClassInstaller	24578	Driver Post-Install Configuration	Autoplay was successfully registered for device USB\VID_05AC&PID_12A8&REV_0702&MI_00.
Information	9/14/2016 5:43:15 PM	Microsoft-Windows-WPDClassInstaller	24577	Driver Post-Install Configuration	Media player and imaging program compatibility layers were successfully registered for device USB\VID_05AC&PID_12A8&REV_0702&MI_00. Layer bits 0x00000001 were requested, layer bits 0x00000001 were registered.
Information	9/14/2016 5:43:15 PM	Microsoft-Windows-WPDClassInstaller	24576	Driver Installation	Drivers were successfully installed for device USB\VID_05AC&PID_12A8&REV_0702&MI_00.
