Error	9/6/2016 9:09:34 AM	disk	154	None	The IO operation at logical block address 0x0 for Disk 1 (PDO name: \Device\00000063) failed due to a hardware error.
Error	9/6/2016 9:09:34 AM	disk	154	None	The IO operation at logical block address 0x0 for Disk 1 (PDO name: \Device\00000063) failed due to a hardware error.
Error	9/6/2016 9:09:33 AM	disk	154	None	The IO operation at logical block address 0x0 for Disk 1 (PDO name: \Device\00000063) failed due to a hardware error.
Error	9/6/2016 9:09:33 AM	disk	154	None	The IO operation at logical block address 0x0 for Disk 1 (PDO name: \Device\00000063) failed due to a hardware error.
Error	9/6/2016 9:09:32 AM	disk	154	None	The IO operation at logical block address 0x0 for Disk 1 (PDO name: \Device\00000063) failed due to a hardware error.
Error	9/6/2016 9:09:32 AM	disk	154	None	The IO operation at logical block address 0x0 for Disk 1 (PDO name: \Device\00000063) failed due to a hardware error.
Error	9/6/2016 9:09:31 AM	disk	154	None	The IO operation at logical block address 0x0 for Disk 1 (PDO name: \Device\00000063) failed due to a hardware error.
Error	9/6/2016 9:09:31 AM	disk	154	None	The IO operation at logical block address 0x0 for Disk 1 (PDO name: \Device\00000063) failed due to a hardware error.
Error	9/6/2016 9:09:30 AM	disk	154	None	The IO operation at logical block address 0x0 for Disk 1 (PDO name: \Device\00000063) failed due to a hardware error.
Error	9/6/2016 9:09:30 AM	disk	154	None	The IO operation at logical block address 0x0 for Disk 1 (PDO name: \Device\00000063) failed due to a hardware error.
Error	9/6/2016 9:09:29 AM	disk	154	None	The IO operation at logical block address 0x0 for Disk 1 (PDO name: \Device\00000063) failed due to a hardware error.
Error	9/6/2016 9:09:29 AM	disk	154	None	The IO operation at logical block address 0x0 for Disk 1 (PDO name: \Device\00000063) failed due to a hardware error.
Error	9/6/2016 9:09:28 AM	disk	154	None	The IO operation at logical block address 0x0 for Disk 1 (PDO name: \Device\00000063) failed due to a hardware error.
Error	9/6/2016 9:09:28 AM	disk	154	None	The IO operation at logical block address 0x0 for Disk 1 (PDO name: \Device\00000063) failed due to a hardware error.
Error	9/6/2016 9:09:27 AM	disk	154	None	The IO operation at logical block address 0x0 for Disk 1 (PDO name: \Device\00000063) failed due to a hardware error.
Error	9/6/2016 9:09:27 AM	disk	154	None	The IO operation at logical block address 0x0 for Disk 1 (PDO name: \Device\00000063) failed due to a hardware error.
Error	9/6/2016 9:09:26 AM	disk	154	None	The IO operation at logical block address 0x0 for Disk 1 (PDO name: \Device\00000063) failed due to a hardware error.
Error	9/6/2016 9:09:26 AM	disk	154	None	The IO operation at logical block address 0x0 for Disk 1 (PDO name: \Device\00000063) failed due to a hardware error.
Error	9/6/2016 9:09:25 AM	disk	154	None	The IO operation at logical block address 0x0 for Disk 1 (PDO name: \Device\00000063) failed due to a hardware error.
Error	9/6/2016 9:09:25 AM	disk	154	None	The IO operation at logical block address 0x0 for Disk 1 (PDO name: \Device\00000063) failed due to a hardware error.
Error	9/6/2016 9:09:24 AM	disk	154	None	The IO operation at logical block address 0x0 for Disk 1 (PDO name: \Device\00000063) failed due to a hardware error.
Error	9/6/2016 9:09:24 AM	disk	154	None	The IO operation at logical block address 0x0 for Disk 1 (PDO name: \Device\00000063) failed due to a hardware error.
Error	9/6/2016 9:09:23 AM	disk	154	None	The IO operation at logical block address 0x0 for Disk 1 (PDO name: \Device\00000063) failed due to a hardware error.
Error	9/6/2016 9:09:08 AM	disk	154	None	The IO operation at logical block address 0x0 for Disk 1 (PDO name: \Device\00000063) failed due to a hardware error.
Information	9/6/2016 9:09:07 AM	Microsoft-Windows-UserPnp	20001	(7005)	Driver Management concluded the process to install driver imdriver.inf_amd64_6d8852549af950a2\imdriver.inf for Device Instance ID ROOT\SYSTEM\0001 with the following status: 0x0.
Error	9/6/2016 9:09:06 AM	disk	154	None	The IO operation at logical block address 0x0 for Disk 1 (PDO name: \Device\00000063) failed due to a hardware error.
Error	9/6/2016 9:09:06 AM	disk	154	None	The IO operation at logical block address 0x0 for Disk 1 (PDO name: \Device\00000063) failed due to a hardware error.
Error	9/6/2016 9:09:05 AM	disk	154	None	The IO operation at logical block address 0x0 for Disk 1 (PDO name: \Device\00000063) failed due to a hardware error.
Error	9/6/2016 9:09:05 AM	disk	154	None	The IO operation at logical block address 0x0 for Disk 1 (PDO name: \Device\00000063) failed due to a hardware error.
Error	9/6/2016 9:09:04 AM	disk	154	None	The IO operation at logical block address 0x0 for Disk 1 (PDO name: \Device\00000063) failed due to a hardware error.
Error	9/6/2016 9:09:04 AM	disk	154	None	The IO operation at logical block address 0x0 for Disk 1 (PDO name: \Device\00000063) failed due to a hardware error.
Error	9/6/2016 9:09:03 AM	disk	154	None	The IO operation at logical block address 0x0 for Disk 1 (PDO name: \Device\00000063) failed due to a hardware error.
Error	9/6/2016 9:09:03 AM	disk	154	None	The IO operation at logical block address 0x0 for Disk 1 (PDO name: \Device\00000063) failed due to a hardware error.
Error	9/6/2016 9:09:02 AM	disk	154	None	The IO operation at logical block address 0x0 for Disk 1 (PDO name: \Device\00000063) failed due to a hardware error.
Error	9/6/2016 9:09:02 AM	disk	154	None	The IO operation at logical block address 0x0 for Disk 1 (PDO name: \Device\00000063) failed due to a hardware error.
Error	9/6/2016 9:09:01 AM	disk	154	None	The IO operation at logical block address 0x0 for Disk 1 (PDO name: \Device\00000063) failed due to a hardware error.
Error	9/6/2016 9:09:01 AM	disk	154	None	The IO operation at logical block address 0x0 for Disk 1 (PDO name: \Device\00000063) failed due to a hardware error.
Error	9/6/2016 9:09:00 AM	disk	154	None	The IO operation at logical block address 0x0 for Disk 1 (PDO name: \Device\00000063) failed due to a hardware error.
Error	9/6/2016 9:09:00 AM	disk	154	None	The IO operation at logical block address 0x0 for Disk 1 (PDO name: \Device\00000063) failed due to a hardware error.
Error	9/6/2016 9:08:59 AM	disk	154	None	The IO operation at logical block address 0x0 for Disk 1 (PDO name: \Device\00000063) failed due to a hardware error.
Error	9/6/2016 9:08:59 AM	disk	154	None	The IO operation at logical block address 0x0 for Disk 1 (PDO name: \Device\00000063) failed due to a hardware error.
Error	9/6/2016 9:08:58 AM	disk	154	None	The IO operation at logical block address 0x0 for Disk 1 (PDO name: \Device\00000063) failed due to a hardware error.
Error	9/6/2016 9:08:58 AM	disk	154	None	The IO operation at logical block address 0x0 for Disk 1 (PDO name: \Device\00000063) failed due to a hardware error.
Error	9/6/2016 9:08:57 AM	disk	154	None	The IO operation at logical block address 0x0 for Disk 1 (PDO name: \Device\00000063) failed due to a hardware error.
Error	9/6/2016 9:08:57 AM	disk	154	None	The IO operation at logical block address 0x0 for Disk 1 (PDO name: \Device\00000063) failed due to a hardware error.
Error	9/6/2016 9:08:56 AM	disk	154	None	The IO operation at logical block address 0x0 for Disk 1 (PDO name: \Device\00000063) failed due to a hardware error.
Error	9/6/2016 9:08:55 AM	disk	154	None	The IO operation at logical block address 0x0 for Disk 1 (PDO name: \Device\00000063) failed due to a hardware error.
Error	9/6/2016 9:08:55 AM	disk	154	None	The IO operation at logical block address 0x0 for Disk 1 (PDO name: \Device\00000063) failed due to a hardware error.
Error	9/6/2016 9:08:55 AM	Microsoft-Windows-DistributedCOM	10016	None	"The application-specific permission settings do not grant Local Activation permission for the COM Server application with CLSID 
{6B3B8D23-FA8D-40B9-8DBD-B950333E2C52}
 and APPID 
{4839DDB7-58C2-48F5-8283-E1D1807D0D7D}
 to the user NT AUTHORITY\LOCAL SERVICE SID (S-1-5-19) from address LocalHost (Using LRPC) running in the application container Unavailable SID (Unavailable). This security permission can be modified using the Component Services administrative tool."
Error	9/6/2016 9:08:55 AM	Microsoft-Windows-DistributedCOM	10016	None	"The application-specific permission settings do not grant Local Activation permission for the COM Server application with CLSID 
{6B3B8D23-FA8D-40B9-8DBD-B950333E2C52}
 and APPID 
{4839DDB7-58C2-48F5-8283-E1D1807D0D7D}
 to the user NT AUTHORITY\LOCAL SERVICE SID (S-1-5-19) from address LocalHost (Using LRPC) running in the application container Unavailable SID (Unavailable). This security permission can be modified using the Component Services administrative tool."
Error	9/6/2016 9:08:54 AM	disk	154	None	The IO operation at logical block address 0x0 for Disk 1 (PDO name: \Device\00000063) failed due to a hardware error.
Information	9/6/2016 9:08:54 AM	Microsoft-Windows-Winlogon	7001	(1101)	User Logon Notification for Customer Experience Improvement Program
Error	9/6/2016 9:08:54 AM	disk	154	None	The IO operation at logical block address 0x0 for Disk 1 (PDO name: \Device\00000063) failed due to a hardware error.
Error	9/6/2016 9:08:53 AM	disk	154	None	The IO operation at logical block address 0x0 for Disk 1 (PDO name: \Device\00000063) failed due to a hardware error.
Error	9/6/2016 9:08:53 AM	disk	154	None	The IO operation at logical block address 0x0 for Disk 1 (PDO name: \Device\00000063) failed due to a hardware error.
Error	9/6/2016 9:08:52 AM	disk	154	None	The IO operation at logical block address 0x0 for Disk 1 (PDO name: \Device\00000063) failed due to a hardware error.
Error	9/6/2016 9:08:52 AM	disk	154	None	The IO operation at logical block address 0x0 for Disk 1 (PDO name: \Device\00000063) failed due to a hardware error.
Error	9/6/2016 9:08:51 AM	disk	154	None	The IO operation at logical block address 0x0 for Disk 1 (PDO name: \Device\00000063) failed due to a hardware error.
Error	9/6/2016 9:08:51 AM	disk	154	None	The IO operation at logical block address 0x0 for Disk 1 (PDO name: \Device\00000063) failed due to a hardware error.
Error	9/6/2016 9:08:50 AM	disk	154	None	The IO operation at logical block address 0x0 for Disk 1 (PDO name: \Device\00000063) failed due to a hardware error.
Information	9/6/2016 9:08:50 AM	Microsoft-Windows-TPM-WMI	1026	None	"The Trusted Platform Module (TPM) hardware on this computer cannot be provisioned for use automatically.  To set up the TPM interactively use the TPM management console (Start->tpm.msc) and use the action to make the TPM ready.

Error: The TPM provisioning action is not allowed by the specified flags.  For provisioning to be successful, one of several actions may be required.  The TPM management console (tpm.msc) action to make the TPM Ready may help.  For further information, see the documentation for the Win32_Tpm WMI method 'Provision'.  (The actions that may be required include importing the TPM Owner Authorization value into the system, calling the Win32_Tpm WMI method for provisioning the TPM and specifying TRUE for either 'ForceClear_Allowed' or 'PhysicalPresencePrompts_Allowed' (as indicated by the value returned in the Additional Information), or enabling the TPM in the system BIOS.)
Additional Information: 0x80011c"
Error	9/6/2016 9:08:50 AM	disk	154	None	The IO operation at logical block address 0x0 for Disk 1 (PDO name: \Device\00000063) failed due to a hardware error.
Error	9/6/2016 9:08:49 AM	disk	154	None	The IO operation at logical block address 0x0 for Disk 1 (PDO name: \Device\00000063) failed due to a hardware error.
Error	9/6/2016 9:08:49 AM	disk	154	None	The IO operation at logical block address 0x0 for Disk 1 (PDO name: \Device\00000063) failed due to a hardware error.
Error	9/6/2016 9:08:48 AM	disk	154	None	The IO operation at logical block address 0x0 for Disk 1 (PDO name: \Device\00000063) failed due to a hardware error.
Error	9/6/2016 9:08:48 AM	disk	154	None	The IO operation at logical block address 0x0 for Disk 1 (PDO name: \Device\00000063) failed due to a hardware error.
Error	9/6/2016 9:08:48 AM	disk	154	None	The IO operation at logical block address 0x0 for Disk 1 (PDO name: \Device\00000063) failed due to a hardware error.
Error	9/6/2016 9:08:47 AM	disk	154	None	The IO operation at logical block address 0x0 for Disk 1 (PDO name: \Device\00000063) failed due to a hardware error.
Error	9/6/2016 9:08:47 AM	disk	154	None	The IO operation at logical block address 0x0 for Disk 1 (PDO name: \Device\00000063) failed due to a hardware error.
Error	9/6/2016 9:08:46 AM	disk	154	None	The IO operation at logical block address 0x0 for Disk 1 (PDO name: \Device\00000063) failed due to a hardware error.
Error	9/6/2016 9:08:46 AM	disk	154	None	The IO operation at logical block address 0x0 for Disk 1 (PDO name: \Device\00000063) failed due to a hardware error.
Error	9/6/2016 9:08:45 AM	disk	154	None	The IO operation at logical block address 0x0 for Disk 1 (PDO name: \Device\00000063) failed due to a hardware error.
Error	9/6/2016 9:08:45 AM	disk	154	None	The IO operation at logical block address 0x0 for Disk 1 (PDO name: \Device\00000063) failed due to a hardware error.
Error	9/6/2016 9:08:44 AM	disk	154	None	The IO operation at logical block address 0x0 for Disk 1 (PDO name: \Device\00000063) failed due to a hardware error.
Error	9/6/2016 9:08:44 AM	disk	154	None	The IO operation at logical block address 0x0 for Disk 1 (PDO name: \Device\00000063) failed due to a hardware error.
Error	9/6/2016 9:08:43 AM	disk	154	None	The IO operation at logical block address 0x0 for Disk 1 (PDO name: \Device\00000063) failed due to a hardware error.
Error	9/6/2016 9:08:43 AM	disk	154	None	The IO operation at logical block address 0x0 for Disk 1 (PDO name: \Device\00000063) failed due to a hardware error.
Error	9/6/2016 9:08:42 AM	disk	154	None	The IO operation at logical block address 0x0 for Disk 1 (PDO name: \Device\00000063) failed due to a hardware error.
Information	9/6/2016 9:08:42 AM	Microsoft-Windows-TPM-WMI	1026	None	"The Trusted Platform Module (TPM) hardware on this computer cannot be provisioned for use automatically.  To set up the TPM interactively use the TPM management console (Start->tpm.msc) and use the action to make the TPM ready.

Error: The TPM provisioning action is not allowed by the specified flags.  For provisioning to be successful, one of several actions may be required.  The TPM management console (tpm.msc) action to make the TPM Ready may help.  For further information, see the documentation for the Win32_Tpm WMI method 'Provision'.  (The actions that may be required include importing the TPM Owner Authorization value into the system, calling the Win32_Tpm WMI method for provisioning the TPM and specifying TRUE for either 'ForceClear_Allowed' or 'PhysicalPresencePrompts_Allowed' (as indicated by the value returned in the Additional Information), or enabling the TPM in the system BIOS.)
Additional Information: 0x80011c"
Error	9/6/2016 9:08:42 AM	disk	154	None	The IO operation at logical block address 0x0 for Disk 1 (PDO name: \Device\00000063) failed due to a hardware error.
Error	9/6/2016 9:08:41 AM	disk	154	None	The IO operation at logical block address 0x0 for Disk 1 (PDO name: \Device\00000063) failed due to a hardware error.
Error	9/6/2016 9:08:41 AM	disk	154	None	The IO operation at logical block address 0x0 for Disk 1 (PDO name: \Device\00000063) failed due to a hardware error.
Error	9/6/2016 9:08:40 AM	disk	154	None	The IO operation at logical block address 0x0 for Disk 1 (PDO name: \Device\00000063) failed due to a hardware error.
Error	9/6/2016 9:08:40 AM	disk	154	None	The IO operation at logical block address 0x0 for Disk 1 (PDO name: \Device\00000063) failed due to a hardware error.
Error	9/6/2016 9:08:39 AM	disk	154	None	The IO operation at logical block address 0x0 for Disk 1 (PDO name: \Device\00000063) failed due to a hardware error.
Error	9/6/2016 9:08:39 AM	disk	154	None	The IO operation at logical block address 0x0 for Disk 1 (PDO name: \Device\00000063) failed due to a hardware error.
Error	9/6/2016 9:08:38 AM	disk	154	None	The IO operation at logical block address 0x0 for Disk 1 (PDO name: \Device\00000063) failed due to a hardware error.
Information	9/6/2016 9:08:38 AM	TPM	18	None	This event triggers the Trusted Platform Module (TPM) provisioning/status check to run.
Information	9/6/2016 9:08:38 AM	Service Control Manager	7026	None	"The following boot-start or system-start driver(s) did not load: 
cdrom
dam"
Information	9/6/2016 9:08:37 AM	Microsoft-Windows-Ntfs	98	None	Volume F: (\Device\HarddiskVolume5) is healthy.  No action is needed.
Information	9/6/2016 9:08:36 AM	VMnetuserif	1	None	() Starting up the User Interface Driver for VMware Virtual Networks.
Information	9/6/2016 9:08:36 AM	vmx86	34	None	"The description for Event ID 34 from source vmx86 cannot be found. Either the component that raises this event is not installed on your local computer or the installation is corrupted. You can install or repair the component on the local computer.

If the event originated on another computer, the display information had to be saved with the event.

The following information was included with the event: 

VMX86.SYS: begin DriverEntry built @ 17:11:03
"
Error	9/6/2016 9:08:31 AM	disk	154	None	The IO operation at logical block address 0x0 for Disk 1 (PDO name: \Device\00000063) failed due to a hardware error.
Information	9/6/2016 9:08:31 AM	Microsoft-Windows-WLAN-AutoConfig	10001	None	"WLAN Extensibility Module has successfully started.

Module Path: C:\Windows\System32\IWMSSvc.dll
"
Error	9/6/2016 9:08:31 AM	disk	154	None	The IO operation at logical block address 0x0 for Disk 1 (PDO name: \Device\00000063) failed due to a hardware error.
Information	9/6/2016 9:08:31 AM	Win32k	267	None	"The description for Event ID 267 from source Win32k cannot be found. Either the component that raises this event is not installed on your local computer or the installation is corrupted. You can install or repair the component on the local computer.

If the event originated on another computer, the display information had to be saved with the event.

The following information was included with the event: 


The specified resource type cannot be found in the image file
"
Error	9/6/2016 9:08:31 AM	disk	154	None	The IO operation at logical block address 0x0 for Disk 1 (PDO name: \Device\00000063) failed due to a hardware error.
Information	9/6/2016 9:08:30 AM	Microsoft-Windows-WLAN-AutoConfig	4000	None	"WLAN AutoConfig service has successfully started.
"
Information	9/6/2016 9:08:31 AM	Lfsvc	1	None	Geolocation positioning is enabled.
Error	9/6/2016 9:08:30 AM	disk	154	None	The IO operation at logical block address 0x0 for Disk 1 (PDO name: \Device\00000063) failed due to a hardware error.
Information	9/6/2016 9:08:30 AM	VMnetBridge	10	None	() Starting up the Bridge Driver for VMware Virtual Networks.
Warning	9/6/2016 9:08:30 AM	Microsoft-Windows-TaskScheduler	414	Task Misconfiguration	Task Scheduler service found a misconfiguration in the NT TASK\DolbySelectorTask definition. Additional Data: Error Value: %ProgramFiles%\Dolby Digital Plus\ddp.exe.
Information	9/6/2016 9:08:30 AM	Microsoft-Windows-FilterManager	6	None	File System Filter 'wcnfs' (10.0, ‎2016‎-‎07‎-‎15T20:28:27.000000000Z) has successfully loaded and registered with Filter Manager.
Information	9/6/2016 9:08:30 AM	Microsoft-Windows-FilterManager	6	None	File System Filter 'storqosflt' (10.0, ‎2016‎-‎07‎-‎15T20:26:43.000000000Z) has successfully loaded and registered with Filter Manager.
Information	9/6/2016 9:08:30 AM	Microsoft-Windows-FilterManager	6	None	File System Filter 'wcifs' (10.0, ‎2016‎-‎07‎-‎15T20:27:16.000000000Z) has successfully loaded and registered with Filter Manager.
Information	9/6/2016 9:08:30 AM	Microsoft-Windows-FilterManager	6	None	File System Filter 'luafv' (10.0, ‎2016‎-‎07‎-‎15T20:21:48.000000000Z) has successfully loaded and registered with Filter Manager.
Information	9/6/2016 9:08:30 AM	Microsoft-Windows-DHCPv6-Client	51046	Service State Event	DHCPv6 client service is started
Information	9/6/2016 9:08:30 AM	Microsoft-Windows-Dhcp-Client	50036	Service State Event	DHCPv4 client service is started
Error	9/6/2016 9:08:29 AM	disk	154	None	The IO operation at logical block address 0x0 for Disk 1 (PDO name: \Device\00000063) failed due to a hardware error.
Information	9/6/2016 9:08:29 AM	BTHUSB	35	None	Bluetooth radio enablement has been accepted due to policy Connectivity\AllowBluetooth.
Information	9/6/2016 9:08:29 AM	BTHUSB	36	None	Bluetooth radio has accepted advertising due to policy Bluetooth\AllowAdvertising.
Information	9/6/2016 9:08:29 AM	BTHUSB	37	None	Bluetooth radio has accepted discoverability due to policy Bluetooth\AllowDiscoverableMode.
Information	9/6/2016 9:08:29 AM	BTHUSB	34	None	A Bluetooth policy has changed.  Policy Bluetooth\ServicesAllowedList has value of: *
Information	9/6/2016 9:08:29 AM	BTHUSB	34	None	A Bluetooth policy has changed.  Policy Bluetooth\AllowAdvertising has value of: 1
Information	9/6/2016 9:08:29 AM	BTHUSB	34	None	A Bluetooth policy has changed.  Policy Bluetooth\AllowDiscoverableMode has value of: 1
Information	9/6/2016 9:08:29 AM	BTHUSB	34	None	A Bluetooth policy has changed.  Policy Connectivity\AllowBluetooth has value of: 2
Information	9/6/2016 9:08:29 AM	Win32k	267	None	"The description for Event ID 267 from source Win32k cannot be found. Either the component that raises this event is not installed on your local computer or the installation is corrupted. You can install or repair the component on the local computer.

If the event originated on another computer, the display information had to be saved with the event.

The following information was included with the event: 


The specified resource type cannot be found in the image file
"
Information	9/6/2016 9:08:29 AM	Microsoft-Windows-Directory-Services-SAM	16962	None	"Remote calls to the SAM database are being restricted using the default security descriptor: O:SYG:SYD:(A;;RC;;;BA).
For more information please see http://go.microsoft.com/fwlink/?LinkId=787651."
Error	9/6/2016 9:08:29 AM	disk	154	None	The IO operation at logical block address 0x0 for Disk 1 (PDO name: \Device\00000063) failed due to a hardware error.
Error	9/6/2016 9:08:28 AM	disk	154	None	The IO operation at logical block address 0x0 for Disk 1 (PDO name: \Device\00000063) failed due to a hardware error.
Information	9/6/2016 9:08:28 AM	Microsoft-Windows-Wininit	14	None	Credential Guard (LsaIso.exe) configuration: 0x0, 0
Information	9/6/2016 9:08:28 AM	e1dexpress	32	None	"Intel(R) Ethernet Connection (3) I218-LM
 Network link has been established at 1Gbps full duplex.
"
Error	9/6/2016 9:08:28 AM	disk	154	None	The IO operation at logical block address 0x0 for Disk 1 (PDO name: \Device\00000063) failed due to a hardware error.
Error	9/6/2016 9:08:28 AM	disk	154	None	The IO operation at logical block address 0x0 for Disk 1 (PDO name: \Device\00000063) failed due to a hardware error.
Information	9/6/2016 9:08:27 AM	BTHUSB	18	None	Windows cannot store Bluetooth authentication codes (link keys) on the local adapter. Bluetooth keyboards might not work in the system BIOS during startup.
Warning	9/6/2016 9:08:27 AM	Microsoft-Windows-Kernel-PnP	219	(212)	The driver \Driver\WUDFRd failed to load for the device USB\VID_138A&PID_0017\ed7a1ef73db9.
Information	9/6/2016 9:08:27 AM	Microsoft-Windows-DriverFrameworks-UserMode	10114	Startup of the UMDF reflector	WUDFPf (part of UMDF) did not load yet. After it does, Windows will start the device again.
Information	9/6/2016 9:08:24 AM	Netwtw04	7002	None	"The description for Event ID 7002 from source Netwtw04 cannot be found. Either the component that raises this event is not installed on your local computer or the installation is corrupted. You can install or repair the component on the local computer.

If the event originated on another computer, the display information had to be saved with the event.

The following information was included with the event: 

\Device\NDMP5
Intel(R) Dual Band Wireless-AC 7265

The specified resource type cannot be found in the image file
"
Information	9/6/2016 9:08:24 AM	Netwtw04	7002	None	"The description for Event ID 7002 from source Netwtw04 cannot be found. Either the component that raises this event is not installed on your local computer or the installation is corrupted. You can install or repair the component on the local computer.

If the event originated on another computer, the display information had to be saved with the event.

The following information was included with the event: 

\Device\NDMP5
Intel(R) Dual Band Wireless-AC 7265

The specified resource type cannot be found in the image file
"
Information	9/6/2016 9:08:24 AM	Netwtw04	7001	None	"The description for Event ID 7001 from source Netwtw04 cannot be found. Either the component that raises this event is not installed on your local computer or the installation is corrupted. You can install or repair the component on the local computer.

If the event originated on another computer, the display information had to be saved with the event.

The following information was included with the event: 

\Device\NDMP5
Intel(R) Dual Band Wireless-AC 7265

The specified resource type cannot be found in the image file
"
Information	9/6/2016 9:08:24 AM	Netwtw04	7001	None	"The description for Event ID 7001 from source Netwtw04 cannot be found. Either the component that raises this event is not installed on your local computer or the installation is corrupted. You can install or repair the component on the local computer.

If the event originated on another computer, the display information had to be saved with the event.

The following information was included with the event: 

\Device\NDMP5
Intel(R) Dual Band Wireless-AC 7265

The specified resource type cannot be found in the image file
"
Information	9/6/2016 9:08:24 AM	Netwtw04	7036	None	The \Device\NDMP5 service entered the Intel(R) Dual Band Wireless-AC 7265 state.
Information	9/6/2016 9:08:24 AM	MEIx64	2	None	Intel(R) Management Engine Interface driver has started successfully.
Information	9/6/2016 9:08:24 AM	Microsoft-Windows-Kernel-Processor-Power	55	(47)	"Processor 3 in group 0 exposes the following power management capabilities:

Idle state type: ACPI Idle (C) States (3 state(s))

Performance state type: ACPI Collaborative Processor Performance Control
Nominal Frequency (MHz): 2594
Maximum performance percentage: 123
Minimum performance percentage: 19
Minimum throttle percentage: 1"
Information	9/6/2016 9:08:24 AM	Microsoft-Windows-Kernel-Processor-Power	55	(47)	"Processor 2 in group 0 exposes the following power management capabilities:

Idle state type: ACPI Idle (C) States (3 state(s))

Performance state type: ACPI Collaborative Processor Performance Control
Nominal Frequency (MHz): 2594
Maximum performance percentage: 123
Minimum performance percentage: 19
Minimum throttle percentage: 1"
Information	9/6/2016 9:08:24 AM	Microsoft-Windows-Kernel-Processor-Power	55	(47)	"Processor 1 in group 0 exposes the following power management capabilities:

Idle state type: ACPI Idle (C) States (3 state(s))

Performance state type: ACPI Collaborative Processor Performance Control
Nominal Frequency (MHz): 2594
Maximum performance percentage: 123
Minimum performance percentage: 19
Minimum throttle percentage: 1"
Information	9/6/2016 9:08:24 AM	Microsoft-Windows-Kernel-Processor-Power	55	(47)	"Processor 0 in group 0 exposes the following power management capabilities:

Idle state type: ACPI Idle (C) States (3 state(s))

Performance state type: ACPI Collaborative Processor Performance Control
Nominal Frequency (MHz): 2594
Maximum performance percentage: 123
Minimum performance percentage: 19
Minimum throttle percentage: 1"
Warning	9/6/2016 9:08:24 AM	Microsoft-Windows-Kernel-PnP	219	(212)	The driver \Driver\WUDFRd failed to load for the device ROOT\SYSTEM\0001.
Information	9/6/2016 9:08:24 AM	Microsoft-Windows-DriverFrameworks-UserMode	10114	Startup of the UMDF reflector	WUDFPf (part of UMDF) did not load yet. After it does, Windows will start the device again.
Information	9/6/2016 9:08:23 AM	Microsoft-Windows-Ntfs	98	None	Volume \\?\Volume{33e9f129-0000-0000-0000-206f70000000} (\Device\HarddiskVolume3) is healthy.  No action is needed.
Information	9/6/2016 9:08:23 AM	Microsoft-Windows-Ntfs	98	None	Volume \\?\Volume{33e9f129-0000-0000-0000-100000000000} (\Device\HarddiskVolume1) is healthy.  No action is needed.
Information	9/6/2016 9:08:23 AM	Microsoft-Windows-Ntfs	98	None	Volume D: (\Device\HarddiskVolume4) is healthy.  No action is needed.
Information	9/6/2016 9:08:23 AM	VMnetAdapter	36	None	() Starting up the Adapter Driver for VMware Virtual Networks.
Information	9/6/2016 9:08:23 AM	Microsoft-Windows-Kernel-Power	172	(203)	Connectivity state in standby: Disconnected, Reason: NIC compliance
Information	9/6/2016 9:08:23 AM	Microsoft-Windows-FilterManager	6	None	File System Filter 'npsvctrig' (10.0, ‎2016‎-‎07‎-‎15T20:28:33.000000000Z) has successfully loaded and registered with Filter Manager.
Information	9/6/2016 9:08:23 AM	Microsoft-Windows-FilterManager	6	None	File System Filter 'FileCrypt' (10.0, ‎2016‎-‎07‎-‎15T20:22:39.000000000Z) has successfully loaded and registered with Filter Manager.
Information	9/6/2016 9:08:23 AM	Microsoft-Windows-Ntfs	98	None	Volume C: (\Device\HarddiskVolume2) is healthy.  No action is needed.
Information	9/6/2016 9:08:23 AM	TPM	24	None	The Trusted Platform Module (TPM) status: Enabled and Active.
Information	9/6/2016 9:08:23 AM	Microsoft-Windows-FilterManager	6	None	File System Filter 'WdFilter' (10.0, ‎2016‎-‎07‎-‎15T20:25:21.000000000Z) has successfully loaded and registered with Filter Manager.
Information	9/6/2016 9:08:23 AM	Microsoft-Windows-FilterManager	6	None	File System Filter 'file_tracker' (6.3, ‎2016‎-‎02‎-‎08T03:52:31.000000000Z) has successfully loaded and registered with Filter Manager.
Information	9/6/2016 9:08:23 AM	Microsoft-Windows-FilterManager	6	None	File System Filter 'Wof' (10.0, ‎2016‎-‎08‎-‎05T21:45:24.000000000Z) has successfully loaded and registered with Filter Manager.
Information	9/6/2016 9:08:23 AM	Microsoft-Windows-FilterManager	6	None	File System Filter 'FileInfo' (10.0, ‎2016‎-‎07‎-‎15T20:26:05.000000000Z) has successfully loaded and registered with Filter Manager.
Information	9/6/2016 9:08:22 AM	Microsoft-Windows-Kernel-Boot	30	(21)	The firmware reported boot metrics.
Information	9/6/2016 9:08:22 AM	Microsoft-Windows-Kernel-Boot	32	None	The bootmgr spent 0 ms waiting for user input.
Information	9/6/2016 9:08:22 AM	Microsoft-Windows-Kernel-Boot	18	None	There are 0x1 boot options on this system.
Information	9/6/2016 9:08:22 AM	Microsoft-Windows-Kernel-Boot	25	(32)	The boot menu policy was 0x1.
Information	9/6/2016 9:08:22 AM	Microsoft-Windows-Kernel-Boot	27	(33)	The boot type was 0x0.
Information	9/6/2016 9:08:22 AM	Microsoft-Windows-Kernel-Boot	20	(31)	The last shutdown's success status was true. The last boot's success status was true.
Information	9/6/2016 9:08:22 AM	Microsoft-Windows-Kernel-Boot	153	None	The Virtualization Based Security (policies: 0) is disabled with status STATUS_SUCCESS.
Information	9/6/2016 9:08:22 AM	Microsoft-Windows-Kernel-General	12	(1)	The operating system started at system time ‎2016‎-‎09‎-‎06T15:08:22.486926500Z.
Information	9/6/2016 9:08:29 AM	EventLog	6013	None	The system uptime is 7 seconds.
Information	9/6/2016 9:08:29 AM	EventLog	6005	None	The Event log service was started.
Information	9/6/2016 9:08:29 AM	EventLog	6009	None	Microsoft (R) Windows (R) 10.00. 14393  Multiprocessor Free.
Information	9/6/2016 9:07:29 AM	Microsoft-Windows-DHCPv6-Client	51047	Service State Event	DHCPv6 client service is stopped. ShutDown Flag value is 1
Error	9/6/2016 9:07:29 AM	disk	154	None	The IO operation at logical block address 0x0 for Disk 2 (PDO name: \Device\00000058) failed due to a hardware error.
Error	9/6/2016 9:07:28 AM	disk	154	None	The IO operation at logical block address 0x0 for Disk 2 (PDO name: \Device\00000058) failed due to a hardware error.
Information	9/6/2016 9:07:29 AM	EventLog	6006	None	The Event log service was stopped.
Error	9/6/2016 9:07:28 AM	disk	154	None	The IO operation at logical block address 0x0 for Disk 2 (PDO name: \Device\00000058) failed due to a hardware error.
Error	9/6/2016 9:07:27 AM	disk	154	None	The IO operation at logical block address 0x0 for Disk 2 (PDO name: \Device\00000058) failed due to a hardware error.
Error	9/6/2016 9:07:27 AM	disk	154	None	The IO operation at logical block address 0x0 for Disk 2 (PDO name: \Device\00000058) failed due to a hardware error.
Error	9/6/2016 9:07:26 AM	disk	154	None	The IO operation at logical block address 0x0 for Disk 2 (PDO name: \Device\00000058) failed due to a hardware error.
Error	9/6/2016 9:07:26 AM	disk	154	None	The IO operation at logical block address 0x0 for Disk 2 (PDO name: \Device\00000058) failed due to a hardware error.
Error	9/6/2016 9:07:25 AM	disk	154	None	The IO operation at logical block address 0x0 for Disk 2 (PDO name: \Device\00000058) failed due to a hardware error.
Error	9/6/2016 9:07:25 AM	disk	154	None	The IO operation at logical block address 0x0 for Disk 2 (PDO name: \Device\00000058) failed due to a hardware error.
Error	9/6/2016 9:07:24 AM	disk	154	None	The IO operation at logical block address 0x0 for Disk 2 (PDO name: \Device\00000058) failed due to a hardware error.
Error	9/6/2016 9:07:24 AM	disk	154	None	The IO operation at logical block address 0x0 for Disk 2 (PDO name: \Device\00000058) failed due to a hardware error.
Error	9/6/2016 9:07:23 AM	disk	154	None	The IO operation at logical block address 0x0 for Disk 2 (PDO name: \Device\00000058) failed due to a hardware error.
Error	9/6/2016 9:07:23 AM	disk	154	None	The IO operation at logical block address 0x0 for Disk 2 (PDO name: \Device\00000058) failed due to a hardware error.
Error	9/6/2016 9:07:22 AM	disk	154	None	The IO operation at logical block address 0x0 for Disk 2 (PDO name: \Device\00000058) failed due to a hardware error.
Error	9/6/2016 9:07:22 AM	disk	154	None	The IO operation at logical block address 0x0 for Disk 2 (PDO name: \Device\00000058) failed due to a hardware error.
Error	9/6/2016 9:07:22 AM	Service Control Manager	7031	None	The VMware Workstation Server service terminated unexpectedly.  It has done this 1 time(s).  The following corrective action will be taken in 60000 milliseconds: Restart the service.
Error	9/6/2016 9:07:21 AM	disk	154	None	The IO operation at logical block address 0x0 for Disk 2 (PDO name: \Device\00000058) failed due to a hardware error.
Information	9/6/2016 9:07:21 AM	Microsoft-Windows-Winlogon	7002	(1102)	User Logoff Notification for Customer Experience Improvement Program
Error	9/6/2016 9:07:21 AM	disk	154	None	The IO operation at logical block address 0x0 for Disk 2 (PDO name: \Device\00000058) failed due to a hardware error.
Error	9/6/2016 9:07:20 AM	disk	154	None	The IO operation at logical block address 0x0 for Disk 2 (PDO name: \Device\00000058) failed due to a hardware error.
Error	9/6/2016 9:07:20 AM	disk	154	None	The IO operation at logical block address 0x0 for Disk 2 (PDO name: \Device\00000058) failed due to a hardware error.
Error	9/6/2016 9:07:19 AM	disk	154	None	The IO operation at logical block address 0x0 for Disk 2 (PDO name: \Device\00000058) failed due to a hardware error.
Error	9/6/2016 9:07:19 AM	disk	154	None	The IO operation at logical block address 0x0 for Disk 2 (PDO name: \Device\00000058) failed due to a hardware error.
Error	9/6/2016 9:07:19 AM	disk	154	None	The IO operation at logical block address 0x0 for Disk 2 (PDO name: \Device\00000058) failed due to a hardware error.
Error	9/6/2016 9:07:18 AM	disk	154	None	The IO operation at logical block address 0x0 for Disk 2 (PDO name: \Device\00000058) failed due to a hardware error.
Error	9/6/2016 9:07:18 AM	disk	154	None	The IO operation at logical block address 0x0 for Disk 2 (PDO name: \Device\00000058) failed due to a hardware error.
Error	9/6/2016 9:07:17 AM	disk	154	None	The IO operation at logical block address 0x0 for Disk 2 (PDO name: \Device\00000058) failed due to a hardware error.
Error	9/6/2016 9:07:17 AM	disk	154	None	The IO operation at logical block address 0x0 for Disk 2 (PDO name: \Device\00000058) failed due to a hardware error.
Error	9/6/2016 9:07:16 AM	disk	154	None	The IO operation at logical block address 0x0 for Disk 2 (PDO name: \Device\00000058) failed due to a hardware error.
Error	9/6/2016 9:07:16 AM	disk	154	None	The IO operation at logical block address 0x0 for Disk 2 (PDO name: \Device\00000058) failed due to a hardware error.
Error	9/6/2016 9:07:15 AM	disk	154	None	The IO operation at logical block address 0x0 for Disk 2 (PDO name: \Device\00000058) failed due to a hardware error.
Error	9/6/2016 9:07:15 AM	disk	154	None	The IO operation at logical block address 0x0 for Disk 2 (PDO name: \Device\00000058) failed due to a hardware error.
Error	9/6/2016 9:07:14 AM	disk	154	None	The IO operation at logical block address 0x0 for Disk 2 (PDO name: \Device\00000058) failed due to a hardware error.
Error	9/6/2016 9:07:14 AM	disk	154	None	The IO operation at logical block address 0x0 for Disk 2 (PDO name: \Device\00000058) failed due to a hardware error.
Error	9/6/2016 9:07:13 AM	disk	154	None	The IO operation at logical block address 0x0 for Disk 2 (PDO name: \Device\00000058) failed due to a hardware error.
Error	9/6/2016 9:07:13 AM	disk	154	None	The IO operation at logical block address 0x0 for Disk 2 (PDO name: \Device\00000058) failed due to a hardware error.
Error	9/6/2016 9:07:12 AM	disk	154	None	The IO operation at logical block address 0x0 for Disk 2 (PDO name: \Device\00000058) failed due to a hardware error.
Information	9/6/2016 9:07:12 AM	User32	1074	None	"The process C:\Windows\Explorer.EXE (DESKTOP-EEMI531) has initiated the restart of computer DESKTOP-EEMI531 on behalf of user DESKTOP-EEMI531\AndyL for the following reason: Other (Unplanned)
 Reason Code: 0x0
 Shutdown Type: restart
 Comment: "
Error	9/6/2016 9:07:12 AM	disk	154	None	The IO operation at logical block address 0x0 for Disk 2 (PDO name: \Device\00000058) failed due to a hardware error.
Error	9/6/2016 9:07:11 AM	disk	154	None	The IO operation at logical block address 0x0 for Disk 2 (PDO name: \Device\00000058) failed due to a hardware error.
Error	9/6/2016 9:07:11 AM	disk	154	None	The IO operation at logical block address 0x0 for Disk 2 (PDO name: \Device\00000058) failed due to a hardware error.
Error	9/6/2016 9:07:10 AM	disk	154	None	The IO operation at logical block address 0x0 for Disk 2 (PDO name: \Device\00000058) failed due to a hardware error.
Error	9/6/2016 9:07:10 AM	disk	154	None	The IO operation at logical block address 0x0 for Disk 2 (PDO name: \Device\00000058) failed due to a hardware error.
Error	9/6/2016 9:07:09 AM	disk	154	None	The IO operation at logical block address 0x0 for Disk 2 (PDO name: \Device\00000058) failed due to a hardware error.
Error	9/6/2016 9:07:09 AM	disk	154	None	The IO operation at logical block address 0x0 for Disk 2 (PDO name: \Device\00000058) failed due to a hardware error.
Error	9/6/2016 9:07:08 AM	disk	154	None	The IO operation at logical block address 0x0 for Disk 2 (PDO name: \Device\00000058) failed due to a hardware error.
Error	9/6/2016 9:07:08 AM	disk	154	None	The IO operation at logical block address 0x0 for Disk 2 (PDO name: \Device\00000058) failed due to a hardware error.
Error	9/6/2016 9:07:07 AM	disk	154	None	The IO operation at logical block address 0x0 for Disk 2 (PDO name: \Device\00000058) failed due to a hardware error.
Error	9/6/2016 9:07:07 AM	disk	154	None	The IO operation at logical block address 0x0 for Disk 2 (PDO name: \Device\00000058) failed due to a hardware error.
Error	9/6/2016 9:07:06 AM	disk	154	None	The IO operation at logical block address 0x0 for Disk 2 (PDO name: \Device\00000058) failed due to a hardware error.
Error	9/6/2016 9:07:06 AM	disk	154	None	The IO operation at logical block address 0x0 for Disk 2 (PDO name: \Device\00000058) failed due to a hardware error.
Error	9/6/2016 9:07:05 AM	disk	154	None	The IO operation at logical block address 0x0 for Disk 2 (PDO name: \Device\00000058) failed due to a hardware error.
Error	9/6/2016 9:07:05 AM	disk	154	None	The IO operation at logical block address 0x0 for Disk 2 (PDO name: \Device\00000058) failed due to a hardware error.
Error	9/6/2016 9:07:04 AM	disk	154	None	The IO operation at logical block address 0x0 for Disk 2 (PDO name: \Device\00000058) failed due to a hardware error.
Error	9/6/2016 9:07:04 AM	disk	154	None	The IO operation at logical block address 0x0 for Disk 2 (PDO name: \Device\00000058) failed due to a hardware error.
Error	9/6/2016 9:07:03 AM	disk	154	None	The IO operation at logical block address 0x0 for Disk 2 (PDO name: \Device\00000058) failed due to a hardware error.
Error	9/6/2016 9:07:03 AM	disk	154	None	The IO operation at logical block address 0x0 for Disk 2 (PDO name: \Device\00000058) failed due to a hardware error.
Error	9/6/2016 9:07:02 AM	disk	154	None	The IO operation at logical block address 0x0 for Disk 2 (PDO name: \Device\00000058) failed due to a hardware error.
Error	9/6/2016 9:07:02 AM	disk	154	None	The IO operation at logical block address 0x0 for Disk 2 (PDO name: \Device\00000058) failed due to a hardware error.
Error	9/6/2016 9:07:01 AM	disk	154	None	The IO operation at logical block address 0x0 for Disk 2 (PDO name: \Device\00000058) failed due to a hardware error.
Error	9/6/2016 9:07:01 AM	disk	154	None	The IO operation at logical block address 0x0 for Disk 2 (PDO name: \Device\00000058) failed due to a hardware error.
Error	9/6/2016 9:07:00 AM	disk	154	None	The IO operation at logical block address 0x0 for Disk 2 (PDO name: \Device\00000058) failed due to a hardware error.
Error	9/6/2016 9:07:00 AM	disk	154	None	The IO operation at logical block address 0x0 for Disk 2 (PDO name: \Device\00000058) failed due to a hardware error.
Error	9/6/2016 9:06:59 AM	disk	154	None	The IO operation at logical block address 0x0 for Disk 2 (PDO name: \Device\00000058) failed due to a hardware error.
Error	9/6/2016 9:06:59 AM	disk	154	None	The IO operation at logical block address 0x0 for Disk 2 (PDO name: \Device\00000058) failed due to a hardware error.
Error	9/6/2016 9:06:58 AM	disk	154	None	The IO operation at logical block address 0x0 for Disk 2 (PDO name: \Device\00000058) failed due to a hardware error.
Error	9/6/2016 9:06:58 AM	disk	154	None	The IO operation at logical block address 0x0 for Disk 2 (PDO name: \Device\00000058) failed due to a hardware error.
Error	9/6/2016 9:06:57 AM	disk	154	None	The IO operation at logical block address 0x0 for Disk 2 (PDO name: \Device\00000058) failed due to a hardware error.
Error	9/6/2016 9:06:57 AM	disk	154	None	The IO operation at logical block address 0x0 for Disk 2 (PDO name: \Device\00000058) failed due to a hardware error.
Error	9/6/2016 9:06:56 AM	disk	154	None	The IO operation at logical block address 0x0 for Disk 2 (PDO name: \Device\00000058) failed due to a hardware error.
Error	9/6/2016 9:06:56 AM	disk	154	None	The IO operation at logical block address 0x0 for Disk 2 (PDO name: \Device\00000058) failed due to a hardware error.
Error	9/6/2016 9:06:56 AM	disk	154	None	The IO operation at logical block address 0x0 for Disk 2 (PDO name: \Device\00000058) failed due to a hardware error.
Error	9/6/2016 9:06:55 AM	disk	154	None	The IO operation at logical block address 0x0 for Disk 2 (PDO name: \Device\00000058) failed due to a hardware error.
Error	9/6/2016 9:06:55 AM	disk	154	None	The IO operation at logical block address 0x0 for Disk 2 (PDO name: \Device\00000058) failed due to a hardware error.
Error	9/6/2016 9:06:54 AM	disk	154	None	The IO operation at logical block address 0x0 for Disk 2 (PDO name: \Device\00000058) failed due to a hardware error.
Error	9/6/2016 9:06:54 AM	disk	154	None	The IO operation at logical block address 0x0 for Disk 2 (PDO name: \Device\00000058) failed due to a hardware error.
Error	9/6/2016 9:06:53 AM	disk	154	None	The IO operation at logical block address 0x0 for Disk 2 (PDO name: \Device\00000058) failed due to a hardware error.
Error	9/6/2016 9:06:53 AM	disk	154	None	The IO operation at logical block address 0x0 for Disk 2 (PDO name: \Device\00000058) failed due to a hardware error.
Error	9/6/2016 9:06:52 AM	disk	154	None	The IO operation at logical block address 0x0 for Disk 2 (PDO name: \Device\00000058) failed due to a hardware error.
Error	9/6/2016 9:06:52 AM	disk	154	None	The IO operation at logical block address 0x0 for Disk 2 (PDO name: \Device\00000058) failed due to a hardware error.
Error	9/6/2016 9:06:51 AM	disk	154	None	The IO operation at logical block address 0x0 for Disk 2 (PDO name: \Device\00000058) failed due to a hardware error.
Error	9/6/2016 9:06:51 AM	disk	154	None	The IO operation at logical block address 0x0 for Disk 2 (PDO name: \Device\00000058) failed due to a hardware error.
Error	9/6/2016 9:06:50 AM	disk	154	None	The IO operation at logical block address 0x0 for Disk 2 (PDO name: \Device\00000058) failed due to a hardware error.
Error	9/6/2016 9:06:50 AM	disk	154	None	The IO operation at logical block address 0x0 for Disk 2 (PDO name: \Device\00000058) failed due to a hardware error.
Error	9/6/2016 9:06:49 AM	disk	154	None	The IO operation at logical block address 0x0 for Disk 2 (PDO name: \Device\00000058) failed due to a hardware error.
Error	9/6/2016 9:06:49 AM	disk	154	None	The IO operation at logical block address 0x0 for Disk 2 (PDO name: \Device\00000058) failed due to a hardware error.
Error	9/6/2016 9:06:48 AM	disk	154	None	The IO operation at logical block address 0x0 for Disk 2 (PDO name: \Device\00000058) failed due to a hardware error.
Error	9/6/2016 9:06:48 AM	disk	154	None	The IO operation at logical block address 0x0 for Disk 2 (PDO name: \Device\00000058) failed due to a hardware error.
Error	9/6/2016 9:06:47 AM	disk	154	None	The IO operation at logical block address 0x0 for Disk 2 (PDO name: \Device\00000058) failed due to a hardware error.
Error	9/6/2016 9:06:47 AM	disk	154	None	The IO operation at logical block address 0x0 for Disk 2 (PDO name: \Device\00000058) failed due to a hardware error.
Error	9/6/2016 9:06:46 AM	disk	154	None	The IO operation at logical block address 0x0 for Disk 2 (PDO name: \Device\00000058) failed due to a hardware error.
Error	9/6/2016 9:06:46 AM	disk	154	None	The IO operation at logical block address 0x0 for Disk 2 (PDO name: \Device\00000058) failed due to a hardware error.
Error	9/6/2016 9:06:45 AM	disk	154	None	The IO operation at logical block address 0x0 for Disk 2 (PDO name: \Device\00000058) failed due to a hardware error.
Error	9/6/2016 9:06:45 AM	disk	154	None	The IO operation at logical block address 0x0 for Disk 2 (PDO name: \Device\00000058) failed due to a hardware error.
Error	9/6/2016 9:06:44 AM	disk	154	None	The IO operation at logical block address 0x0 for Disk 2 (PDO name: \Device\00000058) failed due to a hardware error.
Error	9/6/2016 9:06:44 AM	disk	154	None	The IO operation at logical block address 0x0 for Disk 2 (PDO name: \Device\00000058) failed due to a hardware error.
Error	9/6/2016 9:06:43 AM	disk	154	None	The IO operation at logical block address 0x0 for Disk 2 (PDO name: \Device\00000058) failed due to a hardware error.
Error	9/6/2016 9:06:43 AM	disk	154	None	The IO operation at logical block address 0x0 for Disk 2 (PDO name: \Device\00000058) failed due to a hardware error.
Error	9/6/2016 9:06:42 AM	disk	154	None	The IO operation at logical block address 0x0 for Disk 2 (PDO name: \Device\00000058) failed due to a hardware error.
Error	9/6/2016 9:06:42 AM	disk	154	None	The IO operation at logical block address 0x0 for Disk 2 (PDO name: \Device\00000058) failed due to a hardware error.
Error	9/6/2016 9:06:41 AM	disk	154	None	The IO operation at logical block address 0x0 for Disk 2 (PDO name: \Device\00000058) failed due to a hardware error.
Error	9/6/2016 9:06:41 AM	disk	154	None	The IO operation at logical block address 0x0 for Disk 2 (PDO name: \Device\00000058) failed due to a hardware error.
Error	9/6/2016 9:06:40 AM	disk	154	None	The IO operation at logical block address 0x0 for Disk 2 (PDO name: \Device\00000058) failed due to a hardware error.
Error	9/6/2016 9:06:40 AM	disk	154	None	The IO operation at logical block address 0x0 for Disk 2 (PDO name: \Device\00000058) failed due to a hardware error.
Error	9/6/2016 9:06:39 AM	disk	154	None	The IO operation at logical block address 0x0 for Disk 2 (PDO name: \Device\00000058) failed due to a hardware error.
Error	9/6/2016 9:06:39 AM	disk	154	None	The IO operation at logical block address 0x0 for Disk 2 (PDO name: \Device\00000058) failed due to a hardware error.
Error	9/6/2016 9:06:38 AM	disk	154	None	The IO operation at logical block address 0x0 for Disk 2 (PDO name: \Device\00000058) failed due to a hardware error.
Error	9/6/2016 9:06:38 AM	disk	154	None	The IO operation at logical block address 0x0 for Disk 2 (PDO name: \Device\00000058) failed due to a hardware error.
Error	9/6/2016 9:06:37 AM	disk	154	None	The IO operation at logical block address 0x0 for Disk 2 (PDO name: \Device\00000058) failed due to a hardware error.
Error	9/6/2016 9:06:37 AM	disk	154	None	The IO operation at logical block address 0x0 for Disk 2 (PDO name: \Device\00000058) failed due to a hardware error.
Error	9/6/2016 9:06:36 AM	disk	154	None	The IO operation at logical block address 0x0 for Disk 2 (PDO name: \Device\00000058) failed due to a hardware error.
Error	9/6/2016 9:06:36 AM	disk	154	None	The IO operation at logical block address 0x0 for Disk 2 (PDO name: \Device\00000058) failed due to a hardware error.
