Information	8/31/2016 12:51:13 PM	e1dexpress	32	None	"Intel(R) Ethernet Connection (3) I218-LM
 Network link has been established at 1Gbps full duplex.
"
Information	8/31/2016 12:51:09 PM	Netwtw04	7002	None	"The description for Event ID 7002 from source Netwtw04 cannot be found. Either the component that raises this event is not installed on your local computer or the installation is corrupted. You can install or repair the component on the local computer.

If the event originated on another computer, the display information had to be saved with the event.

The following information was included with the event: 

\Device\NDMP4
Intel(R) Dual Band Wireless-AC 7265

The specified resource type cannot be found in the image file
"
Information	8/31/2016 12:51:09 PM	Netwtw04	7002	None	"The description for Event ID 7002 from source Netwtw04 cannot be found. Either the component that raises this event is not installed on your local computer or the installation is corrupted. You can install or repair the component on the local computer.

If the event originated on another computer, the display information had to be saved with the event.

The following information was included with the event: 

\Device\NDMP4
Intel(R) Dual Band Wireless-AC 7265

The specified resource type cannot be found in the image file
"
Information	8/31/2016 12:51:09 PM	Netwtw04	7001	None	"The description for Event ID 7001 from source Netwtw04 cannot be found. Either the component that raises this event is not installed on your local computer or the installation is corrupted. You can install or repair the component on the local computer.

If the event originated on another computer, the display information had to be saved with the event.

The following information was included with the event: 

\Device\NDMP4
Intel(R) Dual Band Wireless-AC 7265

The specified resource type cannot be found in the image file
"
Information	8/31/2016 12:51:09 PM	Netwtw04	7001	None	"The description for Event ID 7001 from source Netwtw04 cannot be found. Either the component that raises this event is not installed on your local computer or the installation is corrupted. You can install or repair the component on the local computer.

If the event originated on another computer, the display information had to be saved with the event.

The following information was included with the event: 

\Device\NDMP4
Intel(R) Dual Band Wireless-AC 7265

The specified resource type cannot be found in the image file
"
Information	8/31/2016 12:51:09 PM	Netwtw04	7036	None	The \Device\NDMP4 service entered the Intel(R) Dual Band Wireless-AC 7265 state.
Information	8/31/2016 12:51:09 PM	MEIx64	2	None	Intel(R) Management Engine Interface driver has started successfully.
Information	8/31/2016 12:51:09 PM	Microsoft-Windows-Kernel-Processor-Power	55	(47)	"Processor 3 in group 0 exposes the following power management capabilities:

Idle state type: ACPI Idle (C) States (3 state(s))

Performance state type: ACPI Collaborative Processor Performance Control
Nominal Frequency (MHz): 2594
Maximum performance percentage: 123
Minimum performance percentage: 19
Minimum throttle percentage: 1"
Information	8/31/2016 12:51:09 PM	Microsoft-Windows-Kernel-Processor-Power	55	(47)	"Processor 2 in group 0 exposes the following power management capabilities:

Idle state type: ACPI Idle (C) States (3 state(s))

Performance state type: ACPI Collaborative Processor Performance Control
Nominal Frequency (MHz): 2594
Maximum performance percentage: 123
Minimum performance percentage: 19
Minimum throttle percentage: 1"
Information	8/31/2016 12:51:09 PM	Microsoft-Windows-Kernel-Processor-Power	55	(47)	"Processor 1 in group 0 exposes the following power management capabilities:

Idle state type: ACPI Idle (C) States (3 state(s))

Performance state type: ACPI Collaborative Processor Performance Control
Nominal Frequency (MHz): 2594
Maximum performance percentage: 123
Minimum performance percentage: 19
Minimum throttle percentage: 1"
Information	8/31/2016 12:51:09 PM	Microsoft-Windows-Kernel-Processor-Power	55	(47)	"Processor 0 in group 0 exposes the following power management capabilities:

Idle state type: ACPI Idle (C) States (3 state(s))

Performance state type: ACPI Collaborative Processor Performance Control
Nominal Frequency (MHz): 2594
Maximum performance percentage: 123
Minimum performance percentage: 19
Minimum throttle percentage: 1"
Warning	8/31/2016 12:51:09 PM	Microsoft-Windows-Kernel-PnP	219	(212)	The driver \Driver\WUDFRd failed to load for the device ROOT\SYSTEM\0001.
Information	8/31/2016 12:51:09 PM	Microsoft-Windows-DriverFrameworks-UserMode	10114	Startup of the UMDF reflector	WUDFPf (part of UMDF) did not load yet. After it does, Windows will start the device again.
Information	8/31/2016 12:51:08 PM	Microsoft-Windows-Ntfs	98	None	Volume \\?\Volume{33e9f129-0000-0000-0000-206f70000000} (\Device\HarddiskVolume3) is healthy.  No action is needed.
Information	8/31/2016 12:51:08 PM	Microsoft-Windows-Ntfs	98	None	Volume \\?\Volume{33e9f129-0000-0000-0000-100000000000} (\Device\HarddiskVolume1) is healthy.  No action is needed.
Information	8/31/2016 12:51:08 PM	Microsoft-Windows-Ntfs	98	None	Volume D: (\Device\HarddiskVolume4) is healthy.  No action is needed.
Information	8/31/2016 12:51:08 PM	VMnetAdapter	36	None	() Starting up the Adapter Driver for VMware Virtual Networks.
Information	8/31/2016 12:51:08 PM	Microsoft-Windows-Kernel-Power	172	(203)	Connectivity state in standby: Disconnected, Reason: NIC compliance
Information	8/31/2016 12:51:08 PM	Microsoft-Windows-FilterManager	6	None	File System Filter 'npsvctrig' (10.0, ‎2016‎-‎07‎-‎15T20:28:33.000000000Z) has successfully loaded and registered with Filter Manager.
Information	8/31/2016 12:51:08 PM	Microsoft-Windows-FilterManager	6	None	File System Filter 'FileCrypt' (10.0, ‎2016‎-‎07‎-‎15T20:22:39.000000000Z) has successfully loaded and registered with Filter Manager.
Information	8/31/2016 12:51:08 PM	Microsoft-Windows-Ntfs	98	None	Volume C: (\Device\HarddiskVolume2) is healthy.  No action is needed.
Information	8/31/2016 12:51:08 PM	TPM	24	None	The Trusted Platform Module (TPM) status: Enabled and Active.
Information	8/31/2016 12:51:08 PM	Microsoft-Windows-FilterManager	6	None	File System Filter 'WdFilter' (10.0, ‎2016‎-‎07‎-‎15T20:25:21.000000000Z) has successfully loaded and registered with Filter Manager.
Information	8/31/2016 12:51:08 PM	Microsoft-Windows-FilterManager	6	None	File System Filter 'Wof' (10.0, ‎2016‎-‎08‎-‎05T21:45:24.000000000Z) has successfully loaded and registered with Filter Manager.
Information	8/31/2016 12:51:08 PM	Microsoft-Windows-FilterManager	6	None	File System Filter 'FileInfo' (10.0, ‎2016‎-‎07‎-‎15T20:26:05.000000000Z) has successfully loaded and registered with Filter Manager.
Information	8/31/2016 12:51:07 PM	Microsoft-Windows-Kernel-Boot	30	(21)	The firmware reported boot metrics.
Information	8/31/2016 12:51:07 PM	Microsoft-Windows-Kernel-Boot	32	None	The bootmgr spent 0 ms waiting for user input.
Information	8/31/2016 12:51:07 PM	Microsoft-Windows-Kernel-Boot	18	None	There are 0x1 boot options on this system.
Information	8/31/2016 12:51:07 PM	Microsoft-Windows-Kernel-Boot	25	(32)	The boot menu policy was 0x1.
Information	8/31/2016 12:51:07 PM	Microsoft-Windows-Kernel-Boot	27	(33)	The boot type was 0x0.
Information	8/31/2016 12:51:07 PM	Microsoft-Windows-Kernel-Boot	20	(31)	The last shutdown's success status was true. The last boot's success status was true.
Information	8/31/2016 12:51:07 PM	Microsoft-Windows-Kernel-Boot	153	None	The Virtualization Based Security (policies: 0) is disabled with status STATUS_SUCCESS.
Information	8/31/2016 12:51:07 PM	Microsoft-Windows-Kernel-General	12	(1)	The operating system started at system time ‎2016‎-‎08‎-‎31T18:51:07.486973400Z.
Information	8/31/2016 12:51:20 PM	EventLog	6013	None	The system uptime is 12 seconds.
Information	8/31/2016 12:51:20 PM	EventLog	6005	None	The Event log service was started.
Information	8/31/2016 12:51:20 PM	EventLog	6009	None	Microsoft (R) Windows (R) 10.00. 14393  Multiprocessor Free.
Information	8/31/2016 12:50:38 PM	Microsoft-Windows-DHCPv6-Client	51047	Service State Event	DHCPv6 client service is stopped. ShutDown Flag value is 1
Information	8/31/2016 12:50:38 PM	EventLog	6006	None	The Event log service was stopped.
Error	8/31/2016 12:50:32 PM	Service Control Manager	7031	None	The VMware Workstation Server service terminated unexpectedly.  It has done this 1 time(s).  The following corrective action will be taken in 60000 milliseconds: Restart the service.
Information	8/31/2016 12:50:32 PM	Microsoft-Windows-Winlogon	7002	(1102)	User Logoff Notification for Customer Experience Improvement Program
Error	8/31/2016 12:50:25 PM	Microsoft-Windows-DistributedCOM	10010	None	The server CortanaUI.AppXn2sqjsh234msy8bk0yaj2y6fzvwv5t10.mca did not register with DCOM within the required timeout.
Information	8/31/2016 12:50:14 PM	User32	1074	None	"The process C:\Windows\System32\RuntimeBroker.exe (DESKTOP-EEMI531) has initiated the restart of computer DESKTOP-EEMI531 on behalf of user DESKTOP-EEMI531\AndyL for the following reason: Other (Unplanned)
 Reason Code: 0x0
 Shutdown Type: restart
 Comment: "
Information	8/31/2016 12:23:03 PM	Microsoft-Windows-Kernel-General	16	None	The access history in hive \??\C:\Users\AndyL\AppData\Local\Packages\9E2F88E3.Twitter_wgeqdkkx372wm\Settings\settings.dat was cleared updating 3 keys and creating 1 modified pages.
Information	8/31/2016 12:22:05 PM	Service Control Manager	7045	None	"A service was installed in the system.

Service Name:  Visual Studio Standard Collector Service 150
Service File Name:  ""C:\Program Files (x86)\Microsoft Visual Studio\VS15Preview\Common\DiagnosticsHub.Collection.Service\StandardCollector.Service.exe""
Service Type:  user mode service
Service Start Type:  demand start
Service Account:  LocalSystem"
Information	8/31/2016 12:21:51 PM	Service Control Manager	7045	None	"A service was installed in the system.

Service Name:  SQL Server VSS Writer
Service File Name:  ""C:\Program Files\Microsoft SQL Server\90\Shared\sqlwriter.exe""
Service Type:  user mode service
Service Start Type:  auto start
Service Account:  LocalSystem"
Warning	8/31/2016 12:20:15 PM	Microsoft-Windows-HttpEvent	15301	None	SSL Certificate Settings created by an admin process for endpoint : 0.0.0.0:44399 .
Warning	8/31/2016 12:20:15 PM	Microsoft-Windows-HttpEvent	15301	None	SSL Certificate Settings created by an admin process for endpoint : 0.0.0.0:44398 .
Warning	8/31/2016 12:20:15 PM	Microsoft-Windows-HttpEvent	15301	None	SSL Certificate Settings created by an admin process for endpoint : 0.0.0.0:44397 .
Warning	8/31/2016 12:20:15 PM	Microsoft-Windows-HttpEvent	15301	None	SSL Certificate Settings created by an admin process for endpoint : 0.0.0.0:44396 .
Warning	8/31/2016 12:20:15 PM	Microsoft-Windows-HttpEvent	15301	None	SSL Certificate Settings created by an admin process for endpoint : 0.0.0.0:44395 .
Warning	8/31/2016 12:20:15 PM	Microsoft-Windows-HttpEvent	15301	None	SSL Certificate Settings created by an admin process for endpoint : 0.0.0.0:44394 .
Warning	8/31/2016 12:20:15 PM	Microsoft-Windows-HttpEvent	15301	None	SSL Certificate Settings created by an admin process for endpoint : 0.0.0.0:44393 .
Warning	8/31/2016 12:20:15 PM	Microsoft-Windows-HttpEvent	15301	None	SSL Certificate Settings created by an admin process for endpoint : 0.0.0.0:44392 .
Warning	8/31/2016 12:20:15 PM	Microsoft-Windows-HttpEvent	15301	None	SSL Certificate Settings created by an admin process for endpoint : 0.0.0.0:44391 .
Warning	8/31/2016 12:20:15 PM	Microsoft-Windows-HttpEvent	15301	None	SSL Certificate Settings created by an admin process for endpoint : 0.0.0.0:44390 .
Warning	8/31/2016 12:20:15 PM	Microsoft-Windows-HttpEvent	15301	None	SSL Certificate Settings created by an admin process for endpoint : 0.0.0.0:44389 .
Warning	8/31/2016 12:20:15 PM	Microsoft-Windows-HttpEvent	15301	None	SSL Certificate Settings created by an admin process for endpoint : 0.0.0.0:44388 .
Warning	8/31/2016 12:20:15 PM	Microsoft-Windows-HttpEvent	15301	None	SSL Certificate Settings created by an admin process for endpoint : 0.0.0.0:44387 .
Warning	8/31/2016 12:20:15 PM	Microsoft-Windows-HttpEvent	15301	None	SSL Certificate Settings created by an admin process for endpoint : 0.0.0.0:44386 .
Warning	8/31/2016 12:20:15 PM	Microsoft-Windows-HttpEvent	15301	None	SSL Certificate Settings created by an admin process for endpoint : 0.0.0.0:44385 .
Warning	8/31/2016 12:20:15 PM	Microsoft-Windows-HttpEvent	15301	None	SSL Certificate Settings created by an admin process for endpoint : 0.0.0.0:44384 .
Warning	8/31/2016 12:20:15 PM	Microsoft-Windows-HttpEvent	15301	None	SSL Certificate Settings created by an admin process for endpoint : 0.0.0.0:44383 .
Warning	8/31/2016 12:20:15 PM	Microsoft-Windows-HttpEvent	15301	None	SSL Certificate Settings created by an admin process for endpoint : 0.0.0.0:44382 .
Warning	8/31/2016 12:20:15 PM	Microsoft-Windows-HttpEvent	15301	None	SSL Certificate Settings created by an admin process for endpoint : 0.0.0.0:44381 .
Warning	8/31/2016 12:20:15 PM	Microsoft-Windows-HttpEvent	15301	None	SSL Certificate Settings created by an admin process for endpoint : 0.0.0.0:44380 .
Warning	8/31/2016 12:20:15 PM	Microsoft-Windows-HttpEvent	15301	None	SSL Certificate Settings created by an admin process for endpoint : 0.0.0.0:44379 .
Warning	8/31/2016 12:20:15 PM	Microsoft-Windows-HttpEvent	15301	None	SSL Certificate Settings created by an admin process for endpoint : 0.0.0.0:44378 .
Warning	8/31/2016 12:20:15 PM	Microsoft-Windows-HttpEvent	15301	None	SSL Certificate Settings created by an admin process for endpoint : 0.0.0.0:44377 .
Warning	8/31/2016 12:20:15 PM	Microsoft-Windows-HttpEvent	15301	None	SSL Certificate Settings created by an admin process for endpoint : 0.0.0.0:44376 .
Warning	8/31/2016 12:20:15 PM	Microsoft-Windows-HttpEvent	15301	None	SSL Certificate Settings created by an admin process for endpoint : 0.0.0.0:44375 .
Warning	8/31/2016 12:20:15 PM	Microsoft-Windows-HttpEvent	15301	None	SSL Certificate Settings created by an admin process for endpoint : 0.0.0.0:44374 .
Warning	8/31/2016 12:20:15 PM	Microsoft-Windows-HttpEvent	15301	None	SSL Certificate Settings created by an admin process for endpoint : 0.0.0.0:44373 .
Warning	8/31/2016 12:20:15 PM	Microsoft-Windows-HttpEvent	15301	None	SSL Certificate Settings created by an admin process for endpoint : 0.0.0.0:44372 .
Warning	8/31/2016 12:20:15 PM	Microsoft-Windows-HttpEvent	15301	None	SSL Certificate Settings created by an admin process for endpoint : 0.0.0.0:44371 .
Warning	8/31/2016 12:20:15 PM	Microsoft-Windows-HttpEvent	15301	None	SSL Certificate Settings created by an admin process for endpoint : 0.0.0.0:44370 .
Warning	8/31/2016 12:20:15 PM	Microsoft-Windows-HttpEvent	15301	None	SSL Certificate Settings created by an admin process for endpoint : 0.0.0.0:44369 .
Warning	8/31/2016 12:20:15 PM	Microsoft-Windows-HttpEvent	15301	None	SSL Certificate Settings created by an admin process for endpoint : 0.0.0.0:44368 .
Warning	8/31/2016 12:20:15 PM	Microsoft-Windows-HttpEvent	15301	None	SSL Certificate Settings created by an admin process for endpoint : 0.0.0.0:44367 .
Warning	8/31/2016 12:20:15 PM	Microsoft-Windows-HttpEvent	15301	None	SSL Certificate Settings created by an admin process for endpoint : 0.0.0.0:44366 .
Warning	8/31/2016 12:20:15 PM	Microsoft-Windows-HttpEvent	15301	None	SSL Certificate Settings created by an admin process for endpoint : 0.0.0.0:44365 .
Warning	8/31/2016 12:20:15 PM	Microsoft-Windows-HttpEvent	15301	None	SSL Certificate Settings created by an admin process for endpoint : 0.0.0.0:44364 .
Warning	8/31/2016 12:20:15 PM	Microsoft-Windows-HttpEvent	15301	None	SSL Certificate Settings created by an admin process for endpoint : 0.0.0.0:44363 .
Warning	8/31/2016 12:20:15 PM	Microsoft-Windows-HttpEvent	15301	None	SSL Certificate Settings created by an admin process for endpoint : 0.0.0.0:44362 .
Warning	8/31/2016 12:20:15 PM	Microsoft-Windows-HttpEvent	15301	None	SSL Certificate Settings created by an admin process for endpoint : 0.0.0.0:44361 .
Warning	8/31/2016 12:20:15 PM	Microsoft-Windows-HttpEvent	15301	None	SSL Certificate Settings created by an admin process for endpoint : 0.0.0.0:44360 .
Warning	8/31/2016 12:20:15 PM	Microsoft-Windows-HttpEvent	15301	None	SSL Certificate Settings created by an admin process for endpoint : 0.0.0.0:44359 .
Warning	8/31/2016 12:20:15 PM	Microsoft-Windows-HttpEvent	15301	None	SSL Certificate Settings created by an admin process for endpoint : 0.0.0.0:44358 .
Warning	8/31/2016 12:20:15 PM	Microsoft-Windows-HttpEvent	15301	None	SSL Certificate Settings created by an admin process for endpoint : 0.0.0.0:44357 .
Warning	8/31/2016 12:20:15 PM	Microsoft-Windows-HttpEvent	15301	None	SSL Certificate Settings created by an admin process for endpoint : 0.0.0.0:44356 .
Warning	8/31/2016 12:20:15 PM	Microsoft-Windows-HttpEvent	15301	None	SSL Certificate Settings created by an admin process for endpoint : 0.0.0.0:44355 .
Warning	8/31/2016 12:20:15 PM	Microsoft-Windows-HttpEvent	15301	None	SSL Certificate Settings created by an admin process for endpoint : 0.0.0.0:44354 .
Warning	8/31/2016 12:20:15 PM	Microsoft-Windows-HttpEvent	15301	None	SSL Certificate Settings created by an admin process for endpoint : 0.0.0.0:44353 .
Warning	8/31/2016 12:20:15 PM	Microsoft-Windows-HttpEvent	15301	None	SSL Certificate Settings created by an admin process for endpoint : 0.0.0.0:44352 .
Warning	8/31/2016 12:20:15 PM	Microsoft-Windows-HttpEvent	15301	None	SSL Certificate Settings created by an admin process for endpoint : 0.0.0.0:44351 .
Warning	8/31/2016 12:20:15 PM	Microsoft-Windows-HttpEvent	15301	None	SSL Certificate Settings created by an admin process for endpoint : 0.0.0.0:44350 .
Warning	8/31/2016 12:20:15 PM	Microsoft-Windows-HttpEvent	15301	None	SSL Certificate Settings created by an admin process for endpoint : 0.0.0.0:44349 .
Warning	8/31/2016 12:20:15 PM	Microsoft-Windows-HttpEvent	15301	None	SSL Certificate Settings created by an admin process for endpoint : 0.0.0.0:44348 .
Warning	8/31/2016 12:20:15 PM	Microsoft-Windows-HttpEvent	15301	None	SSL Certificate Settings created by an admin process for endpoint : 0.0.0.0:44347 .
Warning	8/31/2016 12:20:15 PM	Microsoft-Windows-HttpEvent	15301	None	SSL Certificate Settings created by an admin process for endpoint : 0.0.0.0:44346 .
Warning	8/31/2016 12:20:15 PM	Microsoft-Windows-HttpEvent	15301	None	SSL Certificate Settings created by an admin process for endpoint : 0.0.0.0:44345 .
Warning	8/31/2016 12:20:15 PM	Microsoft-Windows-HttpEvent	15301	None	SSL Certificate Settings created by an admin process for endpoint : 0.0.0.0:44344 .
Warning	8/31/2016 12:20:15 PM	Microsoft-Windows-HttpEvent	15301	None	SSL Certificate Settings created by an admin process for endpoint : 0.0.0.0:44343 .
Warning	8/31/2016 12:20:15 PM	Microsoft-Windows-HttpEvent	15301	None	SSL Certificate Settings created by an admin process for endpoint : 0.0.0.0:44342 .
Warning	8/31/2016 12:20:15 PM	Microsoft-Windows-HttpEvent	15301	None	SSL Certificate Settings created by an admin process for endpoint : 0.0.0.0:44341 .
Warning	8/31/2016 12:20:15 PM	Microsoft-Windows-HttpEvent	15301	None	SSL Certificate Settings created by an admin process for endpoint : 0.0.0.0:44340 .
Warning	8/31/2016 12:20:15 PM	Microsoft-Windows-HttpEvent	15301	None	SSL Certificate Settings created by an admin process for endpoint : 0.0.0.0:44339 .
Warning	8/31/2016 12:20:15 PM	Microsoft-Windows-HttpEvent	15301	None	SSL Certificate Settings created by an admin process for endpoint : 0.0.0.0:44338 .
Warning	8/31/2016 12:20:15 PM	Microsoft-Windows-HttpEvent	15301	None	SSL Certificate Settings created by an admin process for endpoint : 0.0.0.0:44337 .
Warning	8/31/2016 12:20:15 PM	Microsoft-Windows-HttpEvent	15301	None	SSL Certificate Settings created by an admin process for endpoint : 0.0.0.0:44336 .
Warning	8/31/2016 12:20:15 PM	Microsoft-Windows-HttpEvent	15301	None	SSL Certificate Settings created by an admin process for endpoint : 0.0.0.0:44335 .
Warning	8/31/2016 12:20:15 PM	Microsoft-Windows-HttpEvent	15301	None	SSL Certificate Settings created by an admin process for endpoint : 0.0.0.0:44334 .
Warning	8/31/2016 12:20:15 PM	Microsoft-Windows-HttpEvent	15301	None	SSL Certificate Settings created by an admin process for endpoint : 0.0.0.0:44333 .
Warning	8/31/2016 12:20:15 PM	Microsoft-Windows-HttpEvent	15301	None	SSL Certificate Settings created by an admin process for endpoint : 0.0.0.0:44332 .
Warning	8/31/2016 12:20:15 PM	Microsoft-Windows-HttpEvent	15301	None	SSL Certificate Settings created by an admin process for endpoint : 0.0.0.0:44331 .
Warning	8/31/2016 12:20:15 PM	Microsoft-Windows-HttpEvent	15301	None	SSL Certificate Settings created by an admin process for endpoint : 0.0.0.0:44330 .
Warning	8/31/2016 12:20:15 PM	Microsoft-Windows-HttpEvent	15301	None	SSL Certificate Settings created by an admin process for endpoint : 0.0.0.0:44329 .
Warning	8/31/2016 12:20:15 PM	Microsoft-Windows-HttpEvent	15301	None	SSL Certificate Settings created by an admin process for endpoint : 0.0.0.0:44328 .
Warning	8/31/2016 12:20:15 PM	Microsoft-Windows-HttpEvent	15301	None	SSL Certificate Settings created by an admin process for endpoint : 0.0.0.0:44327 .
Warning	8/31/2016 12:20:15 PM	Microsoft-Windows-HttpEvent	15301	None	SSL Certificate Settings created by an admin process for endpoint : 0.0.0.0:44326 .
Warning	8/31/2016 12:20:15 PM	Microsoft-Windows-HttpEvent	15301	None	SSL Certificate Settings created by an admin process for endpoint : 0.0.0.0:44325 .
Warning	8/31/2016 12:20:15 PM	Microsoft-Windows-HttpEvent	15301	None	SSL Certificate Settings created by an admin process for endpoint : 0.0.0.0:44324 .
Warning	8/31/2016 12:20:15 PM	Microsoft-Windows-HttpEvent	15301	None	SSL Certificate Settings created by an admin process for endpoint : 0.0.0.0:44323 .
Warning	8/31/2016 12:20:15 PM	Microsoft-Windows-HttpEvent	15301	None	SSL Certificate Settings created by an admin process for endpoint : 0.0.0.0:44322 .
Warning	8/31/2016 12:20:15 PM	Microsoft-Windows-HttpEvent	15301	None	SSL Certificate Settings created by an admin process for endpoint : 0.0.0.0:44321 .
Warning	8/31/2016 12:20:15 PM	Microsoft-Windows-HttpEvent	15301	None	SSL Certificate Settings created by an admin process for endpoint : 0.0.0.0:44320 .
Warning	8/31/2016 12:20:15 PM	Microsoft-Windows-HttpEvent	15301	None	SSL Certificate Settings created by an admin process for endpoint : 0.0.0.0:44319 .
Warning	8/31/2016 12:20:15 PM	Microsoft-Windows-HttpEvent	15301	None	SSL Certificate Settings created by an admin process for endpoint : 0.0.0.0:44318 .
Warning	8/31/2016 12:20:15 PM	Microsoft-Windows-HttpEvent	15301	None	SSL Certificate Settings created by an admin process for endpoint : 0.0.0.0:44317 .
Warning	8/31/2016 12:20:15 PM	Microsoft-Windows-HttpEvent	15301	None	SSL Certificate Settings created by an admin process for endpoint : 0.0.0.0:44316 .
Warning	8/31/2016 12:20:15 PM	Microsoft-Windows-HttpEvent	15301	None	SSL Certificate Settings created by an admin process for endpoint : 0.0.0.0:44315 .
Warning	8/31/2016 12:20:15 PM	Microsoft-Windows-HttpEvent	15301	None	SSL Certificate Settings created by an admin process for endpoint : 0.0.0.0:44314 .
Warning	8/31/2016 12:20:15 PM	Microsoft-Windows-HttpEvent	15301	None	SSL Certificate Settings created by an admin process for endpoint : 0.0.0.0:44313 .
Warning	8/31/2016 12:20:15 PM	Microsoft-Windows-HttpEvent	15301	None	SSL Certificate Settings created by an admin process for endpoint : 0.0.0.0:44312 .
Warning	8/31/2016 12:20:15 PM	Microsoft-Windows-HttpEvent	15301	None	SSL Certificate Settings created by an admin process for endpoint : 0.0.0.0:44311 .
Warning	8/31/2016 12:20:15 PM	Microsoft-Windows-HttpEvent	15301	None	SSL Certificate Settings created by an admin process for endpoint : 0.0.0.0:44310 .
Warning	8/31/2016 12:20:15 PM	Microsoft-Windows-HttpEvent	15301	None	SSL Certificate Settings created by an admin process for endpoint : 0.0.0.0:44309 .
Warning	8/31/2016 12:20:15 PM	Microsoft-Windows-HttpEvent	15301	None	SSL Certificate Settings created by an admin process for endpoint : 0.0.0.0:44308 .
Warning	8/31/2016 12:20:15 PM	Microsoft-Windows-HttpEvent	15301	None	SSL Certificate Settings created by an admin process for endpoint : 0.0.0.0:44307 .
Warning	8/31/2016 12:20:15 PM	Microsoft-Windows-HttpEvent	15301	None	SSL Certificate Settings created by an admin process for endpoint : 0.0.0.0:44306 .
Warning	8/31/2016 12:20:15 PM	Microsoft-Windows-HttpEvent	15301	None	SSL Certificate Settings created by an admin process for endpoint : 0.0.0.0:44305 .
Warning	8/31/2016 12:20:15 PM	Microsoft-Windows-HttpEvent	15301	None	SSL Certificate Settings created by an admin process for endpoint : 0.0.0.0:44304 .
Warning	8/31/2016 12:20:15 PM	Microsoft-Windows-HttpEvent	15301	None	SSL Certificate Settings created by an admin process for endpoint : 0.0.0.0:44303 .
Warning	8/31/2016 12:20:15 PM	Microsoft-Windows-HttpEvent	15301	None	SSL Certificate Settings created by an admin process for endpoint : 0.0.0.0:44302 .
Warning	8/31/2016 12:20:15 PM	Microsoft-Windows-HttpEvent	15301	None	SSL Certificate Settings created by an admin process for endpoint : 0.0.0.0:44301 .
Warning	8/31/2016 12:20:14 PM	Microsoft-Windows-HttpEvent	15301	None	SSL Certificate Settings created by an admin process for endpoint : 0.0.0.0:44300 .
Information	8/31/2016 12:12:24 PM	Service Control Manager	7040	None	The start type of the Background Intelligent Transfer Service service was changed from demand start to auto start.
Information	8/31/2016 12:07:45 PM	Service Control Manager	7040	None	The start type of the VMware Workstation Server service was changed from demand start to auto start.
Information	8/31/2016 12:07:44 PM	Service Control Manager	7040	None	The start type of the Windows Socket 2.0 Non-IFS Service Provider Support Environment service was changed from disabled to system start.
Information	8/31/2016 12:07:44 PM	Service Control Manager	7045	None	"A service was installed in the system.

Service Name:  vSockets Driver
Service File Name:  C:\Windows\system32\drivers\vsock.sys
Service Type:  kernel mode driver
Service Start Type:  boot start
Service Account:  "
Information	8/31/2016 12:07:44 PM	Microsoft-Windows-UserPnp	20001	(7005)	Driver Management concluded the process to install driver vmci.inf_amd64_faff95b55e0fdc1f\vmci.inf for Device Instance ID ROOT\VMWVMCIHOSTDEV\0000 with the following status: 0x0.
Information	8/31/2016 12:07:44 PM	Service Control Manager	7045	None	"A service was installed in the system.

Service Name:  VMware VMCI Bus Driver
Service File Name:  System32\drivers\vmci.sys
Service Type:  kernel mode driver
Service Start Type:  boot start
Service Account:  "
Information	8/31/2016 12:07:43 PM	vmx86	34	None	"The description for Event ID 34 from source vmx86 cannot be found. Either the component that raises this event is not installed on your local computer or the installation is corrupted. You can install or repair the component on the local computer.

If the event originated on another computer, the display information had to be saved with the event.

The following information was included with the event: 

VMX86.SYS: begin DriverEntry built @ 17:11:03
"
Information	8/31/2016 12:07:43 PM	Service Control Manager	7045	None	"A service was installed in the system.

Service Name:  VMware vmx86
Service File Name:  C:\Windows\system32\drivers\vmx86.sys
Service Type:  kernel mode driver
Service Start Type:  auto start
Service Account:  "
Information	8/31/2016 12:07:43 PM	Service Control Manager	7045	None	"A service was installed in the system.

Service Name:  VMware kbd
Service File Name:  C:\Windows\system32\drivers\VMkbd.sys
Service Type:  kernel mode driver
Service Start Type:  demand start
Service Account:  "
Information	8/31/2016 12:07:35 PM	Microsoft-Windows-UserPnp	20001	(7005)	Driver Management concluded the process to install driver netadapter.inf_amd64_6a0f50617799c89d\netadapter.inf for Device Instance ID ROOT\VMWARE\0001 with the following status: 0x0.
Information	8/31/2016 12:07:35 PM	Microsoft-Windows-UserPnp	20003	(7005)	Driver Management has concluded the process to add Service VMnetAdapter for Device Instance ID ROOT\VMWARE\0001 with the following status: 0.
Information	8/31/2016 12:07:30 PM	VMnetAdapter	36	None	() Starting up the Adapter Driver for VMware Virtual Networks.
Information	8/31/2016 12:07:30 PM	Microsoft-Windows-UserPnp	20001	(7005)	Driver Management concluded the process to install driver netadapter.inf_amd64_6a0f50617799c89d\netadapter.inf for Device Instance ID ROOT\VMWARE\0000 with the following status: 0x0.
Information	8/31/2016 12:07:30 PM	VMnetAdapter	36	None	() Starting up the Adapter Driver for VMware Virtual Networks.
Information	8/31/2016 12:07:30 PM	Microsoft-Windows-UserPnp	20003	(7005)	Driver Management has concluded the process to add Service VMnetAdapter for Device Instance ID ROOT\VMWARE\0000 with the following status: 0.
Information	8/31/2016 12:07:30 PM	Service Control Manager	7045	None	"A service was installed in the system.

Service Name:  VMware Virtual Ethernet Adapter Driver
Service File Name:  \SystemRoot\system32\DRIVERS\vmnetadapter.sys
Service Type:  kernel mode driver
Service Start Type:  demand start
Service Account:  "
Information	8/31/2016 12:07:25 PM	Service Control Manager	7045	None	"A service was installed in the system.

Service Name:  VMware DHCP Service
Service File Name:  C:\Windows\SysWoW64\vmnetdhcp.exe
Service Type:  user mode service
Service Start Type:  auto start
Service Account:  LocalSystem"
Information	8/31/2016 12:07:24 PM	VMnetuserif	1	None	() Starting up the User Interface Driver for VMware Virtual Networks.
Information	8/31/2016 12:07:21 PM	Service Control Manager	7045	None	"A service was installed in the system.

Service Name:  VMware NAT Service
Service File Name:  C:\Windows\SysWoW64\vmnat.exe
Service Type:  user mode service
Service Start Type:  auto start
Service Account:  LocalSystem"
Information	8/31/2016 12:07:21 PM	Service Control Manager	7045	None	"A service was installed in the system.

Service Name:  VMware Network Application Interface
Service File Name:  C:\Windows\system32\drivers\vmnetuserif.sys
Service Type:  kernel mode driver
Service Start Type:  auto start
Service Account:  "
Information	8/31/2016 12:07:20 PM	VMnetBridge	10	None	() Starting up the Bridge Driver for VMware Virtual Networks.
Information	8/31/2016 12:07:20 PM	Service Control Manager	7045	None	"A service was installed in the system.

Service Name:  VMware Bridge Protocol
Service File Name:  \SystemRoot\system32\DRIVERS\vmnetbridge.sys
Service Type:  kernel mode driver
Service Start Type:  auto start
Service Account:  "
Information	8/31/2016 12:07:15 PM	Service Control Manager	7045	None	"A service was installed in the system.

Service Name:  VMware USB Arbitration Service
Service File Name:  ""C:\Program Files (x86)\Common Files\VMware\USB\vmware-usbarbitrator64.exe""
Service Type:  user mode service
Service Start Type:  auto start
Service Account:  LocalSystem"
Information	8/31/2016 12:07:15 PM	Service Control Manager	7045	None	"A service was installed in the system.

Service Name:  VMware hcmon
Service File Name:  C:\Windows\system32\drivers\hcmon.sys
Service Type:  kernel mode driver
Service Start Type:  auto start
Service Account:  "
Information	8/31/2016 12:07:10 PM	Service Control Manager	7045	None	"A service was installed in the system.

Service Name:  VMware Workstation Server
Service File Name:  ""C:\Program Files (x86)\VMware\VMware Workstation\vmware-hostd.exe"" -u ""C:\ProgramData\VMware\hostd\config.xml""
Service Type:  user mode service
Service Start Type:  demand start
Service Account:  LocalSystem"
Information	8/31/2016 12:07:10 PM	Service Control Manager	7045	None	"A service was installed in the system.

Service Name:  VMware Authorization Service
Service File Name:  ""C:\Program Files (x86)\VMware\VMware Workstation\vmware-authd.exe""
Service Type:  user mode service
Service Start Type:  auto start
Service Account:  LocalSystem"
Information	8/31/2016 12:07:08 PM	Service Control Manager	7045	None	"A service was installed in the system.

Service Name:  Vstor2 MntApi 2.0 Driver (shared)
Service File Name:  SysWOW64\drivers\vstor2-mntapi20-shared.sys
Service Type:  kernel mode driver
Service Start Type:  auto start
Service Account:  "
Information	8/31/2016 12:03:33 PM	Service Control Manager	7040	None	The start type of the Background Intelligent Transfer Service service was changed from auto start to demand start.
Information	8/31/2016 12:01:55 PM	Virtual Disk Service	4	None	Service stopped.
Information	8/31/2016 12:01:13 PM	Microsoft-Windows-HttpEvent	15007	None	Reservation for namespace identified by URL prefix http://+:8317/ was successfully added.
Information	8/31/2016 12:00:29 PM	Service Control Manager	7040	None	The start type of the Background Intelligent Transfer Service service was changed from demand start to auto start.
Information	8/31/2016 12:00:00 PM	EventLog	6013	None	The system uptime is 702 seconds.
Information	8/31/2016 11:59:57 AM	Service Control Manager	7045	None	"A service was installed in the system.

Service Name:  pcicsa.sys
Service File Name:  C:\Program Files\Lenovo\Lenovo Solution Center\App\ldiag\x64\pcicsa_x64.sys
Service Type:  kernel mode driver
Service Start Type:  demand start
Service Account:  "
Information	8/31/2016 11:59:57 AM	Service Control Manager	7045	None	"A service was installed in the system.

Service Name:  ldiagio
Service File Name:  C:\Program Files\Lenovo\Lenovo Solution Center\App\ldiag\x64\ldiagio_uefi.sys
Service Type:  kernel mode driver
Service Start Type:  demand start
Service Account:  "
Information	8/31/2016 11:59:53 AM	Service Control Manager	7045	None	"A service was installed in the system.

Service Name:  pcicsa.sys
Service File Name:  C:\Program Files\Lenovo\Lenovo Solution Center\App\ldiag\x64\pcicsa_x64.sys
Service Type:  kernel mode driver
Service Start Type:  demand start
Service Account:  "
Information	8/31/2016 11:59:53 AM	Service Control Manager	7045	None	"A service was installed in the system.

Service Name:  ldiagio
Service File Name:  C:\Program Files\Lenovo\Lenovo Solution Center\App\ldiag\x64\ldiagio_uefi.sys
Service Type:  kernel mode driver
Service Start Type:  demand start
Service Account:  "
Information	8/31/2016 11:59:50 AM	Service Control Manager	7045	None	"A service was installed in the system.

Service Name:  pcicsa.sys
Service File Name:  C:\Program Files\Lenovo\Lenovo Solution Center\App\ldiag\x64\pcicsa_x64.sys
Service Type:  kernel mode driver
Service Start Type:  demand start
Service Account:  "
Information	8/31/2016 11:59:50 AM	Service Control Manager	7045	None	"A service was installed in the system.

Service Name:  ldiagio
Service File Name:  C:\Program Files\Lenovo\Lenovo Solution Center\App\ldiag\x64\ldiagio_uefi.sys
Service Type:  kernel mode driver
Service Start Type:  demand start
Service Account:  "
Information	8/31/2016 11:59:49 AM	Service Control Manager	7045	None	"A service was installed in the system.

Service Name:  pcicsa.sys
Service File Name:  C:\Program Files\Lenovo\Lenovo Solution Center\App\ldiag\x64\pcicsa_x64.sys
Service Type:  kernel mode driver
Service Start Type:  demand start
Service Account:  "
Information	8/31/2016 11:59:49 AM	Service Control Manager	7045	None	"A service was installed in the system.

Service Name:  ldiagio
Service File Name:  C:\Program Files\Lenovo\Lenovo Solution Center\App\ldiag\x64\ldiagio_uefi.sys
Service Type:  kernel mode driver
Service Start Type:  demand start
Service Account:  "
Information	8/31/2016 11:59:48 AM	Service Control Manager	7045	None	"A service was installed in the system.

Service Name:  pcicsa.sys
Service File Name:  C:\Program Files\Lenovo\Lenovo Solution Center\App\ldiag\x64\pcicsa_x64.sys
Service Type:  kernel mode driver
Service Start Type:  demand start
Service Account:  "
Information	8/31/2016 11:59:48 AM	Service Control Manager	7045	None	"A service was installed in the system.

Service Name:  ldiagio
Service File Name:  C:\Program Files\Lenovo\Lenovo Solution Center\App\ldiag\x64\ldiagio_uefi.sys
Service Type:  kernel mode driver
Service Start Type:  demand start
Service Account:  "
Information	8/31/2016 11:59:47 AM	Service Control Manager	7045	None	"A service was installed in the system.

Service Name:  pcicsa.sys
Service File Name:  C:\Program Files\Lenovo\Lenovo Solution Center\App\ldiag\x64\pcicsa_x64.sys
Service Type:  kernel mode driver
Service Start Type:  demand start
Service Account:  "
Information	8/31/2016 11:59:47 AM	Service Control Manager	7045	None	"A service was installed in the system.

Service Name:  ldiagio
Service File Name:  C:\Program Files\Lenovo\Lenovo Solution Center\App\ldiag\x64\ldiagio_uefi.sys
Service Type:  kernel mode driver
Service Start Type:  demand start
Service Account:  "
Information	8/31/2016 11:59:46 AM	Service Control Manager	7045	None	"A service was installed in the system.

Service Name:  pcicsa.sys
Service File Name:  C:\Program Files\Lenovo\Lenovo Solution Center\App\ldiag\x64\pcicsa_x64.sys
Service Type:  kernel mode driver
Service Start Type:  demand start
Service Account:  "
Information	8/31/2016 11:59:46 AM	Service Control Manager	7045	None	"A service was installed in the system.

Service Name:  ldiagio
Service File Name:  C:\Program Files\Lenovo\Lenovo Solution Center\App\ldiag\x64\ldiagio_uefi.sys
Service Type:  kernel mode driver
Service Start Type:  demand start
Service Account:  "
Information	8/31/2016 11:59:45 AM	Service Control Manager	7045	None	"A service was installed in the system.

Service Name:  pcicsa.sys
Service File Name:  C:\Program Files\Lenovo\Lenovo Solution Center\App\ldiag\x64\pcicsa_x64.sys
Service Type:  kernel mode driver
Service Start Type:  demand start
Service Account:  "
Information	8/31/2016 11:59:45 AM	Service Control Manager	7045	None	"A service was installed in the system.

Service Name:  ldiagio
Service File Name:  C:\Program Files\Lenovo\Lenovo Solution Center\App\ldiag\x64\ldiagio_uefi.sys
Service Type:  kernel mode driver
Service Start Type:  demand start
Service Account:  "
Information	8/31/2016 11:59:44 AM	Service Control Manager	7045	None	"A service was installed in the system.

Service Name:  pcicsa.sys
Service File Name:  C:\Program Files\Lenovo\Lenovo Solution Center\App\ldiag\x64\pcicsa_x64.sys
Service Type:  kernel mode driver
Service Start Type:  demand start
Service Account:  "
Information	8/31/2016 11:59:44 AM	Service Control Manager	7045	None	"A service was installed in the system.

Service Name:  ldiagio
Service File Name:  C:\Program Files\Lenovo\Lenovo Solution Center\App\ldiag\x64\ldiagio_uefi.sys
Service Type:  kernel mode driver
Service Start Type:  demand start
Service Account:  "
Information	8/31/2016 11:59:43 AM	Service Control Manager	7045	None	"A service was installed in the system.

Service Name:  pcicsa.sys
Service File Name:  C:\Program Files\Lenovo\Lenovo Solution Center\App\ldiag\x64\pcicsa_x64.sys
Service Type:  kernel mode driver
Service Start Type:  demand start
Service Account:  "
Information	8/31/2016 11:59:43 AM	Service Control Manager	7045	None	"A service was installed in the system.

Service Name:  ldiagio
Service File Name:  C:\Program Files\Lenovo\Lenovo Solution Center\App\ldiag\x64\ldiagio_uefi.sys
Service Type:  kernel mode driver
Service Start Type:  demand start
Service Account:  "
Information	8/31/2016 11:58:17 AM	Microsoft-Windows-HttpEvent	15007	None	Reservation for namespace identified by URL prefix http://+:8298/ was successfully added.
Information	8/31/2016 11:58:16 AM	Service Control Manager	7045	None	"A service was installed in the system.

Service Name:  TechSmith Uploader Service
Service File Name:  ""C:\Program Files (x86)\Common Files\TechSmith Shared\Uploader\UploaderService.exe"" /service
Service Type:  user mode service
Service Start Type:  auto start
Service Account:  LocalSystem"
Information	8/31/2016 11:57:02 AM	Service Control Manager	7045	None	"A service was installed in the system.

Service Name:  MS-MPI Launch Service
Service File Name:  ""C:\Program Files\Microsoft MPI\Bin\msmpilaunchsvc.exe""
Service Type:  user mode service
Service Start Type:  demand start
Service Account:  LocalSystem"
Information	8/31/2016 11:53:27 AM	Service Control Manager	7040	None	The start type of the Background Intelligent Transfer Service service was changed from auto start to demand start.
Information	8/31/2016 11:51:56 AM	Virtual Disk Service	3	None	Service started.
Information	8/31/2016 11:51:51 AM	Microsoft-Windows-Ntfs	98	None	Volume Windows7_OS (\Device\HarddiskVolumeShadowCopy2) is healthy.  No action is needed.
Information	8/31/2016 11:51:23 AM	Service Control Manager	7040	None	The start type of the Background Intelligent Transfer Service service was changed from demand start to auto start.
Error	8/31/2016 11:51:19 AM	Microsoft-Windows-WindowsUpdateClient	20	Windows Update Agent	Installation Failure: Windows failed to install the following update with error 0x80070643: Definition Update for Windows Defender - KB2267602 (Definition 1.227.1228.0).
Information	8/31/2016 11:51:13 AM	Microsoft-Windows-WindowsUpdateClient	43	Windows Update Agent	Installation Started: Windows has started installing the following update: Definition Update for Windows Defender - KB2267602 (Definition 1.227.1228.0)
Information	8/31/2016 11:50:50 AM	Microsoft-Windows-WindowsUpdateClient	44	Windows Update Agent	Windows Update started downloading an update.
Information	8/31/2016 11:49:53 AM	Microsoft-Windows-Kernel-General	16	None	The access history in hive \??\C:\Users\AndyL\AppData\Local\Packages\Microsoft.WindowsMaps_8wekyb3d8bbwe\Settings\settings.dat was cleared updating 3 keys and creating 1 modified pages.
Information	8/31/2016 11:49:25 AM	Microsoft-Windows-WindowsUpdateClient	19	Windows Update Agent	Installation Successful: Windows successfully installed the following update: Cumulative Update for Windows 10 Version 1607 for x64-based Systems (KB3176938)
Error	8/31/2016 11:49:14 AM	Microsoft-Windows-DistributedCOM	10016	None	"The application-specific permission settings do not grant Local Activation permission for the COM Server application with CLSID 
{6B3B8D23-FA8D-40B9-8DBD-B950333E2C52}
 and APPID 
{4839DDB7-58C2-48F5-8283-E1D1807D0D7D}
 to the user NT AUTHORITY\LOCAL SERVICE SID (S-1-5-19) from address LocalHost (Using LRPC) running in the application container Unavailable SID (Unavailable). This security permission can be modified using the Component Services administrative tool."
Error	8/31/2016 11:49:14 AM	Microsoft-Windows-DistributedCOM	10016	None	"The application-specific permission settings do not grant Local Activation permission for the COM Server application with CLSID 
{6B3B8D23-FA8D-40B9-8DBD-B950333E2C52}
 and APPID 
{4839DDB7-58C2-48F5-8283-E1D1807D0D7D}
 to the user NT AUTHORITY\LOCAL SERVICE SID (S-1-5-19) from address LocalHost (Using LRPC) running in the application container Unavailable SID (Unavailable). This security permission can be modified using the Component Services administrative tool."
Error	8/31/2016 11:49:13 AM	Microsoft-Windows-DistributedCOM	10016	None	"The application-specific permission settings do not grant Local Activation permission for the COM Server application with CLSID 
{8D8F4F83-3594-4F07-8369-FC3C3CAE4919}
 and APPID 
{F72671A9-012C-4725-9D2F-2A4D32D65169}
 to the user NT AUTHORITY\SYSTEM SID (S-1-5-18) from address LocalHost (Using LRPC) running in the application container Unavailable SID (Unavailable). This security permission can be modified using the Component Services administrative tool."
Information	8/31/2016 11:49:13 AM	Microsoft-Windows-Winlogon	7001	(1101)	User Logon Notification for Customer Experience Improvement Program
Information	8/31/2016 11:49:09 AM	Service Control Manager	7040	None	The start type of the Windows Modules Installer service was changed from auto start to demand start.
Information	8/31/2016 11:48:52 AM	Microsoft-Windows-TPM-WMI	1026	None	"The Trusted Platform Module (TPM) hardware on this computer cannot be provisioned for use automatically.  To set up the TPM interactively use the TPM management console (Start->tpm.msc) and use the action to make the TPM ready.

Error: The TPM provisioning action is not allowed by the specified flags.  For provisioning to be successful, one of several actions may be required.  The TPM management console (tpm.msc) action to make the TPM Ready may help.  For further information, see the documentation for the Win32_Tpm WMI method 'Provision'.  (The actions that may be required include importing the TPM Owner Authorization value into the system, calling the Win32_Tpm WMI method for provisioning the TPM and specifying TRUE for either 'ForceClear_Allowed' or 'PhysicalPresencePrompts_Allowed' (as indicated by the value returned in the Additional Information), or enabling the TPM in the system BIOS.)
Additional Information: 0x80011c"
Information	8/31/2016 11:48:43 AM	Microsoft-Windows-TPM-WMI	1026	None	"The Trusted Platform Module (TPM) hardware on this computer cannot be provisioned for use automatically.  To set up the TPM interactively use the TPM management console (Start->tpm.msc) and use the action to make the TPM ready.

Error: The TPM provisioning action is not allowed by the specified flags.  For provisioning to be successful, one of several actions may be required.  The TPM management console (tpm.msc) action to make the TPM Ready may help.  For further information, see the documentation for the Win32_Tpm WMI method 'Provision'.  (The actions that may be required include importing the TPM Owner Authorization value into the system, calling the Win32_Tpm WMI method for provisioning the TPM and specifying TRUE for either 'ForceClear_Allowed' or 'PhysicalPresencePrompts_Allowed' (as indicated by the value returned in the Additional Information), or enabling the TPM in the system BIOS.)
Additional Information: 0x80011c"
Information	8/31/2016 11:48:37 AM	TPM	18	None	This event triggers the Trusted Platform Module (TPM) provisioning/status check to run.
Information	8/31/2016 11:48:33 AM	Lfsvc	1	None	Geolocation positioning is enabled.
Information	8/31/2016 11:48:32 AM	Service Control Manager	7026	None	"The following boot-start or system-start driver(s) did not load: 
cdrom
dam"
Information	8/31/2016 11:48:32 AM	Microsoft-Windows-WLAN-AutoConfig	10001	None	"WLAN Extensibility Module has successfully started.

Module Path: C:\Windows\System32\IWMSSvc.dll
"
Information	8/31/2016 11:48:31 AM	Win32k	267	None	"The description for Event ID 267 from source Win32k cannot be found. Either the component that raises this event is not installed on your local computer or the installation is corrupted. You can install or repair the component on the local computer.

If the event originated on another computer, the display information had to be saved with the event.

The following information was included with the event: 


The specified resource type cannot be found in the image file
"
Information	8/31/2016 11:48:30 AM	BTHUSB	35	None	Bluetooth radio enablement has been accepted due to policy Connectivity\AllowBluetooth.
Information	8/31/2016 11:48:30 AM	BTHUSB	36	None	Bluetooth radio has accepted advertising due to policy Bluetooth\AllowAdvertising.
Information	8/31/2016 11:48:30 AM	BTHUSB	37	None	Bluetooth radio has accepted discoverability due to policy Bluetooth\AllowDiscoverableMode.
Information	8/31/2016 11:48:30 AM	BTHUSB	34	None	A Bluetooth policy has changed.  Policy Bluetooth\ServicesAllowedList has value of: *
Information	8/31/2016 11:48:30 AM	BTHUSB	34	None	A Bluetooth policy has changed.  Policy Bluetooth\AllowAdvertising has value of: 1
Information	8/31/2016 11:48:30 AM	BTHUSB	34	None	A Bluetooth policy has changed.  Policy Bluetooth\AllowDiscoverableMode has value of: 1
Information	8/31/2016 11:48:30 AM	BTHUSB	34	None	A Bluetooth policy has changed.  Policy Connectivity\AllowBluetooth has value of: 2
Information	8/31/2016 11:48:30 AM	Microsoft-Windows-WLAN-AutoConfig	4000	None	"WLAN AutoConfig service has successfully started.
"
Warning	8/31/2016 11:48:30 AM	Microsoft-Windows-TaskScheduler	414	Task Misconfiguration	Task Scheduler service found a misconfiguration in the NT TASK\DolbySelectorTask definition. Additional Data: Error Value: %ProgramFiles%\Dolby Digital Plus\ddp.exe.
Information	8/31/2016 11:48:30 AM	Microsoft-Windows-FilterManager	6	None	File System Filter 'wcnfs' (10.0, ‎2016‎-‎07‎-‎15T20:28:27.000000000Z) has successfully loaded and registered with Filter Manager.
Information	8/31/2016 11:48:30 AM	Microsoft-Windows-FilterManager	6	None	File System Filter 'storqosflt' (10.0, ‎2016‎-‎07‎-‎15T20:26:43.000000000Z) has successfully loaded and registered with Filter Manager.
Information	8/31/2016 11:48:30 AM	Microsoft-Windows-FilterManager	6	None	File System Filter 'luafv' (10.0, ‎2016‎-‎07‎-‎15T20:21:48.000000000Z) has successfully loaded and registered with Filter Manager.
Information	8/31/2016 11:48:30 AM	Microsoft-Windows-FilterManager	6	None	File System Filter 'wcifs' (10.0, ‎2016‎-‎07‎-‎15T20:27:16.000000000Z) has successfully loaded and registered with Filter Manager.
Information	8/31/2016 11:48:30 AM	Microsoft-Windows-DHCPv6-Client	51046	Service State Event	DHCPv6 client service is started
Information	8/31/2016 11:48:30 AM	Microsoft-Windows-Dhcp-Client	50036	Service State Event	DHCPv4 client service is started
