Error	9/7/2016 12:04:13 PM	disk	154	None	The IO operation at logical block address 0xebb9348 for Disk 3 (PDO name: \Device\0000006d) failed due to a hardware error.
Error	9/7/2016 12:04:13 PM	disk	154	None	The IO operation at logical block address 0x616021a for Disk 3 (PDO name: \Device\0000006d) failed due to a hardware error.
Error	9/7/2016 12:04:13 PM	disk	154	None	The IO operation at logical block address 0x38ecee7b for Disk 3 (PDO name: \Device\0000006d) failed due to a hardware error.
Error	9/7/2016 12:04:12 PM	disk	154	None	The IO operation at logical block address 0x0 for Disk 3 (PDO name: \Device\0000006d) failed due to a hardware error.
Error	9/7/2016 12:04:11 PM	disk	154	None	The IO operation at logical block address 0x0 for Disk 3 (PDO name: \Device\0000006d) failed due to a hardware error.
Error	9/7/2016 12:03:56 PM	disk	154	None	The IO operation at logical block address 0x0 for Disk 3 (PDO name: \Device\0000006d) failed due to a hardware error.
Error	9/7/2016 12:03:55 PM	disk	154	None	The IO operation at logical block address 0x0 for Disk 3 (PDO name: \Device\0000006d) failed due to a hardware error.
Error	9/7/2016 12:03:55 PM	disk	154	None	The IO operation at logical block address 0x0 for Disk 3 (PDO name: \Device\0000006d) failed due to a hardware error.
Error	9/7/2016 12:03:54 PM	disk	154	None	The IO operation at logical block address 0x0 for Disk 3 (PDO name: \Device\0000006d) failed due to a hardware error.
Error	9/7/2016 12:03:53 PM	disk	154	None	The IO operation at logical block address 0x0 for Disk 3 (PDO name: \Device\0000006d) failed due to a hardware error.
Error	9/7/2016 12:03:53 PM	disk	154	None	The IO operation at logical block address 0x0 for Disk 3 (PDO name: \Device\0000006d) failed due to a hardware error.
Error	9/7/2016 12:03:52 PM	disk	154	None	The IO operation at logical block address 0x0 for Disk 3 (PDO name: \Device\0000006d) failed due to a hardware error.
Error	9/7/2016 12:03:51 PM	disk	154	None	The IO operation at logical block address 0x0 for Disk 3 (PDO name: \Device\0000006d) failed due to a hardware error.
Error	9/7/2016 12:03:51 PM	disk	154	None	The IO operation at logical block address 0x0 for Disk 3 (PDO name: \Device\0000006d) failed due to a hardware error.
Error	9/7/2016 12:03:50 PM	disk	154	None	The IO operation at logical block address 0x0 for Disk 3 (PDO name: \Device\0000006d) failed due to a hardware error.
Error	9/7/2016 12:03:49 PM	disk	154	None	The IO operation at logical block address 0x0 for Disk 3 (PDO name: \Device\0000006d) failed due to a hardware error.
Error	9/7/2016 12:03:49 PM	disk	154	None	The IO operation at logical block address 0x0 for Disk 3 (PDO name: \Device\0000006d) failed due to a hardware error.
Error	9/7/2016 12:03:48 PM	disk	154	None	The IO operation at logical block address 0x0 for Disk 3 (PDO name: \Device\0000006d) failed due to a hardware error.
Error	9/7/2016 12:03:47 PM	disk	154	None	The IO operation at logical block address 0x0 for Disk 3 (PDO name: \Device\0000006d) failed due to a hardware error.
Error	9/7/2016 12:03:47 PM	disk	154	None	The IO operation at logical block address 0x0 for Disk 3 (PDO name: \Device\0000006d) failed due to a hardware error.
Error	9/7/2016 12:03:46 PM	disk	154	None	The IO operation at logical block address 0x0 for Disk 3 (PDO name: \Device\0000006d) failed due to a hardware error.
Error	9/7/2016 12:03:45 PM	disk	154	None	The IO operation at logical block address 0x0 for Disk 3 (PDO name: \Device\0000006d) failed due to a hardware error.
Error	9/7/2016 12:02:25 PM	disk	154	None	The IO operation at logical block address 0x0 for Disk 3 (PDO name: \Device\0000006d) failed due to a hardware error.
Error	9/7/2016 12:02:21 PM	disk	154	None	The IO operation at logical block address 0x0 for Disk 3 (PDO name: \Device\0000006d) failed due to a hardware error.
Error	9/7/2016 12:02:20 PM	disk	154	None	The IO operation at logical block address 0x0 for Disk 3 (PDO name: \Device\0000006d) failed due to a hardware error.
Error	9/7/2016 12:02:11 PM	disk	154	None	The IO operation at logical block address 0x0 for Disk 3 (PDO name: \Device\0000006d) failed due to a hardware error.
Error	9/7/2016 12:02:11 PM	disk	154	None	The IO operation at logical block address 0x0 for Disk 3 (PDO name: \Device\0000006d) failed due to a hardware error.
Error	9/7/2016 12:02:02 PM	disk	154	None	The IO operation at logical block address 0x0 for Disk 3 (PDO name: \Device\0000006d) failed due to a hardware error.
Error	9/7/2016 12:02:02 PM	disk	154	None	The IO operation at logical block address 0x0 for Disk 3 (PDO name: \Device\0000006d) failed due to a hardware error.
Error	9/7/2016 12:01:53 PM	disk	154	None	The IO operation at logical block address 0x0 for Disk 3 (PDO name: \Device\0000006d) failed due to a hardware error.
Error	9/7/2016 12:01:53 PM	disk	154	None	The IO operation at logical block address 0x0 for Disk 3 (PDO name: \Device\0000006d) failed due to a hardware error.
Error	9/7/2016 12:01:51 PM	disk	154	None	The IO operation at logical block address 0x0 for Disk 3 (PDO name: \Device\0000006d) failed due to a hardware error.
Error	9/7/2016 12:01:51 PM	disk	154	None	The IO operation at logical block address 0x0 for Disk 3 (PDO name: \Device\0000006d) failed due to a hardware error.
Error	9/7/2016 12:01:50 PM	disk	154	None	The IO operation at logical block address 0x0 for Disk 3 (PDO name: \Device\0000006d) failed due to a hardware error.
Error	9/7/2016 12:01:50 PM	disk	154	None	The IO operation at logical block address 0x0 for Disk 3 (PDO name: \Device\0000006d) failed due to a hardware error.
Error	9/7/2016 12:01:48 PM	disk	154	None	The IO operation at logical block address 0x0 for Disk 3 (PDO name: \Device\0000006d) failed due to a hardware error.
Error	9/7/2016 12:01:37 PM	disk	154	None	The IO operation at logical block address 0x0 for Disk 3 (PDO name: \Device\0000006d) failed due to a hardware error.
Error	9/7/2016 12:01:36 PM	disk	154	None	The IO operation at logical block address 0x0 for Disk 3 (PDO name: \Device\0000006d) failed due to a hardware error.
Error	9/7/2016 12:01:32 PM	disk	154	None	The IO operation at logical block address 0x0 for Disk 3 (PDO name: \Device\0000006d) failed due to a hardware error.
Information	9/7/2016 12:00:00 PM	EventLog	6013	None	The system uptime is 95105 seconds.
Error	9/7/2016 11:57:56 AM	Volsnap	36	None	The shadow copies of volume C: were aborted because the shadow copy storage could not grow due to a user imposed limit.
Information	9/7/2016 11:54:00 AM	Volsnap	33	None	The oldest shadow copy of volume C: was deleted to keep disk space usage for shadow copies of volume C: below the user defined limit.
Information	9/7/2016 11:48:11 AM	Volsnap	33	None	The oldest shadow copy of volume C: was deleted to keep disk space usage for shadow copies of volume C: below the user defined limit.
Information	9/7/2016 11:42:16 AM	Volsnap	33	None	The oldest shadow copy of volume C: was deleted to keep disk space usage for shadow copies of volume C: below the user defined limit.
Information	9/7/2016 11:41:47 AM	Volsnap	33	None	The oldest shadow copy of volume C: was deleted to keep disk space usage for shadow copies of volume C: below the user defined limit.
Information	9/7/2016 11:41:24 AM	Volsnap	33	None	The oldest shadow copy of volume C: was deleted to keep disk space usage for shadow copies of volume C: below the user defined limit.
Error	9/7/2016 11:34:30 AM	disk	154	None	The IO operation at logical block address 0x0 for Disk 3 (PDO name: \Device\0000006d) failed due to a hardware error.
Error	9/7/2016 11:32:54 AM	Microsoft-Windows-DistributedCOM	10016	None	"The application-specific permission settings do not grant Local Activation permission for the COM Server application with CLSID 
{D63B10C5-BB46-4990-A94F-E40B9D520160}
 and APPID 
{9CA88EE3-ACB7-47C8-AFC4-AB702511C276}
 to the user NT AUTHORITY\SYSTEM SID (S-1-5-18) from address LocalHost (Using LRPC) running in the application container Unavailable SID (Unavailable). This security permission can be modified using the Component Services administrative tool."
Information	9/7/2016 11:19:18 AM	Microsoft-Windows-Kernel-General	16	None	The access history in hive \??\C:\Users\AndyL\AppData\Local\Packages\windows.printdialog_cw5n1h2txyewy\Settings\settings.dat was cleared updating 2 keys and creating 1 modified pages.
Information	9/7/2016 11:19:18 AM	Microsoft-Windows-Kernel-General	16	None	The access history in hive \??\C:\Users\AndyL\AppData\Local\Packages\windows.miracastview_cw5n1h2txyewy\Settings\settings.dat was cleared updating 2 keys and creating 1 modified pages.
Information	9/7/2016 11:19:18 AM	Microsoft-Windows-Kernel-General	16	None	The access history in hive \??\C:\Users\AndyL\AppData\Local\Packages\windows.immersivecontrolpanel_cw5n1h2txyewy\Settings\settings.dat was cleared updating 2 keys and creating 1 modified pages.
Information	9/7/2016 11:19:18 AM	Microsoft-Windows-Kernel-General	16	None	The access history in hive \??\C:\Users\AndyL\AppData\Local\Packages\windows.contactsupport_cw5n1h2txyewy\Settings\settings.dat was cleared updating 2 keys and creating 1 modified pages.
Information	9/7/2016 11:19:18 AM	Microsoft-Windows-Kernel-General	16	None	The access history in hive \??\C:\Users\AndyL\AppData\Local\Packages\microsoft.zunemusic_8wekyb3d8bbwe\Settings\settings.dat was cleared updating 2 keys and creating 1 modified pages.
Information	9/7/2016 11:19:18 AM	Microsoft-Windows-Kernel-General	16	None	The access history in hive \??\C:\Users\AndyL\AppData\Local\Packages\microsoft.xboxidentityprovider_8wekyb3d8bbwe\Settings\settings.dat was cleared updating 2 keys and creating 1 modified pages.
Information	9/7/2016 11:19:18 AM	Microsoft-Windows-Kernel-General	16	None	The access history in hive \??\C:\Users\AndyL\AppData\Local\Packages\microsoft.xboxgamecallableui_cw5n1h2txyewy\Settings\settings.dat was cleared updating 2 keys and creating 1 modified pages.
Information	9/7/2016 11:19:18 AM	Microsoft-Windows-Kernel-General	16	None	The access history in hive \??\C:\Users\AndyL\AppData\Local\Packages\microsoft.windowsfeedbackhub_8wekyb3d8bbwe\Settings\settings.dat was cleared updating 2 keys and creating 1 modified pages.
Information	9/7/2016 11:19:18 AM	Microsoft-Windows-Kernel-General	16	None	The access history in hive \??\C:\Users\AndyL\AppData\Local\Packages\microsoft.windowscamera_8wekyb3d8bbwe\Settings\settings.dat was cleared updating 2 keys and creating 1 modified pages.
Information	9/7/2016 11:19:18 AM	Microsoft-Windows-Kernel-General	16	None	The access history in hive \??\C:\Users\AndyL\AppData\Local\Packages\microsoft.windowsalarms_8wekyb3d8bbwe\Settings\settings.dat was cleared updating 3 keys and creating 1 modified pages.
Information	9/7/2016 11:19:17 AM	Microsoft-Windows-Kernel-General	16	None	The access history in hive \??\C:\Users\AndyL\AppData\Local\Packages\microsoft.windows.secureassessmentbrowser_cw5n1h2txyewy\Settings\settings.dat was cleared updating 2 keys and creating 1 modified pages.
Information	9/7/2016 11:19:17 AM	Microsoft-Windows-Kernel-General	16	None	The access history in hive \??\C:\Users\AndyL\AppData\Local\Packages\microsoft.windows.secondarytileexperience_cw5n1h2txyewy\Settings\settings.dat was cleared updating 2 keys and creating 1 modified pages.
Information	9/7/2016 11:19:17 AM	Microsoft-Windows-Kernel-General	16	None	The access history in hive \??\C:\Users\AndyL\AppData\Local\Packages\microsoft.windows.photos_8wekyb3d8bbwe\Settings\settings.dat was cleared updating 3 keys and creating 1 modified pages.
Information	9/7/2016 11:19:17 AM	Microsoft-Windows-Kernel-General	16	None	The access history in hive \??\C:\Users\AndyL\AppData\Local\Packages\microsoft.windows.parentalcontrols_cw5n1h2txyewy\Settings\settings.dat was cleared updating 2 keys and creating 1 modified pages.
Information	9/7/2016 11:19:17 AM	Microsoft-Windows-Kernel-General	16	None	The access history in hive \??\C:\Users\AndyL\AppData\Local\Packages\microsoft.windows.assignedaccesslockapp_cw5n1h2txyewy\Settings\settings.dat was cleared updating 2 keys and creating 1 modified pages.
Information	9/7/2016 11:19:17 AM	Microsoft-Windows-Kernel-General	16	None	The access history in hive \??\C:\Users\AndyL\AppData\Local\Packages\microsoft.windows.apprep.chxapp_cw5n1h2txyewy\Settings\settings.dat was cleared updating 2 keys and creating 1 modified pages.
Information	9/7/2016 11:19:17 AM	Microsoft-Windows-Kernel-General	16	None	The access history in hive \??\C:\Users\AndyL\AppData\Local\Packages\microsoft.ppiprojection_cw5n1h2txyewy\Settings\settings.dat was cleared updating 2 keys and creating 1 modified pages.
Information	9/7/2016 11:19:17 AM	Microsoft-Windows-Kernel-General	16	None	The access history in hive \??\C:\Users\AndyL\AppData\Local\Packages\microsoft.networkspeedtest_8wekyb3d8bbwe\Settings\settings.dat was cleared updating 3 keys and creating 1 modified pages.
Information	9/7/2016 11:19:17 AM	Microsoft-Windows-Kernel-General	16	None	The access history in hive \??\C:\Users\AndyL\AppData\Local\Packages\microsoft.microsoftedge_8wekyb3d8bbwe\Settings\settings.dat was cleared updating 4 keys and creating 1 modified pages.
Information	9/7/2016 11:19:17 AM	Microsoft-Windows-Kernel-General	16	None	The access history in hive \??\C:\Users\AndyL\AppData\Local\Packages\microsoft.messaging_8wekyb3d8bbwe\Settings\settings.dat was cleared updating 3 keys and creating 1 modified pages.
Information	9/7/2016 11:19:17 AM	Microsoft-Windows-Kernel-General	16	None	The access history in hive \??\C:\Users\AndyL\AppData\Local\Packages\microsoft.lockapp_cw5n1h2txyewy\Settings\settings.dat was cleared updating 6 keys and creating 1 modified pages.
Information	9/7/2016 11:19:17 AM	Microsoft-Windows-Kernel-General	16	None	The access history in hive \??\C:\Users\AndyL\AppData\Local\Packages\microsoft.getstarted_8wekyb3d8bbwe\Settings\settings.dat was cleared updating 2 keys and creating 1 modified pages.
Information	9/7/2016 11:19:17 AM	Microsoft-Windows-Kernel-General	16	None	The access history in hive \??\C:\Users\AndyL\AppData\Local\Packages\microsoft.desktopappinstaller_8wekyb3d8bbwe\Settings\settings.dat was cleared updating 2 keys and creating 1 modified pages.
Information	9/7/2016 11:19:16 AM	Microsoft-Windows-Kernel-General	16	None	The access history in hive \??\C:\Users\AndyL\AppData\Local\Packages\microsoft.commsphone_8wekyb3d8bbwe\Settings\settings.dat was cleared updating 6 keys and creating 1 modified pages.
Information	9/7/2016 11:19:16 AM	Microsoft-Windows-Kernel-General	16	None	The access history in hive \??\C:\Users\AndyL\AppData\Local\Packages\microsoft.bioenrollment_cw5n1h2txyewy\Settings\settings.dat was cleared updating 2 keys and creating 1 modified pages.
Information	9/7/2016 11:19:16 AM	Microsoft-Windows-Kernel-General	16	None	The access history in hive \??\C:\Users\AndyL\AppData\Local\Packages\microsoft.accountscontrol_cw5n1h2txyewy\Settings\settings.dat was cleared updating 2 keys and creating 1 modified pages.
Information	9/7/2016 11:19:16 AM	Microsoft-Windows-Kernel-General	16	None	The access history in hive \??\C:\Users\AndyL\AppData\Local\Packages\lastpass.lastpass_qq0fmhteeht3j\Settings\settings.dat was cleared updating 3 keys and creating 1 modified pages.
Information	9/7/2016 11:15:01 AM	Microsoft-Windows-Kernel-General	16	None	The access history in hive \??\C:\Users\AndyL\AppData\Local\Packages\Microsoft.AAD.BrokerPlugin_cw5n1h2txyewy\Settings\settings.dat was cleared updating 8 keys and creating 1 modified pages.
Information	9/7/2016 11:11:08 AM	Microsoft-Windows-Kernel-General	16	None	The access history in hive \??\C:\Users\AndyL\AppData\Local\Packages\Microsoft.XboxApp_8wekyb3d8bbwe\Settings\settings.dat was cleared updating 3 keys and creating 1 modified pages.
Warning	9/7/2016 11:10:58 AM	Microsoft-Windows-DNS-Client	1014	(1014)	Name resolution for the name hsd1.co.comcast.net timed out after none of the configured DNS servers responded.
Warning	9/7/2016 11:10:38 AM	Microsoft-Windows-DNS-Client	1014	(1014)	Name resolution for the name hsd1.co.comcast.net timed out after none of the configured DNS servers responded.
Warning	9/7/2016 11:09:45 AM	Microsoft-Windows-DNS-Client	1014	(1014)	Name resolution for the name www.googleapis.com timed out after none of the configured DNS servers responded.
Information	9/7/2016 11:07:11 AM	Service Control Manager	7040	None	The start type of the Windows Modules Installer service was changed from auto start to demand start.
Information	9/7/2016 11:02:34 AM	Microsoft-Windows-Kernel-General	15	None	Hive \??\C:\Windows\System32\config\COMPONENTS was reorganized with a starting size of 38608896 bytes and an ending size of 37629952 bytes.
Information	9/7/2016 11:02:33 AM	Service Control Manager	7040	None	The start type of the Windows Modules Installer service was changed from demand start to auto start.
Information	9/7/2016 10:58:15 AM	Microsoft-Windows-Kernel-General	16	None	The access history in hive \??\C:\Users\AndyL\AppData\Local\Packages\Microsoft.BingWeather_8wekyb3d8bbwe\Settings\settings.dat was cleared updating 5 keys and creating 1 modified pages.
Information	9/7/2016 10:48:14 AM	Microsoft-Windows-Kernel-General	16	None	The access history in hive \??\C:\Users\AndyL\AppData\Local\Packages\Microsoft.Windows.CloudExperienceHost_cw5n1h2txyewy\Settings\settings.dat was cleared updating 3 keys and creating 1 modified pages.
Information	9/7/2016 10:41:24 AM	Microsoft-Windows-Kernel-General	15	None	Hive \SystemRoot\System32\config\DRIVERS was reorganized with a starting size of 6172672 bytes and an ending size of 6164480 bytes.
Information	9/7/2016 10:34:36 AM	Microsoft-Windows-Kernel-General	16	None	The access history in hive \??\C:\Users\AndyL\AppData\Local\Packages\Microsoft.Windows.ContentDeliveryManager_cw5n1h2txyewy\Settings\settings.dat was cleared updating 198 keys and creating 25 modified pages.
Information	9/7/2016 7:37:59 AM	Microsoft-Windows-WindowsUpdateClient	19	Windows Update Agent	Installation Successful: Windows successfully installed the following update: Microsoft Sticky Notes
Information	9/7/2016 7:37:59 AM	Microsoft-Windows-WindowsUpdateClient	43	Windows Update Agent	Installation Started: Windows has started installing the following update: Microsoft Sticky Notes
Information	9/7/2016 7:37:54 AM	Microsoft-Windows-Kernel-General	16	None	The access history in hive \??\C:\ProgramData\Microsoft\Windows\AppRepository\Packages\Microsoft.MicrosoftStickyNotes_1.1.30.0_x64__8wekyb3d8bbwe\ActivationStore.dat was cleared updating 0 keys and creating 0 modified pages.
Information	9/7/2016 7:37:47 AM	Microsoft-Windows-WindowsUpdateClient	44	Windows Update Agent	Windows Update started downloading an update.
Error	9/6/2016 11:54:19 PM	Microsoft-Windows-DistributedCOM	10016	None	"The application-specific permission settings do not grant Local Activation permission for the COM Server application with CLSID 
{D63B10C5-BB46-4990-A94F-E40B9D520160}
 and APPID 
{9CA88EE3-ACB7-47C8-AFC4-AB702511C276}
 to the user NT AUTHORITY\SYSTEM SID (S-1-5-18) from address LocalHost (Using LRPC) running in the application container Unavailable SID (Unavailable). This security permission can be modified using the Component Services administrative tool."
Error	9/6/2016 11:54:05 PM	Microsoft-Windows-DistributedCOM	10016	None	"The application-specific permission settings do not grant Local Activation permission for the COM Server application with CLSID 
{D63B10C5-BB46-4990-A94F-E40B9D520160}
 and APPID 
{9CA88EE3-ACB7-47C8-AFC4-AB702511C276}
 to the user NT AUTHORITY\SYSTEM SID (S-1-5-18) from address LocalHost (Using LRPC) running in the application container Unavailable SID (Unavailable). This security permission can be modified using the Component Services administrative tool."
Information	9/6/2016 11:19:02 PM	BTHUSB	37	None	Bluetooth radio has accepted discoverability due to policy Bluetooth\AllowDiscoverableMode.
Error	9/6/2016 11:16:49 PM	disk	154	None	The IO operation at logical block address 0x0 for Disk 3 (PDO name: \Device\0000006d) failed due to a hardware error.
Error	9/6/2016 11:16:36 PM	disk	154	None	The IO operation at logical block address 0x0 for Disk 3 (PDO name: \Device\0000006d) failed due to a hardware error.
Information	9/6/2016 11:16:35 PM	Microsoft-Windows-UserPnp	20001	(7005)	Driver Management concluded the process to install driver wdma_bt.inf_amd64_f5cf0d21c5cd69a1\wdma_bt.inf for Device Instance ID BTHHFENUM\BTHHFPAUDIO\8&4B9A406&0&97 with the following status: 0x0.
Error	9/6/2016 11:16:35 PM	disk	154	None	The IO operation at logical block address 0x0 for Disk 3 (PDO name: \Device\0000006d) failed due to a hardware error.
Information	9/6/2016 11:16:35 PM	Microsoft-Windows-UserPnp	20003	(7005)	Driver Management has concluded the process to add Service BthHFAud for Device Instance ID BTHHFENUM\BTHHFPAUDIO\8&4B9A406&0&97 with the following status: 0.
Information	9/6/2016 11:16:35 PM	Service Control Manager	7045	None	"A service was installed in the system.

Service Name:  Bluetooth Hands-Free
Service File Name:  \SystemRoot\system32\DRIVERS\BthHfAud.sys
Service Type:  kernel mode driver
Service Start Type:  demand start
Service Account:  "
Information	9/6/2016 11:16:35 PM	Microsoft-Windows-UserPnp	20001	(7005)	Driver Management concluded the process to install driver bth.inf_amd64_0add374da63aea45\bth.inf for Device Instance ID BTHENUM\{0000110C-0000-1000-8000-00805F9B34FB}_LOCALMFG&0002\7&593A911&0&00213CA6B0F3_C00000000 with the following status: 0x0.
Information	9/6/2016 11:16:35 PM	BthEnum	1	None	Bluetooth has accepted service {0000110c-0000-1000-8000-00805f9b34fb} on remote device (00:21:3c:a6:b0:f3) due to policy Bluetooth\ServicesAllowedList.
Information	9/6/2016 11:16:35 PM	RFCOMM	1	None	Bluetooth has accepted service {00000000-0000-0000-0000-000000000000} on remote device (00:21:3c:a6:b0:f3) due to policy Bluetooth\ServicesAllowedList.
Information	9/6/2016 11:16:35 PM	RFCOMM	1	None	Bluetooth has accepted service {00000000-0000-0000-0000-000000000000} on remote device (00:00:00:00:00:00) due to policy Bluetooth\ServicesAllowedList.
Information	9/6/2016 11:16:34 PM	Microsoft-Windows-UserPnp	20001	(7005)	Driver Management concluded the process to install driver wdma_bt.inf_amd64_f5cf0d21c5cd69a1\wdma_bt.inf for Device Instance ID BTHENUM\{0000110B-0000-1000-8000-00805F9B34FB}_LOCALMFG&0002\7&593A911&0&00213CA6B0F3_C00000000 with the following status: 0x0.
Information	9/6/2016 11:16:34 PM	BthEnum	1	None	Bluetooth has accepted service {0000110b-0000-1000-8000-00805f9b34fb} on remote device (00:21:3c:a6:b0:f3) due to policy Bluetooth\ServicesAllowedList.
Information	9/6/2016 11:16:34 PM	Microsoft-Windows-UserPnp	20003	(7005)	Driver Management has concluded the process to add Service BthA2DP for Device Instance ID BTHENUM\{0000110B-0000-1000-8000-00805F9B34FB}_LOCALMFG&0002\7&593A911&0&00213CA6B0F3_C00000000 with the following status: 0.
Information	9/6/2016 11:16:34 PM	Service Control Manager	7045	None	"A service was installed in the system.

Service Name:  Bluetooth Stereo
Service File Name:  \SystemRoot\system32\drivers\BthA2DP.sys
Service Type:  kernel mode driver
Service Start Type:  demand start
Service Account:  "
Information	9/6/2016 11:16:34 PM	Microsoft-Windows-UserPnp	20001	(7005)	Driver Management concluded the process to install driver bthspp.inf_amd64_49288f8efca70edd\bthspp.inf for Device Instance ID BTHENUM\{00001101-0000-1000-8000-00805F9B34FB}_LOCALMFG&0000\7&11091BE5&0&000000000000_00000000 with the following status: 0x0.
Information	9/6/2016 11:16:34 PM	BthEnum	1	None	Bluetooth has accepted service {00001101-0000-1000-8000-00805f9b34fb} on remote device (00:00:00:00:00:00) due to policy Bluetooth\ServicesAllowedList.
Information	9/6/2016 11:16:34 PM	Microsoft-Windows-UserPnp	20003	(7005)	Driver Management has concluded the process to add Service BTHMODEM for Device Instance ID BTHENUM\{00001101-0000-1000-8000-00805F9B34FB}_LOCALMFG&0000\7&11091BE5&0&000000000000_00000000 with the following status: 0.
Information	9/6/2016 11:16:34 PM	Microsoft-Windows-UserPnp	20001	(7005)	Driver Management concluded the process to install driver bthspp.inf_amd64_49288f8efca70edd\bthspp.inf for Device Instance ID BTHENUM\{00001101-0000-1000-8000-00805F9B34FB}_LOCALMFG&0002\7&11091BE5&0&00213CA6B0F3_C00000000 with the following status: 0x0.
Information	9/6/2016 11:16:34 PM	BthEnum	1	None	Bluetooth has accepted service {00001101-0000-1000-8000-00805f9b34fb} on remote device (00:21:3c:a6:b0:f3) due to policy Bluetooth\ServicesAllowedList.
Information	9/6/2016 11:16:34 PM	Microsoft-Windows-UserPnp	20003	(7005)	Driver Management has concluded the process to add Service BTHMODEM for Device Instance ID BTHENUM\{00001101-0000-1000-8000-00805F9B34FB}_LOCALMFG&0002\7&11091BE5&0&00213CA6B0F3_C00000000 with the following status: 0.
Information	9/6/2016 11:16:33 PM	Microsoft-Windows-UserPnp	20001	(7005)	Driver Management concluded the process to install driver bthhfenum.inf_amd64_f3bb50933d306525\bthhfenum.inf for Device Instance ID BTHENUM\{0000111E-0000-1000-8000-00805F9B34FB}_LOCALMFG&0002\7&593A911&0&00213CA6B0F3_C00000000 with the following status: 0x0.
Information	9/6/2016 11:16:33 PM	RFCOMM	1	None	Bluetooth has accepted service {00000000-0000-0000-0000-000000000000} on remote device (00:00:00:00:00:00) due to policy Bluetooth\ServicesAllowedList.
Information	9/6/2016 11:16:33 PM	BTHUSB	37	None	Bluetooth radio has accepted discoverability due to policy Bluetooth\AllowDiscoverableMode.
Information	9/6/2016 11:16:33 PM	RFCOMM	1	None	Bluetooth has accepted service {00000000-0000-0000-0000-000000000000} on remote device (00:00:00:00:00:00) due to policy Bluetooth\ServicesAllowedList.
Information	9/6/2016 11:16:33 PM	BthEnum	1	None	Bluetooth has accepted service {0000111e-0000-1000-8000-00805f9b34fb} on remote device (00:21:3c:a6:b0:f3) due to policy Bluetooth\ServicesAllowedList.
Information	9/6/2016 11:16:33 PM	Microsoft-Windows-UserPnp	20003	(7005)	Driver Management has concluded the process to add Service BthHFSrv for Device Instance ID BTHENUM\{0000111E-0000-1000-8000-00805F9B34FB}_LOCALMFG&0002\7&593A911&0&00213CA6B0F3_C00000000 with the following status: 0.
Information	9/6/2016 11:16:33 PM	Microsoft-Windows-UserPnp	20003	(7005)	Driver Management has concluded the process to add Service BthHFEnum for Device Instance ID BTHENUM\{0000111E-0000-1000-8000-00805F9B34FB}_LOCALMFG&0002\7&593A911&0&00213CA6B0F3_C00000000 with the following status: 0.
Information	9/6/2016 11:16:33 PM	BTHUSB	37	None	Bluetooth radio has accepted discoverability due to policy Bluetooth\AllowDiscoverableMode.
Information	9/6/2016 11:16:33 PM	Microsoft-Windows-UserPnp	20001	(7005)	Driver Management concluded the process to install driver bth.inf_amd64_0add374da63aea45\bth.inf for Device Instance ID BTHENUM\DEV_00213CA6B0F3\7&593A911&0&BLUETOOTHDEVICE_00213CA6B0F3 with the following status: 0x0.
Information	9/6/2016 11:16:33 PM	BthEnum	1	None	Bluetooth has accepted service {0000110c-0000-1000-8000-00805f9b34fb} on remote device (00:21:3c:a6:b0:f3) due to policy Bluetooth\ServicesAllowedList.
Information	9/6/2016 11:16:33 PM	BthEnum	1	None	Bluetooth has accepted service {0000110e-0000-1000-8000-00805f9b34fb} on remote device (00:21:3c:a6:b0:f3) due to policy Bluetooth\ServicesAllowedList.
Information	9/6/2016 11:16:33 PM	BthEnum	1	None	Bluetooth has accepted service {0000110b-0000-1000-8000-00805f9b34fb} on remote device (00:21:3c:a6:b0:f3) due to policy Bluetooth\ServicesAllowedList.
Information	9/6/2016 11:16:33 PM	BthEnum	1	None	Bluetooth has accepted service {0000111e-0000-1000-8000-00805f9b34fb} on remote device (00:21:3c:a6:b0:f3) due to policy Bluetooth\ServicesAllowedList.
Information	9/6/2016 11:16:33 PM	BthEnum	1	None	Bluetooth has accepted service {00001101-0000-1000-8000-00805f9b34fb} on remote device (00:00:00:00:00:00) due to policy Bluetooth\ServicesAllowedList.
Information	9/6/2016 11:16:33 PM	BthEnum	1	None	Bluetooth has accepted service {00001101-0000-1000-8000-00805f9b34fb} on remote device (00:21:3c:a6:b0:f3) due to policy Bluetooth\ServicesAllowedList.
Information	9/6/2016 11:16:33 PM	BTHUSB	37	None	Bluetooth radio has accepted discoverability due to policy Bluetooth\AllowDiscoverableMode.
Information	9/6/2016 11:16:33 PM	RFCOMM	1	None	Bluetooth has accepted service {bfbf6e91-b46d-4cf5-a2f6-f5f76aa929bb} on remote device (00:21:3c:a6:b0:f3) due to policy Bluetooth\ServicesAllowedList.
Information	9/6/2016 11:16:33 PM	BTHUSB	37	None	Bluetooth radio has accepted discoverability due to policy Bluetooth\AllowDiscoverableMode.
Information	9/6/2016 11:16:33 PM	RFCOMM	1	None	Bluetooth has accepted service {00000000-0000-0000-0000-000000000000} on remote device (00:00:00:00:00:00) due to policy Bluetooth\ServicesAllowedList.
Information	9/6/2016 11:16:33 PM	BTHUSB	8	None	The remote adapter (00:21:3c:a6:b0:f3) successfully paired with the local adapter.
Information	9/6/2016 11:16:32 PM	BTHUSB	39	None	Process \Device\HarddiskVolume2\Windows\System32\svchost.exe has attempted to pair to radio (00:21:3c:a6:b0:f3).
Information	9/6/2016 11:16:25 PM	BTHUSB	37	None	Bluetooth radio has accepted discoverability due to policy Bluetooth\AllowDiscoverableMode.
Information	9/6/2016 11:16:08 PM	BTHUSB	37	None	Bluetooth radio has accepted discoverability due to policy Bluetooth\AllowDiscoverableMode.
Error	9/6/2016 9:06:06 PM	disk	154	None	The IO operation at logical block address 0x0 for Disk 3 (PDO name: \Device\0000006d) failed due to a hardware error.
Error	9/6/2016 9:06:05 PM	disk	154	None	The IO operation at logical block address 0x0 for Disk 3 (PDO name: \Device\0000006d) failed due to a hardware error.
Information	9/6/2016 9:06:04 PM	Microsoft-Windows-Ntfs	98	None	Volume Software-Downloads (\Device\HarddiskVolumeShadowCopy10) is healthy.  No action is needed.
Error	9/6/2016 9:05:53 PM	disk	154	None	The IO operation at logical block address 0x0 for Disk 3 (PDO name: \Device\0000006d) failed due to a hardware error.
Error	9/6/2016 9:05:52 PM	disk	154	None	The IO operation at logical block address 0x0 for Disk 3 (PDO name: \Device\0000006d) failed due to a hardware error.
Error	9/6/2016 9:05:51 PM	disk	154	None	The IO operation at logical block address 0x0 for Disk 3 (PDO name: \Device\0000006d) failed due to a hardware error.
Error	9/6/2016 9:05:51 PM	disk	154	None	The IO operation at logical block address 0x0 for Disk 3 (PDO name: \Device\0000006d) failed due to a hardware error.
Error	9/6/2016 9:05:50 PM	disk	154	None	The IO operation at logical block address 0x0 for Disk 3 (PDO name: \Device\0000006d) failed due to a hardware error.
Information	9/6/2016 9:05:49 PM	Microsoft-Windows-Ntfs	98	None	Volume ?? (\Device\HarddiskVolumeShadowCopy9) is healthy.  No action is needed.
Error	9/6/2016 9:05:39 PM	disk	154	None	The IO operation at logical block address 0x0 for Disk 3 (PDO name: \Device\0000006d) failed due to a hardware error.
Error	9/6/2016 9:05:38 PM	disk	154	None	The IO operation at logical block address 0x0 for Disk 3 (PDO name: \Device\0000006d) failed due to a hardware error.
Error	9/6/2016 9:05:37 PM	disk	154	None	The IO operation at logical block address 0x0 for Disk 3 (PDO name: \Device\0000006d) failed due to a hardware error.
Error	9/6/2016 9:05:37 PM	disk	154	None	The IO operation at logical block address 0x0 for Disk 3 (PDO name: \Device\0000006d) failed due to a hardware error.
Information	9/6/2016 9:01:05 PM	Microsoft-Windows-Ntfs	98	None	Volume Windows7_OS (\Device\HarddiskVolumeShadowCopy8) is healthy.  No action is needed.
Error	9/6/2016 9:00:52 PM	disk	154	None	The IO operation at logical block address 0x0 for Disk 3 (PDO name: \Device\0000006d) failed due to a hardware error.
Error	9/6/2016 9:00:51 PM	disk	154	None	The IO operation at logical block address 0x0 for Disk 3 (PDO name: \Device\0000006d) failed due to a hardware error.
Error	9/6/2016 9:00:51 PM	disk	154	None	The IO operation at logical block address 0x0 for Disk 3 (PDO name: \Device\0000006d) failed due to a hardware error.
Error	9/6/2016 9:00:50 PM	disk	154	None	The IO operation at logical block address 0x0 for Disk 3 (PDO name: \Device\0000006d) failed due to a hardware error.
Information	9/6/2016 9:00:47 PM	Microsoft-Windows-Ntfs	98	None	Volume SYSTEM_DRV (\Device\HarddiskVolumeShadowCopy7) is healthy.  No action is needed.
Error	9/6/2016 9:00:47 PM	disk	154	None	The IO operation at logical block address 0x0 for Disk 3 (PDO name: \Device\0000006d) failed due to a hardware error.
Error	9/6/2016 9:00:46 PM	disk	154	None	The IO operation at logical block address 0x0 for Disk 3 (PDO name: \Device\0000006d) failed due to a hardware error.
Error	9/6/2016 9:00:35 PM	disk	154	None	The IO operation at logical block address 0x0 for Disk 3 (PDO name: \Device\0000006d) failed due to a hardware error.
Error	9/6/2016 9:00:34 PM	disk	154	None	The IO operation at logical block address 0x0 for Disk 3 (PDO name: \Device\0000006d) failed due to a hardware error.
Error	9/6/2016 9:00:31 PM	disk	154	None	The IO operation at logical block address 0x0 for Disk 3 (PDO name: \Device\0000006d) failed due to a hardware error.
Error	9/6/2016 9:00:30 PM	disk	154	None	The IO operation at logical block address 0x0 for Disk 3 (PDO name: \Device\0000006d) failed due to a hardware error.
Error	9/6/2016 9:00:30 PM	disk	154	None	The IO operation at logical block address 0x0 for Disk 3 (PDO name: \Device\0000006d) failed due to a hardware error.
Error	9/6/2016 9:00:29 PM	disk	154	None	The IO operation at logical block address 0x0 for Disk 3 (PDO name: \Device\0000006d) failed due to a hardware error.
Error	9/6/2016 9:00:29 PM	disk	154	None	The IO operation at logical block address 0x0 for Disk 3 (PDO name: \Device\0000006d) failed due to a hardware error.
Error	9/6/2016 9:00:28 PM	disk	154	None	The IO operation at logical block address 0x0 for Disk 3 (PDO name: \Device\0000006d) failed due to a hardware error.
Error	9/6/2016 9:00:28 PM	disk	154	None	The IO operation at logical block address 0x0 for Disk 3 (PDO name: \Device\0000006d) failed due to a hardware error.
Error	9/6/2016 9:00:27 PM	disk	154	None	The IO operation at logical block address 0x0 for Disk 3 (PDO name: \Device\0000006d) failed due to a hardware error.
Error	9/6/2016 9:00:27 PM	disk	154	None	The IO operation at logical block address 0x0 for Disk 3 (PDO name: \Device\0000006d) failed due to a hardware error.
Error	9/6/2016 9:00:27 PM	disk	154	None	The IO operation at logical block address 0x0 for Disk 3 (PDO name: \Device\0000006d) failed due to a hardware error.
Error	9/6/2016 9:00:26 PM	disk	154	None	The IO operation at logical block address 0x0 for Disk 3 (PDO name: \Device\0000006d) failed due to a hardware error.
Error	9/6/2016 9:00:26 PM	disk	154	None	The IO operation at logical block address 0x0 for Disk 3 (PDO name: \Device\0000006d) failed due to a hardware error.
Error	9/6/2016 9:00:25 PM	disk	154	None	The IO operation at logical block address 0x0 for Disk 3 (PDO name: \Device\0000006d) failed due to a hardware error.
Error	9/6/2016 9:00:25 PM	disk	154	None	The IO operation at logical block address 0x0 for Disk 3 (PDO name: \Device\0000006d) failed due to a hardware error.
Error	9/6/2016 9:00:24 PM	disk	154	None	The IO operation at logical block address 0x0 for Disk 3 (PDO name: \Device\0000006d) failed due to a hardware error.
Error	9/6/2016 9:00:24 PM	disk	154	None	The IO operation at logical block address 0x0 for Disk 3 (PDO name: \Device\0000006d) failed due to a hardware error.
Error	9/6/2016 9:00:23 PM	disk	154	None	The IO operation at logical block address 0x0 for Disk 3 (PDO name: \Device\0000006d) failed due to a hardware error.
Error	9/6/2016 9:00:23 PM	disk	154	None	The IO operation at logical block address 0x0 for Disk 3 (PDO name: \Device\0000006d) failed due to a hardware error.
Error	9/6/2016 9:00:22 PM	disk	154	None	The IO operation at logical block address 0x0 for Disk 3 (PDO name: \Device\0000006d) failed due to a hardware error.
Error	9/6/2016 9:00:22 PM	disk	154	None	The IO operation at logical block address 0x0 for Disk 3 (PDO name: \Device\0000006d) failed due to a hardware error.
Error	9/6/2016 9:00:21 PM	disk	154	None	The IO operation at logical block address 0x0 for Disk 3 (PDO name: \Device\0000006d) failed due to a hardware error.
Error	9/6/2016 9:00:21 PM	disk	154	None	The IO operation at logical block address 0x0 for Disk 3 (PDO name: \Device\0000006d) failed due to a hardware error.
Error	9/6/2016 9:00:20 PM	disk	154	None	The IO operation at logical block address 0x0 for Disk 3 (PDO name: \Device\0000006d) failed due to a hardware error.
Error	9/6/2016 9:00:20 PM	disk	154	None	The IO operation at logical block address 0x0 for Disk 3 (PDO name: \Device\0000006d) failed due to a hardware error.
Error	9/6/2016 9:00:19 PM	disk	154	None	The IO operation at logical block address 0x0 for Disk 3 (PDO name: \Device\0000006d) failed due to a hardware error.
Error	9/6/2016 9:00:19 PM	disk	154	None	The IO operation at logical block address 0x0 for Disk 3 (PDO name: \Device\0000006d) failed due to a hardware error.
Error	9/6/2016 9:00:18 PM	disk	154	None	The IO operation at logical block address 0x0 for Disk 3 (PDO name: \Device\0000006d) failed due to a hardware error.
Error	9/6/2016 9:00:18 PM	disk	154	None	The IO operation at logical block address 0x0 for Disk 3 (PDO name: \Device\0000006d) failed due to a hardware error.
Error	9/6/2016 9:00:17 PM	disk	154	None	The IO operation at logical block address 0x0 for Disk 3 (PDO name: \Device\0000006d) failed due to a hardware error.
Error	9/6/2016 9:00:17 PM	disk	154	None	The IO operation at logical block address 0x0 for Disk 3 (PDO name: \Device\0000006d) failed due to a hardware error.
Error	9/6/2016 9:00:16 PM	disk	154	None	The IO operation at logical block address 0x0 for Disk 3 (PDO name: \Device\0000006d) failed due to a hardware error.
Error	9/6/2016 9:00:16 PM	disk	154	None	The IO operation at logical block address 0x0 for Disk 3 (PDO name: \Device\0000006d) failed due to a hardware error.
Error	9/6/2016 9:00:15 PM	disk	154	None	The IO operation at logical block address 0x0 for Disk 3 (PDO name: \Device\0000006d) failed due to a hardware error.
Error	9/6/2016 9:00:15 PM	disk	154	None	The IO operation at logical block address 0x0 for Disk 3 (PDO name: \Device\0000006d) failed due to a hardware error.
Error	9/6/2016 9:00:14 PM	disk	154	None	The IO operation at logical block address 0x0 for Disk 3 (PDO name: \Device\0000006d) failed due to a hardware error.
Error	9/6/2016 9:00:14 PM	disk	154	None	The IO operation at logical block address 0x0 for Disk 3 (PDO name: \Device\0000006d) failed due to a hardware error.
Error	9/6/2016 9:00:13 PM	disk	154	None	The IO operation at logical block address 0x0 for Disk 3 (PDO name: \Device\0000006d) failed due to a hardware error.
Error	9/6/2016 9:00:13 PM	disk	154	None	The IO operation at logical block address 0x0 for Disk 3 (PDO name: \Device\0000006d) failed due to a hardware error.
Error	9/6/2016 9:00:12 PM	disk	154	None	The IO operation at logical block address 0x0 for Disk 3 (PDO name: \Device\0000006d) failed due to a hardware error.
Error	9/6/2016 9:00:12 PM	disk	154	None	The IO operation at logical block address 0x0 for Disk 3 (PDO name: \Device\0000006d) failed due to a hardware error.
Error	9/6/2016 9:00:11 PM	disk	154	None	The IO operation at logical block address 0x0 for Disk 3 (PDO name: \Device\0000006d) failed due to a hardware error.
Error	9/6/2016 9:00:11 PM	disk	154	None	The IO operation at logical block address 0x0 for Disk 3 (PDO name: \Device\0000006d) failed due to a hardware error.
Error	9/6/2016 9:00:10 PM	disk	154	None	The IO operation at logical block address 0x0 for Disk 3 (PDO name: \Device\0000006d) failed due to a hardware error.
Error	9/6/2016 9:00:10 PM	disk	154	None	The IO operation at logical block address 0x0 for Disk 3 (PDO name: \Device\0000006d) failed due to a hardware error.
Error	9/6/2016 9:00:09 PM	disk	154	None	The IO operation at logical block address 0x0 for Disk 3 (PDO name: \Device\0000006d) failed due to a hardware error.
Error	9/6/2016 9:00:09 PM	disk	154	None	The IO operation at logical block address 0x0 for Disk 3 (PDO name: \Device\0000006d) failed due to a hardware error.
Error	9/6/2016 9:00:08 PM	disk	154	None	The IO operation at logical block address 0x0 for Disk 3 (PDO name: \Device\0000006d) failed due to a hardware error.
Error	9/6/2016 9:00:08 PM	disk	154	None	The IO operation at logical block address 0x0 for Disk 3 (PDO name: \Device\0000006d) failed due to a hardware error.
Error	9/6/2016 9:00:07 PM	disk	154	None	The IO operation at logical block address 0x0 for Disk 3 (PDO name: \Device\0000006d) failed due to a hardware error.
Error	9/6/2016 9:00:07 PM	disk	154	None	The IO operation at logical block address 0x0 for Disk 3 (PDO name: \Device\0000006d) failed due to a hardware error.
Error	9/6/2016 9:00:06 PM	disk	154	None	The IO operation at logical block address 0x0 for Disk 3 (PDO name: \Device\0000006d) failed due to a hardware error.
Error	9/6/2016 9:00:06 PM	disk	154	None	The IO operation at logical block address 0x0 for Disk 3 (PDO name: \Device\0000006d) failed due to a hardware error.
Error	9/6/2016 5:57:38 PM	disk	154	None	The IO operation at logical block address 0x0 for Disk 3 (PDO name: \Device\0000006d) failed due to a hardware error.
Error	9/6/2016 4:59:18 PM	Microsoft-Windows-DistributedCOM	10016	None	"The application-specific permission settings do not grant Local Activation permission for the COM Server application with CLSID 
{D63B10C5-BB46-4990-A94F-E40B9D520160}
 and APPID 
{9CA88EE3-ACB7-47C8-AFC4-AB702511C276}
 to the user NT AUTHORITY\SYSTEM SID (S-1-5-18) from address LocalHost (Using LRPC) running in the application container Unavailable SID (Unavailable). This security permission can be modified using the Component Services administrative tool."
Error	9/6/2016 1:19:33 PM	disk	154	None	The IO operation at logical block address 0x0 for Disk 3 (PDO name: \Device\0000006d) failed due to a hardware error.
Error	9/6/2016 1:18:31 PM	disk	154	None	The IO operation at logical block address 0x0 for Disk 3 (PDO name: \Device\0000006d) failed due to a hardware error.
Error	9/6/2016 1:14:09 PM	disk	154	None	The IO operation at logical block address 0x0 for Disk 3 (PDO name: \Device\0000006d) failed due to a hardware error.
Information	9/6/2016 1:08:07 PM	Microsoft-Windows-Time-Service	37	None	The time provider NtpClient is currently receiving valid time data from time.windows.com,0x9 (ntp.m|0x9|0.0.0.0:123->40.76.58.209:123).
Information	9/6/2016 1:08:06 PM	Microsoft-Windows-Time-Service	158	None	The time provider 'VMICTimeProvider' has indicated that the current hardware and operating environment is not supported and has stopped. This behavior is expected for VMICTimeProvider on non-HyperV-guest environments. This may be the expected behavior for the current provider in the current operating environment as well.
Information	9/6/2016 1:07:48 PM	Microsoft-Windows-Kernel-General	11	None	TxR init phase for hive \??\GLOBALROOT\Device\HarddiskVolumeShadowCopy6\Windows\System32\config\DRIVERS (TM: {758AD4C6-7447-11E6-A665-185E0F79BF63}, RM: {758AD4C5-7447-11E6-A665-185E0F79BF63}) finished with result=0xC00000A2 (Internal code=7).
Information	9/6/2016 1:07:48 PM	Microsoft-Windows-Kernel-General	11	None	TxR init phase for hive \??\GLOBALROOT\Device\HarddiskVolumeShadowCopy6\Windows\System32\config\SYSTEM (TM: {758AD4C4-7447-11E6-A665-185E0F79BF63}, RM: {758AD4C3-7447-11E6-A665-185E0F79BF63}) finished with result=0xC00000A2 (Internal code=7).
Information	9/6/2016 12:00:00 PM	EventLog	6013	None	The system uptime is 8705 seconds.
Information	9/6/2016 11:35:29 AM	Microsoft-Windows-WindowsUpdateClient	19	Windows Update Agent	Installation Successful: Windows successfully installed the following update: Definition Update for Windows Defender - KB2267602 (Definition 1.227.1731.0)
Information	9/6/2016 11:35:16 AM	Microsoft-Windows-WindowsUpdateClient	43	Windows Update Agent	Installation Started: Windows has started installing the following update: Definition Update for Windows Defender - KB2267602 (Definition 1.227.1731.0)
Information	9/6/2016 11:35:16 AM	Microsoft-Windows-WindowsUpdateClient	44	Windows Update Agent	Windows Update started downloading an update.
Error	9/6/2016 11:35:04 AM	disk	154	None	The IO operation at logical block address 0x0 for Disk 3 (PDO name: \Device\0000006d) failed due to a hardware error.
Information	9/6/2016 11:17:50 AM	Microsoft-Windows-Kernel-General	16	None	The access history in hive \??\C:\Users\AndyL\AppData\Local\Packages\34791e63.canoninkjetprintutility_6e5tt8cgb93ep\Settings\settings.dat was cleared updating 3 keys and creating 1 modified pages.
Information	9/6/2016 10:45:40 AM	Microsoft-Windows-WindowsUpdateClient	19	Windows Update Agent	Installation Successful: Windows successfully installed the following update: Candy Crush Soda Saga
Information	9/6/2016 10:45:40 AM	Microsoft-Windows-WindowsUpdateClient	43	Windows Update Agent	Installation Started: Windows has started installing the following update: Candy Crush Soda Saga
Information	9/6/2016 10:45:35 AM	Microsoft-Windows-Kernel-General	16	None	The access history in hive \??\C:\ProgramData\Microsoft\Windows\AppRepository\Packages\king.com.CandyCrushSodaSaga_1.73.800.0_x86__kgqvnymyfvs32\ActivationStore.dat was cleared updating 0 keys and creating 0 modified pages.
Information	9/6/2016 10:43:59 AM	Microsoft-Windows-WindowsUpdateClient	44	Windows Update Agent	Windows Update started downloading an update.
Error	9/6/2016 9:44:07 AM	disk	154	None	The IO operation at logical block address 0x0 for Disk 3 (PDO name: \Device\0000006d) failed due to a hardware error.
Error	9/6/2016 9:44:06 AM	disk	154	None	The IO operation at logical block address 0x0 for Disk 3 (PDO name: \Device\0000006d) failed due to a hardware error.
Error	9/6/2016 9:44:06 AM	disk	154	None	The IO operation at logical block address 0x0 for Disk 3 (PDO name: \Device\0000006d) failed due to a hardware error.
Error	9/6/2016 9:44:05 AM	disk	154	None	The IO operation at logical block address 0x0 for Disk 3 (PDO name: \Device\0000006d) failed due to a hardware error.
Error	9/6/2016 9:44:05 AM	disk	154	None	The IO operation at logical block address 0x0 for Disk 3 (PDO name: \Device\0000006d) failed due to a hardware error.
Error	9/6/2016 9:44:04 AM	disk	154	None	The IO operation at logical block address 0x0 for Disk 3 (PDO name: \Device\0000006d) failed due to a hardware error.
Error	9/6/2016 9:44:04 AM	disk	154	None	The IO operation at logical block address 0x0 for Disk 3 (PDO name: \Device\0000006d) failed due to a hardware error.
Error	9/6/2016 9:44:03 AM	disk	154	None	The IO operation at logical block address 0x0 for Disk 3 (PDO name: \Device\0000006d) failed due to a hardware error.
Error	9/6/2016 9:44:03 AM	disk	154	None	The IO operation at logical block address 0x0 for Disk 3 (PDO name: \Device\0000006d) failed due to a hardware error.
Error	9/6/2016 9:44:02 AM	disk	154	None	The IO operation at logical block address 0x0 for Disk 3 (PDO name: \Device\0000006d) failed due to a hardware error.
Error	9/6/2016 9:44:02 AM	disk	154	None	The IO operation at logical block address 0x0 for Disk 3 (PDO name: \Device\0000006d) failed due to a hardware error.
Error	9/6/2016 9:44:01 AM	disk	154	None	The IO operation at logical block address 0x0 for Disk 3 (PDO name: \Device\0000006d) failed due to a hardware error.
Error	9/6/2016 9:44:01 AM	disk	154	None	The IO operation at logical block address 0x0 for Disk 3 (PDO name: \Device\0000006d) failed due to a hardware error.
Error	9/6/2016 9:44:00 AM	disk	154	None	The IO operation at logical block address 0x0 for Disk 3 (PDO name: \Device\0000006d) failed due to a hardware error.
Error	9/6/2016 9:44:00 AM	disk	154	None	The IO operation at logical block address 0x0 for Disk 3 (PDO name: \Device\0000006d) failed due to a hardware error.
Error	9/6/2016 9:43:59 AM	disk	154	None	The IO operation at logical block address 0x0 for Disk 3 (PDO name: \Device\0000006d) failed due to a hardware error.
Error	9/6/2016 9:43:59 AM	disk	154	None	The IO operation at logical block address 0x0 for Disk 3 (PDO name: \Device\0000006d) failed due to a hardware error.
Error	9/6/2016 9:43:58 AM	disk	154	None	The IO operation at logical block address 0x0 for Disk 3 (PDO name: \Device\0000006d) failed due to a hardware error.
Error	9/6/2016 9:43:58 AM	disk	154	None	The IO operation at logical block address 0x0 for Disk 3 (PDO name: \Device\0000006d) failed due to a hardware error.
Error	9/6/2016 9:43:57 AM	disk	154	None	The IO operation at logical block address 0x0 for Disk 3 (PDO name: \Device\0000006d) failed due to a hardware error.
Error	9/6/2016 9:43:57 AM	disk	154	None	The IO operation at logical block address 0x0 for Disk 3 (PDO name: \Device\0000006d) failed due to a hardware error.
Error	9/6/2016 9:43:56 AM	disk	154	None	The IO operation at logical block address 0x0 for Disk 3 (PDO name: \Device\0000006d) failed due to a hardware error.
Error	9/6/2016 9:43:56 AM	disk	154	None	The IO operation at logical block address 0x0 for Disk 3 (PDO name: \Device\0000006d) failed due to a hardware error.
Error	9/6/2016 9:43:55 AM	disk	154	None	The IO operation at logical block address 0x0 for Disk 3 (PDO name: \Device\0000006d) failed due to a hardware error.
Error	9/6/2016 9:43:54 AM	disk	154	None	The IO operation at logical block address 0x0 for Disk 3 (PDO name: \Device\0000006d) failed due to a hardware error.
Error	9/6/2016 9:43:53 AM	disk	154	None	The IO operation at logical block address 0x0 for Disk 3 (PDO name: \Device\0000006d) failed due to a hardware error.
Error	9/6/2016 9:43:53 AM	disk	154	None	The IO operation at logical block address 0x0 for Disk 3 (PDO name: \Device\0000006d) failed due to a hardware error.
Error	9/6/2016 9:43:52 AM	disk	154	None	The IO operation at logical block address 0x0 for Disk 3 (PDO name: \Device\0000006d) failed due to a hardware error.
